#
# There is insufficient memory for the Java Runtime Environment to continue.
# Native memory allocation (malloc) failed to allocate 393856 bytes for Chunk::new
# Possible reasons:
#   The system is out of physical RAM or swap space
#   The process is running with CompressedOops enabled, and the Java Heap may be blocking the growth of the native heap
# Possible solutions:
#   Reduce memory load on the system
#   Increase physical memory or swap space
#   Check if swap backing store is full
#   Decrease Java heap size (-Xmx/-Xms)
#   Decrease number of Java threads
#   Decrease Java thread stack sizes (-Xss)
#   Set larger code cache with -XX:ReservedCodeCacheSize=
#   JVM is running with Unscaled Compressed Oops mode in which the Java heap is
#     placed in the first 4GB address space. The Java Heap base address is the
#     maximum limit for the native heap growth. Please use -XX:HeapBaseMinAddress
#     to set the Java Heap base and to place the Java Heap above 4GB virtual address.
# This output file may be truncated or incomplete.
#
#  Out of Memory Error (./src/hotspot/share/memory/arena.cpp:197), pid=7600, tid=7916
#
# JRE version: OpenJDK Runtime Environment (11.0.12+7) (build 11.0.12+7-b1504.28-7817840)
# Java VM: OpenJDK 64-Bit Server VM (11.0.12+7-b1504.28-7817840, mixed mode, tiered, compressed oops, g1 gc, windows-amd64)
# No core dump will be written. Minidumps are not enabled by default on client versions of Windows
#

---------------  S U M M A R Y ------------

Command Line: --add-opens=java.base/java.util=ALL-UNNAMED --add-opens=java.base/java.lang=ALL-UNNAMED --add-opens=java.base/java.lang.invoke=ALL-UNNAMED --add-opens=java.base/java.util=ALL-UNNAMED --add-opens=java.prefs/java.util.prefs=ALL-UNNAMED --add-opens=java.prefs/java.util.prefs=ALL-UNNAMED --add-opens=java.base/java.nio.charset=ALL-UNNAMED --add-opens=java.base/java.net=ALL-UNNAMED --add-opens=java.base/java.util.concurrent.atomic=ALL-UNNAMED -Xmx2048m -Dfile.encoding=UTF-8 -Duser.country=PH -Duser.language=en -Duser.variant org.gradle.launcher.daemon.bootstrap.GradleDaemon 7.3.3

Host: Intel(R) Core(TM) i5-10300H CPU @ 2.50GHz, 8 cores, 7G,  Windows 10 , 64 bit Build 22621 (10.0.22621.457)
Time: Mon Oct  3 20:53:53 2022 Malay Peninsula Standard Time elapsed time: 98.571477 seconds (0d 0h 1m 38s)

---------------  T H R E A D  ---------------

Current thread (0x0000029379ef4000):  JavaThread "C2 CompilerThread0" daemon [_thread_in_native, id=7916, stack(0x000000aea7800000,0x000000aea7900000)]


Current CompileTask:
C2:  98573 6157       4       javax.management.ObjectName::construct (1135 bytes)

Stack: [0x000000aea7800000,0x000000aea7900000]
Native frames: (J=compiled Java code, j=interpreted, Vv=VM code, C=native code)
V  [jvm.dll+0x5fbcea]
V  [jvm.dll+0x731905]
V  [jvm.dll+0x732f1d]
V  [jvm.dll+0x7335d3]
V  [jvm.dll+0x247bf8]
V  [jvm.dll+0xc018c]
V  [jvm.dll+0xc06cc]
V  [jvm.dll+0x2bcc04]
V  [jvm.dll+0x5113a8]
V  [jvm.dll+0x201c5a]
V  [jvm.dll+0x1ff71f]
V  [jvm.dll+0x18868c]
V  [jvm.dll+0x20e0d7]
V  [jvm.dll+0x20c901]
V  [jvm.dll+0x6f9b7f]
V  [jvm.dll+0x6f26a5]
V  [jvm.dll+0x5fabf6]
C  [ucrtbase.dll+0x29363]
C  [KERNEL32.DLL+0x1244d]
C  [ntdll.dll+0x5df78]


---------------  P R O C E S S  ---------------

Threads class SMR info:
_java_thread_list=0x000002937f3fb8a0, length=96, elements={
0x000002936ca99000, 0x0000029379ed2800, 0x0000029379ed3800, 0x0000029379eed800,
0x0000029379eef000, 0x0000029379ef0000, 0x0000029379ef4000, 0x000002937a85b000,
0x000002937a866800, 0x000002937a9b7000, 0x000002937b863000, 0x000002937c088800,
0x000002937cb94000, 0x000002937cb5b800, 0x000002937cce5000, 0x000002937c9b0800,
0x000002937c6b7800, 0x000002937cd54800, 0x000002937cd4a800, 0x000002937cd48000,
0x000002937cd49800, 0x000002937cd4b000, 0x000002937cd48800, 0x000002937cd47000,
0x000002937cd46800, 0x000002937cd4d000, 0x000002937cf1f000, 0x000002937cf1f800,
0x000002937cf20800, 0x000002937cf23800, 0x000002937cf21800, 0x000002937cf1e000,
0x000002937cf25800, 0x000002937cf23000, 0x000002937cf2b000, 0x000002937cf2c000,
0x000002937cf2c800, 0x000002937cf29800, 0x000002937eef7000, 0x000002937eefd800,
0x000002937eefb000, 0x000002937eef9800, 0x000002937eefc800, 0x000002937eefc000,
0x000002937eef7800, 0x000002937eefa000, 0x000002937eefe000, 0x000002937eef8800,
0x000002937ef00800, 0x000002937ef01800, 0x000002937eeff000, 0x000002937ef03000,
0x000002937ef02800, 0x000002937ef04000, 0x000002937ef05000, 0x000002937ef05800,
0x000002937ef00000, 0x000002930fd8f000, 0x000002930fd89800, 0x000002930fd8b000,
0x000002930fd8d800, 0x000002930fd8c000, 0x000002930fd8a800, 0x000002930fd8d000,
0x000002930fd93800, 0x000002930fd90000, 0x000002930fd91000, 0x000002930fd91800,
0x000002930fd92800, 0x000002930fd94000, 0x000002930fd8e800, 0x000002930fd95000,
0x000002930fd95800, 0x000002930fd98000, 0x000002930fd96800, 0x000002930fd97800,
0x000002937ef24800, 0x000002937ef21000, 0x000002937ef22000, 0x000002937ef23000,
0x000002937ef25000, 0x000002937ef26000, 0x000002937ef23800, 0x000002937ef28800,
0x000002937ef2c800, 0x000002937ef2b000, 0x000002937ef2c000, 0x000002937ef27000,
0x000002937ef2d800, 0x000002937ef27800, 0x000002937ef2e000, 0x000002937ef2f000,
0x000002937ef29800, 0x000002937ef30000, 0x000002937ef2a000, 0x000002930fc66000
}

Java Threads: ( => current thread )
  0x000002936ca99000 JavaThread "main" [_thread_blocked, id=21420, stack(0x000000aea6c00000,0x000000aea6d00000)]
  0x0000029379ed2800 JavaThread "Reference Handler" daemon [_thread_blocked, id=1480, stack(0x000000aea7300000,0x000000aea7400000)]
  0x0000029379ed3800 JavaThread "Finalizer" daemon [_thread_blocked, id=19592, stack(0x000000aea7400000,0x000000aea7500000)]
  0x0000029379eed800 JavaThread "Signal Dispatcher" daemon [_thread_blocked, id=18676, stack(0x000000aea7500000,0x000000aea7600000)]
  0x0000029379eef000 JavaThread "Attach Listener" daemon [_thread_blocked, id=18492, stack(0x000000aea7600000,0x000000aea7700000)]
  0x0000029379ef0000 JavaThread "Service Thread" daemon [_thread_blocked, id=14440, stack(0x000000aea7700000,0x000000aea7800000)]
=>0x0000029379ef4000 JavaThread "C2 CompilerThread0" daemon [_thread_in_native, id=7916, stack(0x000000aea7800000,0x000000aea7900000)]
  0x000002937a85b000 JavaThread "C1 CompilerThread0" daemon [_thread_blocked, id=12752, stack(0x000000aea7900000,0x000000aea7a00000)]
  0x000002937a866800 JavaThread "Sweeper thread" daemon [_thread_blocked, id=19232, stack(0x000000aea7a00000,0x000000aea7b00000)]
  0x000002937a9b7000 JavaThread "Common-Cleaner" daemon [_thread_blocked, id=1392, stack(0x000000aea7b00000,0x000000aea7c00000)]
  0x000002937b863000 JavaThread "Daemon health stats" [_thread_blocked, id=1884, stack(0x000000aea7f00000,0x000000aea8000000)]
  0x000002937c088800 JavaThread "Incoming local TCP Connector on port 56983" [_thread_in_native, id=16244, stack(0x000000aea8000000,0x000000aea8100000)]
  0x000002937cb94000 JavaThread "Daemon periodic checks" [_thread_blocked, id=8320, stack(0x000000aea8100000,0x000000aea8200000)]
  0x000002937cb5b800 JavaThread "Daemon" [_thread_blocked, id=12440, stack(0x000000aea8200000,0x000000aea8300000)]
  0x000002937cce5000 JavaThread "Handler for socket connection from /127.0.0.1:56983 to /127.0.0.1:56984" [_thread_in_native, id=12668, stack(0x000000aea8300000,0x000000aea8400000)]
  0x000002937c9b0800 JavaThread "Cancel handler" [_thread_blocked, id=17160, stack(0x000000aea8400000,0x000000aea8500000)]
  0x000002937c6b7800 JavaThread "Daemon worker" [_thread_blocked, id=14720, stack(0x000000aea8500000,0x000000aea8600000)]
  0x000002937cd54800 JavaThread "Asynchronous log dispatcher for DefaultDaemonConnection: socket connection from /127.0.0.1:56983 to /127.0.0.1:56984" [_thread_blocked, id=11588, stack(0x000000aea8600000,0x000000aea8700000)]
  0x000002937cd4a800 JavaThread "Daemon client event forwarder" [_thread_blocked, id=12012, stack(0x000000aea8800000,0x000000aea8900000)]
  0x000002937cd48000 JavaThread "Cache worker for journal cache (C:\Users\Ray Ann Martinez\.gradle\caches\journal-1)" [_thread_blocked, id=18972, stack(0x000000aea8e00000,0x000000aea8f00000)]
  0x000002937cd49800 JavaThread "File lock request listener" [_thread_in_native, id=9332, stack(0x000000aea8f00000,0x000000aea9000000)]
  0x000002937cd4b000 JavaThread "Cache worker for file hash cache (C:\Users\Ray Ann Martinez\.gradle\caches\7.3.3\fileHashes)" [_thread_blocked, id=12116, stack(0x000000aea9100000,0x000000aea9200000)]
  0x000002937cd48800 JavaThread "File watcher server" daemon [_thread_in_native, id=9084, stack(0x000000aea9300000,0x000000aea9400000)]
  0x000002937cd47000 JavaThread "File watcher consumer" daemon [_thread_blocked, id=6116, stack(0x000000aea9400000,0x000000aea9500000)]
  0x000002937cd46800 JavaThread "jar transforms" [_thread_blocked, id=21752, stack(0x000000aea9500000,0x000000aea9600000)]
  0x000002937cd4d000 JavaThread "jar transforms Thread 2" [_thread_blocked, id=9508, stack(0x000000aea9600000,0x000000aea9700000)]
  0x000002937cf1f000 JavaThread "jar transforms Thread 3" [_thread_blocked, id=22240, stack(0x000000aea9700000,0x000000aea9800000)]
  0x000002937cf1f800 JavaThread "jar transforms Thread 4" [_thread_blocked, id=8916, stack(0x000000aea9800000,0x000000aea9900000)]
  0x000002937cf20800 JavaThread "jar transforms Thread 5" [_thread_blocked, id=2708, stack(0x000000aea9900000,0x000000aea9a00000)]
  0x000002937cf23800 JavaThread "jar transforms Thread 6" [_thread_blocked, id=11216, stack(0x000000aea9a00000,0x000000aea9b00000)]
  0x000002937cf21800 JavaThread "jar transforms Thread 7" [_thread_blocked, id=11508, stack(0x000000aea9b00000,0x000000aea9c00000)]
  0x000002937cf1e000 JavaThread "jar transforms Thread 8" [_thread_blocked, id=20188, stack(0x000000aea9c00000,0x000000aea9d00000)]
  0x000002937cf25800 JavaThread "Cache worker for execution history cache (C:\Users\Ray Ann Martinez\.gradle\caches\7.3.3\executionHistory)" [_thread_blocked, id=22280, stack(0x000000aeaa000000,0x000000aeaa100000)]
  0x000002937cf23000 JavaThread "Cache worker for file content cache (C:\Users\Ray Ann Martinez\.gradle\caches\7.3.3\fileContent)" [_thread_blocked, id=12604, stack(0x000000aeaa100000,0x000000aeaa200000)]
  0x000002937cf2b000 JavaThread "Unconstrained build operations" [_thread_blocked, id=16196, stack(0x000000aeaa400000,0x000000aeaa500000)]
  0x000002937cf2c000 JavaThread "Unconstrained build operations Thread 2" [_thread_blocked, id=15844, stack(0x000000aeaa500000,0x000000aeaa600000)]
  0x000002937cf2c800 JavaThread "Unconstrained build operations Thread 3" [_thread_blocked, id=20988, stack(0x000000aeaa600000,0x000000aeaa700000)]
  0x000002937cf29800 JavaThread "Unconstrained build operations Thread 4" [_thread_blocked, id=6704, stack(0x000000aeaa700000,0x000000aeaa800000)]
  0x000002937eef7000 JavaThread "Unconstrained build operations Thread 5" [_thread_blocked, id=8544, stack(0x000000aeaa800000,0x000000aeaa900000)]
  0x000002937eefd800 JavaThread "Unconstrained build operations Thread 6" [_thread_blocked, id=8656, stack(0x000000aeaa900000,0x000000aeaaa00000)]
  0x000002937eefb000 JavaThread "Unconstrained build operations Thread 7" [_thread_blocked, id=14544, stack(0x000000aeaaa00000,0x000000aeaab00000)]
  0x000002937eef9800 JavaThread "Unconstrained build operations Thread 8" [_thread_blocked, id=2576, stack(0x000000aeaab00000,0x000000aeaac00000)]
  0x000002937eefc800 JavaThread "Unconstrained build operations Thread 9" [_thread_blocked, id=8680, stack(0x000000aeaac00000,0x000000aeaad00000)]
  0x000002937eefc000 JavaThread "Unconstrained build operations Thread 10" [_thread_blocked, id=22504, stack(0x000000aeaad00000,0x000000aeaae00000)]
  0x000002937eef7800 JavaThread "Unconstrained build operations Thread 11" [_thread_blocked, id=9608, stack(0x000000aeaae00000,0x000000aeaaf00000)]
  0x000002937eefa000 JavaThread "Unconstrained build operations Thread 12" [_thread_blocked, id=20168, stack(0x000000aeaaf00000,0x000000aeab000000)]
  0x000002937eefe000 JavaThread "Unconstrained build operations Thread 13" [_thread_blocked, id=15568, stack(0x000000aeab000000,0x000000aeab100000)]
  0x000002937eef8800 JavaThread "Unconstrained build operations Thread 14" [_thread_blocked, id=4692, stack(0x000000aeab100000,0x000000aeab200000)]
  0x000002937ef00800 JavaThread "Unconstrained build operations Thread 15" [_thread_blocked, id=19084, stack(0x000000aeab200000,0x000000aeab300000)]
  0x000002937ef01800 JavaThread "Unconstrained build operations Thread 16" [_thread_blocked, id=13496, stack(0x000000aeab300000,0x000000aeab400000)]
  0x000002937eeff000 JavaThread "Unconstrained build operations Thread 17" [_thread_blocked, id=20060, stack(0x000000aeab400000,0x000000aeab500000)]
  0x000002937ef03000 JavaThread "Unconstrained build operations Thread 18" [_thread_blocked, id=9940, stack(0x000000aeab500000,0x000000aeab600000)]
  0x000002937ef02800 JavaThread "Unconstrained build operations Thread 19" [_thread_blocked, id=14812, stack(0x000000aeab600000,0x000000aeab700000)]
  0x000002937ef04000 JavaThread "Unconstrained build operations Thread 20" [_thread_blocked, id=19904, stack(0x000000aeab700000,0x000000aeab800000)]
  0x000002937ef05000 JavaThread "Unconstrained build operations Thread 21" [_thread_blocked, id=14392, stack(0x000000aeab800000,0x000000aeab900000)]
  0x000002937ef05800 JavaThread "Unconstrained build operations Thread 22" [_thread_blocked, id=11744, stack(0x000000aeab900000,0x000000aeaba00000)]
  0x000002937ef00000 JavaThread "Unconstrained build operations Thread 23" [_thread_blocked, id=16876, stack(0x000000aeaba00000,0x000000aeabb00000)]
  0x000002930fd8f000 JavaThread "Unconstrained build operations Thread 24" [_thread_blocked, id=22408, stack(0x000000aeabb00000,0x000000aeabc00000)]
  0x000002930fd89800 JavaThread "Unconstrained build operations Thread 25" [_thread_blocked, id=22060, stack(0x000000aeabc00000,0x000000aeabd00000)]
  0x000002930fd8b000 JavaThread "Unconstrained build operations Thread 26" [_thread_blocked, id=21948, stack(0x000000aeabd00000,0x000000aeabe00000)]
  0x000002930fd8d800 JavaThread "Unconstrained build operations Thread 27" [_thread_blocked, id=18016, stack(0x000000aeabe00000,0x000000aeabf00000)]
  0x000002930fd8c000 JavaThread "Unconstrained build operations Thread 28" [_thread_blocked, id=1044, stack(0x000000aeabf00000,0x000000aeac000000)]
  0x000002930fd8a800 JavaThread "Unconstrained build operations Thread 29" [_thread_blocked, id=5548, stack(0x000000aeac000000,0x000000aeac100000)]
  0x000002930fd8d000 JavaThread "Unconstrained build operations Thread 30" [_thread_blocked, id=9432, stack(0x000000aeac100000,0x000000aeac200000)]
  0x000002930fd93800 JavaThread "Unconstrained build operations Thread 31" [_thread_blocked, id=15820, stack(0x000000aeac200000,0x000000aeac300000)]
  0x000002930fd90000 JavaThread "Unconstrained build operations Thread 32" [_thread_blocked, id=780, stack(0x000000aeac300000,0x000000aeac400000)]
  0x000002930fd91000 JavaThread "Unconstrained build operations Thread 33" [_thread_blocked, id=18860, stack(0x000000aeac400000,0x000000aeac500000)]
  0x000002930fd91800 JavaThread "Unconstrained build operations Thread 34" [_thread_blocked, id=11896, stack(0x000000aeac500000,0x000000aeac600000)]
  0x000002930fd92800 JavaThread "Unconstrained build operations Thread 35" [_thread_blocked, id=6776, stack(0x000000aeac600000,0x000000aeac700000)]
  0x000002930fd94000 JavaThread "Unconstrained build operations Thread 36" [_thread_blocked, id=8208, stack(0x000000aeac700000,0x000000aeac800000)]
  0x000002930fd8e800 JavaThread "Unconstrained build operations Thread 37" [_thread_blocked, id=19540, stack(0x000000aeac800000,0x000000aeac900000)]
  0x000002930fd95000 JavaThread "Unconstrained build operations Thread 38" [_thread_blocked, id=14244, stack(0x000000aeac900000,0x000000aeaca00000)]
  0x000002930fd95800 JavaThread "Unconstrained build operations Thread 39" [_thread_blocked, id=20048, stack(0x000000aeaca00000,0x000000aeacb00000)]
  0x000002930fd98000 JavaThread "Unconstrained build operations Thread 40" [_thread_blocked, id=8352, stack(0x000000aeacb00000,0x000000aeacc00000)]
  0x000002930fd96800 JavaThread "Unconstrained build operations Thread 41" [_thread_blocked, id=14724, stack(0x000000aeacc00000,0x000000aeacd00000)]
  0x000002930fd97800 JavaThread "Unconstrained build operations Thread 42" [_thread_blocked, id=11920, stack(0x000000aeacd00000,0x000000aeace00000)]
  0x000002937ef24800 JavaThread "Unconstrained build operations Thread 43" [_thread_blocked, id=12832, stack(0x000000aeace00000,0x000000aeacf00000)]
  0x000002937ef21000 JavaThread "Unconstrained build operations Thread 44" [_thread_blocked, id=5596, stack(0x000000aeacf00000,0x000000aead000000)]
  0x000002937ef22000 JavaThread "Unconstrained build operations Thread 45" [_thread_blocked, id=12120, stack(0x000000aead000000,0x000000aead100000)]
  0x000002937ef23000 JavaThread "Unconstrained build operations Thread 46" [_thread_blocked, id=13564, stack(0x000000aead100000,0x000000aead200000)]
  0x000002937ef25000 JavaThread "Unconstrained build operations Thread 47" [_thread_blocked, id=10120, stack(0x000000aead200000,0x000000aead300000)]
  0x000002937ef26000 JavaThread "Unconstrained build operations Thread 48" [_thread_blocked, id=10356, stack(0x000000aead300000,0x000000aead400000)]
  0x000002937ef23800 JavaThread "Unconstrained build operations Thread 49" [_thread_blocked, id=11700, stack(0x000000aead400000,0x000000aead500000)]
  0x000002937ef28800 JavaThread "Unconstrained build operations Thread 50" [_thread_blocked, id=16096, stack(0x000000aead500000,0x000000aead600000)]
  0x000002937ef2c800 JavaThread "Unconstrained build operations Thread 51" [_thread_blocked, id=11112, stack(0x000000aead600000,0x000000aead700000)]
  0x000002937ef2b000 JavaThread "Unconstrained build operations Thread 52" [_thread_blocked, id=21720, stack(0x000000aead700000,0x000000aead800000)]
  0x000002937ef2c000 JavaThread "Unconstrained build operations Thread 53" [_thread_blocked, id=19996, stack(0x000000aead800000,0x000000aead900000)]
  0x000002937ef27000 JavaThread "Unconstrained build operations Thread 54" [_thread_blocked, id=15224, stack(0x000000aead900000,0x000000aeada00000)]
  0x000002937ef2d800 JavaThread "Unconstrained build operations Thread 55" [_thread_blocked, id=12980, stack(0x000000aeada00000,0x000000aeadb00000)]
  0x000002937ef27800 JavaThread "Unconstrained build operations Thread 56" [_thread_blocked, id=5204, stack(0x000000aeadb00000,0x000000aeadc00000)]
  0x000002937ef2e000 JavaThread "Unconstrained build operations Thread 57" [_thread_blocked, id=18532, stack(0x000000aeadc00000,0x000000aeadd00000)]
  0x000002937ef2f000 JavaThread "Unconstrained build operations Thread 58" [_thread_blocked, id=19252, stack(0x000000aeadd00000,0x000000aeade00000)]
  0x000002937ef29800 JavaThread "Unconstrained build operations Thread 59" [_thread_blocked, id=6812, stack(0x000000aeade00000,0x000000aeadf00000)]
  0x000002937ef30000 JavaThread "Unconstrained build operations Thread 60" [_thread_blocked, id=21708, stack(0x000000aeadf00000,0x000000aeae000000)]
  0x000002937ef2a000 JavaThread "Unconstrained build operations Thread 61" [_thread_blocked, id=19384, stack(0x000000aeae000000,0x000000aeae100000)]
  0x000002930fc66000 JavaThread "Unconstrained build operations Thread 62" [_thread_blocked, id=20652, stack(0x000000aeae100000,0x000000aeae200000)]

Other Threads:
  0x0000029379ecf800 VMThread "VM Thread" [stack: 0x000000aea7200000,0x000000aea7300000] [id=22936]
  0x000002937a9ce000 WatcherThread [stack: 0x000000aea7c00000,0x000000aea7d00000] [id=14764]
  0x000002936cab2800 GCTaskThread "GC Thread#0" [stack: 0x000000aea6d00000,0x000000aea6e00000] [id=2692]
  0x000002937b743000 GCTaskThread "GC Thread#1" [stack: 0x000000aea7d00000,0x000000aea7e00000] [id=4396]
  0x000002937b388000 GCTaskThread "GC Thread#2" [stack: 0x000000aea7e00000,0x000000aea7f00000] [id=5572]
  0x000002937cd90000 GCTaskThread "GC Thread#3" [stack: 0x000000aea8900000,0x000000aea8a00000] [id=15940]
  0x000002937b357000 GCTaskThread "GC Thread#4" [stack: 0x000000aea8a00000,0x000000aea8b00000] [id=2384]
  0x000002937cd97000 GCTaskThread "GC Thread#5" [stack: 0x000000aea8b00000,0x000000aea8c00000] [id=11016]
  0x000002937cd97800 GCTaskThread "GC Thread#6" [stack: 0x000000aea8c00000,0x000000aea8d00000] [id=13572]
  0x000002937b8fe000 GCTaskThread "GC Thread#7" [stack: 0x000000aea8d00000,0x000000aea8e00000] [id=2828]
  0x000002936cae6800 ConcurrentGCThread "G1 Main Marker" [stack: 0x000000aea6e00000,0x000000aea6f00000] [id=8116]
  0x000002936cae8800 ConcurrentGCThread "G1 Conc#0" [stack: 0x000000aea6f00000,0x000000aea7000000] [id=15612]
  0x000002937cea0800 ConcurrentGCThread "G1 Conc#1" [stack: 0x000000aea9000000,0x000000aea9100000] [id=18992]
  0x000002936cb6d800 ConcurrentGCThread "G1 Refine#0" [stack: 0x000000aea7000000,0x000000aea7100000] [id=20208]
  0x0000029379d24800 ConcurrentGCThread "G1 Young RemSet Sampling" [stack: 0x000000aea7100000,0x000000aea7200000] [id=7384]

Threads with active compile tasks:
C2 CompilerThread0  98656 6157       4       javax.management.ObjectName::construct (1135 bytes)

VM state:not at safepoint (normal execution)

VM Mutex/Monitor currently owned by a thread: None

OutOfMemory and StackOverflow Exception counts:
OutOfMemoryError java_heap_errors=1
LinkageErrors=119

Heap address: 0x0000000080000000, size: 2048 MB, Compressed Oops mode: 32-bit
Narrow klass base: 0x0000000000000000, Narrow klass shift: 3
Compressed class space size: 1073741824 Address: 0x0000000100000000

Heap:
 garbage-first heap   total 155648K, used 104254K [0x0000000080000000, 0x0000000100000000)
  region size 1024K, 50 young (51200K), 8 survivors (8192K)
 Metaspace       used 57072K, capacity 58889K, committed 59136K, reserved 1099776K
  class space    used 7436K, capacity 8067K, committed 8192K, reserved 1048576K
Heap Regions: E=young(eden), S=young(survivor), O=old, HS=humongous(starts), HC=humongous(continues), CS=collection set, F=free, A=archive, TAMS=top-at-mark-start (previous, next)
|   0|0x0000000080000000, 0x0000000080100000, 0x0000000080100000|100%| O|  |TAMS 0x0000000080100000, 0x0000000080000000| Untracked 
|   1|0x0000000080100000, 0x0000000080200000, 0x0000000080200000|100%| O|  |TAMS 0x0000000080200000, 0x0000000080100000| Untracked 
|   2|0x0000000080200000, 0x0000000080300000, 0x0000000080300000|100%| O|  |TAMS 0x0000000080300000, 0x0000000080200000| Untracked 
|   3|0x0000000080300000, 0x0000000080400000, 0x0000000080400000|100%|HS|  |TAMS 0x0000000080400000, 0x0000000080300000| Complete 
|   4|0x0000000080400000, 0x0000000080500000, 0x0000000080500000|100%|HC|  |TAMS 0x0000000080500000, 0x0000000080400000| Complete 
|   5|0x0000000080500000, 0x0000000080600000, 0x0000000080600000|100%|HC|  |TAMS 0x0000000080600000, 0x0000000080500000| Complete 
|   6|0x0000000080600000, 0x0000000080700000, 0x0000000080700000|100%| O|  |TAMS 0x0000000080700000, 0x0000000080600000| Untracked 
|   7|0x0000000080700000, 0x0000000080800000, 0x0000000080800000|100%| O|  |TAMS 0x0000000080800000, 0x0000000080700000| Untracked 
|   8|0x0000000080800000, 0x0000000080900000, 0x0000000080900000|100%| O|  |TAMS 0x0000000080900000, 0x0000000080800000| Untracked 
|   9|0x0000000080900000, 0x0000000080a00000, 0x0000000080a00000|100%| O|  |TAMS 0x0000000080a00000, 0x0000000080900000| Untracked 
|  10|0x0000000080a00000, 0x0000000080b00000, 0x0000000080b00000|100%| O|  |TAMS 0x0000000080b00000, 0x0000000080a00000| Untracked 
|  11|0x0000000080b00000, 0x0000000080c00000, 0x0000000080c00000|100%| O|  |TAMS 0x0000000080c00000, 0x0000000080b00000| Untracked 
|  12|0x0000000080c00000, 0x0000000080d00000, 0x0000000080d00000|100%| O|  |TAMS 0x0000000080d00000, 0x0000000080c00000| Untracked 
|  13|0x0000000080d00000, 0x0000000080e00000, 0x0000000080e00000|100%| O|  |TAMS 0x0000000080e00000, 0x0000000080d00000| Untracked 
|  14|0x0000000080e00000, 0x0000000080f00000, 0x0000000080f00000|100%| O|  |TAMS 0x0000000080f00000, 0x0000000080e00000| Untracked 
|  15|0x0000000080f00000, 0x0000000081000000, 0x0000000081000000|100%| O|  |TAMS 0x0000000081000000, 0x0000000080f00000| Untracked 
|  16|0x0000000081000000, 0x0000000081100000, 0x0000000081100000|100%| O|  |TAMS 0x0000000081100000, 0x0000000081000000| Untracked 
|  17|0x0000000081100000, 0x0000000081200000, 0x0000000081200000|100%|HS|  |TAMS 0x0000000081200000, 0x0000000081100000| Complete 
|  18|0x0000000081200000, 0x0000000081300000, 0x0000000081300000|100%|HC|  |TAMS 0x0000000081300000, 0x0000000081200000| Complete 
|  19|0x0000000081300000, 0x0000000081400000, 0x0000000081400000|100%|HS|  |TAMS 0x0000000081400000, 0x0000000081300000| Complete 
|  20|0x0000000081400000, 0x0000000081500000, 0x0000000081500000|100%|HC|  |TAMS 0x0000000081500000, 0x0000000081400000| Complete 
|  21|0x0000000081500000, 0x0000000081600000, 0x0000000081600000|100%|HC|  |TAMS 0x0000000081600000, 0x0000000081500000| Complete 
|  22|0x0000000081600000, 0x0000000081700000, 0x0000000081700000|100%|HS|  |TAMS 0x0000000081700000, 0x0000000081600000| Complete 
|  23|0x0000000081700000, 0x0000000081800000, 0x0000000081800000|100%|HS|  |TAMS 0x0000000081800000, 0x0000000081700000| Complete 
|  24|0x0000000081800000, 0x0000000081900000, 0x0000000081900000|100%|HC|  |TAMS 0x0000000081900000, 0x0000000081800000| Complete 
|  25|0x0000000081900000, 0x0000000081a00000, 0x0000000081a00000|100%|HC|  |TAMS 0x0000000081a00000, 0x0000000081900000| Complete 
|  26|0x0000000081a00000, 0x0000000081b00000, 0x0000000081b00000|100%|HC|  |TAMS 0x0000000081b00000, 0x0000000081a00000| Complete 
|  27|0x0000000081b00000, 0x0000000081c00000, 0x0000000081c00000|100%| O|  |TAMS 0x0000000081c00000, 0x0000000081b00000| Untracked 
|  28|0x0000000081c00000, 0x0000000081d00000, 0x0000000081d00000|100%| O|  |TAMS 0x0000000081d00000, 0x0000000081c00000| Untracked 
|  29|0x0000000081d00000, 0x0000000081e00000, 0x0000000081e00000|100%| O|  |TAMS 0x0000000081e00000, 0x0000000081d00000| Untracked 
|  30|0x0000000081e00000, 0x0000000081f00000, 0x0000000081f00000|100%| O|  |TAMS 0x0000000081f00000, 0x0000000081e00000| Untracked 
|  31|0x0000000081f00000, 0x0000000082000000, 0x0000000082000000|100%| O|  |TAMS 0x0000000082000000, 0x0000000081f00000| Untracked 
|  32|0x0000000082000000, 0x0000000082100000, 0x0000000082100000|100%| O|  |TAMS 0x0000000082100000, 0x0000000082000000| Untracked 
|  33|0x0000000082100000, 0x0000000082200000, 0x0000000082200000|100%| O|  |TAMS 0x0000000082200000, 0x0000000082100000| Untracked 
|  34|0x0000000082200000, 0x0000000082300000, 0x0000000082300000|100%| O|  |TAMS 0x0000000082201200, 0x0000000082200000| Untracked 
|  35|0x0000000082300000, 0x0000000082400000, 0x0000000082400000|100%|HS|  |TAMS 0x0000000082300000, 0x0000000082300000| Complete 
|  36|0x0000000082400000, 0x0000000082500000, 0x0000000082500000|100%|HS|  |TAMS 0x0000000082400000, 0x0000000082400000| Complete 
|  37|0x0000000082500000, 0x0000000082600000, 0x0000000082600000|100%|HC|  |TAMS 0x0000000082500000, 0x0000000082500000| Complete 
|  38|0x0000000082600000, 0x0000000082700000, 0x0000000082700000|100%|HC|  |TAMS 0x0000000082600000, 0x0000000082600000| Complete 
|  39|0x0000000082700000, 0x0000000082800000, 0x0000000082800000|100%| O|  |TAMS 0x0000000082700000, 0x0000000082700000| Untracked 
|  40|0x0000000082800000, 0x0000000082900000, 0x0000000082900000|100%| O|  |TAMS 0x0000000082800000, 0x0000000082800000| Untracked 
|  41|0x0000000082900000, 0x0000000082a00000, 0x0000000082a00000|100%| O|  |TAMS 0x0000000082900000, 0x0000000082900000| Untracked 
|  42|0x0000000082a00000, 0x0000000082b00000, 0x0000000082b00000|100%| O|  |TAMS 0x0000000082a00000, 0x0000000082a00000| Untracked 
|  43|0x0000000082b00000, 0x0000000082c00000, 0x0000000082c00000|100%| O|  |TAMS 0x0000000082b00000, 0x0000000082b00000| Untracked 
|  44|0x0000000082c00000, 0x0000000082d00000, 0x0000000082d00000|100%| O|  |TAMS 0x0000000082c00000, 0x0000000082c00000| Untracked 
|  45|0x0000000082d00000, 0x0000000082e00000, 0x0000000082e00000|100%| O|  |TAMS 0x0000000082d00000, 0x0000000082d00000| Untracked 
|  46|0x0000000082e00000, 0x0000000082f00000, 0x0000000082f00000|100%| O|  |TAMS 0x0000000082e00000, 0x0000000082e00000| Untracked 
|  47|0x0000000082f00000, 0x0000000083000000, 0x0000000083000000|100%|HS|  |TAMS 0x0000000082f00000, 0x0000000082f00000| Complete 
|  48|0x0000000083000000, 0x0000000083100000, 0x0000000083100000|100%|HC|  |TAMS 0x0000000083000000, 0x0000000083000000| Complete 
|  49|0x0000000083100000, 0x0000000083200000, 0x0000000083200000|100%|HC|  |TAMS 0x0000000083100000, 0x0000000083100000| Complete 
|  50|0x0000000083200000, 0x0000000083300000, 0x0000000083300000|100%|HC|  |TAMS 0x0000000083200000, 0x0000000083200000| Complete 
|  51|0x0000000083300000, 0x0000000083400000, 0x0000000083400000|100%| O|  |TAMS 0x0000000083300000, 0x0000000083300000| Untracked 
|  52|0x0000000083400000, 0x0000000083500000, 0x0000000083500000|100%| O|  |TAMS 0x0000000083400000, 0x0000000083400000| Untracked 
|  53|0x0000000083500000, 0x0000000083538c00, 0x0000000083600000| 22%| O|  |TAMS 0x0000000083500000, 0x0000000083500000| Untracked 
|  54|0x0000000083600000, 0x0000000083600000, 0x0000000083700000|  0%| F|  |TAMS 0x0000000083600000, 0x0000000083600000| Untracked 
|  55|0x0000000083700000, 0x0000000083700000, 0x0000000083800000|  0%| F|  |TAMS 0x0000000083700000, 0x0000000083700000| Untracked 
|  56|0x0000000083800000, 0x0000000083800000, 0x0000000083900000|  0%| F|  |TAMS 0x0000000083800000, 0x0000000083800000| Untracked 
|  57|0x0000000083900000, 0x0000000083900000, 0x0000000083a00000|  0%| F|  |TAMS 0x0000000083900000, 0x0000000083900000| Untracked 
|  58|0x0000000083a00000, 0x0000000083a00000, 0x0000000083b00000|  0%| F|  |TAMS 0x0000000083a00000, 0x0000000083a00000| Untracked 
|  59|0x0000000083b00000, 0x0000000083b00000, 0x0000000083c00000|  0%| F|  |TAMS 0x0000000083b00000, 0x0000000083b00000| Untracked 
|  60|0x0000000083c00000, 0x0000000083c00000, 0x0000000083d00000|  0%| F|  |TAMS 0x0000000083c00000, 0x0000000083c00000| Untracked 
|  61|0x0000000083d00000, 0x0000000083d00000, 0x0000000083e00000|  0%| F|  |TAMS 0x0000000083d00000, 0x0000000083d00000| Untracked 
|  62|0x0000000083e00000, 0x0000000083e00000, 0x0000000083f00000|  0%| F|  |TAMS 0x0000000083e00000, 0x0000000083e00000| Untracked 
|  63|0x0000000083f00000, 0x0000000083f00000, 0x0000000084000000|  0%| F|  |TAMS 0x0000000083f00000, 0x0000000083f00000| Untracked 
|  64|0x0000000084000000, 0x0000000084000000, 0x0000000084100000|  0%| F|  |TAMS 0x0000000084000000, 0x0000000084000000| Untracked 
|  65|0x0000000084100000, 0x0000000084100000, 0x0000000084200000|  0%| F|  |TAMS 0x0000000084100000, 0x0000000084100000| Untracked 
|  66|0x0000000084200000, 0x0000000084200000, 0x0000000084300000|  0%| F|  |TAMS 0x0000000084200000, 0x0000000084200000| Untracked 
|  67|0x0000000084300000, 0x0000000084300000, 0x0000000084400000|  0%| F|  |TAMS 0x0000000084300000, 0x0000000084300000| Untracked 
|  68|0x0000000084400000, 0x0000000084400000, 0x0000000084500000|  0%| F|  |TAMS 0x0000000084400000, 0x0000000084400000| Untracked 
|  69|0x0000000084500000, 0x0000000084500000, 0x0000000084600000|  0%| F|  |TAMS 0x0000000084500000, 0x0000000084500000| Untracked 
|  70|0x0000000084600000, 0x0000000084600000, 0x0000000084700000|  0%| F|  |TAMS 0x0000000084600000, 0x0000000084600000| Untracked 
|  71|0x0000000084700000, 0x0000000084700000, 0x0000000084800000|  0%| F|  |TAMS 0x0000000084700000, 0x0000000084700000| Untracked 
|  72|0x0000000084800000, 0x0000000084800000, 0x0000000084900000|  0%| F|  |TAMS 0x0000000084800000, 0x0000000084800000| Untracked 
|  73|0x0000000084900000, 0x0000000084900000, 0x0000000084a00000|  0%| F|  |TAMS 0x0000000084900000, 0x0000000084900000| Untracked 
|  74|0x0000000084a00000, 0x0000000084a00000, 0x0000000084b00000|  0%| F|  |TAMS 0x0000000084a00000, 0x0000000084a00000| Untracked 
|  75|0x0000000084b00000, 0x0000000084b00000, 0x0000000084c00000|  0%| F|  |TAMS 0x0000000084b00000, 0x0000000084b00000| Untracked 
|  76|0x0000000084c00000, 0x0000000084c00000, 0x0000000084d00000|  0%| F|  |TAMS 0x0000000084c00000, 0x0000000084c00000| Untracked 
|  77|0x0000000084d00000, 0x0000000084d00000, 0x0000000084e00000|  0%| F|  |TAMS 0x0000000084d00000, 0x0000000084d00000| Untracked 
|  78|0x0000000084e00000, 0x0000000084e00000, 0x0000000084f00000|  0%| F|  |TAMS 0x0000000084e00000, 0x0000000084e00000| Untracked 
|  79|0x0000000084f00000, 0x0000000084f00000, 0x0000000085000000|  0%| F|  |TAMS 0x0000000084f00000, 0x0000000084f00000| Untracked 
|  80|0x0000000085000000, 0x0000000085000000, 0x0000000085100000|  0%| F|  |TAMS 0x0000000085000000, 0x0000000085000000| Untracked 
|  81|0x0000000085100000, 0x0000000085100000, 0x0000000085200000|  0%| F|  |TAMS 0x0000000085100000, 0x0000000085100000| Untracked 
|  82|0x0000000085200000, 0x0000000085200000, 0x0000000085300000|  0%| F|  |TAMS 0x0000000085200000, 0x0000000085200000| Untracked 
|  83|0x0000000085300000, 0x0000000085396d60, 0x0000000085400000| 58%| S|CS|TAMS 0x0000000085300000, 0x0000000085300000| Complete 
|  84|0x0000000085400000, 0x0000000085500000, 0x0000000085500000|100%| S|CS|TAMS 0x0000000085400000, 0x0000000085400000| Complete 
|  85|0x0000000085500000, 0x0000000085600000, 0x0000000085600000|100%| S|CS|TAMS 0x0000000085500000, 0x0000000085500000| Complete 
|  86|0x0000000085600000, 0x0000000085700000, 0x0000000085700000|100%| S|CS|TAMS 0x0000000085600000, 0x0000000085600000| Complete 
|  87|0x0000000085700000, 0x0000000085800000, 0x0000000085800000|100%| S|CS|TAMS 0x0000000085700000, 0x0000000085700000| Complete 
|  88|0x0000000085800000, 0x0000000085900000, 0x0000000085900000|100%| S|CS|TAMS 0x0000000085800000, 0x0000000085800000| Complete 
|  89|0x0000000085900000, 0x0000000085a00000, 0x0000000085a00000|100%| S|CS|TAMS 0x0000000085900000, 0x0000000085900000| Complete 
|  90|0x0000000085a00000, 0x0000000085a00000, 0x0000000085b00000|  0%| F|  |TAMS 0x0000000085a00000, 0x0000000085a00000| Untracked 
|  91|0x0000000085b00000, 0x0000000085b00000, 0x0000000085c00000|  0%| F|  |TAMS 0x0000000085b00000, 0x0000000085b00000| Untracked 
|  92|0x0000000085c00000, 0x0000000085c00000, 0x0000000085d00000|  0%| F|  |TAMS 0x0000000085c00000, 0x0000000085c00000| Untracked 
|  93|0x0000000085d00000, 0x0000000085d00000, 0x0000000085e00000|  0%| F|  |TAMS 0x0000000085d00000, 0x0000000085d00000| Untracked 
|  94|0x0000000085e00000, 0x0000000085e00000, 0x0000000085f00000|  0%| F|  |TAMS 0x0000000085e00000, 0x0000000085e00000| Untracked 
|  95|0x0000000085f00000, 0x0000000085f00000, 0x0000000086000000|  0%| F|  |TAMS 0x0000000085f00000, 0x0000000085f00000| Untracked 
|  96|0x0000000086000000, 0x0000000086000000, 0x0000000086100000|  0%| F|  |TAMS 0x0000000086000000, 0x0000000086000000| Untracked 
|  97|0x0000000086100000, 0x0000000086200000, 0x0000000086200000|100%| S|CS|TAMS 0x0000000086100000, 0x0000000086100000| Complete 
|  98|0x0000000086200000, 0x0000000086200000, 0x0000000086300000|  0%| F|  |TAMS 0x0000000086200000, 0x0000000086200000| Untracked 
|  99|0x0000000086300000, 0x0000000086300000, 0x0000000086400000|  0%| F|  |TAMS 0x0000000086300000, 0x0000000086300000| Untracked 
| 100|0x0000000086400000, 0x0000000086400000, 0x0000000086500000|  0%| F|  |TAMS 0x0000000086400000, 0x0000000086400000| Untracked 
| 101|0x0000000086500000, 0x0000000086500000, 0x0000000086600000|  0%| F|  |TAMS 0x0000000086500000, 0x0000000086500000| Untracked 
| 102|0x0000000086600000, 0x0000000086600000, 0x0000000086700000|  0%| F|  |TAMS 0x0000000086600000, 0x0000000086600000| Untracked 
| 103|0x0000000086700000, 0x0000000086700000, 0x0000000086800000|  0%| F|  |TAMS 0x0000000086700000, 0x0000000086700000| Untracked 
| 104|0x0000000086800000, 0x0000000086800000, 0x0000000086900000|  0%| F|  |TAMS 0x0000000086800000, 0x0000000086800000| Untracked 
| 105|0x0000000086900000, 0x0000000086900000, 0x0000000086a00000|  0%| F|  |TAMS 0x0000000086900000, 0x0000000086900000| Untracked 
| 106|0x0000000086a00000, 0x0000000086a00000, 0x0000000086b00000|  0%| F|  |TAMS 0x0000000086a00000, 0x0000000086a00000| Untracked 
| 107|0x0000000086b00000, 0x0000000086b00000, 0x0000000086c00000|  0%| F|  |TAMS 0x0000000086b00000, 0x0000000086b00000| Untracked 
| 108|0x0000000086c00000, 0x0000000086c00000, 0x0000000086d00000|  0%| F|  |TAMS 0x0000000086c00000, 0x0000000086c00000| Untracked 
| 109|0x0000000086d00000, 0x0000000086d00000, 0x0000000086e00000|  0%| F|  |TAMS 0x0000000086d00000, 0x0000000086d00000| Untracked 
| 110|0x0000000086e00000, 0x0000000086ee4a08, 0x0000000086f00000| 89%| E|  |TAMS 0x0000000086e00000, 0x0000000086e00000| Complete 
| 111|0x0000000086f00000, 0x0000000087000000, 0x0000000087000000|100%| E|CS|TAMS 0x0000000086f00000, 0x0000000086f00000| Complete 
| 112|0x0000000087000000, 0x0000000087100000, 0x0000000087100000|100%| E|CS|TAMS 0x0000000087000000, 0x0000000087000000| Complete 
| 113|0x0000000087100000, 0x0000000087200000, 0x0000000087200000|100%| E|CS|TAMS 0x0000000087100000, 0x0000000087100000| Complete 
| 114|0x0000000087200000, 0x0000000087300000, 0x0000000087300000|100%| E|CS|TAMS 0x0000000087200000, 0x0000000087200000| Complete 
| 115|0x0000000087300000, 0x0000000087400000, 0x0000000087400000|100%| E|CS|TAMS 0x0000000087300000, 0x0000000087300000| Complete 
| 116|0x0000000087400000, 0x0000000087500000, 0x0000000087500000|100%| E|CS|TAMS 0x0000000087400000, 0x0000000087400000| Complete 
| 117|0x0000000087500000, 0x0000000087600000, 0x0000000087600000|100%| E|CS|TAMS 0x0000000087500000, 0x0000000087500000| Complete 
| 118|0x0000000087600000, 0x0000000087700000, 0x0000000087700000|100%| E|CS|TAMS 0x0000000087600000, 0x0000000087600000| Complete 
| 119|0x0000000087700000, 0x0000000087800000, 0x0000000087800000|100%| E|CS|TAMS 0x0000000087700000, 0x0000000087700000| Complete 
| 120|0x0000000087800000, 0x0000000087900000, 0x0000000087900000|100%| E|CS|TAMS 0x0000000087800000, 0x0000000087800000| Complete 
| 121|0x0000000087900000, 0x0000000087a00000, 0x0000000087a00000|100%| E|CS|TAMS 0x0000000087900000, 0x0000000087900000| Complete 
| 122|0x0000000087a00000, 0x0000000087b00000, 0x0000000087b00000|100%| E|CS|TAMS 0x0000000087a00000, 0x0000000087a00000| Complete 
| 123|0x0000000087b00000, 0x0000000087c00000, 0x0000000087c00000|100%| E|CS|TAMS 0x0000000087b00000, 0x0000000087b00000| Complete 
| 124|0x0000000087c00000, 0x0000000087d00000, 0x0000000087d00000|100%| E|CS|TAMS 0x0000000087c00000, 0x0000000087c00000| Complete 
| 125|0x0000000087d00000, 0x0000000087e00000, 0x0000000087e00000|100%| E|CS|TAMS 0x0000000087d00000, 0x0000000087d00000| Complete 
| 126|0x0000000087e00000, 0x0000000087f00000, 0x0000000087f00000|100%| E|CS|TAMS 0x0000000087e00000, 0x0000000087e00000| Complete 
| 127|0x0000000087f00000, 0x0000000088000000, 0x0000000088000000|100%| E|CS|TAMS 0x0000000087f00000, 0x0000000087f00000| Complete 
| 128|0x0000000088000000, 0x0000000088100000, 0x0000000088100000|100%| E|CS|TAMS 0x0000000088000000, 0x0000000088000000| Complete 
| 129|0x0000000088100000, 0x0000000088200000, 0x0000000088200000|100%| E|CS|TAMS 0x0000000088100000, 0x0000000088100000| Complete 
| 130|0x0000000088200000, 0x0000000088300000, 0x0000000088300000|100%| E|CS|TAMS 0x0000000088200000, 0x0000000088200000| Complete 
| 131|0x0000000088300000, 0x0000000088400000, 0x0000000088400000|100%| E|CS|TAMS 0x0000000088300000, 0x0000000088300000| Complete 
| 132|0x0000000088400000, 0x0000000088500000, 0x0000000088500000|100%| E|CS|TAMS 0x0000000088400000, 0x0000000088400000| Complete 
| 133|0x0000000088500000, 0x0000000088600000, 0x0000000088600000|100%| E|CS|TAMS 0x0000000088500000, 0x0000000088500000| Complete 
| 134|0x0000000088600000, 0x0000000088700000, 0x0000000088700000|100%| E|CS|TAMS 0x0000000088600000, 0x0000000088600000| Complete 
| 135|0x0000000088700000, 0x0000000088800000, 0x0000000088800000|100%| E|CS|TAMS 0x0000000088700000, 0x0000000088700000| Complete 
| 136|0x0000000088800000, 0x0000000088900000, 0x0000000088900000|100%| E|CS|TAMS 0x0000000088800000, 0x0000000088800000| Complete 
| 137|0x0000000088900000, 0x0000000088a00000, 0x0000000088a00000|100%| E|CS|TAMS 0x0000000088900000, 0x0000000088900000| Complete 
| 138|0x0000000088a00000, 0x0000000088b00000, 0x0000000088b00000|100%| E|CS|TAMS 0x0000000088a00000, 0x0000000088a00000| Complete 
| 139|0x0000000088b00000, 0x0000000088c00000, 0x0000000088c00000|100%| E|CS|TAMS 0x0000000088b00000, 0x0000000088b00000| Complete 
| 140|0x0000000088c00000, 0x0000000088d00000, 0x0000000088d00000|100%| E|CS|TAMS 0x0000000088c00000, 0x0000000088c00000| Complete 
| 141|0x0000000088d00000, 0x0000000088e00000, 0x0000000088e00000|100%| E|CS|TAMS 0x0000000088d00000, 0x0000000088d00000| Complete 
| 142|0x0000000088e00000, 0x0000000088f00000, 0x0000000088f00000|100%| E|CS|TAMS 0x0000000088e00000, 0x0000000088e00000| Complete 
| 143|0x0000000088f00000, 0x0000000089000000, 0x0000000089000000|100%| E|CS|TAMS 0x0000000088f00000, 0x0000000088f00000| Complete 
| 144|0x0000000089000000, 0x0000000089100000, 0x0000000089100000|100%| E|CS|TAMS 0x0000000089000000, 0x0000000089000000| Complete 
| 145|0x0000000089100000, 0x0000000089200000, 0x0000000089200000|100%| E|CS|TAMS 0x0000000089100000, 0x0000000089100000| Complete 
| 146|0x0000000089200000, 0x0000000089300000, 0x0000000089300000|100%| E|CS|TAMS 0x0000000089200000, 0x0000000089200000| Complete 
| 147|0x0000000089300000, 0x0000000089400000, 0x0000000089400000|100%| E|CS|TAMS 0x0000000089300000, 0x0000000089300000| Complete 
| 148|0x0000000089400000, 0x0000000089500000, 0x0000000089500000|100%| E|CS|TAMS 0x0000000089400000, 0x0000000089400000| Complete 
| 149|0x0000000089500000, 0x0000000089600000, 0x0000000089600000|100%| E|CS|TAMS 0x0000000089500000, 0x0000000089500000| Complete 
| 150|0x0000000089600000, 0x0000000089700000, 0x0000000089700000|100%| E|CS|TAMS 0x0000000089600000, 0x0000000089600000| Complete 
| 151|0x0000000089700000, 0x0000000089800000, 0x0000000089800000|100%| E|CS|TAMS 0x0000000089700000, 0x0000000089700000| Complete 

Card table byte_map: [0x0000029372bf0000,0x0000029372ff0000] _byte_map_base: 0x00000293727f0000

Marking Bits (Prev, Next): (CMBitMap*) 0x000002936caddbb8, (CMBitMap*) 0x000002936caddbf0
 Prev Bits: [0x00000293733f0000, 0x00000293753f0000)
 Next Bits: [0x00000293753f0000, 0x00000293773f0000)

Polling page: 0x0000029371d50000

Metaspace:

Usage:
  Non-class:     49.63 MB capacity,    48.47 MB ( 98%) used,  1020.44 KB (  2%) free+waste,   165.88 KB ( <1%) overhead. 
      Class:      7.88 MB capacity,     7.26 MB ( 92%) used,   550.55 KB (  7%) free+waste,    80.06 KB ( <1%) overhead. 
       Both:     57.51 MB capacity,    55.73 MB ( 97%) used,     1.53 MB (  3%) free+waste,   245.94 KB ( <1%) overhead. 

Virtual space:
  Non-class space:       50.00 MB reserved,      49.75 MB (>99%) committed 
      Class space:        1.00 GB reserved,       8.00 MB ( <1%) committed 
             Both:        1.05 GB reserved,      57.75 MB (  5%) committed 

Chunk freelists:
   Non-Class:  0 bytes
       Class:  0 bytes
        Both:  0 bytes

MaxMetaspaceSize: 17179869184.00 GB
CompressedClassSpaceSize: 1.00 GB
Initial GC threshold: 20.80 MB
Current GC threshold: 58.75 MB
CDS: off

CodeHeap 'non-profiled nmethods': size=120000Kb used=2735Kb max_used=2735Kb free=117264Kb
 bounds [0x0000029307ad0000, 0x0000029307d80000, 0x000002930f000000]
CodeHeap 'profiled nmethods': size=120000Kb used=12151Kb max_used=12151Kb free=107848Kb
 bounds [0x00000293005a0000, 0x0000029301180000, 0x0000029307ad0000]
CodeHeap 'non-nmethods': size=5760Kb used=2316Kb max_used=2362Kb free=3443Kb
 bounds [0x0000029300000000, 0x0000029300270000, 0x00000293005a0000]
 total_blobs=6903 nmethods=6087 adapters=728
 compilation: enabled
              stopped_count=0, restarted_count=0
 full_count=0

Compilation events (20 events):
Event: 83.465 Thread 0x0000029379ef4000 nmethod 6147 0x0000029307d79010 code [0x0000029307d79200, 0x0000029307d799f0]
Event: 85.435 Thread 0x000002937a85b000 6148       3       java.util.Collections::singleton (9 bytes)
Event: 85.436 Thread 0x000002937a85b000 nmethod 6148 0x000002930117c310 code [0x000002930117c4e0, 0x000002930117c7f8]
Event: 85.436 Thread 0x000002937a85b000 6149       3       java.util.Collections$SingletonSet::<init> (10 bytes)
Event: 85.436 Thread 0x000002937a85b000 nmethod 6149 0x000002930117c910 code [0x000002930117cae0, 0x000002930117cd58]
Event: 86.428 Thread 0x0000029379ef4000 6150       4       java.util.stream.AbstractPipeline::sequential (10 bytes)
Event: 86.429 Thread 0x000002937a85b000 6151       3       java.util.ArrayList$ArrayListSpliterator::forEachRemaining (127 bytes)
Event: 86.431 Thread 0x000002937a85b000 nmethod 6151 0x000002930117ce90 code [0x000002930117d0a0, 0x000002930117d688]
Event: 86.431 Thread 0x0000029379ef4000 nmethod 6150 0x0000029307d79f10 code [0x0000029307d7a0a0, 0x0000029307d7a118]
Event: 88.714 Thread 0x000002937a85b000 6152       3       java.nio.MappedByteBuffer::flip (5 bytes)
Event: 88.715 Thread 0x000002937a85b000 nmethod 6152 0x000002930117d910 code [0x000002930117dae0, 0x000002930117dd18]
Event: 88.726 Thread 0x0000029379ef4000 6153       4       java.lang.String::toLowerCase (8 bytes)
Event: 88.732 Thread 0x000002937a85b000 6154       1       org.gradle.launcher.daemon.registry.DaemonInfo::access$500 (5 bytes)
Event: 88.732 Thread 0x000002937a85b000 nmethod 6154 0x0000029307d7a210 code [0x0000029307d7a3c0, 0x0000029307d7a458]
Event: 88.741 Thread 0x0000029379ef4000 nmethod 6153 0x0000029307d7a510 code [0x0000029307d7a6e0, 0x0000029307d7af58]
Event: 92.426 Thread 0x0000029379ef4000 6155       4       java.util.Collections$UnmodifiableCollection::contains (11 bytes)
Event: 92.427 Thread 0x0000029379ef4000 nmethod 6155 0x0000029307d7b410 code [0x0000029307d7b5a0, 0x0000029307d7b638]
Event: 96.432 Thread 0x0000029379ef4000 6156       4       java.util.concurrent.locks.ReentrantLock::lock (9 bytes)
Event: 96.436 Thread 0x0000029379ef4000 nmethod 6156 0x0000029307d7b710 code [0x0000029307d7b8c0, 0x0000029307d7bb18]
Event: 98.473 Thread 0x0000029379ef4000 6157       4       javax.management.ObjectName::construct (1135 bytes)

GC Heap History (20 events):
Event: 0.978 GC heap before
{Heap before GC invocations=1 (full 0):
 garbage-first heap   total 129024K, used 30682K [0x0000000080000000, 0x0000000100000000)
  region size 1024K, 24 young (24576K), 3 survivors (3072K)
 Metaspace       used 11223K, capacity 11444K, committed 11520K, reserved 1058816K
  class space    used 1173K, capacity 1244K, committed 1280K, reserved 1048576K
}
Event: 0.982 GC heap after
{Heap after GC invocations=2 (full 0):
 garbage-first heap   total 129024K, used 10064K [0x0000000080000000, 0x0000000100000000)
  region size 1024K, 1 young (1024K), 1 survivors (1024K)
 Metaspace       used 11223K, capacity 11444K, committed 11520K, reserved 1058816K
  class space    used 1173K, capacity 1244K, committed 1280K, reserved 1048576K
}
Event: 2.358 GC heap before
{Heap before GC invocations=2 (full 0):
 garbage-first heap   total 129024K, used 65360K [0x0000000080000000, 0x0000000100000000)
  region size 1024K, 54 young (55296K), 1 survivors (1024K)
 Metaspace       used 17963K, capacity 18346K, committed 18432K, reserved 1064960K
  class space    used 2121K, capacity 2260K, committed 2304K, reserved 1048576K
}
Event: 2.362 GC heap after
{Heap after GC invocations=3 (full 0):
 garbage-first heap   total 129024K, used 16295K [0x0000000080000000, 0x0000000100000000)
  region size 1024K, 7 young (7168K), 7 survivors (7168K)
 Metaspace       used 17963K, capacity 18346K, committed 18432K, reserved 1064960K
  class space    used 2121K, capacity 2260K, committed 2304K, reserved 1048576K
}
Event: 2.578 GC heap before
{Heap before GC invocations=3 (full 0):
 garbage-first heap   total 129024K, used 42919K [0x0000000080000000, 0x0000000100000000)
  region size 1024K, 34 young (34816K), 7 survivors (7168K)
 Metaspace       used 20721K, capacity 21158K, committed 21248K, reserved 1067008K
  class space    used 2548K, capacity 2729K, committed 2816K, reserved 1048576K
}
Event: 2.585 GC heap after
{Heap after GC invocations=4 (full 0):
 garbage-first heap   total 129024K, used 17739K [0x0000000080000000, 0x0000000100000000)
  region size 1024K, 1 young (1024K), 1 survivors (1024K)
 Metaspace       used 20721K, capacity 21158K, committed 21248K, reserved 1067008K
  class space    used 2548K, capacity 2729K, committed 2816K, reserved 1048576K
}
Event: 3.064 GC heap before
{Heap before GC invocations=5 (full 0):
 garbage-first heap   total 129024K, used 72011K [0x0000000080000000, 0x0000000100000000)
  region size 1024K, 54 young (55296K), 1 survivors (1024K)
 Metaspace       used 26762K, capacity 27384K, committed 27520K, reserved 1073152K
  class space    used 3480K, capacity 3708K, committed 3712K, reserved 1048576K
}
Event: 3.066 GC heap after
{Heap after GC invocations=6 (full 0):
 garbage-first heap   total 129024K, used 19787K [0x0000000080000000, 0x0000000100000000)
  region size 1024K, 3 young (3072K), 3 survivors (3072K)
 Metaspace       used 26762K, capacity 27384K, committed 27520K, reserved 1073152K
  class space    used 3480K, capacity 3708K, committed 3712K, reserved 1048576K
}
Event: 3.627 GC heap before
{Heap before GC invocations=6 (full 0):
 garbage-first heap   total 129024K, used 88395K [0x0000000080000000, 0x0000000100000000)
  region size 1024K, 60 young (61440K), 3 survivors (3072K)
 Metaspace       used 31651K, capacity 32507K, committed 32768K, reserved 1077248K
  class space    used 4258K, capacity 4579K, committed 4608K, reserved 1048576K
}
Event: 3.633 GC heap after
{Heap after GC invocations=7 (full 0):
 garbage-first heap   total 129024K, used 35217K [0x0000000080000000, 0x0000000100000000)
  region size 1024K, 8 young (8192K), 8 survivors (8192K)
 Metaspace       used 31651K, capacity 32507K, committed 32768K, reserved 1077248K
  class space    used 4258K, capacity 4579K, committed 4608K, reserved 1048576K
}
Event: 3.862 GC heap before
{Heap before GC invocations=7 (full 0):
 garbage-first heap   total 129024K, used 53649K [0x0000000080000000, 0x0000000100000000)
  region size 1024K, 27 young (27648K), 8 survivors (8192K)
 Metaspace       used 34771K, capacity 35684K, committed 35840K, reserved 1079296K
  class space    used 4649K, capacity 4999K, committed 5120K, reserved 1048576K
}
Event: 3.871 GC heap after
{Heap after GC invocations=8 (full 0):
 garbage-first heap   total 155648K, used 36658K [0x0000000080000000, 0x0000000100000000)
  region size 1024K, 2 young (2048K), 2 survivors (2048K)
 Metaspace       used 34771K, capacity 35684K, committed 35840K, reserved 1079296K
  class space    used 4649K, capacity 4999K, committed 5120K, reserved 1048576K
}
Event: 4.360 GC heap before
{Heap before GC invocations=9 (full 0):
 garbage-first heap   total 155648K, used 92978K [0x0000000080000000, 0x0000000100000000)
  region size 1024K, 55 young (56320K), 2 survivors (2048K)
 Metaspace       used 41673K, capacity 42652K, committed 42880K, reserved 1087488K
  class space    used 5304K, capacity 5674K, committed 5760K, reserved 1048576K
}
Event: 4.365 GC heap after
{Heap after GC invocations=10 (full 0):
 garbage-first heap   total 155648K, used 42460K [0x0000000080000000, 0x0000000100000000)
  region size 1024K, 7 young (7168K), 7 survivors (7168K)
 Metaspace       used 41673K, capacity 42652K, committed 42880K, reserved 1087488K
  class space    used 5304K, capacity 5674K, committed 5760K, reserved 1048576K
}
Event: 5.025 GC heap before
{Heap before GC invocations=10 (full 0):
 garbage-first heap   total 155648K, used 101852K [0x0000000080000000, 0x0000000100000000)
  region size 1024K, 60 young (61440K), 7 survivors (7168K)
 Metaspace       used 45765K, capacity 46916K, committed 46976K, reserved 1089536K
  class space    used 5798K, capacity 6235K, committed 6272K, reserved 1048576K
}
Event: 5.034 GC heap after
{Heap after GC invocations=11 (full 0):
 garbage-first heap   total 155648K, used 50456K [0x0000000080000000, 0x0000000100000000)
  region size 1024K, 5 young (5120K), 5 survivors (5120K)
 Metaspace       used 45765K, capacity 46916K, committed 46976K, reserved 1089536K
  class space    used 5798K, capacity 6235K, committed 6272K, reserved 1048576K
}
Event: 5.631 GC heap before
{Heap before GC invocations=11 (full 0):
 garbage-first heap   total 155648K, used 103704K [0x0000000080000000, 0x0000000100000000)
  region size 1024K, 57 young (58368K), 5 survivors (5120K)
 Metaspace       used 51241K, capacity 52624K, committed 52736K, reserved 1095680K
  class space    used 6571K, capacity 7071K, committed 7168K, reserved 1048576K
}
Event: 5.638 GC heap after
{Heap after GC invocations=12 (full 0):
 garbage-first heap   total 155648K, used 54547K [0x0000000080000000, 0x0000000100000000)
  region size 1024K, 8 young (8192K), 8 survivors (8192K)
 Metaspace       used 51241K, capacity 52624K, committed 52736K, reserved 1095680K
  class space    used 6571K, capacity 7071K, committed 7168K, reserved 1048576K
}
Event: 6.220 GC heap before
{Heap before GC invocations=12 (full 0):
 garbage-first heap   total 155648K, used 112915K [0x0000000080000000, 0x0000000100000000)
  region size 1024K, 61 young (62464K), 8 survivors (8192K)
 Metaspace       used 54538K, capacity 56102K, committed 56448K, reserved 1097728K
  class space    used 7118K, capacity 7698K, committed 7808K, reserved 1048576K
}
Event: 6.228 GC heap after
{Heap after GC invocations=13 (full 0):
 garbage-first heap   total 155648K, used 62270K [0x0000000080000000, 0x0000000100000000)
  region size 1024K, 8 young (8192K), 8 survivors (8192K)
 Metaspace       used 54538K, capacity 56102K, committed 56448K, reserved 1097728K
  class space    used 7118K, capacity 7698K, committed 7808K, reserved 1048576K
}

Deoptimization events (20 events):
Event: 6.970 Thread 0x000002937c6b7800 DEOPT PACKING pc=0x0000029300bec3f9 sp=0x000000aea85fb500
Event: 6.970 Thread 0x000002937c6b7800 DEOPT UNPACKING pc=0x000002930004a95e sp=0x000000aea85faa48 mode 0
Event: 6.979 Thread 0x000002937c6b7800 Uncommon trap: trap_request=0xfffffff4 fr.pc=0x0000029307ceb638 relative=0x0000000000000278
Event: 6.979 Thread 0x000002937c6b7800 Uncommon trap: reason=null_check action=make_not_entrant pc=0x0000029307ceb638 method=java.lang.ThreadLocal$ThreadLocalMap.getEntryAfterMiss(Ljava/lang/ThreadLocal;ILjava/lang/ThreadLocal$ThreadLocalMap$Entry;)Ljava/lang/ThreadLocal$ThreadLocalMap$Entry; 
Event: 6.979 Thread 0x000002937c6b7800 DEOPT PACKING pc=0x0000029307ceb638 sp=0x000000aea85fc180
Event: 6.979 Thread 0x000002937c6b7800 DEOPT UNPACKING pc=0x000002930004a1af sp=0x000000aea85fc038 mode 2
Event: 6.992 Thread 0x000002937c6b7800 Uncommon trap: trap_request=0xffffffde fr.pc=0x0000029307af4864 relative=0x00000000000001c4
Event: 6.992 Thread 0x000002937c6b7800 Uncommon trap: reason=class_check action=maybe_recompile pc=0x0000029307af4864 method=java.lang.String.equals(Ljava/lang/Object;)Z @ 8 c2
Event: 6.992 Thread 0x000002937c6b7800 DEOPT PACKING pc=0x0000029307af4864 sp=0x000000aea85fca10
Event: 6.992 Thread 0x000002937c6b7800 DEOPT UNPACKING pc=0x000002930004a1af sp=0x000000aea85fc9b8 mode 2
Event: 6.993 Thread 0x000002937c6b7800 Uncommon trap: trap_request=0xffffffde fr.pc=0x0000029307af4864 relative=0x00000000000001c4
Event: 6.993 Thread 0x000002937c6b7800 Uncommon trap: reason=class_check action=maybe_recompile pc=0x0000029307af4864 method=java.lang.String.equals(Ljava/lang/Object;)Z @ 8 c2
Event: 6.993 Thread 0x000002937c6b7800 DEOPT PACKING pc=0x0000029307af4864 sp=0x000000aea85fc650
Event: 6.993 Thread 0x000002937c6b7800 DEOPT UNPACKING pc=0x000002930004a1af sp=0x000000aea85fc5f8 mode 2
Event: 7.009 Thread 0x000002937c6b7800 DEOPT PACKING pc=0x00000293008e44da sp=0x000000aea85fc320
Event: 7.009 Thread 0x000002937c6b7800 DEOPT UNPACKING pc=0x000002930004a95e sp=0x000000aea85fb7b8 mode 0
Event: 7.009 Thread 0x000002937c6b7800 DEOPT PACKING pc=0x000002930113a861 sp=0x000000aea85fd720
Event: 7.009 Thread 0x000002937c6b7800 DEOPT UNPACKING pc=0x000002930004a95e sp=0x000000aea85fcbe8 mode 0
Event: 22.194 Thread 0x000002937cb94000 DEOPT PACKING pc=0x0000029300b8a1b9 sp=0x000000aea81fdea0
Event: 22.194 Thread 0x000002937cb94000 DEOPT UNPACKING pc=0x000002930004a95e sp=0x000000aea81fd410 mode 0

Classes redefined (0 events):
No events

Internal exceptions (20 events):
Event: 6.174 Thread 0x000002937c6b7800 Exception <a 'java/lang/ClassNotFoundException'{0x0000000086942d20}: org/gradle/api/internal/artifacts/repositories/AbstractAuthenticationSupportedRepositoryBeanInfo> (0x0000000086942d20) thrown at [./src/hotspot/share/classfile/systemDictionary.cpp, line 231]
Event: 6.175 Thread 0x000002937c6b7800 Exception <a 'java/lang/ClassNotFoundException'{0x0000000086988930}: org/gradle/api/internal/artifacts/repositories/AbstractResolutionAwareArtifactRepositoryBeanInfo> (0x0000000086988930) thrown at [./src/hotspot/share/classfile/systemDictionary.cpp, line 231]
Event: 6.176 Thread 0x000002937c6b7800 Exception <a 'java/lang/ClassNotFoundException'{0x00000000869c8a48}: org/gradle/api/internal/artifacts/repositories/AbstractArtifactRepositoryBeanInfo> (0x00000000869c8a48) thrown at [./src/hotspot/share/classfile/systemDictionary.cpp, line 231]
Event: 6.177 Thread 0x000002937c6b7800 Exception <a 'java/lang/ClassNotFoundException'{0x000000008680bb88}: org/gradle/api/internal/artifacts/repositories/AbstractArtifactRepositoryCustomizer> (0x000000008680bb88) thrown at [./src/hotspot/share/classfile/systemDictionary.cpp, line 231]
Event: 6.179 Thread 0x000002937c6b7800 Exception <a 'java/lang/ClassNotFoundException'{0x000000008686e960}: org/gradle/api/internal/artifacts/repositories/AbstractResolutionAwareArtifactRepositoryCustomizer> (0x000000008686e960) thrown at [./src/hotspot/share/classfile/systemDictionary.cpp, line 231]
Event: 6.180 Thread 0x000002937c6b7800 Exception <a 'java/lang/ClassNotFoundException'{0x00000000868bdd10}: org/gradle/api/internal/artifacts/repositories/AbstractAuthenticationSupportedRepositoryCustomizer> (0x00000000868bdd10) thrown at [./src/hotspot/share/classfile/systemDictionary.cpp, line 231]
Event: 6.182 Thread 0x000002937c6b7800 Exception <a 'java/lang/ClassNotFoundException'{0x0000000086711a68}: org/gradle/api/internal/artifacts/repositories/DefaultMavenArtifactRepositoryCustomizer> (0x0000000086711a68) thrown at [./src/hotspot/share/classfile/systemDictionary.cpp, line 231]
Event: 6.183 Thread 0x000002937c6b7800 Exception <a 'java/lang/ClassNotFoundException'{0x0000000086773928}: org/gradle/api/internal/artifacts/repositories/DefaultMavenArtifactRepository_DecoratedCustomizer> (0x0000000086773928) thrown at [./src/hotspot/share/classfile/systemDictionary.cpp, line 231]
Event: 6.195 Thread 0x000002937c6b7800 Exception <a 'java/lang/ClassNotFoundException'{0x00000000866cdb88}: org/gradle/plugin/use/internal/PluginRequestCollector$PluginDependenciesSpecImplBeanInfo> (0x00000000866cdb88) thrown at [./src/hotspot/share/classfile/systemDictionary.cpp, line 231]
Event: 6.196 Thread 0x000002937c6b7800 Exception <a 'java/lang/ClassNotFoundException'{0x00000000866fca68}: org/gradle/plugin/use/internal/PluginRequestCollector$PluginDependenciesSpecImplCustomizer> (0x00000000866fca68) thrown at [./src/hotspot/share/classfile/systemDictionary.cpp, line 231]
Event: 6.198 Thread 0x000002937c6b7800 Exception <a 'java/lang/ClassNotFoundException'{0x000000008655ffc8}: org/gradle/plugin/use/internal/PluginRequestCollector$PluginDependencySpecImplBeanInfo> (0x000000008655ffc8) thrown at [./src/hotspot/share/classfile/systemDictionary.cpp, line 231]
Event: 6.199 Thread 0x000002937c6b7800 Exception <a 'java/lang/ClassNotFoundException'{0x000000008658e3b0}: org/gradle/plugin/use/internal/PluginRequestCollector$PluginDependencySpecImplCustomizer> (0x000000008658e3b0) thrown at [./src/hotspot/share/classfile/systemDictionary.cpp, line 231]
Event: 6.361 Thread 0x000002937c6b7800 Exception <a 'java/lang/NoSuchMethodError'{0x000000008894f538}: 'void java.lang.invoke.DirectMethodHandle$Holder.invokeStatic(java.lang.Object, java.lang.Object, java.lang.Object, int, java.lang.Object)'> (0x000000008894f538) thrown at [./src/hotspot/share/interpreter/linkResolver.cpp, line 773]
Event: 6.918 Thread 0x000002937eefc800 Implicit null exception at 0x0000029307d2460f to 0x0000029307d24848
Event: 6.920 Thread 0x000002937c6b7800 Exception <a 'java/lang/OutOfMemoryError'{0x0000000087c3b6b8}: unable to create native thread: possibly out of memory or process/resource limits reached> (0x0000000087c3b6b8) thrown at [./src/hotspot/share/prims/jvm.cpp, line 2924]
Event: 6.957 Thread 0x000002937c6b7800 Exception <a 'java/lang/NoSuchMethodError'{0x00000000874b3e80}: 'java.lang.Object java.lang.invoke.Invokers$Holder.linkToTargetMethod(java.lang.Object, java.lang.Object, java.lang.Object, int, java.lang.Object, java.lang.Object)'> (0x00000000874b3e80) thrown at [./src/hotspot/share/interpreter/linkResolver.cpp, line 773]
Event: 6.959 Thread 0x000002937c6b7800 Exception <a 'java/lang/NoSuchMethodError'{0x00000000874ec890}: 'java.lang.Object java.lang.invoke.DirectMethodHandle$Holder.invokeStatic(java.lang.Object, java.lang.Object, java.lang.Object, java.lang.Object, int)'> (0x00000000874ec890) thrown at [./src/hotspot/share/interpreter/linkResolver.cpp, line 773]
Event: 6.960 Thread 0x000002937c6b7800 Exception <a 'java/lang/NoSuchMethodError'{0x00000000874f06e8}: 'java.lang.Object java.lang.invoke.DirectMethodHandle$Holder.invokeSpecial(java.lang.Object, java.lang.Object, java.lang.Object, java.lang.Object, java.lang.Object, int)'> (0x00000000874f06e8) thrown at [./src/hotspot/share/interpreter/linkResolver.cpp, line 773]
Event: 6.960 Thread 0x000002937c6b7800 Exception <a 'java/lang/NoSuchMethodError'{0x00000000874f4288}: 'java.lang.Object java.lang.invoke.Invokers$Holder.linkToTargetMethod(java.lang.Object, java.lang.Object, java.lang.Object, int, java.lang.Object)'> (0x00000000874f4288) thrown at [./src/hotspot/share/interpreter/linkResolver.cpp, line 773]
Event: 6.979 Thread 0x000002937c6b7800 Implicit null exception at 0x0000029307ceb4ab to 0x0000029307ceb60e

Events (20 events):
Event: 12.204 loading class org/gradle/launcher/daemon/server/health/DaemonMemoryStatus$1 done
Event: 12.204 loading class org/gradle/launcher/daemon/server/health/DaemonMemoryStatus$2
Event: 12.204 loading class org/gradle/launcher/daemon/server/health/DaemonMemoryStatus$2 done
Event: 12.205 loading class org/gradle/launcher/daemon/server/CompatibleDaemonExpirationStrategy$1
Event: 12.205 loading class org/gradle/launcher/daemon/server/CompatibleDaemonExpirationStrategy$1 done
Event: 12.206 loading class org/gradle/launcher/daemon/registry/PersistentDaemonRegistry$1
Event: 12.206 loading class org/gradle/launcher/daemon/registry/PersistentDaemonRegistry$1 done
Event: 12.206 loading class org/gradle/cache/internal/SimpleStateCache$1
Event: 12.206 loading class org/gradle/cache/internal/SimpleStateCache$1 done
Event: 12.229 loading class org/gradle/launcher/daemon/server/DaemonRegistryUnavailableExpirationStrategy$1
Event: 12.229 loading class org/gradle/launcher/daemon/server/DaemonRegistryUnavailableExpirationStrategy$1 done
Event: 12.230 loading class com/google/common/collect/Lists$TransformingSequentialList
Event: 12.230 loading class com/google/common/collect/Lists$TransformingSequentialList done
Event: 12.233 loading class com/google/common/collect/Lists$TransformingSequentialList$1
Event: 12.233 loading class com/google/common/collect/Lists$TransformingSequentialList$1 done
Event: 12.234 loading class com/google/common/collect/TransformedListIterator
Event: 12.234 loading class com/google/common/collect/TransformedListIterator done
Event: 62.289 Executing VM operation: RevokeBias
Event: 62.289 Executing VM operation: RevokeBias done
Event: 62.289 Thread 0x000002937c6b9800 Thread exited: 0x000002937c6b9800


Dynamic libraries:
0x00007ff6d32e0000 - 0x00007ff6d32ea000 	C:\Program Files\Android\Android Studio\jre\bin\java.exe
0x00007ff992f50000 - 0x00007ff993164000 	C:\WINDOWS\SYSTEM32\ntdll.dll
0x00007ff992a10000 - 0x00007ff992ad2000 	C:\WINDOWS\System32\KERNEL32.DLL
0x00007ff990400000 - 0x00007ff99079c000 	C:\WINDOWS\System32\KERNELBASE.dll
0x00007ff9907a0000 - 0x00007ff9908b1000 	C:\WINDOWS\System32\ucrtbase.dll
0x00007ff9871d0000 - 0x00007ff9871e7000 	C:\Program Files\Android\Android Studio\jre\bin\VCRUNTIME140.dll
0x00007ff987160000 - 0x00007ff987179000 	C:\Program Files\Android\Android Studio\jre\bin\jli.dll
0x00007ff992cc0000 - 0x00007ff992e6b000 	C:\WINDOWS\System32\USER32.dll
0x00007ff96ffb0000 - 0x00007ff97023e000 	C:\WINDOWS\WinSxS\amd64_microsoft.windows.common-controls_6595b64144ccf1df_6.0.22621.317_none_a9434687c10c9fa2\COMCTL32.dll
0x00007ff990c10000 - 0x00007ff990c36000 	C:\WINDOWS\System32\win32u.dll
0x00007ff992830000 - 0x00007ff9928d7000 	C:\WINDOWS\System32\msvcrt.dll
0x00007ff9929e0000 - 0x00007ff992a09000 	C:\WINDOWS\System32\GDI32.dll
0x00007ff990c40000 - 0x00007ff990d52000 	C:\WINDOWS\System32\gdi32full.dll
0x00007ff990b70000 - 0x00007ff990c0a000 	C:\WINDOWS\System32\msvcp_win.dll
0x00007ff990f20000 - 0x00007ff990f51000 	C:\WINDOWS\System32\IMM32.DLL
0x00007ff977700000 - 0x00007ff97779d000 	C:\Program Files\Android\Android Studio\jre\bin\msvcp140.dll
0x00007ff902330000 - 0x00007ff902e15000 	C:\Program Files\Android\Android Studio\jre\bin\server\jvm.dll
0x00007ff990fd0000 - 0x00007ff99107e000 	C:\WINDOWS\System32\ADVAPI32.dll
0x00007ff992ae0000 - 0x00007ff992b84000 	C:\WINDOWS\System32\sechost.dll
0x00007ff992290000 - 0x00007ff9923a5000 	C:\WINDOWS\System32\RPCRT4.dll
0x00007ff992280000 - 0x00007ff992288000 	C:\WINDOWS\System32\PSAPI.DLL
0x00007ff972520000 - 0x00007ff972529000 	C:\WINDOWS\SYSTEM32\WSOCK32.dll
0x00007ff989880000 - 0x00007ff9898b4000 	C:\WINDOWS\SYSTEM32\WINMM.dll
0x00007ff988440000 - 0x00007ff98844a000 	C:\WINDOWS\SYSTEM32\VERSION.dll
0x00007ff992e70000 - 0x00007ff992ee1000 	C:\WINDOWS\System32\WS2_32.dll
0x00007ff98f4c0000 - 0x00007ff98f4d8000 	C:\WINDOWS\SYSTEM32\kernel.appcore.dll
0x00007ff980790000 - 0x00007ff9807a1000 	C:\Program Files\Android\Android Studio\jre\bin\verify.dll
0x00007ff98d950000 - 0x00007ff98db7e000 	C:\WINDOWS\SYSTEM32\DBGHELP.DLL
0x00007ff991410000 - 0x00007ff991799000 	C:\WINDOWS\System32\combase.dll
0x00007ff991130000 - 0x00007ff991207000 	C:\WINDOWS\System32\OLEAUT32.dll
0x00007ff980ca0000 - 0x00007ff980cd2000 	C:\WINDOWS\SYSTEM32\dbgcore.DLL
0x00007ff9908c0000 - 0x00007ff99093b000 	C:\WINDOWS\System32\bcryptPrimitives.dll
0x00007ff961be0000 - 0x00007ff961c09000 	C:\Program Files\Android\Android Studio\jre\bin\java.dll
0x00007ff980610000 - 0x00007ff98061b000 	C:\Program Files\Android\Android Studio\jre\bin\jimage.dll
0x00007ff961bc0000 - 0x00007ff961bd8000 	C:\Program Files\Android\Android Studio\jre\bin\zip.dll
0x00007ff991900000 - 0x00007ff9920db000 	C:\WINDOWS\System32\SHELL32.dll
0x00007ff98e3b0000 - 0x00007ff98ec65000 	C:\WINDOWS\SYSTEM32\windows.storage.dll
0x00007ff98e270000 - 0x00007ff98e3ad000 	C:\WINDOWS\SYSTEM32\wintypes.dll
0x00007ff9928e0000 - 0x00007ff9929d1000 	C:\WINDOWS\System32\SHCORE.dll
0x00007ff9918a0000 - 0x00007ff9918fe000 	C:\WINDOWS\System32\shlwapi.dll
0x00007ff9902c0000 - 0x00007ff9902e1000 	C:\WINDOWS\SYSTEM32\profapi.dll
0x00007ff961ba0000 - 0x00007ff961bba000 	C:\Program Files\Android\Android Studio\jre\bin\net.dll
0x00007ff989700000 - 0x00007ff98982f000 	C:\WINDOWS\SYSTEM32\WINHTTP.dll
0x00007ff98f920000 - 0x00007ff98f989000 	C:\WINDOWS\system32\mswsock.dll
0x00007ff961b80000 - 0x00007ff961b94000 	C:\Program Files\Android\Android Studio\jre\bin\nio.dll
0x00007ff9871f0000 - 0x00007ff987217000 	C:\Users\Ray Ann Martinez\.gradle\native\e1d6ef7f7dcc3fd88c89a11ec53ec762bb8ba0a96d01ffa2cd45eb1d1d8dd5c5\windows-amd64\native-platform.dll
0x00007ff951a20000 - 0x00007ff951b64000 	C:\Users\Ray Ann Martinez\.gradle\native\5664cfc778a61ccfe75a443a1ab52a65af34e5dc3c78e0209fed803814484fcb\windows-amd64\native-platform-file-events.dll
0x00007ff980600000 - 0x00007ff98060a000 	C:\Program Files\Android\Android Studio\jre\bin\management.dll
0x00007ff97f230000 - 0x00007ff97f23d000 	C:\Program Files\Android\Android Studio\jre\bin\management_ext.dll
0x00007ff98fb80000 - 0x00007ff98fb9b000 	C:\WINDOWS\SYSTEM32\CRYPTSP.dll
0x00007ff98f430000 - 0x00007ff98f465000 	C:\WINDOWS\system32\rsaenh.dll
0x00007ff98fa30000 - 0x00007ff98fa58000 	C:\WINDOWS\SYSTEM32\USERENV.dll
0x00007ff98fd40000 - 0x00007ff98fd68000 	C:\WINDOWS\SYSTEM32\bcrypt.dll
0x00007ff98fba0000 - 0x00007ff98fbac000 	C:\WINDOWS\SYSTEM32\CRYPTBASE.dll
0x00007ff98ef30000 - 0x00007ff98ef5d000 	C:\WINDOWS\SYSTEM32\IPHLPAPI.DLL
0x00007ff991210000 - 0x00007ff991219000 	C:\WINDOWS\System32\NSI.dll
0x00007ff9896e0000 - 0x00007ff9896f9000 	C:\WINDOWS\SYSTEM32\dhcpcsvc6.DLL
0x00007ff9896c0000 - 0x00007ff9896df000 	C:\WINDOWS\SYSTEM32\dhcpcsvc.DLL
0x00007ff98efa0000 - 0x00007ff98f092000 	C:\WINDOWS\SYSTEM32\DNSAPI.dll

dbghelp: loaded successfully - version: 4.0.5 - missing functions: none
symbol engine: initialized successfully - sym options: 0x614 - pdb path: .;C:\Program Files\Android\Android Studio\jre\bin;C:\WINDOWS\SYSTEM32;C:\WINDOWS\WinSxS\amd64_microsoft.windows.common-controls_6595b64144ccf1df_6.0.22621.317_none_a9434687c10c9fa2;C:\Program Files\Android\Android Studio\jre\bin\server;C:\Users\Ray Ann Martinez\.gradle\native\e1d6ef7f7dcc3fd88c89a11ec53ec762bb8ba0a96d01ffa2cd45eb1d1d8dd5c5\windows-amd64;C:\Users\Ray Ann Martinez\.gradle\native\5664cfc778a61ccfe75a443a1ab52a65af34e5dc3c78e0209fed803814484fcb\windows-amd64

VM Arguments:
jvm_args: --add-opens=java.base/java.util=ALL-UNNAMED --add-opens=java.base/java.lang=ALL-UNNAMED --add-opens=java.base/java.lang.invoke=ALL-UNNAMED --add-opens=java.base/java.util=ALL-UNNAMED --add-opens=java.prefs/java.util.prefs=ALL-UNNAMED --add-opens=java.prefs/java.util.prefs=ALL-UNNAMED --add-opens=java.base/java.nio.charset=ALL-UNNAMED --add-opens=java.base/java.net=ALL-UNNAMED --add-opens=java.base/java.util.concurrent.atomic=ALL-UNNAMED -Xmx2048m -Dfile.encoding=UTF-8 -Duser.country=PH -Duser.language=en -Duser.variant 
java_command: org.gradle.launcher.daemon.bootstrap.GradleDaemon 7.3.3
java_class_path (initial): C:\Users\Ray Ann Martinez\.gradle\wrapper\dists\gradle-7.3.3-bin\6a41zxkdtcxs8rphpq6y0069z\gradle-7.3.3\lib\gradle-launcher-7.3.3.jar
Launcher Type: SUN_STANDARD

[Global flags]
     intx CICompilerCount                          = 4                                         {product} {ergonomic}
     uint ConcGCThreads                            = 2                                         {product} {ergonomic}
     uint G1ConcRefinementThreads                  = 8                                         {product} {ergonomic}
   size_t G1HeapRegionSize                         = 1048576                                   {product} {ergonomic}
    uintx GCDrainStackTargetSize                   = 64                                        {product} {ergonomic}
   size_t InitialHeapSize                          = 132120576                                 {product} {ergonomic}
   size_t MarkStackSize                            = 4194304                                   {product} {ergonomic}
   size_t MaxHeapSize                              = 2147483648                                {product} {command line}
   size_t MaxNewSize                               = 1287651328                                {product} {ergonomic}
   size_t MinHeapDeltaBytes                        = 1048576                                   {product} {ergonomic}
    uintx NonNMethodCodeHeapSize                   = 5836300                                {pd product} {ergonomic}
    uintx NonProfiledCodeHeapSize                  = 122910970                              {pd product} {ergonomic}
    uintx ProfiledCodeHeapSize                     = 122910970                              {pd product} {ergonomic}
    uintx ReservedCodeCacheSize                    = 251658240                              {pd product} {ergonomic}
     bool SegmentedCodeCache                       = true                                      {product} {ergonomic}
     bool UseCompressedClassPointers               = true                                 {lp64_product} {ergonomic}
     bool UseCompressedOops                        = true                                 {lp64_product} {ergonomic}
     bool UseG1GC                                  = true                                      {product} {ergonomic}
     bool UseLargePagesIndividualAllocation        = false                                  {pd product} {ergonomic}

Logging:
Log output configuration:
 #0: stdout all=warning uptime,level,tags
 #1: stderr all=off uptime,level,tags

Environment Variables:
PATH=C:\Program Files\Common Files\Oracle\Java\javapath;C:\Program Files (x86)\Common Files\Oracle\Java\javapath;C:\Program Files (x86)\Razer\ChromaBroadcast\bin;C:\Program Files\Razer\ChromaBroadcast\bin;C:\Windows\system32;C:\Windows;C:\Windows\System32\Wbem;C:\Windows\System32\WindowsPowerShell\v1.0\;C:\Windows\System32\OpenSSH\;C:\Program Files (x86)\NVIDIA Corporation\PhysX\Common;C:\Program Files\NVIDIA Corporation\NVIDIA NvDLISR;C:\WINDOWS\system32;C:\WINDOWS;C:\WINDOWS\System32\Wbem;C:\WINDOWS\System32\WindowsPowerShell\v1.0\;C:\WINDOWS\System32\OpenSSH\;C:\WINDOWS\system32\config\systemprofile\AppData\Local\Microsoft\WindowsApps;C:\WINDOWS\system32;C:\WINDOWS;C:\WINDOWS\System32\Wbem;C:\WINDOWS\System32\WindowsPowerShell\v1.0\;C:\WINDOWS\System32\OpenSSH\;C:\ProgramData\chocolatey\bin;C:\ProgramData\chocolatey\lib\mpv.install\tools;C:\Program Files\dotnet\;C:\Users\Ray Ann Martinez\AppData\Local\Android Open Source Project\Emulator;C:\Program Files\Git\cmd;C:\Program Files\Docker\Docker\resources\bin;C:\ProgramData\DockerDesktop\version-bin;C:\Program Files\nodejs\;C:\Users\Ray Ann Martinez\AppData\Local\Packages\PythonSoftwareFoundation.Python.3.10_qbz5n2kfra8p0\LocalCache\local-packages\Python310\Scripts;C:\Users\Ray Ann Martinez\AppData\Local\Microsoft\WindowsApps;C:\Users\Ray Ann Martinez\AppData\Local\Android Open Source Project\Emulator;C:\Program Files\Java\jdk-18.0.2.1\bin;C:\Users\Ray Ann Martinez\AppData\Local\Programs\Microsoft VS Code\bin;C:\Users\Ray Ann Martinez\AppData\Roaming\npm;C:\Users\Ray Ann Martinez\AppData\Local\GitHubDesktop\bin;C:\Users\Ray Ann Martinez\AppData\Local\Programs\Python\Python310\Scripts;C:\Users\Ray Ann Martinez\AppData\Local\Packages\PythonSoftwareFoundation.Python.3.10_qbz5n2kfra8p0\LocalCache\local-packages\Python310\Scripts;
USERNAME=Ray Ann Martinez
OS=Windows_NT
PROCESSOR_IDENTIFIER=Intel64 Family 6 Model 165 Stepping 2, GenuineIntel



---------------  S Y S T E M  ---------------

OS: Windows 10 , 64 bit Build 22621 (10.0.22621.457)
OS uptime: 1 days 7:11 hours
Hyper-V role detected

CPU:total 8 (initial active 8) (4 cores per cpu, 2 threads per core) family 6 model 165 stepping 2 microcode 0xe2, cmov, cx8, fxsr, mmx, sse, sse2, sse3, ssse3, sse4.1, sse4.2, popcnt, avx, avx2, aes, clmul, erms, 3dnowpref, lzcnt, ht, tsc, tscinvbit, bmi1, bmi2, adx, fma

Memory: 4k page, system-wide physical 8059M (427M free)
TotalPageFile size 32635M (AvailPageFile size 0M)
current process WorkingSet (physical memory assigned to process): 30M, peak: 323M
current process commit charge ("private bytes"): 346M, peak: 367M

vm_info: OpenJDK 64-Bit Server VM (11.0.12+7-b1504.28-7817840) for windows-amd64 JRE (11.0.12+7-b1504.28-7817840), built on Oct 13 2021 22:12:33 by "builder" with MS VC++ 14.0 (VS2015)

END.
