#
# There is insufficient memory for the Java Runtime Environment to continue.
# Native memory allocation (mmap) failed to map 27262976 bytes for Failed to commit area from 0x0000000087e00000 to 0x0000000089800000 of length 27262976.
# Possible reasons:
#   The system is out of physical RAM or swap space
#   The process is running with CompressedOops enabled, and the Java Heap may be blocking the growth of the native heap
# Possible solutions:
#   Reduce memory load on the system
#   Increase physical memory or swap space
#   Check if swap backing store is full
#   Decrease Java heap size (-Xmx/-Xms)
#   Decrease number of Java threads
#   Decrease Java thread stack sizes (-Xss)
#   Set larger code cache with -XX:ReservedCodeCacheSize=
#   JVM is running with Unscaled Compressed Oops mode in which the Java heap is
#     placed in the first 4GB address space. The Java Heap base address is the
#     maximum limit for the native heap growth. Please use -XX:HeapBaseMinAddress
#     to set the Java Heap base and to place the Java Heap above 4GB virtual address.
# This output file may be truncated or incomplete.
#
#  Out of Memory Error (./src/hotspot/os/windows/os_windows.cpp:3521), pid=12988, tid=17816
#
# JRE version: OpenJDK Runtime Environment (11.0.12+7) (build 11.0.12+7-b1504.28-7817840)
# Java VM: OpenJDK 64-Bit Server VM (11.0.12+7-b1504.28-7817840, mixed mode, tiered, compressed oops, g1 gc, windows-amd64)
# No core dump will be written. Minidumps are not enabled by default on client versions of Windows
#

---------------  S U M M A R Y ------------

Command Line: --add-opens=java.base/java.util=ALL-UNNAMED --add-opens=java.base/java.lang=ALL-UNNAMED --add-opens=java.base/java.lang.invoke=ALL-UNNAMED --add-opens=java.base/java.util=ALL-UNNAMED --add-opens=java.prefs/java.util.prefs=ALL-UNNAMED --add-opens=java.prefs/java.util.prefs=ALL-UNNAMED --add-opens=java.base/java.nio.charset=ALL-UNNAMED --add-opens=java.base/java.net=ALL-UNNAMED --add-opens=java.base/java.util.concurrent.atomic=ALL-UNNAMED -Xmx2048m -Dfile.encoding=UTF-8 -Duser.country=PH -Duser.language=en -Duser.variant org.gradle.launcher.daemon.bootstrap.GradleDaemon 7.3.3

Host: Intel(R) Core(TM) i5-10300H CPU @ 2.50GHz, 8 cores, 7G,  Windows 10 , 64 bit Build 22621 (10.0.22621.457)
Time: Mon Oct  3 20:51:33 2022 Malay Peninsula Standard Time elapsed time: 4.329065 seconds (0d 0h 0m 4s)

---------------  T H R E A D  ---------------

Current thread (0x0000018232d3c000):  VMThread "VM Thread" [stack: 0x0000000afab00000,0x0000000afac00000] [id=17816]

Stack: [0x0000000afab00000,0x0000000afac00000]
[error occurred during error reporting (printing stack bounds), id 0xc0000005, EXCEPTION_ACCESS_VIOLATION (0xc0000005) at pc=0x000001821c3a112d]

Native frames: (J=compiled Java code, j=interpreted, Vv=VM code, C=native code)
V  [jvm.dll+0x5fbcea]
V  [jvm.dll+0x731905]
V  [jvm.dll+0x732f1d]
V  [jvm.dll+0x733535]
V  [jvm.dll+0x7334eb]
V  [jvm.dll+0x5fb080]
V  [jvm.dll+0x5fb818]
C  [ntdll.dll+0xa3e1f]
C  [ntdll.dll+0x1eae6]
C  [ntdll.dll+0xa2e0e]
C  0x000001821c3a112d

VM_Operation (0x0000000afbef8290): G1CollectForAllocation, mode: safepoint, requested by thread 0x000001823589b000


---------------  P R O C E S S  ---------------

Threads class SMR info:
_java_thread_list=0x00000182387fa2b0, length=39, elements={
0x000001821889a000, 0x0000018232d3f800, 0x0000018232d49000, 0x0000018232d5a800,
0x0000018232d5c000, 0x0000018232d5d800, 0x0000018232d61000, 0x00000182336bc800,
0x00000182336c3800, 0x000001823382d800, 0x000001823481b800, 0x0000018235989800,
0x0000018235188800, 0x0000018235864000, 0x00000182345f5800, 0x0000018235c76000,
0x000001823589b000, 0x0000018235ba9000, 0x0000018235c0a000, 0x0000018235c09000,
0x0000018235c0e000, 0x0000018235c0a800, 0x0000018235c0c000, 0x0000018235c0b800,
0x0000018235c0d000, 0x0000018235c08000, 0x0000018235c0e800, 0x000001823606e800,
0x000001823606b000, 0x000001823606c800, 0x000001823606d800, 0x000001823606c000,
0x000001823606f000, 0x0000018236069800, 0x0000018236070000, 0x000001823606a000,
0x0000018236072800, 0x0000018236071800, 0x0000018236075800
}

Java Threads: ( => current thread )
  0x000001821889a000 JavaThread "main" [_thread_blocked, id=2424, stack(0x0000000afa500000,0x0000000afa600000)]
  0x0000018232d3f800 JavaThread "Reference Handler" daemon [_thread_blocked, id=5856, stack(0x0000000afac00000,0x0000000afad00000)]
  0x0000018232d49000 JavaThread "Finalizer" daemon [_thread_blocked, id=2764, stack(0x0000000afad00000,0x0000000afae00000)]
  0x0000018232d5a800 JavaThread "Signal Dispatcher" daemon [_thread_blocked, id=16780, stack(0x0000000afae00000,0x0000000afaf00000)]
  0x0000018232d5c000 JavaThread "Attach Listener" daemon [_thread_blocked, id=12756, stack(0x0000000afaf00000,0x0000000afb000000)]
  0x0000018232d5d800 JavaThread "Service Thread" daemon [_thread_blocked, id=752, stack(0x0000000afb000000,0x0000000afb100000)]
  0x0000018232d61000 JavaThread "C2 CompilerThread0" daemon [_thread_in_native, id=16572, stack(0x0000000afb100000,0x0000000afb200000)]
  0x00000182336bc800 JavaThread "C1 CompilerThread0" daemon [_thread_blocked, id=784, stack(0x0000000afb200000,0x0000000afb300000)]
  0x00000182336c3800 JavaThread "Sweeper thread" daemon [_thread_blocked, id=12848, stack(0x0000000afb300000,0x0000000afb400000)]
  0x000001823382d800 JavaThread "Common-Cleaner" daemon [_thread_blocked, id=10288, stack(0x0000000afb400000,0x0000000afb500000)]
  0x000001823481b800 JavaThread "Daemon health stats" [_thread_blocked, id=14104, stack(0x0000000afb800000,0x0000000afb900000)]
  0x0000018235989800 JavaThread "Incoming local TCP Connector on port 56964" [_thread_in_native, id=20716, stack(0x0000000afb900000,0x0000000afba00000)]
  0x0000018235188800 JavaThread "Daemon periodic checks" [_thread_blocked, id=9124, stack(0x0000000afba00000,0x0000000afbb00000)]
  0x0000018235864000 JavaThread "Daemon" [_thread_blocked, id=5356, stack(0x0000000afbb00000,0x0000000afbc00000)]
  0x00000182345f5800 JavaThread "Handler for socket connection from /127.0.0.1:56964 to /127.0.0.1:56965" [_thread_in_native, id=10460, stack(0x0000000afbc00000,0x0000000afbd00000)]
  0x0000018235c76000 JavaThread "Cancel handler" [_thread_blocked, id=22364, stack(0x0000000afbd00000,0x0000000afbe00000)]
  0x000001823589b000 JavaThread "Daemon worker" [_thread_blocked, id=17764, stack(0x0000000afbe00000,0x0000000afbf00000)]
  0x0000018235ba9000 JavaThread "Asynchronous log dispatcher for DefaultDaemonConnection: socket connection from /127.0.0.1:56964 to /127.0.0.1:56965" [_thread_blocked, id=4252, stack(0x0000000afbf00000,0x0000000afc000000)]
  0x0000018235c0a000 JavaThread "Stdin handler" [_thread_blocked, id=21092, stack(0x0000000afc000000,0x0000000afc100000)]
  0x0000018235c09000 JavaThread "Daemon client event forwarder" [_thread_blocked, id=18752, stack(0x0000000afc100000,0x0000000afc200000)]
  0x0000018235c0e000 JavaThread "Cache worker for journal cache (C:\Users\Ray Ann Martinez\.gradle\caches\journal-1)" [_thread_blocked, id=5112, stack(0x0000000afc700000,0x0000000afc800000)]
  0x0000018235c0a800 JavaThread "File lock request listener" [_thread_in_native, id=23064, stack(0x0000000afc800000,0x0000000afc900000)]
  0x0000018235c0c000 JavaThread "Cache worker for file hash cache (C:\Users\Ray Ann Martinez\.gradle\caches\7.3.3\fileHashes)" [_thread_blocked, id=1280, stack(0x0000000afca00000,0x0000000afcb00000)]
  0x0000018235c0b800 JavaThread "Cache worker for file hash cache (C:\Users\Ray Ann Martinez\AndroidStudioProjects\Synapse\.gradle\7.3.3\fileHashes)" [_thread_blocked, id=9104, stack(0x0000000afcb00000,0x0000000afcc00000)]
  0x0000018235c0d000 JavaThread "File watcher server" daemon [_thread_in_native, id=17192, stack(0x0000000afcc00000,0x0000000afcd00000)]
  0x0000018235c08000 JavaThread "File watcher consumer" daemon [_thread_blocked, id=14832, stack(0x0000000afcd00000,0x0000000afce00000)]
  0x0000018235c0e800 JavaThread "jar transforms" [_thread_blocked, id=11536, stack(0x0000000afce00000,0x0000000afcf00000)]
  0x000001823606e800 JavaThread "jar transforms Thread 2" [_thread_blocked, id=19808, stack(0x0000000afcf00000,0x0000000afd000000)]
  0x000001823606b000 JavaThread "jar transforms Thread 3" [_thread_blocked, id=18044, stack(0x0000000afd000000,0x0000000afd100000)]
  0x000001823606c800 JavaThread "jar transforms Thread 4" [_thread_blocked, id=23264, stack(0x0000000afd100000,0x0000000afd200000)]
  0x000001823606d800 JavaThread "jar transforms Thread 5" [_thread_blocked, id=19148, stack(0x0000000afd200000,0x0000000afd300000)]
  0x000001823606c000 JavaThread "jar transforms Thread 6" [_thread_blocked, id=20852, stack(0x0000000afd300000,0x0000000afd400000)]
  0x000001823606f000 JavaThread "jar transforms Thread 7" [_thread_blocked, id=18888, stack(0x0000000afd400000,0x0000000afd500000)]
  0x0000018236069800 JavaThread "jar transforms Thread 8" [_thread_blocked, id=22700, stack(0x0000000afd500000,0x0000000afd600000)]
  0x0000018236070000 JavaThread "Cache worker for checksums cache (C:\Users\Ray Ann Martinez\AndroidStudioProjects\Synapse\.gradle\7.3.3\checksums)" [_thread_blocked, id=22136, stack(0x0000000afd600000,0x0000000afd700000)]
  0x000001823606a000 JavaThread "Cache worker for cache directory md-supplier (C:\Users\Ray Ann Martinez\.gradle\caches\7.3.3\md-supplier)" [_thread_blocked, id=772, stack(0x0000000afd700000,0x0000000afd800000)]
  0x0000018236072800 JavaThread "Cache worker for cache directory md-rule (C:\Users\Ray Ann Martinez\.gradle\caches\7.3.3\md-rule)" [_thread_blocked, id=22980, stack(0x0000000afd800000,0x0000000afd900000)]
  0x0000018236071800 JavaThread "Cache worker for execution history cache (C:\Users\Ray Ann Martinez\.gradle\caches\7.3.3\executionHistory)" [_thread_blocked, id=15380, stack(0x0000000afd900000,0x0000000afda00000)]
  0x0000018236075800 JavaThread "Cache worker for file content cache (C:\Users\Ray Ann Martinez\.gradle\caches\7.3.3\fileContent)" [_thread_blocked, id=19816, stack(0x0000000afda00000,0x0000000afdb00000)]

Other Threads:
=>0x0000018232d3c000 VMThread "VM Thread" [stack: 0x0000000afab00000,0x0000000afac00000] [id=17816]
  0x000001823383a800 WatcherThread [stack: 0x0000000afb500000,0x0000000afb600000] [id=3048]
  0x00000182188b2800 GCTaskThread "GC Thread#0" [stack: 0x0000000afa600000,0x0000000afa700000] [id=18856]
  0x0000018234268800 GCTaskThread "GC Thread#1" [stack: 0x0000000afb600000,0x0000000afb700000] [id=13100]
  0x0000018234095000 GCTaskThread "GC Thread#2" [stack: 0x0000000afb700000,0x0000000afb800000] [id=17796]
  0x00000182358aa000 GCTaskThread "GC Thread#3" [stack: 0x0000000afc200000,0x0000000afc300000] [id=2408]
  0x0000018235c73000 GCTaskThread "GC Thread#4" [stack: 0x0000000afc300000,0x0000000afc400000] [id=8736]
  0x0000018235c46000 GCTaskThread "GC Thread#5" [stack: 0x0000000afc400000,0x0000000afc500000] [id=12928]
  0x0000018235c18000 GCTaskThread "GC Thread#6" [stack: 0x0000000afc500000,0x0000000afc600000] [id=9804]
  0x0000018234934000 GCTaskThread "GC Thread#7" [stack: 0x0000000afc600000,0x0000000afc700000] [id=16980]
  0x00000182188e6800 ConcurrentGCThread "G1 Main Marker" [stack: 0x0000000afa700000,0x0000000afa800000] [id=14540]
  0x00000182188e8800 ConcurrentGCThread "G1 Conc#0" [stack: 0x0000000afa800000,0x0000000afa900000] [id=14176]
  0x000001823432a800 ConcurrentGCThread "G1 Conc#1" [stack: 0x0000000afc900000,0x0000000afca00000] [id=12056]
  0x0000018232b90800 ConcurrentGCThread "G1 Refine#0" [stack: 0x0000000afa900000,0x0000000afaa00000] [id=1756]
  0x000001821896e000 ConcurrentGCThread "G1 Young RemSet Sampling" [stack: 0x0000000afaa00000,0x0000000afab00000] [id=21468]

Threads with active compile tasks:
C2 CompilerThread0   4343 3707       4       java.net.URLClassLoader$1::run (5 bytes)
C1 CompilerThread0   4343 3901       2       groovyjarjarasm.asm.Label::getCanonicalInstance (19 bytes)

VM state:at safepoint (normal execution)

VM Mutex/Monitor currently owned by a thread:  ([mutex/lock_event])
[0x0000018218896850] Threads_lock - owner thread: 0x0000018232d3c000
[0x0000018218895770] Heap_lock - owner thread: 0x000001823589b000

Heap address: 0x0000000080000000, size: 2048 MB, Compressed Oops mode: 32-bit
Narrow klass base: 0x0000000000000000, Narrow klass shift: 3
Compressed class space size: 1073741824 Address: 0x0000000100000000

Heap:
 garbage-first heap   total 155648K, used 48383K [0x0000000080000000, 0x0000000100000000)
  region size 1024K, 4 young (4096K), 4 survivors (4096K)
 Metaspace       used 44021K, capacity 45214K, committed 45312K, reserved 1089536K
  class space    used 5691K, capacity 6117K, committed 6144K, reserved 1048576K
Heap Regions: E=young(eden), S=young(survivor), O=old, HS=humongous(starts), HC=humongous(continues), CS=collection set, F=free, A=archive, TAMS=top-at-mark-start (previous, next)
|   0|0x0000000080000000, 0x0000000080100000, 0x0000000080100000|100%| O|  |TAMS 0x0000000080100000, 0x0000000080000000| Untracked 
|   1|0x0000000080100000, 0x0000000080200000, 0x0000000080200000|100%| O|  |TAMS 0x0000000080200000, 0x0000000080100000| Untracked 
|   2|0x0000000080200000, 0x0000000080300000, 0x0000000080300000|100%| O|  |TAMS 0x0000000080300000, 0x0000000080200000| Untracked 
|   3|0x0000000080300000, 0x0000000080400000, 0x0000000080400000|100%|HS|  |TAMS 0x0000000080400000, 0x0000000080300000| Complete 
|   4|0x0000000080400000, 0x0000000080500000, 0x0000000080500000|100%|HC|  |TAMS 0x0000000080500000, 0x0000000080400000| Complete 
|   5|0x0000000080500000, 0x0000000080600000, 0x0000000080600000|100%|HC|  |TAMS 0x0000000080600000, 0x0000000080500000| Complete 
|   6|0x0000000080600000, 0x0000000080700000, 0x0000000080700000|100%| O|  |TAMS 0x0000000080700000, 0x0000000080600000| Untracked 
|   7|0x0000000080700000, 0x0000000080800000, 0x0000000080800000|100%| O|  |TAMS 0x0000000080800000, 0x0000000080700000| Untracked 
|   8|0x0000000080800000, 0x0000000080900000, 0x0000000080900000|100%| O|  |TAMS 0x0000000080900000, 0x0000000080800000| Untracked 
|   9|0x0000000080900000, 0x0000000080a00000, 0x0000000080a00000|100%| O|  |TAMS 0x0000000080a00000, 0x0000000080900000| Untracked 
|  10|0x0000000080a00000, 0x0000000080b00000, 0x0000000080b00000|100%| O|  |TAMS 0x0000000080b00000, 0x0000000080a00000| Untracked 
|  11|0x0000000080b00000, 0x0000000080c00000, 0x0000000080c00000|100%| O|  |TAMS 0x0000000080c00000, 0x0000000080b00000| Untracked 
|  12|0x0000000080c00000, 0x0000000080d00000, 0x0000000080d00000|100%| O|  |TAMS 0x0000000080d00000, 0x0000000080c00000| Untracked 
|  13|0x0000000080d00000, 0x0000000080e00000, 0x0000000080e00000|100%| O|  |TAMS 0x0000000080e00000, 0x0000000080d00000| Untracked 
|  14|0x0000000080e00000, 0x0000000080f00000, 0x0000000080f00000|100%| O|  |TAMS 0x0000000080f00000, 0x0000000080e00000| Untracked 
|  15|0x0000000080f00000, 0x0000000081000000, 0x0000000081000000|100%| O|  |TAMS 0x0000000081000000, 0x0000000080f00000| Untracked 
|  16|0x0000000081000000, 0x0000000081100000, 0x0000000081100000|100%|HS|  |TAMS 0x0000000081100000, 0x0000000081000000| Complete 
|  17|0x0000000081100000, 0x0000000081200000, 0x0000000081200000|100%|HC|  |TAMS 0x0000000081200000, 0x0000000081100000| Complete 
|  18|0x0000000081200000, 0x0000000081300000, 0x0000000081300000|100%|HS|  |TAMS 0x0000000081300000, 0x0000000081200000| Complete 
|  19|0x0000000081300000, 0x0000000081400000, 0x0000000081400000|100%|HC|  |TAMS 0x0000000081400000, 0x0000000081300000| Complete 
|  20|0x0000000081400000, 0x0000000081500000, 0x0000000081500000|100%|HC|  |TAMS 0x0000000081500000, 0x0000000081400000| Complete 
|  21|0x0000000081500000, 0x0000000081600000, 0x0000000081600000|100%|HS|  |TAMS 0x0000000081600000, 0x0000000081500000| Complete 
|  22|0x0000000081600000, 0x0000000081700000, 0x0000000081700000|100%|HS|  |TAMS 0x0000000081700000, 0x0000000081600000| Complete 
|  23|0x0000000081700000, 0x0000000081800000, 0x0000000081800000|100%|HC|  |TAMS 0x0000000081800000, 0x0000000081700000| Complete 
|  24|0x0000000081800000, 0x0000000081900000, 0x0000000081900000|100%|HC|  |TAMS 0x0000000081900000, 0x0000000081800000| Complete 
|  25|0x0000000081900000, 0x0000000081a00000, 0x0000000081a00000|100%|HC|  |TAMS 0x0000000081a00000, 0x0000000081900000| Complete 
|  26|0x0000000081a00000, 0x0000000081b00000, 0x0000000081b00000|100%| O|  |TAMS 0x0000000081b00000, 0x0000000081a00000| Untracked 
|  27|0x0000000081b00000, 0x0000000081c00000, 0x0000000081c00000|100%| O|  |TAMS 0x0000000081c00000, 0x0000000081b00000| Untracked 
|  28|0x0000000081c00000, 0x0000000081d00000, 0x0000000081d00000|100%| O|  |TAMS 0x0000000081d00000, 0x0000000081c00000| Untracked 
|  29|0x0000000081d00000, 0x0000000081e00000, 0x0000000081e00000|100%| O|  |TAMS 0x0000000081e00000, 0x0000000081d00000| Untracked 
|  30|0x0000000081e00000, 0x0000000081f00000, 0x0000000081f00000|100%| O|  |TAMS 0x0000000081e48000, 0x0000000081e00000| Untracked 
|  31|0x0000000081f00000, 0x0000000082000000, 0x0000000082000000|100%|HS|  |TAMS 0x0000000081f00000, 0x0000000081f00000| Complete 
|  32|0x0000000082000000, 0x0000000082100000, 0x0000000082100000|100%| O|  |TAMS 0x0000000082000000, 0x0000000082000000| Untracked 
|  33|0x0000000082100000, 0x0000000082200000, 0x0000000082200000|100%| O|  |TAMS 0x0000000082100000, 0x0000000082100000| Untracked 
|  34|0x0000000082200000, 0x0000000082300000, 0x0000000082300000|100%| O|  |TAMS 0x0000000082200000, 0x0000000082200000| Untracked 
|  35|0x0000000082300000, 0x0000000082400000, 0x0000000082400000|100%| O|  |TAMS 0x0000000082300000, 0x0000000082300000| Untracked 
|  36|0x0000000082400000, 0x0000000082500000, 0x0000000082500000|100%| O|  |TAMS 0x0000000082400000, 0x0000000082400000| Untracked 
|  37|0x0000000082500000, 0x0000000082600000, 0x0000000082600000|100%| O|  |TAMS 0x0000000082500000, 0x0000000082500000| Untracked 
|  38|0x0000000082600000, 0x0000000082700000, 0x0000000082700000|100%|HS|  |TAMS 0x0000000082600000, 0x0000000082600000| Complete 
|  39|0x0000000082700000, 0x0000000082800000, 0x0000000082800000|100%|HC|  |TAMS 0x0000000082700000, 0x0000000082700000| Complete 
|  40|0x0000000082800000, 0x0000000082900000, 0x0000000082900000|100%|HC|  |TAMS 0x0000000082800000, 0x0000000082800000| Complete 
|  41|0x0000000082900000, 0x0000000082a00000, 0x0000000082a00000|100%| O|  |TAMS 0x0000000082900000, 0x0000000082900000| Untracked 
|  42|0x0000000082a00000, 0x0000000082b00000, 0x0000000082b00000|100%| O|  |TAMS 0x0000000082a00000, 0x0000000082a00000| Untracked 
|  43|0x0000000082b00000, 0x0000000082b5aa00, 0x0000000082c00000| 35%| O|  |TAMS 0x0000000082b00000, 0x0000000082b00000| Untracked 
|  44|0x0000000082c00000, 0x0000000082c00000, 0x0000000082d00000|  0%| F|  |TAMS 0x0000000082c00000, 0x0000000082c00000| Untracked 
|  45|0x0000000082d00000, 0x0000000082d00000, 0x0000000082e00000|  0%| F|  |TAMS 0x0000000082d00000, 0x0000000082d00000| Untracked 
|  46|0x0000000082e00000, 0x0000000082e00000, 0x0000000082f00000|  0%| F|  |TAMS 0x0000000082e00000, 0x0000000082e00000| Untracked 
|  47|0x0000000082f00000, 0x0000000082f00000, 0x0000000083000000|  0%| F|  |TAMS 0x0000000082f00000, 0x0000000082f00000| Untracked 
|  48|0x0000000083000000, 0x0000000083000000, 0x0000000083100000|  0%| F|  |TAMS 0x0000000083000000, 0x0000000083000000| Untracked 
|  49|0x0000000083100000, 0x0000000083100000, 0x0000000083200000|  0%| F|  |TAMS 0x0000000083100000, 0x0000000083100000| Untracked 
|  50|0x0000000083200000, 0x0000000083200000, 0x0000000083300000|  0%| F|  |TAMS 0x0000000083200000, 0x0000000083200000| Untracked 
|  51|0x0000000083300000, 0x0000000083300000, 0x0000000083400000|  0%| F|  |TAMS 0x0000000083300000, 0x0000000083300000| Untracked 
|  52|0x0000000083400000, 0x0000000083400000, 0x0000000083500000|  0%| F|  |TAMS 0x0000000083400000, 0x0000000083400000| Untracked 
|  53|0x0000000083500000, 0x0000000083500000, 0x0000000083600000|  0%| F|  |TAMS 0x0000000083500000, 0x0000000083500000| Untracked 
|  54|0x0000000083600000, 0x0000000083600000, 0x0000000083700000|  0%| F|  |TAMS 0x0000000083600000, 0x0000000083600000| Untracked 
|  55|0x0000000083700000, 0x0000000083700000, 0x0000000083800000|  0%| F|  |TAMS 0x0000000083700000, 0x0000000083700000| Untracked 
|  56|0x0000000083800000, 0x0000000083800000, 0x0000000083900000|  0%| F|  |TAMS 0x0000000083800000, 0x0000000083800000| Untracked 
|  57|0x0000000083900000, 0x0000000083900000, 0x0000000083a00000|  0%| F|  |TAMS 0x0000000083900000, 0x0000000083900000| Untracked 
|  58|0x0000000083a00000, 0x0000000083a00000, 0x0000000083b00000|  0%| F|  |TAMS 0x0000000083a00000, 0x0000000083a00000| Untracked 
|  59|0x0000000083b00000, 0x0000000083b00000, 0x0000000083c00000|  0%| F|  |TAMS 0x0000000083b00000, 0x0000000083b00000| Untracked 
|  60|0x0000000083c00000, 0x0000000083c00000, 0x0000000083d00000|  0%| F|  |TAMS 0x0000000083c00000, 0x0000000083c00000| Untracked 
|  61|0x0000000083d00000, 0x0000000083d00000, 0x0000000083e00000|  0%| F|  |TAMS 0x0000000083d00000, 0x0000000083d00000| Untracked 
|  62|0x0000000083e00000, 0x0000000083e00000, 0x0000000083f00000|  0%| F|  |TAMS 0x0000000083e00000, 0x0000000083e00000| Untracked 
|  63|0x0000000083f00000, 0x0000000083f00000, 0x0000000084000000|  0%| F|  |TAMS 0x0000000083f00000, 0x0000000083f00000| Untracked 
|  64|0x0000000084000000, 0x0000000084000000, 0x0000000084100000|  0%| F|  |TAMS 0x0000000084000000, 0x0000000084000000| Untracked 
|  65|0x0000000084100000, 0x0000000084100000, 0x0000000084200000|  0%| F|  |TAMS 0x0000000084100000, 0x0000000084100000| Untracked 
|  66|0x0000000084200000, 0x0000000084200000, 0x0000000084300000|  0%| F|  |TAMS 0x0000000084200000, 0x0000000084200000| Untracked 
|  67|0x0000000084300000, 0x0000000084300000, 0x0000000084400000|  0%| F|  |TAMS 0x0000000084300000, 0x0000000084300000| Untracked 
|  68|0x0000000084400000, 0x0000000084400000, 0x0000000084500000|  0%| F|  |TAMS 0x0000000084400000, 0x0000000084400000| Untracked 
|  69|0x0000000084500000, 0x0000000084500000, 0x0000000084600000|  0%| F|  |TAMS 0x0000000084500000, 0x0000000084500000| Untracked 
|  70|0x0000000084600000, 0x0000000084600000, 0x0000000084700000|  0%| F|  |TAMS 0x0000000084600000, 0x0000000084600000| Untracked 
|  71|0x0000000084700000, 0x0000000084700000, 0x0000000084800000|  0%| F|  |TAMS 0x0000000084700000, 0x0000000084700000| Untracked 
|  72|0x0000000084800000, 0x0000000084800000, 0x0000000084900000|  0%| F|  |TAMS 0x0000000084800000, 0x0000000084800000| Untracked 
|  73|0x0000000084900000, 0x0000000084900000, 0x0000000084a00000|  0%| F|  |TAMS 0x0000000084900000, 0x0000000084900000| Untracked 
|  74|0x0000000084a00000, 0x0000000084a00000, 0x0000000084b00000|  0%| F|  |TAMS 0x0000000084a00000, 0x0000000084a00000| Untracked 
|  75|0x0000000084b00000, 0x0000000084b00000, 0x0000000084c00000|  0%| F|  |TAMS 0x0000000084b00000, 0x0000000084b00000| Untracked 
|  76|0x0000000084c00000, 0x0000000084c00000, 0x0000000084d00000|  0%| F|  |TAMS 0x0000000084c00000, 0x0000000084c00000| Untracked 
|  77|0x0000000084d00000, 0x0000000084de5200, 0x0000000084e00000| 89%| S|CS|TAMS 0x0000000084d00000, 0x0000000084d00000| Complete 
|  78|0x0000000084e00000, 0x0000000084f00000, 0x0000000084f00000|100%| S|CS|TAMS 0x0000000084e00000, 0x0000000084e00000| Complete 
|  79|0x0000000084f00000, 0x0000000085000000, 0x0000000085000000|100%| S|CS|TAMS 0x0000000084f00000, 0x0000000084f00000| Complete 
|  80|0x0000000085000000, 0x0000000085100000, 0x0000000085100000|100%| S|CS|TAMS 0x0000000085000000, 0x0000000085000000| Complete 
|  81|0x0000000085100000, 0x0000000085100000, 0x0000000085200000|  0%| F|  |TAMS 0x0000000085100000, 0x0000000085100000| Untracked 
|  82|0x0000000085200000, 0x0000000085200000, 0x0000000085300000|  0%| F|  |TAMS 0x0000000085200000, 0x0000000085200000| Untracked 
|  83|0x0000000085300000, 0x0000000085300000, 0x0000000085400000|  0%| F|  |TAMS 0x0000000085300000, 0x0000000085300000| Untracked 
|  84|0x0000000085400000, 0x0000000085400000, 0x0000000085500000|  0%| F|  |TAMS 0x0000000085400000, 0x0000000085400000| Untracked 
|  85|0x0000000085500000, 0x0000000085500000, 0x0000000085600000|  0%| F|  |TAMS 0x0000000085500000, 0x0000000085500000| Untracked 
|  86|0x0000000085600000, 0x0000000085600000, 0x0000000085700000|  0%| F|  |TAMS 0x0000000085600000, 0x0000000085600000| Untracked 
|  87|0x0000000085700000, 0x0000000085700000, 0x0000000085800000|  0%| F|  |TAMS 0x0000000085700000, 0x0000000085700000| Untracked 
|  88|0x0000000085800000, 0x0000000085800000, 0x0000000085900000|  0%| F|  |TAMS 0x0000000085800000, 0x0000000085800000| Untracked 
|  89|0x0000000085900000, 0x0000000085900000, 0x0000000085a00000|  0%| F|  |TAMS 0x0000000085900000, 0x0000000085900000| Untracked 
|  90|0x0000000085a00000, 0x0000000085a00000, 0x0000000085b00000|  0%| F|  |TAMS 0x0000000085a00000, 0x0000000085a00000| Untracked 
|  91|0x0000000085b00000, 0x0000000085b00000, 0x0000000085c00000|  0%| F|  |TAMS 0x0000000085b00000, 0x0000000085b00000| Untracked 
|  92|0x0000000085c00000, 0x0000000085c00000, 0x0000000085d00000|  0%| F|  |TAMS 0x0000000085c00000, 0x0000000085c00000| Untracked 
|  93|0x0000000085d00000, 0x0000000085d00000, 0x0000000085e00000|  0%| F|  |TAMS 0x0000000085d00000, 0x0000000085d00000| Untracked 
|  94|0x0000000085e00000, 0x0000000085e00000, 0x0000000085f00000|  0%| F|  |TAMS 0x0000000085e00000, 0x0000000085e00000| Untracked 
|  95|0x0000000085f00000, 0x0000000085f00000, 0x0000000086000000|  0%| F|  |TAMS 0x0000000085f00000, 0x0000000085f00000| Untracked 
|  96|0x0000000086000000, 0x0000000086000000, 0x0000000086100000|  0%| F|  |TAMS 0x0000000086000000, 0x0000000086000000| Untracked 
|  97|0x0000000086100000, 0x0000000086100000, 0x0000000086200000|  0%| F|  |TAMS 0x0000000086100000, 0x0000000086100000| Untracked 
|  98|0x0000000086200000, 0x0000000086200000, 0x0000000086300000|  0%| F|  |TAMS 0x0000000086200000, 0x0000000086200000| Untracked 
|  99|0x0000000086300000, 0x0000000086300000, 0x0000000086400000|  0%| F|  |TAMS 0x0000000086300000, 0x0000000086300000| Untracked 
| 100|0x0000000086400000, 0x0000000086400000, 0x0000000086500000|  0%| F|  |TAMS 0x0000000086400000, 0x0000000086400000| Untracked 
| 101|0x0000000086500000, 0x0000000086500000, 0x0000000086600000|  0%| F|  |TAMS 0x0000000086500000, 0x0000000086500000| Untracked 
| 102|0x0000000086600000, 0x0000000086600000, 0x0000000086700000|  0%| F|  |TAMS 0x0000000086600000, 0x0000000086600000| Untracked 
| 103|0x0000000086700000, 0x0000000086700000, 0x0000000086800000|  0%| F|  |TAMS 0x0000000086700000, 0x0000000086700000| Untracked 
| 104|0x0000000086800000, 0x0000000086800000, 0x0000000086900000|  0%| F|  |TAMS 0x0000000086800000, 0x0000000086800000| Untracked 
| 105|0x0000000086900000, 0x0000000086900000, 0x0000000086a00000|  0%| F|  |TAMS 0x0000000086900000, 0x0000000086900000| Untracked 
| 106|0x0000000086a00000, 0x0000000086a00000, 0x0000000086b00000|  0%| F|  |TAMS 0x0000000086a00000, 0x0000000086a00000| Untracked 
| 107|0x0000000086b00000, 0x0000000086b00000, 0x0000000086c00000|  0%| F|  |TAMS 0x0000000086b00000, 0x0000000086b00000| Untracked 
| 108|0x0000000086c00000, 0x0000000086c00000, 0x0000000086d00000|  0%| F|  |TAMS 0x0000000086c00000, 0x0000000086c00000| Untracked 
| 109|0x0000000086d00000, 0x0000000086d00000, 0x0000000086e00000|  0%| F|  |TAMS 0x0000000086d00000, 0x0000000086d00000| Untracked 
| 110|0x0000000086e00000, 0x0000000086e00000, 0x0000000086f00000|  0%| F|  |TAMS 0x0000000086e00000, 0x0000000086e00000| Untracked 
| 111|0x0000000086f00000, 0x0000000086f00000, 0x0000000087000000|  0%| F|  |TAMS 0x0000000086f00000, 0x0000000086f00000| Untracked 
| 112|0x0000000087000000, 0x0000000087000000, 0x0000000087100000|  0%| F|  |TAMS 0x0000000087000000, 0x0000000087000000| Untracked 
| 113|0x0000000087100000, 0x0000000087100000, 0x0000000087200000|  0%| F|  |TAMS 0x0000000087100000, 0x0000000087100000| Untracked 
| 114|0x0000000087200000, 0x0000000087200000, 0x0000000087300000|  0%| F|  |TAMS 0x0000000087200000, 0x0000000087200000| Untracked 
| 115|0x0000000087300000, 0x0000000087300000, 0x0000000087400000|  0%| F|  |TAMS 0x0000000087300000, 0x0000000087300000| Untracked 
| 116|0x0000000087400000, 0x0000000087400000, 0x0000000087500000|  0%| F|  |TAMS 0x0000000087400000, 0x0000000087400000| Untracked 
| 117|0x0000000087500000, 0x0000000087500000, 0x0000000087600000|  0%| F|  |TAMS 0x0000000087500000, 0x0000000087500000| Untracked 
| 118|0x0000000087600000, 0x0000000087600000, 0x0000000087700000|  0%| F|  |TAMS 0x0000000087600000, 0x0000000087600000| Untracked 
| 119|0x0000000087700000, 0x0000000087700000, 0x0000000087800000|  0%| F|  |TAMS 0x0000000087700000, 0x0000000087700000| Untracked 
| 120|0x0000000087800000, 0x0000000087800000, 0x0000000087900000|  0%| F|  |TAMS 0x0000000087800000, 0x0000000087800000| Untracked 
| 121|0x0000000087900000, 0x0000000087900000, 0x0000000087a00000|  0%| F|  |TAMS 0x0000000087900000, 0x0000000087900000| Untracked 
| 122|0x0000000087a00000, 0x0000000087a00000, 0x0000000087b00000|  0%| F|  |TAMS 0x0000000087a00000, 0x0000000087a00000| Untracked 
| 123|0x0000000087b00000, 0x0000000087b00000, 0x0000000087c00000|  0%| F|  |TAMS 0x0000000087b00000, 0x0000000087b00000| Untracked 
| 124|0x0000000087c00000, 0x0000000087c00000, 0x0000000087d00000|  0%| F|  |TAMS 0x0000000087c00000, 0x0000000087c00000| Untracked 
| 125|0x0000000087d00000, 0x0000000087d00000, 0x0000000087e00000|  0%| F|  |TAMS 0x0000000087d00000, 0x0000000087d00000| Untracked 

Card table byte_map: [0x000001822bad0000,0x000001822bed0000] _byte_map_base: 0x000001822b6d0000

Marking Bits (Prev, Next): (CMBitMap*) 0x00000182188ddc08, (CMBitMap*) 0x00000182188ddc40
 Prev Bits: [0x000001822c2d0000, 0x000001822e2d0000)
 Next Bits: [0x000001822e2d0000, 0x00000182302d0000)

Polling page: 0x0000018216770000

Metaspace:

Usage:
  Non-class:     38.18 MB capacity,    37.43 MB ( 98%) used,   654.87 KB (  2%) free+waste,   112.94 KB ( <1%) overhead. 
      Class:      5.97 MB capacity,     5.56 MB ( 93%) used,   370.16 KB (  6%) free+waste,    55.00 KB ( <1%) overhead. 
       Both:     44.15 MB capacity,    42.99 MB ( 97%) used,     1.00 MB (  2%) free+waste,   167.94 KB ( <1%) overhead. 

Virtual space:
  Non-class space:       40.00 MB reserved,      38.25 MB ( 96%) committed 
      Class space:        1.00 GB reserved,       6.00 MB ( <1%) committed 
             Both:        1.04 GB reserved,      44.25 MB (  4%) committed 

Chunk freelists:
   Non-Class:  7.00 KB
       Class:  1.00 KB
        Both:  8.00 KB

MaxMetaspaceSize: 17179869184.00 GB
CompressedClassSpaceSize: 1.00 GB
Initial GC threshold: 20.80 MB
Current GC threshold: 58.75 MB
CDS: off

CodeHeap 'non-profiled nmethods': size=120000Kb used=1632Kb max_used=1632Kb free=118367Kb
 bounds [0x0000018223e70000, 0x00000182240e0000, 0x000001822b3a0000]
CodeHeap 'profiled nmethods': size=120000Kb used=7585Kb max_used=7585Kb free=112414Kb
 bounds [0x000001821c940000, 0x000001821d0b0000, 0x0000018223e70000]
CodeHeap 'non-nmethods': size=5760Kb used=2283Kb max_used=2312Kb free=3476Kb
 bounds [0x000001821c3a0000, 0x000001821c610000, 0x000001821c940000]
 total_blobs=4601 nmethods=3828 adapters=685
 compilation: enabled
              stopped_count=0, restarted_count=0
 full_count=0

Compilation events (20 events):
Event: 4.315 Thread 0x00000182336bc800 nmethod 3890 0x000001821d0a5b10 code [0x000001821d0a5d60, 0x000001821d0a6368]
Event: 4.315 Thread 0x00000182336bc800 3891       1       sun.reflect.generics.tree.TypeVariableSignature::getIdentifier (5 bytes)
Event: 4.316 Thread 0x00000182336bc800 nmethod 3891 0x0000018224007a90 code [0x0000018224007c40, 0x0000018224007cf8]
Event: 4.316 Thread 0x00000182336bc800 3892       1       sun.reflect.generics.factory.CoreReflectionFactory::getScope (5 bytes)
Event: 4.316 Thread 0x00000182336bc800 nmethod 3892 0x0000018224007d90 code [0x0000018224007f40, 0x0000018224007ff8]
Event: 4.316 Thread 0x00000182336bc800 3893       2       java.lang.reflect.Executable::isSynthetic (8 bytes)
Event: 4.316 Thread 0x00000182336bc800 nmethod 3893 0x000001821d0a6710 code [0x000001821d0a68c0, 0x000001821d0a6a08]
Event: 4.316 Thread 0x00000182336bc800 3894       2       java.lang.reflect.Modifier::isSynthetic (14 bytes)
Event: 4.316 Thread 0x00000182336bc800 nmethod 3894 0x000001821d0a6a90 code [0x000001821d0a6c40, 0x000001821d0a6d38]
Event: 4.316 Thread 0x00000182336bc800 3896       2       java.util.Spliterators$ArraySpliterator::<init> (33 bytes)
Event: 4.317 Thread 0x00000182336bc800 nmethod 3896 0x000001821d0a6e10 code [0x000001821d0a6fc0, 0x000001821d0a7118]
Event: 4.317 Thread 0x00000182336bc800 3897       2       groovyjarjarasm.asm.Label::<init> (5 bytes)
Event: 4.317 Thread 0x00000182336bc800 nmethod 3897 0x000001821d0a7190 code [0x000001821d0a7340, 0x000001821d0a7438]
Event: 4.317 Thread 0x00000182336bc800 3898       2       groovyjarjarasm.asm.MethodWriter::visitVarInsn (302 bytes)
Event: 4.317 Thread 0x00000182336bc800 nmethod 3898 0x000001821d0a7510 code [0x000001821d0a7720, 0x000001821d0a7b68]
Event: 4.317 Thread 0x00000182336bc800 3899       2       groovyjarjarasm.asm.ByteVector::put12 (64 bytes)
Event: 4.317 Thread 0x00000182336bc800 nmethod 3899 0x000001821d0a7d90 code [0x000001821d0a7f60, 0x000001821d0a8148]
Event: 4.318 Thread 0x00000182336bc800 3900       2       java.util.Spliterators$ArraySpliterator::estimateSize (11 bytes)
Event: 4.318 Thread 0x00000182336bc800 nmethod 3900 0x000001821d0a8290 code [0x000001821d0a8440, 0x000001821d0a8538]
Event: 4.319 Thread 0x00000182336bc800 3901       2       groovyjarjarasm.asm.Label::getCanonicalInstance (19 bytes)

GC Heap History (15 events):
Event: 0.572 GC heap before
{Heap before GC invocations=0 (full 0):
 garbage-first heap   total 129024K, used 29696K [0x0000000080000000, 0x0000000100000000)
  region size 1024K, 24 young (24576K), 0 survivors (0K)
 Metaspace       used 10202K, capacity 10391K, committed 10624K, reserved 1058816K
  class space    used 1062K, capacity 1106K, committed 1152K, reserved 1048576K
}
Event: 0.577 GC heap after
{Heap after GC invocations=1 (full 0):
 garbage-first heap   total 129024K, used 9507K [0x0000000080000000, 0x0000000100000000)
  region size 1024K, 3 young (3072K), 3 survivors (3072K)
 Metaspace       used 10202K, capacity 10391K, committed 10624K, reserved 1058816K
  class space    used 1062K, capacity 1106K, committed 1152K, reserved 1048576K
}
Event: 1.969 GC heap before
{Heap before GC invocations=1 (full 0):
 garbage-first heap   total 129024K, used 83235K [0x0000000080000000, 0x0000000100000000)
  region size 1024K, 75 young (76800K), 3 survivors (3072K)
 Metaspace       used 17728K, capacity 18122K, committed 18432K, reserved 1064960K
  class space    used 2078K, capacity 2228K, committed 2304K, reserved 1048576K
}
Event: 1.975 GC heap after
{Heap after GC invocations=2 (full 0):
 garbage-first heap   total 129024K, used 15997K [0x0000000080000000, 0x0000000100000000)
  region size 1024K, 10 young (10240K), 10 survivors (10240K)
 Metaspace       used 17728K, capacity 18122K, committed 18432K, reserved 1064960K
  class space    used 2078K, capacity 2228K, committed 2304K, reserved 1048576K
}
Event: 2.195 GC heap before
{Heap before GC invocations=2 (full 0):
 garbage-first heap   total 129024K, used 44669K [0x0000000080000000, 0x0000000100000000)
  region size 1024K, 40 young (40960K), 10 survivors (10240K)
 Metaspace       used 20720K, capacity 21158K, committed 21248K, reserved 1067008K
  class space    used 2548K, capacity 2729K, committed 2816K, reserved 1048576K
}
Event: 2.202 GC heap after
{Heap after GC invocations=3 (full 0):
 garbage-first heap   total 129024K, used 16964K [0x0000000080000000, 0x0000000100000000)
  region size 1024K, 2 young (2048K), 2 survivors (2048K)
 Metaspace       used 20720K, capacity 21158K, committed 21248K, reserved 1067008K
  class space    used 2548K, capacity 2729K, committed 2816K, reserved 1048576K
}
Event: 2.753 GC heap before
{Heap before GC invocations=4 (full 0):
 garbage-first heap   total 129024K, used 86596K [0x0000000080000000, 0x0000000100000000)
  region size 1024K, 64 young (65536K), 2 survivors (2048K)
 Metaspace       used 27578K, capacity 28309K, committed 28544K, reserved 1073152K
  class space    used 3615K, capacity 3882K, committed 3968K, reserved 1048576K
}
Event: 2.756 GC heap after
{Heap after GC invocations=5 (full 0):
 garbage-first heap   total 129024K, used 26990K [0x0000000080000000, 0x0000000100000000)
  region size 1024K, 6 young (6144K), 6 survivors (6144K)
 Metaspace       used 27578K, capacity 28309K, committed 28544K, reserved 1073152K
  class space    used 3615K, capacity 3882K, committed 3968K, reserved 1048576K
}
Event: 3.318 GC heap before
{Heap before GC invocations=5 (full 0):
 garbage-first heap   total 129024K, used 91502K [0x0000000080000000, 0x0000000100000000)
  region size 1024K, 66 young (67584K), 6 survivors (6144K)
 Metaspace       used 33286K, capacity 34225K, committed 34304K, reserved 1079296K
  class space    used 4502K, capacity 4832K, committed 4864K, reserved 1048576K
}
Event: 3.324 GC heap after
{Heap after GC invocations=6 (full 0):
 garbage-first heap   total 129024K, used 34951K [0x0000000080000000, 0x0000000100000000)
  region size 1024K, 8 young (8192K), 8 survivors (8192K)
 Metaspace       used 33286K, capacity 34225K, committed 34304K, reserved 1079296K
  class space    used 4502K, capacity 4832K, committed 4864K, reserved 1048576K
}
Event: 3.427 GC heap before
{Heap before GC invocations=6 (full 0):
 garbage-first heap   total 129024K, used 42119K [0x0000000080000000, 0x0000000100000000)
  region size 1024K, 16 young (16384K), 8 survivors (8192K)
 Metaspace       used 34760K, capacity 35675K, committed 35840K, reserved 1079296K
  class space    used 4653K, capacity 4996K, committed 5120K, reserved 1048576K
}
Event: 3.435 GC heap after
{Heap after GC invocations=7 (full 0):
 garbage-first heap   total 129024K, used 36128K [0x0000000080000000, 0x0000000100000000)
  region size 1024K, 5 young (5120K), 5 survivors (5120K)
 Metaspace       used 34760K, capacity 35675K, committed 35840K, reserved 1079296K
  class space    used 4653K, capacity 4996K, committed 5120K, reserved 1048576K
}
Event: 3.873 GC heap before
{Heap before GC invocations=8 (full 0):
 garbage-first heap   total 129024K, used 86304K [0x0000000080000000, 0x0000000100000000)
  region size 1024K, 51 young (52224K), 5 survivors (5120K)
 Metaspace       used 40956K, capacity 42027K, committed 42240K, reserved 1085440K
  class space    used 5217K, capacity 5595K, committed 5632K, reserved 1048576K
}
Event: 3.880 GC heap after
{Heap after GC invocations=9 (full 0):
 garbage-first heap   total 129024K, used 40923K [0x0000000080000000, 0x0000000100000000)
  region size 1024K, 6 young (6144K), 6 survivors (6144K)
 Metaspace       used 40956K, capacity 42027K, committed 42240K, reserved 1085440K
  class space    used 5217K, capacity 5595K, committed 5632K, reserved 1048576K
}
Event: 4.319 GC heap before
{Heap before GC invocations=9 (full 0):
 garbage-first heap   total 129024K, used 91099K [0x0000000080000000, 0x0000000100000000)
  region size 1024K, 51 young (52224K), 6 survivors (6144K)
 Metaspace       used 44021K, capacity 45214K, committed 45312K, reserved 1089536K
  class space    used 5691K, capacity 6117K, committed 6144K, reserved 1048576K
}

Deoptimization events (20 events):
Event: 4.212 Thread 0x000001823589b000 DEOPT PACKING pc=0x000001821c9d77a1 sp=0x0000000afbef90f0
Event: 4.212 Thread 0x000001823589b000 DEOPT UNPACKING pc=0x000001821c3ea95e sp=0x0000000afbef85e8 mode 0
Event: 4.226 Thread 0x000001823589b000 DEOPT PACKING pc=0x000001821ccacd68 sp=0x0000000afbef8a00
Event: 4.226 Thread 0x000001823589b000 DEOPT UNPACKING pc=0x000001821c3ea95e sp=0x0000000afbef7f08 mode 0
Event: 4.236 Thread 0x000001823589b000 DEOPT PACKING pc=0x000001821ca0c3cc sp=0x0000000afbef3770
Event: 4.236 Thread 0x000001823589b000 DEOPT UNPACKING pc=0x000001821c3ea95e sp=0x0000000afbef2d10 mode 0
Event: 4.249 Thread 0x000001823589b000 DEOPT PACKING pc=0x000001821ca0841b sp=0x0000000afbef3d80
Event: 4.249 Thread 0x000001823589b000 DEOPT UNPACKING pc=0x000001821c3ea95e sp=0x0000000afbef32c0 mode 0
Event: 4.272 Thread 0x000001823589b000 Uncommon trap: trap_request=0xffffff4d fr.pc=0x0000018223f3a2a8 relative=0x00000000000005c8
Event: 4.272 Thread 0x000001823589b000 Uncommon trap: reason=unstable_if action=reinterpret pc=0x0000018223f3a2a8 method=java.lang.StringLatin1.regionMatchesCI([BI[BII)Z @ 66 c2
Event: 4.272 Thread 0x000001823589b000 DEOPT PACKING pc=0x0000018223f3a2a8 sp=0x0000000afbef7340
Event: 4.272 Thread 0x000001823589b000 DEOPT UNPACKING pc=0x000001821c3ea1af sp=0x0000000afbef7210 mode 2
Event: 4.272 Thread 0x000001823589b000 Uncommon trap: trap_request=0xffffff4d fr.pc=0x0000018223f395bc relative=0x00000000000003fc
Event: 4.272 Thread 0x000001823589b000 Uncommon trap: reason=unstable_if action=reinterpret pc=0x0000018223f395bc method=java.lang.StringLatin1.regionMatchesCI([BI[BII)Z @ 66 c2
Event: 4.272 Thread 0x000001823589b000 DEOPT PACKING pc=0x0000018223f395bc sp=0x0000000afbef7270
Event: 4.272 Thread 0x000001823589b000 DEOPT UNPACKING pc=0x000001821c3ea1af sp=0x0000000afbef7200 mode 2
Event: 4.298 Thread 0x000001823589b000 Uncommon trap: trap_request=0xffffff4d fr.pc=0x0000018223ec4320 relative=0x00000000000005c0
Event: 4.298 Thread 0x000001823589b000 Uncommon trap: reason=unstable_if action=reinterpret pc=0x0000018223ec4320 method=java.util.jar.Manifest$FastInputStream.readLine([BII)I @ 130 c2
Event: 4.298 Thread 0x000001823589b000 DEOPT PACKING pc=0x0000018223ec4320 sp=0x0000000afbef5c80
Event: 4.298 Thread 0x000001823589b000 DEOPT UNPACKING pc=0x000001821c3ea1af sp=0x0000000afbef5c10 mode 2

Classes redefined (0 events):
No events

Internal exceptions (20 events):
Event: 4.235 Thread 0x000001823589b000 Exception <a 'java/lang/ClassNotFoundException'{0x00000000857ae0d8}: ijinit1_9qo0l6puoh95zuj7g1had7f0hBeanInfo> (0x00000000857ae0d8) thrown at [./src/hotspot/share/classfile/systemDictionary.cpp, line 231]
Event: 4.235 Thread 0x000001823589b000 Exception <a 'java/lang/ClassNotFoundException'{0x00000000857ba590}: ijinit1_9qo0l6puoh95zuj7g1had7f0hCustomizer> (0x00000000857ba590) thrown at [./src/hotspot/share/classfile/systemDictionary.cpp, line 231]
Event: 4.276 Thread 0x000001823589b000 Exception <a 'java/lang/ClassNotFoundException'{0x00000000856f9410}: org/gradle/api/internal/plugins/DefaultObjectConfigurationActionBeanInfo> (0x00000000856f9410) thrown at [./src/hotspot/share/classfile/systemDictionary.cpp, line 231]
Event: 4.277 Thread 0x000001823589b000 Exception <a 'java/lang/ClassNotFoundException'{0x0000000085526680}: org/gradle/api/internal/plugins/DefaultObjectConfigurationActionCustomizer> (0x0000000085526680) thrown at [./src/hotspot/share/classfile/systemDictionary.cpp, line 231]
Event: 4.290 Thread 0x000001823589b000 Exception <a 'java/lang/ClassNotFoundException'{0x00000000854312f8}: JetGradlePluginBeanInfo> (0x00000000854312f8) thrown at [./src/hotspot/share/classfile/systemDictionary.cpp, line 231]
Event: 4.291 Thread 0x000001823589b000 Exception <a 'java/lang/ClassNotFoundException'{0x000000008543d270}: JetGradlePluginCustomizer> (0x000000008543d270) thrown at [./src/hotspot/share/classfile/systemDictionary.cpp, line 231]
Event: 4.293 Thread 0x000001823589b000 Exception <a 'java/lang/ClassNotFoundException'{0x000000008549a260}: groovy/lang/ReferenceBeanInfo> (0x000000008549a260) thrown at [./src/hotspot/share/classfile/systemDictionary.cpp, line 231]
Event: 4.294 Thread 0x000001823589b000 Exception <a 'java/lang/ClassNotFoundException'{0x00000000854d2000}: groovy/lang/ReferenceCustomizer> (0x00000000854d2000) thrown at [./src/hotspot/share/classfile/systemDictionary.cpp, line 231]
Event: 4.299 Thread 0x000001823589b000 Exception <a 'java/lang/ClassNotFoundException'{0x0000000085323b08}: org/jetbrains/plugins/gradle/model/internal/DummyModelBeanInfo> (0x0000000085323b08) thrown at [./src/hotspot/share/classfile/systemDictionary.cpp, line 231]
Event: 4.299 Thread 0x000001823589b000 Exception <a 'java/lang/ClassNotFoundException'{0x0000000085330da0}: org/jetbrains/plugins/gradle/model/internal/DummyModelCustomizer> (0x0000000085330da0) thrown at [./src/hotspot/share/classfile/systemDictionary.cpp, line 231]
Event: 4.301 Thread 0x000001823589b000 Exception <a 'java/lang/ClassNotFoundException'{0x00000000853615c0}: java/lang/ClassBeanInfo> (0x00000000853615c0) thrown at [./src/hotspot/share/classfile/systemDictionary.cpp, line 231]
Event: 4.301 Thread 0x000001823589b000 Exception <a 'java/lang/ClassNotFoundException'{0x000000008536a580}: java/lang/ClassCustomizer> (0x000000008536a580) thrown at [./src/hotspot/share/classfile/systemDictionary.cpp, line 231]
Event: 4.309 Thread 0x000001823589b000 Exception <a 'java/lang/ClassNotFoundException'{0x000000008523aad8}: org/gradle/tooling/provider/model/internal/DefaultToolingModelBuilderRegistryBeanInfo> (0x000000008523aad8) thrown at [./src/hotspot/share/classfile/systemDictionary.cpp, line 231]
Event: 4.310 Thread 0x000001823589b000 Exception <a 'java/lang/ClassNotFoundException'{0x000000008526ed70}: org/gradle/tooling/provider/model/internal/DefaultToolingModelBuilderRegistryCustomizer> (0x000000008526ed70) thrown at [./src/hotspot/share/classfile/systemDictionary.cpp, line 231]
Event: 4.314 Thread 0x000001823589b000 Exception <a 'java/lang/ClassNotFoundException'{0x00000000852eb268}: org/gradle/internal/service/scopes/GradleScopeServicesBeanInfo> (0x00000000852eb268) thrown at [./src/hotspot/share/classfile/systemDictionary.cpp, line 231]
Event: 4.315 Thread 0x000001823589b000 Exception <a 'java/lang/ClassNotFoundException'{0x0000000085117cf8}: org/gradle/internal/service/DefaultServiceRegistryBeanInfo> (0x0000000085117cf8) thrown at [./src/hotspot/share/classfile/systemDictionary.cpp, line 231]
Event: 4.315 Thread 0x000001823589b000 Exception <a 'java/lang/ClassNotFoundException'{0x0000000085145480}: org/gradle/internal/service/DefaultServiceRegistryCustomizer> (0x0000000085145480) thrown at [./src/hotspot/share/classfile/systemDictionary.cpp, line 231]
Event: 4.316 Thread 0x000001823589b000 Exception <a 'java/lang/ClassNotFoundException'{0x00000000851803c8}: org/gradle/internal/service/scopes/GradleScopeServicesCustomizer> (0x00000000851803c8) thrown at [./src/hotspot/share/classfile/systemDictionary.cpp, line 231]
Event: 4.318 Thread 0x000001823589b000 Exception <a 'java/lang/ClassNotFoundException'{0x00000000851c8de0}: org/gradle/util/GradleVersionBeanInfo> (0x00000000851c8de0) thrown at [./src/hotspot/share/classfile/systemDictionary.cpp, line 231]
Event: 4.318 Thread 0x000001823589b000 Exception <a 'java/lang/ClassNotFoundException'{0x00000000851ef270}: org/gradle/util/GradleVersionCustomizer> (0x00000000851ef270) thrown at [./src/hotspot/share/classfile/systemDictionary.cpp, line 231]

Events (20 events):
Event: 4.317 loading class org/gradle/util/GradleVersion done
Event: 4.317 loading class groovy/runtime/metaclass/org/gradle/util/GradleVersionMetaClass
Event: 4.317 loading class groovy/runtime/metaclass/org/gradle/util/GradleVersionMetaClass done
Event: 4.318 loading class org/gradle/util/GradleVersionBeanInfo
Event: 4.318 loading class org/gradle/util/GradleVersionBeanInfo done
Event: 4.318 loading class org/gradle/util/GradleVersionBeanInfo
Event: 4.318 loading class org/gradle/util/GradleVersionBeanInfo done
Event: 4.318 loading class org/gradle/util/GradleVersionBeanInfo
Event: 4.318 loading class org/gradle/util/GradleVersionBeanInfo done
Event: 4.318 loading class org/gradle/util/GradleVersionBeanInfo
Event: 4.318 loading class org/gradle/util/GradleVersionBeanInfo done
Event: 4.318 loading class org/gradle/util/GradleVersionCustomizer
Event: 4.318 loading class org/gradle/util/GradleVersionCustomizer done
Event: 4.318 loading class org/gradle/util/GradleVersionCustomizer
Event: 4.318 loading class org/gradle/util/GradleVersionCustomizer done
Event: 4.318 loading class org/gradle/util/GradleVersionCustomizer
Event: 4.318 loading class org/gradle/util/GradleVersionCustomizer done
Event: 4.318 loading class org/gradle/util/GradleVersionCustomizer
Event: 4.318 loading class org/gradle/util/GradleVersionCustomizer done
Event: 4.319 Executing VM operation: G1CollectForAllocation


Dynamic libraries:
0x00007ff627060000 - 0x00007ff62706a000 	C:\Program Files\Android\Android Studio\jre\bin\java.exe
0x00007ff992f50000 - 0x00007ff993164000 	C:\WINDOWS\SYSTEM32\ntdll.dll
0x00007ff992a10000 - 0x00007ff992ad2000 	C:\WINDOWS\System32\KERNEL32.DLL
0x00007ff990400000 - 0x00007ff99079c000 	C:\WINDOWS\System32\KERNELBASE.dll
0x00007ff9907a0000 - 0x00007ff9908b1000 	C:\WINDOWS\System32\ucrtbase.dll
0x00007ff9871d0000 - 0x00007ff9871e7000 	C:\Program Files\Android\Android Studio\jre\bin\VCRUNTIME140.dll
0x00007ff987160000 - 0x00007ff987179000 	C:\Program Files\Android\Android Studio\jre\bin\jli.dll
0x00007ff992cc0000 - 0x00007ff992e6b000 	C:\WINDOWS\System32\USER32.dll
0x00007ff96ffb0000 - 0x00007ff97023e000 	C:\WINDOWS\WinSxS\amd64_microsoft.windows.common-controls_6595b64144ccf1df_6.0.22621.317_none_a9434687c10c9fa2\COMCTL32.dll
0x00007ff990c10000 - 0x00007ff990c36000 	C:\WINDOWS\System32\win32u.dll
0x00007ff992830000 - 0x00007ff9928d7000 	C:\WINDOWS\System32\msvcrt.dll
0x00007ff9929e0000 - 0x00007ff992a09000 	C:\WINDOWS\System32\GDI32.dll
0x00007ff990c40000 - 0x00007ff990d52000 	C:\WINDOWS\System32\gdi32full.dll
0x00007ff990b70000 - 0x00007ff990c0a000 	C:\WINDOWS\System32\msvcp_win.dll
0x00007ff990f20000 - 0x00007ff990f51000 	C:\WINDOWS\System32\IMM32.DLL
0x00007ff9775d0000 - 0x00007ff97766d000 	C:\Program Files\Android\Android Studio\jre\bin\msvcp140.dll
0x00007ff902330000 - 0x00007ff902e15000 	C:\Program Files\Android\Android Studio\jre\bin\server\jvm.dll
0x00007ff990fd0000 - 0x00007ff99107e000 	C:\WINDOWS\System32\ADVAPI32.dll
0x00007ff992ae0000 - 0x00007ff992b84000 	C:\WINDOWS\System32\sechost.dll
0x00007ff992290000 - 0x00007ff9923a5000 	C:\WINDOWS\System32\RPCRT4.dll
0x00007ff992280000 - 0x00007ff992288000 	C:\WINDOWS\System32\PSAPI.DLL
0x00007ff989880000 - 0x00007ff9898b4000 	C:\WINDOWS\SYSTEM32\WINMM.dll
0x00007ff988440000 - 0x00007ff98844a000 	C:\WINDOWS\SYSTEM32\VERSION.dll
0x00007ff972520000 - 0x00007ff972529000 	C:\WINDOWS\SYSTEM32\WSOCK32.dll
0x00007ff992e70000 - 0x00007ff992ee1000 	C:\WINDOWS\System32\WS2_32.dll
0x00007ff98f4c0000 - 0x00007ff98f4d8000 	C:\WINDOWS\SYSTEM32\kernel.appcore.dll
0x00007ff980790000 - 0x00007ff9807a1000 	C:\Program Files\Android\Android Studio\jre\bin\verify.dll
0x00007ff98d950000 - 0x00007ff98db7e000 	C:\WINDOWS\SYSTEM32\DBGHELP.DLL
0x00007ff991410000 - 0x00007ff991799000 	C:\WINDOWS\System32\combase.dll
0x00007ff991130000 - 0x00007ff991207000 	C:\WINDOWS\System32\OLEAUT32.dll
0x00007ff980ca0000 - 0x00007ff980cd2000 	C:\WINDOWS\SYSTEM32\dbgcore.DLL
0x00007ff9908c0000 - 0x00007ff99093b000 	C:\WINDOWS\System32\bcryptPrimitives.dll
0x00007ff961be0000 - 0x00007ff961c09000 	C:\Program Files\Android\Android Studio\jre\bin\java.dll
0x00007ff980610000 - 0x00007ff98061b000 	C:\Program Files\Android\Android Studio\jre\bin\jimage.dll
0x00007ff961bc0000 - 0x00007ff961bd8000 	C:\Program Files\Android\Android Studio\jre\bin\zip.dll
0x00007ff991900000 - 0x00007ff9920db000 	C:\WINDOWS\System32\SHELL32.dll
0x00007ff98e3b0000 - 0x00007ff98ec65000 	C:\WINDOWS\SYSTEM32\windows.storage.dll
0x00007ff98e270000 - 0x00007ff98e3ad000 	C:\WINDOWS\SYSTEM32\wintypes.dll
0x00007ff9928e0000 - 0x00007ff9929d1000 	C:\WINDOWS\System32\SHCORE.dll
0x00007ff9918a0000 - 0x00007ff9918fe000 	C:\WINDOWS\System32\shlwapi.dll
0x00007ff9902c0000 - 0x00007ff9902e1000 	C:\WINDOWS\SYSTEM32\profapi.dll
0x00007ff961ba0000 - 0x00007ff961bba000 	C:\Program Files\Android\Android Studio\jre\bin\net.dll
0x00007ff989700000 - 0x00007ff98982f000 	C:\WINDOWS\SYSTEM32\WINHTTP.dll
0x00007ff98f920000 - 0x00007ff98f989000 	C:\WINDOWS\system32\mswsock.dll
0x00007ff961b80000 - 0x00007ff961b94000 	C:\Program Files\Android\Android Studio\jre\bin\nio.dll
0x00007ff9871f0000 - 0x00007ff987217000 	C:\Users\Ray Ann Martinez\.gradle\native\e1d6ef7f7dcc3fd88c89a11ec53ec762bb8ba0a96d01ffa2cd45eb1d1d8dd5c5\windows-amd64\native-platform.dll
0x00007ff951a20000 - 0x00007ff951b64000 	C:\Users\Ray Ann Martinez\.gradle\native\5664cfc778a61ccfe75a443a1ab52a65af34e5dc3c78e0209fed803814484fcb\windows-amd64\native-platform-file-events.dll
0x00007ff980600000 - 0x00007ff98060a000 	C:\Program Files\Android\Android Studio\jre\bin\management.dll
0x00007ff97f230000 - 0x00007ff97f23d000 	C:\Program Files\Android\Android Studio\jre\bin\management_ext.dll
0x00007ff98fb80000 - 0x00007ff98fb9b000 	C:\WINDOWS\SYSTEM32\CRYPTSP.dll
0x00007ff98f430000 - 0x00007ff98f465000 	C:\WINDOWS\system32\rsaenh.dll
0x00007ff98fa30000 - 0x00007ff98fa58000 	C:\WINDOWS\SYSTEM32\USERENV.dll
0x00007ff98fd40000 - 0x00007ff98fd68000 	C:\WINDOWS\SYSTEM32\bcrypt.dll
0x00007ff98fba0000 - 0x00007ff98fbac000 	C:\WINDOWS\SYSTEM32\CRYPTBASE.dll
0x00007ff98ef30000 - 0x00007ff98ef5d000 	C:\WINDOWS\SYSTEM32\IPHLPAPI.DLL
0x00007ff991210000 - 0x00007ff991219000 	C:\WINDOWS\System32\NSI.dll
0x00007ff9896e0000 - 0x00007ff9896f9000 	C:\WINDOWS\SYSTEM32\dhcpcsvc6.DLL
0x00007ff9896c0000 - 0x00007ff9896df000 	C:\WINDOWS\SYSTEM32\dhcpcsvc.DLL
0x00007ff98efa0000 - 0x00007ff98f092000 	C:\WINDOWS\SYSTEM32\DNSAPI.dll

dbghelp: loaded successfully - version: 4.0.5 - missing functions: none
symbol engine: initialized successfully - sym options: 0x614 - pdb path: .;C:\Program Files\Android\Android Studio\jre\bin;C:\WINDOWS\SYSTEM32;C:\WINDOWS\WinSxS\amd64_microsoft.windows.common-controls_6595b64144ccf1df_6.0.22621.317_none_a9434687c10c9fa2;C:\Program Files\Android\Android Studio\jre\bin\server;C:\Users\Ray Ann Martinez\.gradle\native\e1d6ef7f7dcc3fd88c89a11ec53ec762bb8ba0a96d01ffa2cd45eb1d1d8dd5c5\windows-amd64;C:\Users\Ray Ann Martinez\.gradle\native\5664cfc778a61ccfe75a443a1ab52a65af34e5dc3c78e0209fed803814484fcb\windows-amd64

VM Arguments:
jvm_args: --add-opens=java.base/java.util=ALL-UNNAMED --add-opens=java.base/java.lang=ALL-UNNAMED --add-opens=java.base/java.lang.invoke=ALL-UNNAMED --add-opens=java.base/java.util=ALL-UNNAMED --add-opens=java.prefs/java.util.prefs=ALL-UNNAMED --add-opens=java.prefs/java.util.prefs=ALL-UNNAMED --add-opens=java.base/java.nio.charset=ALL-UNNAMED --add-opens=java.base/java.net=ALL-UNNAMED --add-opens=java.base/java.util.concurrent.atomic=ALL-UNNAMED -Xmx2048m -Dfile.encoding=UTF-8 -Duser.country=PH -Duser.language=en -Duser.variant 
java_command: org.gradle.launcher.daemon.bootstrap.GradleDaemon 7.3.3
java_class_path (initial): C:\Users\Ray Ann Martinez\.gradle\wrapper\dists\gradle-7.3.3-bin\6a41zxkdtcxs8rphpq6y0069z\gradle-7.3.3\lib\gradle-launcher-7.3.3.jar
Launcher Type: SUN_STANDARD

[Global flags]
     intx CICompilerCount                          = 4                                         {product} {ergonomic}
     uint ConcGCThreads                            = 2                                         {product} {ergonomic}
     uint G1ConcRefinementThreads                  = 8                                         {product} {ergonomic}
   size_t G1HeapRegionSize                         = 1048576                                   {product} {ergonomic}
    uintx GCDrainStackTargetSize                   = 64                                        {product} {ergonomic}
   size_t InitialHeapSize                          = 132120576                                 {product} {ergonomic}
   size_t MarkStackSize                            = 4194304                                   {product} {ergonomic}
   size_t MaxHeapSize                              = 2147483648                                {product} {command line}
   size_t MaxNewSize                               = 1287651328                                {product} {ergonomic}
   size_t MinHeapDeltaBytes                        = 1048576                                   {product} {ergonomic}
    uintx NonNMethodCodeHeapSize                   = 5836300                                {pd product} {ergonomic}
    uintx NonProfiledCodeHeapSize                  = 122910970                              {pd product} {ergonomic}
    uintx ProfiledCodeHeapSize                     = 122910970                              {pd product} {ergonomic}
    uintx ReservedCodeCacheSize                    = 251658240                              {pd product} {ergonomic}
     bool SegmentedCodeCache                       = true                                      {product} {ergonomic}
     bool UseCompressedClassPointers               = true                                 {lp64_product} {ergonomic}
     bool UseCompressedOops                        = true                                 {lp64_product} {ergonomic}
     bool UseG1GC                                  = true                                      {product} {ergonomic}
     bool UseLargePagesIndividualAllocation        = false                                  {pd product} {ergonomic}

Logging:
Log output configuration:
 #0: stdout all=warning uptime,level,tags
 #1: stderr all=off uptime,level,tags

Environment Variables:
PATH=C:\Program Files\Common Files\Oracle\Java\javapath;C:\Program Files (x86)\Common Files\Oracle\Java\javapath;C:\Program Files (x86)\Razer\ChromaBroadcast\bin;C:\Program Files\Razer\ChromaBroadcast\bin;C:\Windows\system32;C:\Windows;C:\Windows\System32\Wbem;C:\Windows\System32\WindowsPowerShell\v1.0\;C:\Windows\System32\OpenSSH\;C:\Program Files (x86)\NVIDIA Corporation\PhysX\Common;C:\Program Files\NVIDIA Corporation\NVIDIA NvDLISR;C:\WINDOWS\system32;C:\WINDOWS;C:\WINDOWS\System32\Wbem;C:\WINDOWS\System32\WindowsPowerShell\v1.0\;C:\WINDOWS\System32\OpenSSH\;C:\WINDOWS\system32\config\systemprofile\AppData\Local\Microsoft\WindowsApps;C:\WINDOWS\system32;C:\WINDOWS;C:\WINDOWS\System32\Wbem;C:\WINDOWS\System32\WindowsPowerShell\v1.0\;C:\WINDOWS\System32\OpenSSH\;C:\ProgramData\chocolatey\bin;C:\ProgramData\chocolatey\lib\mpv.install\tools;C:\Program Files\dotnet\;C:\Users\Ray Ann Martinez\AppData\Local\Android Open Source Project\Emulator;C:\Program Files\Git\cmd;C:\Program Files\Docker\Docker\resources\bin;C:\ProgramData\DockerDesktop\version-bin;C:\Program Files\nodejs\;C:\Users\Ray Ann Martinez\AppData\Local\Packages\PythonSoftwareFoundation.Python.3.10_qbz5n2kfra8p0\LocalCache\local-packages\Python310\Scripts;C:\Users\Ray Ann Martinez\AppData\Local\Microsoft\WindowsApps;C:\Users\Ray Ann Martinez\AppData\Local\Android Open Source Project\Emulator;C:\Program Files\Java\jdk-18.0.2.1\bin;C:\Users\Ray Ann Martinez\AppData\Local\Programs\Microsoft VS Code\bin;C:\Users\Ray Ann Martinez\AppData\Roaming\npm;C:\Users\Ray Ann Martinez\AppData\Local\GitHubDesktop\bin;C:\Users\Ray Ann Martinez\AppData\Local\Programs\Python\Python310\Scripts;C:\Users\Ray Ann Martinez\AppData\Local\Packages\PythonSoftwareFoundation.Python.3.10_qbz5n2kfra8p0\LocalCache\local-packages\Python310\Scripts;
USERNAME=Ray Ann Martinez
OS=Windows_NT
PROCESSOR_IDENTIFIER=Intel64 Family 6 Model 165 Stepping 2, GenuineIntel



---------------  S Y S T E M  ---------------

OS: Windows 10 , 64 bit Build 22621 (10.0.22621.457)
OS uptime: 1 days 7:09 hours
Hyper-V role detected

CPU:total 8 (initial active 8) (4 cores per cpu, 2 threads per core) family 6 model 165 stepping 2 microcode 0xe2, cmov, cx8, fxsr, mmx, sse, sse2, sse3, ssse3, sse4.1, sse4.2, popcnt, avx, avx2, aes, clmul, erms, 3dnowpref, lzcnt, ht, tsc, tscinvbit, bmi1, bmi2, adx, fma

Memory: 4k page, system-wide physical 8059M (208M free)
TotalPageFile size 32635M (AvailPageFile size 22M)
current process WorkingSet (physical memory assigned to process): 275M, peak: 275M
current process commit charge ("private bytes"): 313M, peak: 338M

vm_info: OpenJDK 64-Bit Server VM (11.0.12+7-b1504.28-7817840) for windows-amd64 JRE (11.0.12+7-b1504.28-7817840), built on Oct 13 2021 22:12:33 by "builder" with MS VC++ 14.0 (VS2015)

END.
