#
# There is insufficient memory for the Java Runtime Environment to continue.
# Native memory allocation (malloc) failed to allocate 1346256 bytes for Chunk::new
# Possible reasons:
#   The system is out of physical RAM or swap space
#   The process is running with CompressedOops enabled, and the Java Heap may be blocking the growth of the native heap
# Possible solutions:
#   Reduce memory load on the system
#   Increase physical memory or swap space
#   Check if swap backing store is full
#   Decrease Java heap size (-Xmx/-Xms)
#   Decrease number of Java threads
#   Decrease Java thread stack sizes (-Xss)
#   Set larger code cache with -XX:ReservedCodeCacheSize=
#   JVM is running with Unscaled Compressed Oops mode in which the Java heap is
#     placed in the first 4GB address space. The Java Heap base address is the
#     maximum limit for the native heap growth. Please use -XX:HeapBaseMinAddress
#     to set the Java Heap base and to place the Java Heap above 4GB virtual address.
# This output file may be truncated or incomplete.
#
#  Out of Memory Error (./src/hotspot/share/memory/arena.cpp:197), pid=22816, tid=21332
#
# JRE version: OpenJDK Runtime Environment (11.0.12+7) (build 11.0.12+7-b1504.28-7817840)
# Java VM: OpenJDK 64-Bit Server VM (11.0.12+7-b1504.28-7817840, mixed mode, tiered, compressed oops, g1 gc, windows-amd64)
# No core dump will be written. Minidumps are not enabled by default on client versions of Windows
#

---------------  S U M M A R Y ------------

Command Line: --add-opens=java.base/java.util=ALL-UNNAMED --add-opens=java.base/java.lang=ALL-UNNAMED --add-opens=java.base/java.lang.invoke=ALL-UNNAMED --add-opens=java.base/java.util=ALL-UNNAMED --add-opens=java.prefs/java.util.prefs=ALL-UNNAMED --add-opens=java.prefs/java.util.prefs=ALL-UNNAMED --add-opens=java.base/java.nio.charset=ALL-UNNAMED --add-opens=java.base/java.net=ALL-UNNAMED --add-opens=java.base/java.util.concurrent.atomic=ALL-UNNAMED -Xmx2048m -Dfile.encoding=UTF-8 -Duser.country=PH -Duser.language=en -Duser.variant org.gradle.launcher.daemon.bootstrap.GradleDaemon 7.3.3

Host: Intel(R) Core(TM) i5-10300H CPU @ 2.50GHz, 8 cores, 7G,  Windows 10 , 64 bit Build 22621 (10.0.22621.457)
Time: Mon Oct  3 20:50:14 2022 Malay Peninsula Standard Time elapsed time: 2.925294 seconds (0d 0h 0m 2s)

---------------  T H R E A D  ---------------

Current thread (0x0000023fa6e65000):  JavaThread "C2 CompilerThread0" daemon [_thread_in_native, id=21332, stack(0x0000004205500000,0x0000004205600000)]


Current CompileTask:
C2:   2925 2016   !   4       java.lang.ClassLoader::loadClass (122 bytes)

Stack: [0x0000004205500000,0x0000004205600000]
Native frames: (J=compiled Java code, j=interpreted, Vv=VM code, C=native code)
V  [jvm.dll+0x5fbcea]
V  [jvm.dll+0x731905]
V  [jvm.dll+0x732f1d]
V  [jvm.dll+0x7335d3]
V  [jvm.dll+0x247bf8]
V  [jvm.dll+0xc018c]
V  [jvm.dll+0xc06cc]
V  [jvm.dll+0x35b31d]
V  [jvm.dll+0x328803]
V  [jvm.dll+0x327cfa]
V  [jvm.dll+0x200602]
V  [jvm.dll+0x1ff794]
V  [jvm.dll+0x18868c]
V  [jvm.dll+0x20e0d7]
V  [jvm.dll+0x20c901]
V  [jvm.dll+0x6f9b7f]
V  [jvm.dll+0x6f26a5]
V  [jvm.dll+0x5fabf6]
C  [ucrtbase.dll+0x29363]
C  [KERNEL32.DLL+0x1244d]
C  [ntdll.dll+0x5df78]


---------------  P R O C E S S  ---------------

Threads class SMR info:
_java_thread_list=0x0000023fa9df36f0, length=23, elements={
0x0000023f8c9aa000, 0x0000023fa6e42800, 0x0000023fa6e4b800, 0x0000023fa6e60000,
0x0000023fa6e61000, 0x0000023fa6e62000, 0x0000023fa6e65000, 0x0000023fa6e67800,
0x0000023fa77bb000, 0x0000023fa7918800, 0x0000023faa162800, 0x0000023fa7c80800,
0x0000023fa8912000, 0x0000023fa8a60800, 0x0000023fa9c31800, 0x0000023fa9a0e800,
0x0000023fab029000, 0x0000023fa97c8800, 0x0000023fa89eb800, 0x0000023fa9ab8800,
0x0000023fa9ab9000, 0x0000023fa9ab6800, 0x0000023fa9aba000
}

Java Threads: ( => current thread )
  0x0000023f8c9aa000 JavaThread "main" [_thread_blocked, id=19928, stack(0x0000004204900000,0x0000004204a00000)]
  0x0000023fa6e42800 JavaThread "Reference Handler" daemon [_thread_blocked, id=10332, stack(0x0000004205000000,0x0000004205100000)]
  0x0000023fa6e4b800 JavaThread "Finalizer" daemon [_thread_blocked, id=3772, stack(0x0000004205100000,0x0000004205200000)]
  0x0000023fa6e60000 JavaThread "Signal Dispatcher" daemon [_thread_blocked, id=8588, stack(0x0000004205200000,0x0000004205300000)]
  0x0000023fa6e61000 JavaThread "Attach Listener" daemon [_thread_blocked, id=16616, stack(0x0000004205300000,0x0000004205400000)]
  0x0000023fa6e62000 JavaThread "Service Thread" daemon [_thread_blocked, id=15396, stack(0x0000004205400000,0x0000004205500000)]
=>0x0000023fa6e65000 JavaThread "C2 CompilerThread0" daemon [_thread_in_native, id=21332, stack(0x0000004205500000,0x0000004205600000)]
  0x0000023fa6e67800 JavaThread "C1 CompilerThread0" daemon [_thread_in_native, id=5152, stack(0x0000004205600000,0x0000004205700000)]
  0x0000023fa77bb000 JavaThread "Sweeper thread" daemon [_thread_blocked, id=18728, stack(0x0000004205700000,0x0000004205800000)]
  0x0000023fa7918800 JavaThread "Common-Cleaner" daemon [_thread_blocked, id=16988, stack(0x0000004205800000,0x0000004205900000)]
  0x0000023faa162800 JavaThread "Daemon health stats" [_thread_blocked, id=18104, stack(0x0000004205d00000,0x0000004205e00000)]
  0x0000023fa7c80800 JavaThread "Incoming local TCP Connector on port 56943" [_thread_in_native, id=18580, stack(0x0000004205a00000,0x0000004205b00000)]
  0x0000023fa8912000 JavaThread "Daemon periodic checks" [_thread_blocked, id=19536, stack(0x0000004205e00000,0x0000004205f00000)]
  0x0000023fa8a60800 JavaThread "Daemon" [_thread_blocked, id=10612, stack(0x0000004205f00000,0x0000004206000000)]
  0x0000023fa9c31800 JavaThread "Handler for socket connection from /127.0.0.1:56943 to /127.0.0.1:56944" [_thread_in_native, id=8224, stack(0x0000004206000000,0x0000004206100000)]
  0x0000023fa9a0e800 JavaThread "Cancel handler" [_thread_blocked, id=3944, stack(0x0000004206100000,0x0000004206200000)]
  0x0000023fab029000 JavaThread "Daemon worker" [_thread_in_Java, id=18840, stack(0x0000004206200000,0x0000004206300000)]
  0x0000023fa97c8800 JavaThread "Asynchronous log dispatcher for DefaultDaemonConnection: socket connection from /127.0.0.1:56943 to /127.0.0.1:56944" [_thread_blocked, id=12212, stack(0x0000004206300000,0x0000004206400000)]
  0x0000023fa89eb800 JavaThread "Stdin handler" [_thread_blocked, id=5544, stack(0x0000004206400000,0x0000004206500000)]
  0x0000023fa9ab8800 JavaThread "Daemon client event forwarder" [_thread_blocked, id=8692, stack(0x0000004206500000,0x0000004206600000)]
  0x0000023fa9ab9000 JavaThread "Cache worker for journal cache (C:\Users\Ray Ann Martinez\.gradle\caches\journal-1)" [_thread_blocked, id=17568, stack(0x0000004206b00000,0x0000004206c00000)]
  0x0000023fa9ab6800 JavaThread "File lock request listener" [_thread_in_native, id=18472, stack(0x0000004206c00000,0x0000004206d00000)]
  0x0000023fa9aba000 JavaThread "Cache worker for file hash cache (C:\Users\Ray Ann Martinez\.gradle\caches\7.3.3\fileHashes)" [_thread_blocked, id=7536, stack(0x0000004206e00000,0x0000004206f00000)]

Other Threads:
  0x0000023fa6e3f800 VMThread "VM Thread" [stack: 0x0000004204f00000,0x0000004205000000] [id=15188]
  0x0000023fa794a800 WatcherThread [stack: 0x0000004205900000,0x0000004205a00000] [id=22392]
  0x0000023f8c9c4000 GCTaskThread "GC Thread#0" [stack: 0x0000004204a00000,0x0000004204b00000] [id=2192]
  0x0000023fa7c0c800 GCTaskThread "GC Thread#1" [stack: 0x0000004205b00000,0x0000004205c00000] [id=8892]
  0x0000023fa83c1800 GCTaskThread "GC Thread#2" [stack: 0x0000004205c00000,0x0000004205d00000] [id=19268]
  0x0000023faa4dc000 GCTaskThread "GC Thread#3" [stack: 0x0000004206600000,0x0000004206700000] [id=2920]
  0x0000023faaa7e800 GCTaskThread "GC Thread#4" [stack: 0x0000004206700000,0x0000004206800000] [id=3452]
  0x0000023fa9aad000 GCTaskThread "GC Thread#5" [stack: 0x0000004206800000,0x0000004206900000] [id=21884]
  0x0000023fa9c27800 GCTaskThread "GC Thread#6" [stack: 0x0000004206900000,0x0000004206a00000] [id=9680]
  0x0000023fa883f800 GCTaskThread "GC Thread#7" [stack: 0x0000004206a00000,0x0000004206b00000] [id=12068]
  0x0000023f8c9f7800 ConcurrentGCThread "G1 Main Marker" [stack: 0x0000004204b00000,0x0000004204c00000] [id=12704]
  0x0000023f8c9f9800 ConcurrentGCThread "G1 Conc#0" [stack: 0x0000004204c00000,0x0000004204d00000] [id=9904]
  0x0000023fa9e03800 ConcurrentGCThread "G1 Conc#1" [stack: 0x0000004206d00000,0x0000004206e00000] [id=19868]
  0x0000023f8ca7e000 ConcurrentGCThread "G1 Refine#0" [stack: 0x0000004204d00000,0x0000004204e00000] [id=9960]
  0x0000023fa6c94800 ConcurrentGCThread "G1 Young RemSet Sampling" [stack: 0x0000004204e00000,0x0000004204f00000] [id=18880]

Threads with active compile tasks:
C2 CompilerThread0   2947 2016   !   4       java.lang.ClassLoader::loadClass (122 bytes)
C1 CompilerThread0   2947 2064       3       org.gradle.internal.reflect.PropertyAccessorType::of (95 bytes)

VM state:not at safepoint (normal execution)

VM Mutex/Monitor currently owned by a thread:  ([mutex/lock_event])
[0x0000023f8c9a7d10] SymbolTable_lock - owner thread: 0x0000000000000000

Heap address: 0x0000000080000000, size: 2048 MB, Compressed Oops mode: 32-bit
Narrow klass base: 0x0000000000000000, Narrow klass shift: 3
Compressed class space size: 1073741824 Address: 0x0000000100000000

Heap:
 garbage-first heap   total 129024K, used 47330K [0x0000000080000000, 0x0000000100000000)
  region size 1024K, 32 young (32768K), 2 survivors (2048K)
 Metaspace       used 23782K, capacity 24270K, committed 24576K, reserved 1071104K
  class space    used 3025K, capacity 3217K, committed 3328K, reserved 1048576K
Heap Regions: E=young(eden), S=young(survivor), O=old, HS=humongous(starts), HC=humongous(continues), CS=collection set, F=free, A=archive, TAMS=top-at-mark-start (previous, next)
|   0|0x0000000080000000, 0x0000000080100000, 0x0000000080100000|100%| O|  |TAMS 0x0000000080100000, 0x0000000080000000| Untracked 
|   1|0x0000000080100000, 0x0000000080200000, 0x0000000080200000|100%| O|  |TAMS 0x0000000080200000, 0x0000000080100000| Untracked 
|   2|0x0000000080200000, 0x0000000080300000, 0x0000000080300000|100%| O|  |TAMS 0x0000000080300000, 0x0000000080200000| Untracked 
|   3|0x0000000080300000, 0x0000000080400000, 0x0000000080400000|100%|HS|  |TAMS 0x0000000080400000, 0x0000000080300000| Complete 
|   4|0x0000000080400000, 0x0000000080500000, 0x0000000080500000|100%|HC|  |TAMS 0x0000000080500000, 0x0000000080400000| Complete 
|   5|0x0000000080500000, 0x0000000080600000, 0x0000000080600000|100%|HC|  |TAMS 0x0000000080600000, 0x0000000080500000| Complete 
|   6|0x0000000080600000, 0x0000000080700000, 0x0000000080700000|100%| O|  |TAMS 0x0000000080700000, 0x0000000080600000| Untracked 
|   7|0x0000000080700000, 0x0000000080800000, 0x0000000080800000|100%| O|  |TAMS 0x0000000080800000, 0x0000000080700000| Untracked 
|   8|0x0000000080800000, 0x0000000080900000, 0x0000000080900000|100%| O|  |TAMS 0x0000000080900000, 0x0000000080800000| Untracked 
|   9|0x0000000080900000, 0x0000000080a00000, 0x0000000080a00000|100%| O|  |TAMS 0x0000000080a00000, 0x0000000080900000| Untracked 
|  10|0x0000000080a00000, 0x0000000080b00000, 0x0000000080b00000|100%| O|  |TAMS 0x0000000080b00000, 0x0000000080a00000| Untracked 
|  11|0x0000000080b00000, 0x0000000080c00000, 0x0000000080c00000|100%| O|  |TAMS 0x0000000080c00000, 0x0000000080b00000| Untracked 
|  12|0x0000000080c00000, 0x0000000080d00000, 0x0000000080d00000|100%| O|  |TAMS 0x0000000080d00000, 0x0000000080c00000| Untracked 
|  13|0x0000000080d00000, 0x0000000080e00000, 0x0000000080e00000|100%| O|  |TAMS 0x0000000080e00000, 0x0000000080d00000| Untracked 
|  14|0x0000000080e00000, 0x0000000080f00000, 0x0000000080f00000|100%| O|  |TAMS 0x0000000080f00000, 0x0000000080e00000| Untracked 
|  15|0x0000000080f00000, 0x0000000080ff3a00, 0x0000000081000000| 95%| O|  |TAMS 0x0000000080ff3a00, 0x0000000080f00000| Untracked 
|  16|0x0000000081000000, 0x0000000081000000, 0x0000000081100000|  0%| F|  |TAMS 0x0000000081000000, 0x0000000081000000| Untracked 
|  17|0x0000000081100000, 0x0000000081100000, 0x0000000081200000|  0%| F|  |TAMS 0x0000000081100000, 0x0000000081100000| Untracked 
|  18|0x0000000081200000, 0x0000000081200000, 0x0000000081300000|  0%| F|  |TAMS 0x0000000081200000, 0x0000000081200000| Untracked 
|  19|0x0000000081300000, 0x0000000081300000, 0x0000000081400000|  0%| F|  |TAMS 0x0000000081300000, 0x0000000081300000| Untracked 
|  20|0x0000000081400000, 0x0000000081400000, 0x0000000081500000|  0%| F|  |TAMS 0x0000000081400000, 0x0000000081400000| Untracked 
|  21|0x0000000081500000, 0x0000000081500000, 0x0000000081600000|  0%| F|  |TAMS 0x0000000081500000, 0x0000000081500000| Untracked 
|  22|0x0000000081600000, 0x0000000081600000, 0x0000000081700000|  0%| F|  |TAMS 0x0000000081600000, 0x0000000081600000| Untracked 
|  23|0x0000000081700000, 0x0000000081700000, 0x0000000081800000|  0%| F|  |TAMS 0x0000000081700000, 0x0000000081700000| Untracked 
|  24|0x0000000081800000, 0x0000000081800000, 0x0000000081900000|  0%| F|  |TAMS 0x0000000081800000, 0x0000000081800000| Untracked 
|  25|0x0000000081900000, 0x0000000081900000, 0x0000000081a00000|  0%| F|  |TAMS 0x0000000081900000, 0x0000000081900000| Untracked 
|  26|0x0000000081a00000, 0x0000000081a00000, 0x0000000081b00000|  0%| F|  |TAMS 0x0000000081a00000, 0x0000000081a00000| Untracked 
|  27|0x0000000081b00000, 0x0000000081b00000, 0x0000000081c00000|  0%| F|  |TAMS 0x0000000081b00000, 0x0000000081b00000| Untracked 
|  28|0x0000000081c00000, 0x0000000081c00000, 0x0000000081d00000|  0%| F|  |TAMS 0x0000000081c00000, 0x0000000081c00000| Untracked 
|  29|0x0000000081d00000, 0x0000000081d00000, 0x0000000081e00000|  0%| F|  |TAMS 0x0000000081d00000, 0x0000000081d00000| Untracked 
|  30|0x0000000081e00000, 0x0000000081e00000, 0x0000000081f00000|  0%| F|  |TAMS 0x0000000081e00000, 0x0000000081e00000| Untracked 
|  31|0x0000000081f00000, 0x0000000081f00000, 0x0000000082000000|  0%| F|  |TAMS 0x0000000081f00000, 0x0000000081f00000| Untracked 
|  32|0x0000000082000000, 0x0000000082000000, 0x0000000082100000|  0%| F|  |TAMS 0x0000000082000000, 0x0000000082000000| Untracked 
|  33|0x0000000082100000, 0x0000000082100000, 0x0000000082200000|  0%| F|  |TAMS 0x0000000082100000, 0x0000000082100000| Untracked 
|  34|0x0000000082200000, 0x0000000082200000, 0x0000000082300000|  0%| F|  |TAMS 0x0000000082200000, 0x0000000082200000| Untracked 
|  35|0x0000000082300000, 0x0000000082300000, 0x0000000082400000|  0%| F|  |TAMS 0x0000000082300000, 0x0000000082300000| Untracked 
|  36|0x0000000082400000, 0x0000000082400000, 0x0000000082500000|  0%| F|  |TAMS 0x0000000082400000, 0x0000000082400000| Untracked 
|  37|0x0000000082500000, 0x0000000082500000, 0x0000000082600000|  0%| F|  |TAMS 0x0000000082500000, 0x0000000082500000| Untracked 
|  38|0x0000000082600000, 0x0000000082600000, 0x0000000082700000|  0%| F|  |TAMS 0x0000000082600000, 0x0000000082600000| Untracked 
|  39|0x0000000082700000, 0x0000000082700000, 0x0000000082800000|  0%| F|  |TAMS 0x0000000082700000, 0x0000000082700000| Untracked 
|  40|0x0000000082800000, 0x0000000082800000, 0x0000000082900000|  0%| F|  |TAMS 0x0000000082800000, 0x0000000082800000| Untracked 
|  41|0x0000000082900000, 0x0000000082900000, 0x0000000082a00000|  0%| F|  |TAMS 0x0000000082900000, 0x0000000082900000| Untracked 
|  42|0x0000000082a00000, 0x0000000082a00000, 0x0000000082b00000|  0%| F|  |TAMS 0x0000000082a00000, 0x0000000082a00000| Untracked 
|  43|0x0000000082b00000, 0x0000000082b00000, 0x0000000082c00000|  0%| F|  |TAMS 0x0000000082b00000, 0x0000000082b00000| Untracked 
|  44|0x0000000082c00000, 0x0000000082c00000, 0x0000000082d00000|  0%| F|  |TAMS 0x0000000082c00000, 0x0000000082c00000| Untracked 
|  45|0x0000000082d00000, 0x0000000082d00000, 0x0000000082e00000|  0%| F|  |TAMS 0x0000000082d00000, 0x0000000082d00000| Untracked 
|  46|0x0000000082e00000, 0x0000000082e00000, 0x0000000082f00000|  0%| F|  |TAMS 0x0000000082e00000, 0x0000000082e00000| Untracked 
|  47|0x0000000082f00000, 0x0000000082f00000, 0x0000000083000000|  0%| F|  |TAMS 0x0000000082f00000, 0x0000000082f00000| Untracked 
|  48|0x0000000083000000, 0x0000000083000000, 0x0000000083100000|  0%| F|  |TAMS 0x0000000083000000, 0x0000000083000000| Untracked 
|  49|0x0000000083100000, 0x0000000083100000, 0x0000000083200000|  0%| F|  |TAMS 0x0000000083100000, 0x0000000083100000| Untracked 
|  50|0x0000000083200000, 0x0000000083200000, 0x0000000083300000|  0%| F|  |TAMS 0x0000000083200000, 0x0000000083200000| Untracked 
|  51|0x0000000083300000, 0x0000000083300000, 0x0000000083400000|  0%| F|  |TAMS 0x0000000083300000, 0x0000000083300000| Untracked 
|  52|0x0000000083400000, 0x0000000083400000, 0x0000000083500000|  0%| F|  |TAMS 0x0000000083400000, 0x0000000083400000| Untracked 
|  53|0x0000000083500000, 0x0000000083500000, 0x0000000083600000|  0%| F|  |TAMS 0x0000000083500000, 0x0000000083500000| Untracked 
|  54|0x0000000083600000, 0x0000000083600000, 0x0000000083700000|  0%| F|  |TAMS 0x0000000083600000, 0x0000000083600000| Untracked 
|  55|0x0000000083700000, 0x0000000083700000, 0x0000000083800000|  0%| F|  |TAMS 0x0000000083700000, 0x0000000083700000| Untracked 
|  56|0x0000000083800000, 0x0000000083800000, 0x0000000083900000|  0%| F|  |TAMS 0x0000000083800000, 0x0000000083800000| Untracked 
|  57|0x0000000083900000, 0x0000000083900000, 0x0000000083a00000|  0%| F|  |TAMS 0x0000000083900000, 0x0000000083900000| Untracked 
|  58|0x0000000083a00000, 0x0000000083a00000, 0x0000000083b00000|  0%| F|  |TAMS 0x0000000083a00000, 0x0000000083a00000| Untracked 
|  59|0x0000000083b00000, 0x0000000083b00000, 0x0000000083c00000|  0%| F|  |TAMS 0x0000000083b00000, 0x0000000083b00000| Untracked 
|  60|0x0000000083c00000, 0x0000000083c00000, 0x0000000083d00000|  0%| F|  |TAMS 0x0000000083c00000, 0x0000000083c00000| Untracked 
|  61|0x0000000083d00000, 0x0000000083d00000, 0x0000000083e00000|  0%| F|  |TAMS 0x0000000083d00000, 0x0000000083d00000| Untracked 
|  62|0x0000000083e00000, 0x0000000083e00000, 0x0000000083f00000|  0%| F|  |TAMS 0x0000000083e00000, 0x0000000083e00000| Untracked 
|  63|0x0000000083f00000, 0x0000000083f00000, 0x0000000084000000|  0%| F|  |TAMS 0x0000000083f00000, 0x0000000083f00000| Untracked 
|  64|0x0000000084000000, 0x0000000084000000, 0x0000000084100000|  0%| F|  |TAMS 0x0000000084000000, 0x0000000084000000| Untracked 
|  65|0x0000000084100000, 0x0000000084100000, 0x0000000084200000|  0%| F|  |TAMS 0x0000000084100000, 0x0000000084100000| Untracked 
|  66|0x0000000084200000, 0x0000000084200000, 0x0000000084300000|  0%| F|  |TAMS 0x0000000084200000, 0x0000000084200000| Untracked 
|  67|0x0000000084300000, 0x0000000084300000, 0x0000000084400000|  0%| F|  |TAMS 0x0000000084300000, 0x0000000084300000| Untracked 
|  68|0x0000000084400000, 0x0000000084400000, 0x0000000084500000|  0%| F|  |TAMS 0x0000000084400000, 0x0000000084400000| Untracked 
|  69|0x0000000084500000, 0x0000000084500000, 0x0000000084600000|  0%| F|  |TAMS 0x0000000084500000, 0x0000000084500000| Untracked 
|  70|0x0000000084600000, 0x0000000084600000, 0x0000000084700000|  0%| F|  |TAMS 0x0000000084600000, 0x0000000084600000| Untracked 
|  71|0x0000000084700000, 0x0000000084700000, 0x0000000084800000|  0%| F|  |TAMS 0x0000000084700000, 0x0000000084700000| Untracked 
|  72|0x0000000084800000, 0x0000000084800000, 0x0000000084900000|  0%| F|  |TAMS 0x0000000084800000, 0x0000000084800000| Untracked 
|  73|0x0000000084900000, 0x0000000084900000, 0x0000000084a00000|  0%| F|  |TAMS 0x0000000084900000, 0x0000000084900000| Untracked 
|  74|0x0000000084a00000, 0x0000000084a00000, 0x0000000084b00000|  0%| F|  |TAMS 0x0000000084a00000, 0x0000000084a00000| Untracked 
|  75|0x0000000084b00000, 0x0000000084b00000, 0x0000000084c00000|  0%| F|  |TAMS 0x0000000084b00000, 0x0000000084b00000| Untracked 
|  76|0x0000000084c00000, 0x0000000084c00000, 0x0000000084d00000|  0%| F|  |TAMS 0x0000000084c00000, 0x0000000084c00000| Untracked 
|  77|0x0000000084d00000, 0x0000000084d00000, 0x0000000084e00000|  0%| F|  |TAMS 0x0000000084d00000, 0x0000000084d00000| Untracked 
|  78|0x0000000084e00000, 0x0000000084e00000, 0x0000000084f00000|  0%| F|  |TAMS 0x0000000084e00000, 0x0000000084e00000| Untracked 
|  79|0x0000000084f00000, 0x0000000084f00000, 0x0000000085000000|  0%| F|  |TAMS 0x0000000084f00000, 0x0000000084f00000| Untracked 
|  80|0x0000000085000000, 0x0000000085000000, 0x0000000085100000|  0%| F|  |TAMS 0x0000000085000000, 0x0000000085000000| Untracked 
|  81|0x0000000085100000, 0x0000000085100000, 0x0000000085200000|  0%| F|  |TAMS 0x0000000085100000, 0x0000000085100000| Untracked 
|  82|0x0000000085200000, 0x0000000085200000, 0x0000000085300000|  0%| F|  |TAMS 0x0000000085200000, 0x0000000085200000| Untracked 
|  83|0x0000000085300000, 0x0000000085300000, 0x0000000085400000|  0%| F|  |TAMS 0x0000000085300000, 0x0000000085300000| Untracked 
|  84|0x0000000085400000, 0x0000000085400000, 0x0000000085500000|  0%| F|  |TAMS 0x0000000085400000, 0x0000000085400000| Untracked 
|  85|0x0000000085500000, 0x0000000085500000, 0x0000000085600000|  0%| F|  |TAMS 0x0000000085500000, 0x0000000085500000| Untracked 
|  86|0x0000000085600000, 0x0000000085600000, 0x0000000085700000|  0%| F|  |TAMS 0x0000000085600000, 0x0000000085600000| Untracked 
|  87|0x0000000085700000, 0x0000000085700000, 0x0000000085800000|  0%| F|  |TAMS 0x0000000085700000, 0x0000000085700000| Untracked 
|  88|0x0000000085800000, 0x0000000085800000, 0x0000000085900000|  0%| F|  |TAMS 0x0000000085800000, 0x0000000085800000| Untracked 
|  89|0x0000000085900000, 0x0000000085900000, 0x0000000085a00000|  0%| F|  |TAMS 0x0000000085900000, 0x0000000085900000| Untracked 
|  90|0x0000000085a00000, 0x0000000085a00000, 0x0000000085b00000|  0%| F|  |TAMS 0x0000000085a00000, 0x0000000085a00000| Untracked 
|  91|0x0000000085b00000, 0x0000000085b00000, 0x0000000085c00000|  0%| F|  |TAMS 0x0000000085b00000, 0x0000000085b00000| Untracked 
|  92|0x0000000085c00000, 0x0000000085c00000, 0x0000000085d00000|  0%| F|  |TAMS 0x0000000085c00000, 0x0000000085c00000| Untracked 
|  93|0x0000000085d00000, 0x0000000085d00000, 0x0000000085e00000|  0%| F|  |TAMS 0x0000000085d00000, 0x0000000085d00000| Untracked 
|  94|0x0000000085e00000, 0x0000000085f00000, 0x0000000085f00000|100%| E|  |TAMS 0x0000000085e00000, 0x0000000085e00000| Complete 
|  95|0x0000000085f00000, 0x0000000085f44f60, 0x0000000086000000| 26%| S|CS|TAMS 0x0000000085f00000, 0x0000000085f00000| Complete 
|  96|0x0000000086000000, 0x0000000086100000, 0x0000000086100000|100%| S|CS|TAMS 0x0000000086000000, 0x0000000086000000| Complete 
|  97|0x0000000086100000, 0x0000000086200000, 0x0000000086200000|100%| E|CS|TAMS 0x0000000086100000, 0x0000000086100000| Complete 
|  98|0x0000000086200000, 0x0000000086300000, 0x0000000086300000|100%| E|CS|TAMS 0x0000000086200000, 0x0000000086200000| Complete 
|  99|0x0000000086300000, 0x0000000086400000, 0x0000000086400000|100%| E|CS|TAMS 0x0000000086300000, 0x0000000086300000| Complete 
| 100|0x0000000086400000, 0x0000000086500000, 0x0000000086500000|100%| E|CS|TAMS 0x0000000086400000, 0x0000000086400000| Complete 
| 101|0x0000000086500000, 0x0000000086600000, 0x0000000086600000|100%| E|CS|TAMS 0x0000000086500000, 0x0000000086500000| Complete 
| 102|0x0000000086600000, 0x0000000086700000, 0x0000000086700000|100%| E|CS|TAMS 0x0000000086600000, 0x0000000086600000| Complete 
| 103|0x0000000086700000, 0x0000000086800000, 0x0000000086800000|100%| E|CS|TAMS 0x0000000086700000, 0x0000000086700000| Complete 
| 104|0x0000000086800000, 0x0000000086900000, 0x0000000086900000|100%| E|CS|TAMS 0x0000000086800000, 0x0000000086800000| Complete 
| 105|0x0000000086900000, 0x0000000086a00000, 0x0000000086a00000|100%| E|CS|TAMS 0x0000000086900000, 0x0000000086900000| Complete 
| 106|0x0000000086a00000, 0x0000000086b00000, 0x0000000086b00000|100%| E|CS|TAMS 0x0000000086a00000, 0x0000000086a00000| Complete 
| 107|0x0000000086b00000, 0x0000000086c00000, 0x0000000086c00000|100%| E|CS|TAMS 0x0000000086b00000, 0x0000000086b00000| Complete 
| 108|0x0000000086c00000, 0x0000000086d00000, 0x0000000086d00000|100%| E|CS|TAMS 0x0000000086c00000, 0x0000000086c00000| Complete 
| 109|0x0000000086d00000, 0x0000000086e00000, 0x0000000086e00000|100%| E|CS|TAMS 0x0000000086d00000, 0x0000000086d00000| Complete 
| 110|0x0000000086e00000, 0x0000000086f00000, 0x0000000086f00000|100%| E|CS|TAMS 0x0000000086e00000, 0x0000000086e00000| Complete 
| 111|0x0000000086f00000, 0x0000000087000000, 0x0000000087000000|100%| E|CS|TAMS 0x0000000086f00000, 0x0000000086f00000| Complete 
| 112|0x0000000087000000, 0x0000000087100000, 0x0000000087100000|100%| E|CS|TAMS 0x0000000087000000, 0x0000000087000000| Complete 
| 113|0x0000000087100000, 0x0000000087200000, 0x0000000087200000|100%| E|CS|TAMS 0x0000000087100000, 0x0000000087100000| Complete 
| 114|0x0000000087200000, 0x0000000087300000, 0x0000000087300000|100%| E|CS|TAMS 0x0000000087200000, 0x0000000087200000| Complete 
| 115|0x0000000087300000, 0x0000000087400000, 0x0000000087400000|100%| E|CS|TAMS 0x0000000087300000, 0x0000000087300000| Complete 
| 116|0x0000000087400000, 0x0000000087500000, 0x0000000087500000|100%| E|CS|TAMS 0x0000000087400000, 0x0000000087400000| Complete 
| 117|0x0000000087500000, 0x0000000087600000, 0x0000000087600000|100%| E|CS|TAMS 0x0000000087500000, 0x0000000087500000| Complete 
| 118|0x0000000087600000, 0x0000000087700000, 0x0000000087700000|100%| E|CS|TAMS 0x0000000087600000, 0x0000000087600000| Complete 
| 119|0x0000000087700000, 0x0000000087800000, 0x0000000087800000|100%| E|CS|TAMS 0x0000000087700000, 0x0000000087700000| Complete 
| 120|0x0000000087800000, 0x0000000087900000, 0x0000000087900000|100%| E|CS|TAMS 0x0000000087800000, 0x0000000087800000| Complete 
| 121|0x0000000087900000, 0x0000000087a00000, 0x0000000087a00000|100%| E|CS|TAMS 0x0000000087900000, 0x0000000087900000| Complete 
| 122|0x0000000087a00000, 0x0000000087b00000, 0x0000000087b00000|100%| E|CS|TAMS 0x0000000087a00000, 0x0000000087a00000| Complete 
| 123|0x0000000087b00000, 0x0000000087c00000, 0x0000000087c00000|100%| E|CS|TAMS 0x0000000087b00000, 0x0000000087b00000| Complete 
| 124|0x0000000087c00000, 0x0000000087d00000, 0x0000000087d00000|100%| E|CS|TAMS 0x0000000087c00000, 0x0000000087c00000| Complete 
| 125|0x0000000087d00000, 0x0000000087e00000, 0x0000000087e00000|100%| E|CS|TAMS 0x0000000087d00000, 0x0000000087d00000| Complete 

Card table byte_map: [0x0000023f9fbe0000,0x0000023f9ffe0000] _byte_map_base: 0x0000023f9f7e0000

Marking Bits (Prev, Next): (CMBitMap*) 0x0000023f8c9eedf0, (CMBitMap*) 0x0000023f8c9eedb8
 Prev Bits: [0x0000023fa23e0000, 0x0000023fa43e0000)
 Next Bits: [0x0000023fa03e0000, 0x0000023fa23e0000)

Polling page: 0x0000023f8a9a0000

Metaspace:

Usage:
  Non-class:     20.62 MB capacity,    20.30 MB ( 98%) used,   286.40 KB (  1%) free+waste,    41.94 KB ( <1%) overhead. 
      Class:      3.17 MB capacity,     2.96 MB ( 93%) used,   200.84 KB (  6%) free+waste,    20.88 KB ( <1%) overhead. 
       Both:     23.80 MB capacity,    23.26 MB ( 98%) used,   487.23 KB (  2%) free+waste,    62.81 KB ( <1%) overhead. 

Virtual space:
  Non-class space:       22.00 MB reserved,      20.75 MB ( 94%) committed 
      Class space:        1.00 GB reserved,       3.25 MB ( <1%) committed 
             Both:        1.02 GB reserved,      24.00 MB (  2%) committed 

Chunk freelists:
   Non-Class:  0 bytes
       Class:  13.00 KB
        Both:  13.00 KB

MaxMetaspaceSize: 17179869184.00 GB
CompressedClassSpaceSize: 1.00 GB
Initial GC threshold: 20.80 MB
Current GC threshold: 35.00 MB
CDS: off

CodeHeap 'non-profiled nmethods': size=120000Kb used=1052Kb max_used=1052Kb free=118947Kb
 bounds [0x0000023f97f80000, 0x0000023f981f0000, 0x0000023f9f4b0000]
CodeHeap 'profiled nmethods': size=120000Kb used=4350Kb max_used=4350Kb free=115649Kb
 bounds [0x0000023f90a50000, 0x0000023f90e90000, 0x0000023f97f80000]
CodeHeap 'non-nmethods': size=5760Kb used=1217Kb max_used=1229Kb free=4542Kb
 bounds [0x0000023f904b0000, 0x0000023f90720000, 0x0000023f90a50000]
 total_blobs=2552 nmethods=2065 adapters=399
 compilation: enabled
              stopped_count=0, restarted_count=0
 full_count=0

Compilation events (20 events):
Event: 2.903 Thread 0x0000023fa6e67800 2035       3       java.util.LinkedList$ListItr::<init> (47 bytes)
Event: 2.903 Thread 0x0000023fa6e67800 nmethod 2035 0x0000023f90e7d110 code [0x0000023f90e7d2e0, 0x0000023f90e7d5c8]
Event: 2.905 Thread 0x0000023fa6e67800 2037       3       java.lang.invoke.LambdaForm::returnType (26 bytes)
Event: 2.905 Thread 0x0000023fa6e67800 nmethod 2037 0x0000023f90e7d710 code [0x0000023f90e7d8c0, 0x0000023f90e7da38]
Event: 2.905 Thread 0x0000023fa6e67800 2038       3       java.lang.invoke.DirectMethodHandle::maybeCompile (24 bytes)
Event: 2.905 Thread 0x0000023fa6e67800 nmethod 2038 0x0000023f90e7db10 code [0x0000023f90e7dda0, 0x0000023f90e7e618]
Event: 2.914 Thread 0x0000023fa6e67800 2039       3       sun.reflect.annotation.AnnotationParser::parseSig (61 bytes)
Event: 2.915 Thread 0x0000023fa6e67800 nmethod 2039 0x0000023f90e7e990 code [0x0000023f90e7ec80, 0x0000023f90e7fd98]
Event: 2.915 Thread 0x0000023fa6e67800 2040       3       sun.reflect.generics.parser.SignatureParser::parseTypeSig (10 bytes)
Event: 2.915 Thread 0x0000023fa6e67800 nmethod 2040 0x0000023f90e80310 code [0x0000023f90e804e0, 0x0000023f90e806c8]
Event: 2.915 Thread 0x0000023fa6e67800 2041       3       sun.reflect.annotation.AnnotationParser::toClass (32 bytes)
Event: 2.916 Thread 0x0000023fa6e67800 nmethod 2041 0x0000023f90e80790 code [0x0000023f90e809e0, 0x0000023f90e814a8]
Event: 2.916 Thread 0x0000023fa6e67800 2042       3       java.lang.reflect.Constructor::newInstance (76 bytes)
Event: 2.916 Thread 0x0000023fa6e67800 nmethod 2042 0x0000023f90e81710 code [0x0000023f90e81920, 0x0000023f90e81d58]
Event: 2.916 Thread 0x0000023fa6e67800 2043       3       sun.reflect.annotation.AnnotationParser::parseMemberValue (162 bytes)
Event: 2.917 Thread 0x0000023fa6e67800 nmethod 2043 0x0000023f90e81f10 code [0x0000023f90e82260, 0x0000023f90e834d8]
Event: 2.918 Thread 0x0000023fa6e67800 2044       1       jdk.internal.reflect.ClassFileAssembler::getStack (5 bytes)
Event: 2.918 Thread 0x0000023fa6e67800 nmethod 2044 0x0000023f98086990 code [0x0000023f98086b40, 0x0000023f98086bf8]
Event: 2.918 Thread 0x0000023fa6e67800 2045       3       jdk.internal.reflect.ConstantPool::getIntAt (10 bytes)
Event: 2.918 Thread 0x0000023fa6e67800 nmethod 2045 0x0000023f90e83b10 code [0x0000023f90e83cc0, 0x0000023f90e83de8]

GC Heap History (8 events):
Event: 0.851 GC heap before
{Heap before GC invocations=0 (full 0):
 garbage-first heap   total 129024K, used 29696K [0x0000000080000000, 0x0000000100000000)
  region size 1024K, 24 young (24576K), 0 survivors (0K)
 Metaspace       used 10201K, capacity 10391K, committed 10624K, reserved 1058816K
  class space    used 1062K, capacity 1106K, committed 1152K, reserved 1048576K
}
Event: 0.858 GC heap after
{Heap after GC invocations=1 (full 0):
 garbage-first heap   total 129024K, used 9693K [0x0000000080000000, 0x0000000100000000)
  region size 1024K, 3 young (3072K), 3 survivors (3072K)
 Metaspace       used 10201K, capacity 10391K, committed 10624K, reserved 1058816K
  class space    used 1062K, capacity 1106K, committed 1152K, reserved 1048576K
}
Event: 1.176 GC heap before
{Heap before GC invocations=1 (full 0):
 garbage-first heap   total 129024K, used 31197K [0x0000000080000000, 0x0000000100000000)
  region size 1024K, 24 young (24576K), 3 survivors (3072K)
 Metaspace       used 11229K, capacity 11444K, committed 11520K, reserved 1058816K
  class space    used 1173K, capacity 1244K, committed 1280K, reserved 1048576K
}
Event: 1.179 GC heap after
{Heap after GC invocations=2 (full 0):
 garbage-first heap   total 129024K, used 10173K [0x0000000080000000, 0x0000000100000000)
  region size 1024K, 1 young (1024K), 1 survivors (1024K)
 Metaspace       used 11229K, capacity 11444K, committed 11520K, reserved 1058816K
  class space    used 1173K, capacity 1244K, committed 1280K, reserved 1048576K
}
Event: 2.400 GC heap before
{Heap before GC invocations=2 (full 0):
 garbage-first heap   total 129024K, used 62397K [0x0000000080000000, 0x0000000100000000)
  region size 1024K, 52 young (53248K), 1 survivors (1024K)
 Metaspace       used 17794K, capacity 18186K, committed 18432K, reserved 1064960K
  class space    used 2086K, capacity 2228K, committed 2304K, reserved 1048576K
}
Event: 2.405 GC heap after
{Heap after GC invocations=3 (full 0):
 garbage-first heap   total 129024K, used 16403K [0x0000000080000000, 0x0000000100000000)
  region size 1024K, 7 young (7168K), 7 survivors (7168K)
 Metaspace       used 17794K, capacity 18186K, committed 18432K, reserved 1064960K
  class space    used 2086K, capacity 2228K, committed 2304K, reserved 1048576K
}
Event: 2.691 GC heap before
{Heap before GC invocations=3 (full 0):
 garbage-first heap   total 129024K, used 44051K [0x0000000080000000, 0x0000000100000000)
  region size 1024K, 36 young (36864K), 7 survivors (7168K)
 Metaspace       used 20711K, capacity 21158K, committed 21248K, reserved 1067008K
  class space    used 2547K, capacity 2729K, committed 2816K, reserved 1048576K
}
Event: 2.696 GC heap after
{Heap after GC invocations=4 (full 0):
 garbage-first heap   total 129024K, used 17634K [0x0000000080000000, 0x0000000100000000)
  region size 1024K, 2 young (2048K), 2 survivors (2048K)
 Metaspace       used 20711K, capacity 21158K, committed 21248K, reserved 1067008K
  class space    used 2547K, capacity 2729K, committed 2816K, reserved 1048576K
}

Deoptimization events (20 events):
Event: 2.715 Thread 0x0000023fab029000 Uncommon trap: trap_request=0xffffffc6 fr.pc=0x0000023f97ffacd4 relative=0x0000000000000114
Event: 2.715 Thread 0x0000023fab029000 Uncommon trap: reason=bimorphic_or_optimized_type_check action=maybe_recompile pc=0x0000023f97ffacd4 method=java.util.AbstractList$Itr.next()Ljava/lang/Object; @ 14 c2
Event: 2.715 Thread 0x0000023fab029000 DEOPT PACKING pc=0x0000023f97ffacd4 sp=0x00000042062faac0
Event: 2.715 Thread 0x0000023fab029000 DEOPT UNPACKING pc=0x0000023f904fa1af sp=0x00000042062faa58 mode 2
Event: 2.715 Thread 0x0000023fab029000 Uncommon trap: trap_request=0xffffff4d fr.pc=0x0000023f97ff50f8 relative=0x00000000000005b8
Event: 2.715 Thread 0x0000023fab029000 Uncommon trap: reason=unstable_if action=reinterpret pc=0x0000023f97ff50f8 method=java.io.File.getName()Ljava/lang/String; @ 16 c2
Event: 2.715 Thread 0x0000023fab029000 DEOPT PACKING pc=0x0000023f97ff50f8 sp=0x00000042062fb490
Event: 2.715 Thread 0x0000023fab029000 DEOPT UNPACKING pc=0x0000023f904fa1af sp=0x00000042062fb460 mode 2
Event: 2.715 Thread 0x0000023fab029000 Uncommon trap: trap_request=0xffffff4d fr.pc=0x0000023f97ff5a90 relative=0x0000000000000450
Event: 2.715 Thread 0x0000023fab029000 Uncommon trap: reason=unstable_if action=reinterpret pc=0x0000023f97ff5a90 method=java.lang.String.substring(I)Ljava/lang/String; @ 34 c2
Event: 2.715 Thread 0x0000023fab029000 DEOPT PACKING pc=0x0000023f97ff5a90 sp=0x00000042062fb410
Event: 2.715 Thread 0x0000023fab029000 DEOPT UNPACKING pc=0x0000023f904fa1af sp=0x00000042062fb3e8 mode 2
Event: 2.794 Thread 0x0000023fab029000 Uncommon trap: trap_request=0xffffff4d fr.pc=0x0000023f9807ff98 relative=0x0000000000000398
Event: 2.794 Thread 0x0000023fab029000 Uncommon trap: reason=unstable_if action=reinterpret pc=0x0000023f9807ff98 method=jdk.internal.org.objectweb.asm.Type.getArgumentsAndReturnSizes(Ljava/lang/String;)I @ 88 c2
Event: 2.794 Thread 0x0000023fab029000 DEOPT PACKING pc=0x0000023f9807ff98 sp=0x00000042062f9a00
Event: 2.794 Thread 0x0000023fab029000 DEOPT UNPACKING pc=0x0000023f904fa1af sp=0x00000042062f9988 mode 2
Event: 2.799 Thread 0x0000023fab029000 Uncommon trap: trap_request=0xffffffcc fr.pc=0x0000023f980815f8 relative=0x00000000000002b8
Event: 2.799 Thread 0x0000023fab029000 Uncommon trap: reason=intrinsic_or_type_checked_inlining action=make_not_entrant pc=0x0000023f980815f8 method=java.util.Arrays.copyOf([Ljava/lang/Object;ILjava/lang/Class;)[Ljava/lang/Object; @ 35 c2
Event: 2.799 Thread 0x0000023fab029000 DEOPT PACKING pc=0x0000023f980815f8 sp=0x00000042062fbaf0
Event: 2.799 Thread 0x0000023fab029000 DEOPT UNPACKING pc=0x0000023f904fa1af sp=0x00000042062fba80 mode 2

Classes redefined (0 events):
No events

Internal exceptions (20 events):
Event: 1.295 Thread 0x0000023f8c9aa000 Exception <a 'java/security/PrivilegedActionException'{0x0000000086e705f8}> (0x0000000086e705f8) thrown at [./src/hotspot/share/prims/jvm.cpp, line 1306]
Event: 1.475 Thread 0x0000023f8c9aa000 Exception <a 'java/lang/NoSuchMethodError'{0x0000000085b08918}: 'java.lang.Object java.lang.invoke.DirectMethodHandle$Holder.invokeStaticInit(java.lang.Object, java.lang.Object, java.lang.Object)'> (0x0000000085b08918) thrown at [./src/hotspot/share/interpreter/linkResolver.cpp, line 773]
Event: 1.597 Thread 0x0000023f8c9aa000 Exception <a 'java/lang/NoSuchMethodError'{0x00000000855cb438}: 'java.lang.Object java.lang.invoke.DirectMethodHandle$Holder.invokeStaticInit(java.lang.Object, int, int, int, int)'> (0x00000000855cb438) thrown at [./src/hotspot/share/interpreter/linkResolver.cpp, line 773]
Event: 1.872 Thread 0x0000023f8c9aa000 Exception <a 'java/lang/NoSuchMethodError'{0x000000008541d108}: 'java.lang.Object java.lang.invoke.DirectMethodHandle$Holder.invokeStaticInit(java.lang.Object, java.lang.Object, int, int, int, int)'> (0x000000008541d108) thrown at [./src/hotspot/share/interpreter/linkResolver.cpp, line 773]
Event: 2.261 Thread 0x0000023f8c9aa000 Exception <a 'java/io/IOException'{0x00000000853fde98}> (0x00000000853fde98) thrown at [./src/hotspot/share/prims/jni.cpp, line 615]
Event: 2.314 Thread 0x0000023fa9c31800 Exception <a 'java/lang/NoSuchMethodError'{0x00000000850f0a10}: <clinit>> (0x00000000850f0a10) thrown at [./src/hotspot/share/prims/jni.cpp, line 1365]
Event: 2.315 Thread 0x0000023fa9c31800 Exception <a 'java/lang/NoSuchMethodError'{0x0000000084f08e60}: <clinit>> (0x0000000084f08e60) thrown at [./src/hotspot/share/prims/jni.cpp, line 1365]
Event: 2.316 Thread 0x0000023fa9c31800 Exception <a 'java/lang/NoSuchMethodError'{0x0000000084f12828}: <clinit>> (0x0000000084f12828) thrown at [./src/hotspot/share/prims/jni.cpp, line 1365]
Event: 2.317 Thread 0x0000023fa9c31800 Exception <a 'java/lang/NoSuchMethodError'{0x0000000084f27c78}: <clinit>> (0x0000000084f27c78) thrown at [./src/hotspot/share/prims/jni.cpp, line 1365]
Event: 2.377 Thread 0x0000023fab029000 Exception <a 'java/lang/NoSuchMethodError'{0x0000000084cdbed0}: 'long java.lang.invoke.DirectMethodHandle$Holder.invokeInterface(java.lang.Object, java.lang.Object)'> (0x0000000084cdbed0) thrown at [./src/hotspot/share/interpreter/linkResolver.cpp, line 773]
Event: 2.378 Thread 0x0000023fab029000 Exception <a 'java/lang/NoSuchMethodError'{0x0000000084ce8f70}: 'void java.lang.invoke.DelegatingMethodHandle$Holder.reinvoke_L(java.lang.Object, java.lang.Object, java.lang.Object, java.lang.Object, java.lang.Object, java.lang.Object, java.lang.Object)'> (0x0000000084ce8f70) thrown at [./src/hotspot/share/interpreter/linkResolver.cpp, line 773]
Event: 2.651 Thread 0x0000023fab029000 Exception <a 'java/lang/NoSuchMethodError'{0x00000000865f9050}: 'void java.lang.invoke.DirectMethodHandle$Holder.invokeStaticInit(java.lang.Object)'> (0x00000000865f9050) thrown at [./src/hotspot/share/interpreter/linkResolver.cpp, line 773]
Event: 2.660 Thread 0x0000023fab029000 Exception <a 'java/lang/NoSuchMethodError'{0x00000000864df550}: 'java.lang.Object java.lang.invoke.DirectMethodHandle$Holder.invokeStatic(java.lang.Object, java.lang.Object, java.lang.Object, int)'> (0x00000000864df550) thrown at [./src/hotspot/share/interpreter/linkResolver.cpp, line 773]
Event: 2.660 Thread 0x0000023fab029000 Exception <a 'java/lang/NoSuchMethodError'{0x00000000864e3c68}: 'java.lang.Object java.lang.invoke.DirectMethodHandle$Holder.invokeSpecial(java.lang.Object, java.lang.Object, java.lang.Object, java.lang.Object, int)'> (0x00000000864e3c68) thrown at [./src/hotspot/share/interpreter/linkResolver.cpp, line 773]
Event: 2.660 Thread 0x0000023fab029000 Exception <a 'java/lang/NoSuchMethodError'{0x00000000864e7ba0}: 'java.lang.Object java.lang.invoke.Invokers$Holder.linkToTargetMethod(java.lang.Object, java.lang.Object, int, java.lang.Object)'> (0x00000000864e7ba0) thrown at [./src/hotspot/share/interpreter/linkResolver.cpp, line 773]
Event: 2.748 Thread 0x0000023fab029000 Exception <a 'java/lang/NoSuchMethodError'{0x0000000087ad46e8}: 'int java.lang.invoke.DirectMethodHandle$Holder.invokeSpecialIFC(java.lang.Object, java.lang.Object, java.lang.Object, java.lang.Object)'> (0x0000000087ad46e8) thrown at [./src/hotspot/share/interpreter/linkResolver.cpp, line 773]
Event: 2.750 Thread 0x0000023fab029000 Exception <a 'java/lang/NoSuchMethodError'{0x0000000087ae26a0}: 'java.lang.Object java.lang.invoke.DirectMethodHandle$Holder.invokeInterface(java.lang.Object, java.lang.Object, java.lang.Object)'> (0x0000000087ae26a0) thrown at [./src/hotspot/share/interpreter/linkResolver.cpp, line 773]
Event: 2.750 Thread 0x0000023fab029000 Exception <a 'java/lang/IncompatibleClassChangeError'{0x0000000087ae5b78}: Found class java.lang.Object, but interface was expected> (0x0000000087ae5b78) thrown at [./src/hotspot/share/interpreter/linkResolver.cpp, line 839]
Event: 2.850 Thread 0x0000023fab029000 Exception <a 'java/lang/NoSuchMethodError'{0x0000000086e62ca8}: 'java.lang.Object java.lang.invoke.DirectMethodHandle$Holder.invokeSpecial(java.lang.Object, java.lang.Object, java.lang.Object, java.lang.Object, java.lang.Object, java.lang.Object, java.lang.Object, java.lang.Object, java.lang.Object)'> (0x0000000086e62ca8) thrown at [./src/hotspot/share/interpreter/linkResolver.cpp, line 773]
Event: 2.905 Thread 0x0000023fab029000 Exception <a 'java/lang/NoSuchMethodError'{0x00000000865e9488}: 'java.lang.Object java.lang.invoke.DirectMethodHandle$Holder.invokeVirtual(java.lang.Object, java.lang.Object, java.lang.Object, java.lang.Object)'> (0x00000000865e9488) thrown at [./src/hotspot/share/interpreter/linkResolver.cpp, line 773]

Events (20 events):
Event: 2.917 loading class org/gradle/api/HasImplicitReceiver
Event: 2.917 loading class org/gradle/api/HasImplicitReceiver done
Event: 2.918 loading class org/gradle/profile/BuildProfileServices$1$1
Event: 2.918 loading class org/gradle/profile/BuildProfileServices$1$1 done
Event: 2.919 loading class org/gradle/internal/build/DefaultPublicBuildPath
Event: 2.919 loading class org/gradle/internal/build/DefaultPublicBuildPath done
Event: 2.919 loading class org/gradle/util/Path
Event: 2.919 loading class org/gradle/util/Path done
Event: 2.920 loading class org/gradle/util/internal/GUtil$1
Event: 2.920 loading class org/gradle/util/internal/GUtil$1 done
Event: 2.920 loading class org/gradle/configurationcache/initialization/ConfigurationCacheBuildEnablement$isProblemListenerEnabledForCurrentBuild$2
Event: 2.920 loading class org/gradle/configurationcache/initialization/ConfigurationCacheBuildEnablement$isProblemListenerEnabledForCurrentBuild$2 done
Event: 2.920 loading class kotlin/SynchronizedLazyImpl
Event: 2.920 loading class kotlin/SynchronizedLazyImpl done
Event: 2.921 loading class org/gradle/internal/featurelifecycle/ScriptUsageLocationReporter
Event: 2.921 loading class org/gradle/internal/featurelifecycle/ScriptUsageLocationReporter done
Event: 2.921 loading class org/gradle/internal/build/DefaultBuildLifecycleControllerFactory$1
Event: 2.921 loading class org/gradle/internal/build/DefaultBuildLifecycleControllerFactory$1 done
Event: 2.921 loading class org/gradle/invocation/DefaultGradle
Event: 2.921 loading class org/gradle/invocation/DefaultGradle done


Dynamic libraries:
0x00007ff7d4820000 - 0x00007ff7d482a000 	C:\Program Files\Android\Android Studio\jre\bin\java.exe
0x00007ff992f50000 - 0x00007ff993164000 	C:\WINDOWS\SYSTEM32\ntdll.dll
0x00007ff992a10000 - 0x00007ff992ad2000 	C:\WINDOWS\System32\KERNEL32.DLL
0x00007ff990400000 - 0x00007ff99079c000 	C:\WINDOWS\System32\KERNELBASE.dll
0x00007ff9907a0000 - 0x00007ff9908b1000 	C:\WINDOWS\System32\ucrtbase.dll
0x00007ff9871d0000 - 0x00007ff9871e7000 	C:\Program Files\Android\Android Studio\jre\bin\VCRUNTIME140.dll
0x00007ff987160000 - 0x00007ff987179000 	C:\Program Files\Android\Android Studio\jre\bin\jli.dll
0x00007ff992cc0000 - 0x00007ff992e6b000 	C:\WINDOWS\System32\USER32.dll
0x00007ff96ffb0000 - 0x00007ff97023e000 	C:\WINDOWS\WinSxS\amd64_microsoft.windows.common-controls_6595b64144ccf1df_6.0.22621.317_none_a9434687c10c9fa2\COMCTL32.dll
0x00007ff990c10000 - 0x00007ff990c36000 	C:\WINDOWS\System32\win32u.dll
0x00007ff992830000 - 0x00007ff9928d7000 	C:\WINDOWS\System32\msvcrt.dll
0x00007ff9929e0000 - 0x00007ff992a09000 	C:\WINDOWS\System32\GDI32.dll
0x00007ff990c40000 - 0x00007ff990d52000 	C:\WINDOWS\System32\gdi32full.dll
0x00007ff990b70000 - 0x00007ff990c0a000 	C:\WINDOWS\System32\msvcp_win.dll
0x00007ff990f20000 - 0x00007ff990f51000 	C:\WINDOWS\System32\IMM32.DLL
0x00007ff977700000 - 0x00007ff97779d000 	C:\Program Files\Android\Android Studio\jre\bin\msvcp140.dll
0x00007ff902330000 - 0x00007ff902e15000 	C:\Program Files\Android\Android Studio\jre\bin\server\jvm.dll
0x00007ff990fd0000 - 0x00007ff99107e000 	C:\WINDOWS\System32\ADVAPI32.dll
0x00007ff992ae0000 - 0x00007ff992b84000 	C:\WINDOWS\System32\sechost.dll
0x00007ff992290000 - 0x00007ff9923a5000 	C:\WINDOWS\System32\RPCRT4.dll
0x00007ff992280000 - 0x00007ff992288000 	C:\WINDOWS\System32\PSAPI.DLL
0x00007ff988440000 - 0x00007ff98844a000 	C:\WINDOWS\SYSTEM32\VERSION.dll
0x00007ff989880000 - 0x00007ff9898b4000 	C:\WINDOWS\SYSTEM32\WINMM.dll
0x00007ff972520000 - 0x00007ff972529000 	C:\WINDOWS\SYSTEM32\WSOCK32.dll
0x00007ff992e70000 - 0x00007ff992ee1000 	C:\WINDOWS\System32\WS2_32.dll
0x00007ff98f4c0000 - 0x00007ff98f4d8000 	C:\WINDOWS\SYSTEM32\kernel.appcore.dll
0x00007ff980790000 - 0x00007ff9807a1000 	C:\Program Files\Android\Android Studio\jre\bin\verify.dll
0x00007ff98d950000 - 0x00007ff98db7e000 	C:\WINDOWS\SYSTEM32\DBGHELP.DLL
0x00007ff991410000 - 0x00007ff991799000 	C:\WINDOWS\System32\combase.dll
0x00007ff991130000 - 0x00007ff991207000 	C:\WINDOWS\System32\OLEAUT32.dll
0x00007ff980ca0000 - 0x00007ff980cd2000 	C:\WINDOWS\SYSTEM32\dbgcore.DLL
0x00007ff9908c0000 - 0x00007ff99093b000 	C:\WINDOWS\System32\bcryptPrimitives.dll
0x00007ff961be0000 - 0x00007ff961c09000 	C:\Program Files\Android\Android Studio\jre\bin\java.dll
0x00007ff980610000 - 0x00007ff98061b000 	C:\Program Files\Android\Android Studio\jre\bin\jimage.dll
0x00007ff961bc0000 - 0x00007ff961bd8000 	C:\Program Files\Android\Android Studio\jre\bin\zip.dll
0x00007ff991900000 - 0x00007ff9920db000 	C:\WINDOWS\System32\SHELL32.dll
0x00007ff98e3b0000 - 0x00007ff98ec65000 	C:\WINDOWS\SYSTEM32\windows.storage.dll
0x00007ff98e270000 - 0x00007ff98e3ad000 	C:\WINDOWS\SYSTEM32\wintypes.dll
0x00007ff9928e0000 - 0x00007ff9929d1000 	C:\WINDOWS\System32\SHCORE.dll
0x00007ff9918a0000 - 0x00007ff9918fe000 	C:\WINDOWS\System32\shlwapi.dll
0x00007ff9902c0000 - 0x00007ff9902e1000 	C:\WINDOWS\SYSTEM32\profapi.dll
0x00007ff961ba0000 - 0x00007ff961bba000 	C:\Program Files\Android\Android Studio\jre\bin\net.dll
0x00007ff989700000 - 0x00007ff98982f000 	C:\WINDOWS\SYSTEM32\WINHTTP.dll
0x00007ff98f920000 - 0x00007ff98f989000 	C:\WINDOWS\system32\mswsock.dll
0x00007ff961b80000 - 0x00007ff961b94000 	C:\Program Files\Android\Android Studio\jre\bin\nio.dll
0x00007ff9871f0000 - 0x00007ff987217000 	C:\Users\Ray Ann Martinez\.gradle\native\e1d6ef7f7dcc3fd88c89a11ec53ec762bb8ba0a96d01ffa2cd45eb1d1d8dd5c5\windows-amd64\native-platform.dll
0x00007ff951a20000 - 0x00007ff951b64000 	C:\Users\Ray Ann Martinez\.gradle\native\5664cfc778a61ccfe75a443a1ab52a65af34e5dc3c78e0209fed803814484fcb\windows-amd64\native-platform-file-events.dll
0x00007ff980600000 - 0x00007ff98060a000 	C:\Program Files\Android\Android Studio\jre\bin\management.dll
0x00007ff97f230000 - 0x00007ff97f23d000 	C:\Program Files\Android\Android Studio\jre\bin\management_ext.dll
0x00007ff98fb80000 - 0x00007ff98fb9b000 	C:\WINDOWS\SYSTEM32\CRYPTSP.dll
0x00007ff98f430000 - 0x00007ff98f465000 	C:\WINDOWS\system32\rsaenh.dll
0x00007ff98fa30000 - 0x00007ff98fa58000 	C:\WINDOWS\SYSTEM32\USERENV.dll
0x00007ff98fd40000 - 0x00007ff98fd68000 	C:\WINDOWS\SYSTEM32\bcrypt.dll
0x00007ff98fba0000 - 0x00007ff98fbac000 	C:\WINDOWS\SYSTEM32\CRYPTBASE.dll
0x00007ff98ef30000 - 0x00007ff98ef5d000 	C:\WINDOWS\SYSTEM32\IPHLPAPI.DLL
0x00007ff991210000 - 0x00007ff991219000 	C:\WINDOWS\System32\NSI.dll
0x00007ff9896e0000 - 0x00007ff9896f9000 	C:\WINDOWS\SYSTEM32\dhcpcsvc6.DLL
0x00007ff9896c0000 - 0x00007ff9896df000 	C:\WINDOWS\SYSTEM32\dhcpcsvc.DLL
0x00007ff98efa0000 - 0x00007ff98f092000 	C:\WINDOWS\SYSTEM32\DNSAPI.dll

dbghelp: loaded successfully - version: 4.0.5 - missing functions: none
symbol engine: initialized successfully - sym options: 0x614 - pdb path: .;C:\Program Files\Android\Android Studio\jre\bin;C:\WINDOWS\SYSTEM32;C:\WINDOWS\WinSxS\amd64_microsoft.windows.common-controls_6595b64144ccf1df_6.0.22621.317_none_a9434687c10c9fa2;C:\Program Files\Android\Android Studio\jre\bin\server;C:\Users\Ray Ann Martinez\.gradle\native\e1d6ef7f7dcc3fd88c89a11ec53ec762bb8ba0a96d01ffa2cd45eb1d1d8dd5c5\windows-amd64;C:\Users\Ray Ann Martinez\.gradle\native\5664cfc778a61ccfe75a443a1ab52a65af34e5dc3c78e0209fed803814484fcb\windows-amd64

VM Arguments:
jvm_args: --add-opens=java.base/java.util=ALL-UNNAMED --add-opens=java.base/java.lang=ALL-UNNAMED --add-opens=java.base/java.lang.invoke=ALL-UNNAMED --add-opens=java.base/java.util=ALL-UNNAMED --add-opens=java.prefs/java.util.prefs=ALL-UNNAMED --add-opens=java.prefs/java.util.prefs=ALL-UNNAMED --add-opens=java.base/java.nio.charset=ALL-UNNAMED --add-opens=java.base/java.net=ALL-UNNAMED --add-opens=java.base/java.util.concurrent.atomic=ALL-UNNAMED -Xmx2048m -Dfile.encoding=UTF-8 -Duser.country=PH -Duser.language=en -Duser.variant 
java_command: org.gradle.launcher.daemon.bootstrap.GradleDaemon 7.3.3
java_class_path (initial): C:\Users\Ray Ann Martinez\.gradle\wrapper\dists\gradle-7.3.3-bin\6a41zxkdtcxs8rphpq6y0069z\gradle-7.3.3\lib\gradle-launcher-7.3.3.jar
Launcher Type: SUN_STANDARD

[Global flags]
     intx CICompilerCount                          = 4                                         {product} {ergonomic}
     uint ConcGCThreads                            = 2                                         {product} {ergonomic}
     uint G1ConcRefinementThreads                  = 8                                         {product} {ergonomic}
   size_t G1HeapRegionSize                         = 1048576                                   {product} {ergonomic}
    uintx GCDrainStackTargetSize                   = 64                                        {product} {ergonomic}
   size_t InitialHeapSize                          = 132120576                                 {product} {ergonomic}
   size_t MarkStackSize                            = 4194304                                   {product} {ergonomic}
   size_t MaxHeapSize                              = 2147483648                                {product} {command line}
   size_t MaxNewSize                               = 1287651328                                {product} {ergonomic}
   size_t MinHeapDeltaBytes                        = 1048576                                   {product} {ergonomic}
    uintx NonNMethodCodeHeapSize                   = 5836300                                {pd product} {ergonomic}
    uintx NonProfiledCodeHeapSize                  = 122910970                              {pd product} {ergonomic}
    uintx ProfiledCodeHeapSize                     = 122910970                              {pd product} {ergonomic}
    uintx ReservedCodeCacheSize                    = 251658240                              {pd product} {ergonomic}
     bool SegmentedCodeCache                       = true                                      {product} {ergonomic}
     bool UseCompressedClassPointers               = true                                 {lp64_product} {ergonomic}
     bool UseCompressedOops                        = true                                 {lp64_product} {ergonomic}
     bool UseG1GC                                  = true                                      {product} {ergonomic}
     bool UseLargePagesIndividualAllocation        = false                                  {pd product} {ergonomic}

Logging:
Log output configuration:
 #0: stdout all=warning uptime,level,tags
 #1: stderr all=off uptime,level,tags

Environment Variables:
PATH=C:\Program Files\Common Files\Oracle\Java\javapath;C:\Program Files (x86)\Common Files\Oracle\Java\javapath;C:\Program Files (x86)\Razer\ChromaBroadcast\bin;C:\Program Files\Razer\ChromaBroadcast\bin;C:\Windows\system32;C:\Windows;C:\Windows\System32\Wbem;C:\Windows\System32\WindowsPowerShell\v1.0\;C:\Windows\System32\OpenSSH\;C:\Program Files (x86)\NVIDIA Corporation\PhysX\Common;C:\Program Files\NVIDIA Corporation\NVIDIA NvDLISR;C:\WINDOWS\system32;C:\WINDOWS;C:\WINDOWS\System32\Wbem;C:\WINDOWS\System32\WindowsPowerShell\v1.0\;C:\WINDOWS\System32\OpenSSH\;C:\WINDOWS\system32\config\systemprofile\AppData\Local\Microsoft\WindowsApps;C:\WINDOWS\system32;C:\WINDOWS;C:\WINDOWS\System32\Wbem;C:\WINDOWS\System32\WindowsPowerShell\v1.0\;C:\WINDOWS\System32\OpenSSH\;C:\ProgramData\chocolatey\bin;C:\ProgramData\chocolatey\lib\mpv.install\tools;C:\Program Files\dotnet\;C:\Users\Ray Ann Martinez\AppData\Local\Android Open Source Project\Emulator;C:\Program Files\Git\cmd;C:\Program Files\Docker\Docker\resources\bin;C:\ProgramData\DockerDesktop\version-bin;C:\Program Files\nodejs\;C:\Users\Ray Ann Martinez\AppData\Local\Packages\PythonSoftwareFoundation.Python.3.10_qbz5n2kfra8p0\LocalCache\local-packages\Python310\Scripts;C:\Users\Ray Ann Martinez\AppData\Local\Microsoft\WindowsApps;C:\Users\Ray Ann Martinez\AppData\Local\Android Open Source Project\Emulator;C:\Program Files\Java\jdk-18.0.2.1\bin;C:\Users\Ray Ann Martinez\AppData\Local\Programs\Microsoft VS Code\bin;C:\Users\Ray Ann Martinez\AppData\Roaming\npm;C:\Users\Ray Ann Martinez\AppData\Local\GitHubDesktop\bin;C:\Users\Ray Ann Martinez\AppData\Local\Programs\Python\Python310\Scripts;C:\Users\Ray Ann Martinez\AppData\Local\Packages\PythonSoftwareFoundation.Python.3.10_qbz5n2kfra8p0\LocalCache\local-packages\Python310\Scripts;
USERNAME=Ray Ann Martinez
OS=Windows_NT
PROCESSOR_IDENTIFIER=Intel64 Family 6 Model 165 Stepping 2, GenuineIntel



---------------  S Y S T E M  ---------------

OS: Windows 10 , 64 bit Build 22621 (10.0.22621.457)
OS uptime: 1 days 7:08 hours
Hyper-V role detected

CPU:total 8 (initial active 8) (4 cores per cpu, 2 threads per core) family 6 model 165 stepping 2 microcode 0xe2, cmov, cx8, fxsr, mmx, sse, sse2, sse3, ssse3, sse4.1, sse4.2, popcnt, avx, avx2, aes, clmul, erms, 3dnowpref, lzcnt, ht, tsc, tscinvbit, bmi1, bmi2, adx, fma

Memory: 4k page, system-wide physical 8059M (364M free)
TotalPageFile size 32635M (AvailPageFile size 6M)
current process WorkingSet (physical memory assigned to process): 186M, peak: 186M
current process commit charge ("private bytes"): 279M, peak: 279M

vm_info: OpenJDK 64-Bit Server VM (11.0.12+7-b1504.28-7817840) for windows-amd64 JRE (11.0.12+7-b1504.28-7817840), built on Oct 13 2021 22:12:33 by "builder" with MS VC++ 14.0 (VS2015)

END.
