#
# There is insufficient memory for the Java Runtime Environment to continue.
# Native memory allocation (mmap) failed to map 27262976 bytes for Failed to commit area from 0x0000000087e00000 to 0x0000000089800000 of length 27262976.
# Possible reasons:
#   The system is out of physical RAM or swap space
#   The process is running with CompressedOops enabled, and the Java Heap may be blocking the growth of the native heap
# Possible solutions:
#   Reduce memory load on the system
#   Increase physical memory or swap space
#   Check if swap backing store is full
#   Decrease Java heap size (-Xmx/-Xms)
#   Decrease number of Java threads
#   Decrease Java thread stack sizes (-Xss)
#   Set larger code cache with -XX:ReservedCodeCacheSize=
#   JVM is running with Unscaled Compressed Oops mode in which the Java heap is
#     placed in the first 4GB address space. The Java Heap base address is the
#     maximum limit for the native heap growth. Please use -XX:HeapBaseMinAddress
#     to set the Java Heap base and to place the Java Heap above 4GB virtual address.
# This output file may be truncated or incomplete.
#
#  Out of Memory Error (./src/hotspot/os/windows/os_windows.cpp:3521), pid=6776, tid=22504
#
# JRE version: OpenJDK Runtime Environment (11.0.12+7) (build 11.0.12+7-b1504.28-7817840)
# Java VM: OpenJDK 64-Bit Server VM (11.0.12+7-b1504.28-7817840, mixed mode, tiered, compressed oops, g1 gc, windows-amd64)
# No core dump will be written. Minidumps are not enabled by default on client versions of Windows
#

---------------  S U M M A R Y ------------

Command Line: --add-opens=java.base/java.util=ALL-UNNAMED --add-opens=java.base/java.lang=ALL-UNNAMED --add-opens=java.base/java.lang.invoke=ALL-UNNAMED --add-opens=java.base/java.util=ALL-UNNAMED --add-opens=java.prefs/java.util.prefs=ALL-UNNAMED --add-opens=java.prefs/java.util.prefs=ALL-UNNAMED --add-opens=java.base/java.nio.charset=ALL-UNNAMED --add-opens=java.base/java.net=ALL-UNNAMED --add-opens=java.base/java.util.concurrent.atomic=ALL-UNNAMED -Xmx2048m -Dfile.encoding=UTF-8 -Duser.country=PH -Duser.language=en -Duser.variant org.gradle.launcher.daemon.bootstrap.GradleDaemon 7.3.3

Host: Intel(R) Core(TM) i5-10300H CPU @ 2.50GHz, 8 cores, 7G,  Windows 10 , 64 bit Build 22621 (10.0.22621.457)
Time: Mon Oct  3 20:49:54 2022 Malay Peninsula Standard Time elapsed time: 5.489502 seconds (0d 0h 0m 5s)

---------------  T H R E A D  ---------------

Current thread (0x00000240e2ed2000):  VMThread "VM Thread" [stack: 0x000000ad87100000,0x000000ad87200000] [id=22504]

Stack: [0x000000ad87100000,0x000000ad87200000]
[error occurred during error reporting (printing stack bounds), id 0xc0000005, EXCEPTION_ACCESS_VIOLATION (0xc0000005) at pc=0x00000240cc53112d]

Native frames: (J=compiled Java code, j=interpreted, Vv=VM code, C=native code)
V  [jvm.dll+0x5fbcea]
V  [jvm.dll+0x731905]
V  [jvm.dll+0x732f1d]
V  [jvm.dll+0x733535]
V  [jvm.dll+0x7334eb]
V  [jvm.dll+0x5fb080]
V  [jvm.dll+0x5fb818]
C  [ntdll.dll+0xa3e1f]
C  [ntdll.dll+0x1eae6]
C  [ntdll.dll+0xa2e0e]
C  0x00000240cc53112d

VM_Operation (0x000000ad884f01a0): G1CollectForAllocation, mode: safepoint, requested by thread 0x00000240e589b000


---------------  P R O C E S S  ---------------

Threads class SMR info:
_java_thread_list=0x00000240e8125000, length=41, elements={
0x00000240c8a2a800, 0x00000240e2ed6000, 0x00000240e2ee1000, 0x00000240e2eed800,
0x00000240e2eee000, 0x00000240e2eef000, 0x00000240e2ef2000, 0x00000240e3845800,
0x00000240e384b000, 0x00000240e39a8000, 0x00000240e4f0b000, 0x00000240e4d9f800,
0x00000240e5912800, 0x00000240e47e0000, 0x00000240e47e0800, 0x00000240e5ca7000,
0x00000240e589b000, 0x00000240e58b4000, 0x00000240e5833000, 0x00000240e51eb000,
0x00000240e51e8000, 0x00000240e51ea800, 0x00000240e51e6800, 0x00000240e51e9800,
0x00000240e51ec000, 0x00000240e51e8800, 0x00000240e51e7000, 0x00000240e51ed000,
0x00000240e612a800, 0x00000240e612d000, 0x00000240e612e800, 0x00000240e612f800,
0x00000240e612c800, 0x00000240e612e000, 0x00000240e607e800, 0x00000240e612a000,
0x00000240e6131000, 0x00000240e6130800, 0x00000240e612b800, 0x00000240e6138800,
0x00000240e6133800
}

Java Threads: ( => current thread )
  0x00000240c8a2a800 JavaThread "main" [_thread_blocked, id=21752, stack(0x000000ad86b00000,0x000000ad86c00000)]
  0x00000240e2ed6000 JavaThread "Reference Handler" daemon [_thread_blocked, id=13572, stack(0x000000ad87200000,0x000000ad87300000)]
  0x00000240e2ee1000 JavaThread "Finalizer" daemon [_thread_blocked, id=2828, stack(0x000000ad87300000,0x000000ad87400000)]
  0x00000240e2eed800 JavaThread "Signal Dispatcher" daemon [_thread_blocked, id=18972, stack(0x000000ad87400000,0x000000ad87500000)]
  0x00000240e2eee000 JavaThread "Attach Listener" daemon [_thread_blocked, id=9332, stack(0x000000ad87500000,0x000000ad87600000)]
  0x00000240e2eef000 JavaThread "Service Thread" daemon [_thread_blocked, id=18992, stack(0x000000ad87600000,0x000000ad87700000)]
  0x00000240e2ef2000 JavaThread "C2 CompilerThread0" daemon [_thread_blocked, id=12116, stack(0x000000ad87700000,0x000000ad87800000)]
  0x00000240e3845800 JavaThread "C1 CompilerThread0" daemon [_thread_blocked, id=6024, stack(0x000000ad87800000,0x000000ad87900000)]
  0x00000240e384b000 JavaThread "Sweeper thread" daemon [_thread_blocked, id=17404, stack(0x000000ad87900000,0x000000ad87a00000)]
  0x00000240e39a8000 JavaThread "Common-Cleaner" daemon [_thread_blocked, id=19508, stack(0x000000ad87a00000,0x000000ad87b00000)]
  0x00000240e4f0b000 JavaThread "Daemon health stats" [_thread_blocked, id=6116, stack(0x000000ad87e00000,0x000000ad87f00000)]
  0x00000240e4d9f800 JavaThread "Incoming local TCP Connector on port 56934" [_thread_in_native, id=22240, stack(0x000000ad87f00000,0x000000ad88000000)]
  0x00000240e5912800 JavaThread "Daemon periodic checks" [_thread_blocked, id=9508, stack(0x000000ad88000000,0x000000ad88100000)]
  0x00000240e47e0000 JavaThread "Daemon" [_thread_blocked, id=8916, stack(0x000000ad88100000,0x000000ad88200000)]
  0x00000240e47e0800 JavaThread "Handler for socket connection from /127.0.0.1:56934 to /127.0.0.1:56935" [_thread_in_native, id=2708, stack(0x000000ad88200000,0x000000ad88300000)]
  0x00000240e5ca7000 JavaThread "Cancel handler" [_thread_blocked, id=11216, stack(0x000000ad88300000,0x000000ad88400000)]
  0x00000240e589b000 JavaThread "Daemon worker" [_thread_blocked, id=11508, stack(0x000000ad88400000,0x000000ad88500000)]
  0x00000240e58b4000 JavaThread "Asynchronous log dispatcher for DefaultDaemonConnection: socket connection from /127.0.0.1:56934 to /127.0.0.1:56935" [_thread_blocked, id=10976, stack(0x000000ad88500000,0x000000ad88600000)]
  0x00000240e5833000 JavaThread "Stdin handler" [_thread_blocked, id=20188, stack(0x000000ad88600000,0x000000ad88700000)]
  0x00000240e51eb000 JavaThread "Daemon client event forwarder" [_thread_blocked, id=2776, stack(0x000000ad88700000,0x000000ad88800000)]
  0x00000240e51e8000 JavaThread "Cache worker for journal cache (C:\Users\Ray Ann Martinez\.gradle\caches\journal-1)" [_thread_blocked, id=12604, stack(0x000000ad88d00000,0x000000ad88e00000)]
  0x00000240e51ea800 JavaThread "File lock request listener" [_thread_in_native, id=14048, stack(0x000000ad88e00000,0x000000ad88f00000)]
  0x00000240e51e6800 JavaThread "Cache worker for file hash cache (C:\Users\Ray Ann Martinez\.gradle\caches\7.3.3\fileHashes)" [_thread_blocked, id=5832, stack(0x000000ad89000000,0x000000ad89100000)]
  0x00000240e51e9800 JavaThread "Cache worker for file hash cache (C:\Users\Ray Ann Martinez\AndroidStudioProjects\Synapse\.gradle\7.3.3\fileHashes)" [_thread_blocked, id=10724, stack(0x000000ad89100000,0x000000ad89200000)]
  0x00000240e51ec000 JavaThread "File watcher server" daemon [_thread_in_native, id=15664, stack(0x000000ad89200000,0x000000ad89300000)]
  0x00000240e51e8800 JavaThread "File watcher consumer" daemon [_thread_blocked, id=13748, stack(0x000000ad89300000,0x000000ad89400000)]
  0x00000240e51e7000 JavaThread "jar transforms" [_thread_blocked, id=18864, stack(0x000000ad89400000,0x000000ad89500000)]
  0x00000240e51ed000 JavaThread "jar transforms Thread 2" [_thread_blocked, id=4720, stack(0x000000ad89500000,0x000000ad89600000)]
  0x00000240e612a800 JavaThread "jar transforms Thread 3" [_thread_blocked, id=12736, stack(0x000000ad89600000,0x000000ad89700000)]
  0x00000240e612d000 JavaThread "jar transforms Thread 4" [_thread_blocked, id=8720, stack(0x000000ad89700000,0x000000ad89800000)]
  0x00000240e612e800 JavaThread "jar transforms Thread 5" [_thread_blocked, id=9316, stack(0x000000ad89800000,0x000000ad89900000)]
  0x00000240e612f800 JavaThread "jar transforms Thread 6" [_thread_blocked, id=22940, stack(0x000000ad89900000,0x000000ad89a00000)]
  0x00000240e612c800 JavaThread "jar transforms Thread 7" [_thread_blocked, id=16232, stack(0x000000ad89a00000,0x000000ad89b00000)]
  0x00000240e612e000 JavaThread "jar transforms Thread 8" [_thread_blocked, id=22932, stack(0x000000ad89b00000,0x000000ad89c00000)]
  0x00000240e607e800 JavaThread "C2 CompilerThread1" daemon [_thread_blocked, id=16196, stack(0x000000ad89c00000,0x000000ad89d00000)]
  0x00000240e612a000 JavaThread "Cache worker for checksums cache (C:\Users\Ray Ann Martinez\AndroidStudioProjects\Synapse\.gradle\7.3.3\checksums)" [_thread_blocked, id=15844, stack(0x000000ad89d00000,0x000000ad89e00000)]
  0x00000240e6131000 JavaThread "Cache worker for cache directory md-supplier (C:\Users\Ray Ann Martinez\.gradle\caches\7.3.3\md-supplier)" [_thread_blocked, id=20988, stack(0x000000ad89e00000,0x000000ad89f00000)]
  0x00000240e6130800 JavaThread "Cache worker for cache directory md-rule (C:\Users\Ray Ann Martinez\.gradle\caches\7.3.3\md-rule)" [_thread_blocked, id=6704, stack(0x000000ad89f00000,0x000000ad8a000000)]
  0x00000240e612b800 JavaThread "Cache worker for execution history cache (C:\Users\Ray Ann Martinez\.gradle\caches\7.3.3\executionHistory)" [_thread_blocked, id=8544, stack(0x000000ad8a000000,0x000000ad8a100000)]
  0x00000240e6138800 JavaThread "Cache worker for file content cache (C:\Users\Ray Ann Martinez\.gradle\caches\7.3.3\fileContent)" [_thread_blocked, id=8656, stack(0x000000ad8a100000,0x000000ad8a200000)]
  0x00000240e6133800 JavaThread "Cache worker for dependencies-accessors (C:\Users\Ray Ann Martinez\AndroidStudioProjects\Synapse\.gradle\7.3.3\dependencies-accessors)" [_thread_blocked, id=14544, stack(0x000000ad8a200000,0x000000ad8a300000)]

Other Threads:
=>0x00000240e2ed2000 VMThread "VM Thread" [stack: 0x000000ad87100000,0x000000ad87200000] [id=22504]
  0x00000240e39ca800 WatcherThread [stack: 0x000000ad87b00000,0x000000ad87c00000] [id=17124]
  0x00000240c8a44000 GCTaskThread "GC Thread#0" [stack: 0x000000ad86c00000,0x000000ad86d00000] [id=16376]
  0x00000240e41c1800 GCTaskThread "GC Thread#1" [stack: 0x000000ad87c00000,0x000000ad87d00000] [id=18976]
  0x00000240e44d3000 GCTaskThread "GC Thread#2" [stack: 0x000000ad87d00000,0x000000ad87e00000] [id=9084]
  0x00000240e58b8000 GCTaskThread "GC Thread#3" [stack: 0x000000ad88800000,0x000000ad88900000] [id=4056]
  0x00000240e5834000 GCTaskThread "GC Thread#4" [stack: 0x000000ad88900000,0x000000ad88a00000] [id=19968]
  0x00000240e5349800 GCTaskThread "GC Thread#5" [stack: 0x000000ad88a00000,0x000000ad88b00000] [id=13584]
  0x00000240e5877000 GCTaskThread "GC Thread#6" [stack: 0x000000ad88b00000,0x000000ad88c00000] [id=11204]
  0x00000240e5877800 GCTaskThread "GC Thread#7" [stack: 0x000000ad88c00000,0x000000ad88d00000] [id=22280]
  0x00000240c8a76000 ConcurrentGCThread "G1 Main Marker" [stack: 0x000000ad86d00000,0x000000ad86e00000] [id=12012]
  0x00000240c8a78000 ConcurrentGCThread "G1 Conc#0" [stack: 0x000000ad86e00000,0x000000ad86f00000] [id=15940]
  0x00000240e5d3b800 ConcurrentGCThread "G1 Conc#1" [stack: 0x000000ad88f00000,0x000000ad89000000] [id=11260]
  0x00000240c8afe000 ConcurrentGCThread "G1 Refine#0" [stack: 0x000000ad86f00000,0x000000ad87000000] [id=2384]
  0x00000240e2d22800 ConcurrentGCThread "G1 Young RemSet Sampling" [stack: 0x000000ad87000000,0x000000ad87100000] [id=11016]

Threads with active compile tasks:
C2 CompilerThread0   5511 4388   !   4       java.lang.ClassLoader::loadClass (122 bytes)
C2 CompilerThread1   5511 4365       4       java.lang.PublicMethods::merge (81 bytes)

VM state:at safepoint (normal execution)

VM Mutex/Monitor currently owned by a thread:  ([mutex/lock_event])
[0x00000240c8a27ac0] Threads_lock - owner thread: 0x00000240e2ed2000
[0x00000240c8a263b0] Heap_lock - owner thread: 0x00000240e589b000

Heap address: 0x0000000080000000, size: 2048 MB, Compressed Oops mode: 32-bit
Narrow klass base: 0x0000000000000000, Narrow klass shift: 3
Compressed class space size: 1073741824 Address: 0x0000000100000000

Heap:
 garbage-first heap   total 155648K, used 58164K [0x0000000080000000, 0x0000000100000000)
  region size 1024K, 5 young (5120K), 5 survivors (5120K)
 Metaspace       used 47997K, capacity 49272K, committed 49484K, reserved 1091584K
  class space    used 6159K, capacity 6656K, committed 6732K, reserved 1048576K
Heap Regions: E=young(eden), S=young(survivor), O=old, HS=humongous(starts), HC=humongous(continues), CS=collection set, F=free, A=archive, TAMS=top-at-mark-start (previous, next)
|   0|0x0000000080000000, 0x0000000080100000, 0x0000000080100000|100%| O|  |TAMS 0x0000000080100000, 0x0000000080000000| Untracked 
|   1|0x0000000080100000, 0x0000000080200000, 0x0000000080200000|100%| O|  |TAMS 0x0000000080200000, 0x0000000080100000| Untracked 
|   2|0x0000000080200000, 0x0000000080300000, 0x0000000080300000|100%| O|  |TAMS 0x0000000080300000, 0x0000000080200000| Untracked 
|   3|0x0000000080300000, 0x0000000080400000, 0x0000000080400000|100%|HS|  |TAMS 0x0000000080400000, 0x0000000080300000| Complete 
|   4|0x0000000080400000, 0x0000000080500000, 0x0000000080500000|100%|HC|  |TAMS 0x0000000080500000, 0x0000000080400000| Complete 
|   5|0x0000000080500000, 0x0000000080600000, 0x0000000080600000|100%|HC|  |TAMS 0x0000000080600000, 0x0000000080500000| Complete 
|   6|0x0000000080600000, 0x0000000080700000, 0x0000000080700000|100%| O|  |TAMS 0x0000000080700000, 0x0000000080600000| Untracked 
|   7|0x0000000080700000, 0x0000000080800000, 0x0000000080800000|100%| O|  |TAMS 0x0000000080800000, 0x0000000080700000| Untracked 
|   8|0x0000000080800000, 0x0000000080900000, 0x0000000080900000|100%| O|  |TAMS 0x0000000080900000, 0x0000000080800000| Untracked 
|   9|0x0000000080900000, 0x0000000080a00000, 0x0000000080a00000|100%| O|  |TAMS 0x0000000080a00000, 0x0000000080900000| Untracked 
|  10|0x0000000080a00000, 0x0000000080b00000, 0x0000000080b00000|100%| O|  |TAMS 0x0000000080b00000, 0x0000000080a00000| Untracked 
|  11|0x0000000080b00000, 0x0000000080c00000, 0x0000000080c00000|100%| O|  |TAMS 0x0000000080c00000, 0x0000000080b00000| Untracked 
|  12|0x0000000080c00000, 0x0000000080d00000, 0x0000000080d00000|100%| O|  |TAMS 0x0000000080d00000, 0x0000000080c00000| Untracked 
|  13|0x0000000080d00000, 0x0000000080e00000, 0x0000000080e00000|100%| O|  |TAMS 0x0000000080e00000, 0x0000000080d00000| Untracked 
|  14|0x0000000080e00000, 0x0000000080f00000, 0x0000000080f00000|100%| O|  |TAMS 0x0000000080f00000, 0x0000000080e00000| Untracked 
|  15|0x0000000080f00000, 0x0000000081000000, 0x0000000081000000|100%| O|  |TAMS 0x0000000081000000, 0x0000000080f00000| Untracked 
|  16|0x0000000081000000, 0x0000000081100000, 0x0000000081100000|100%|HS|  |TAMS 0x0000000081100000, 0x0000000081000000| Complete 
|  17|0x0000000081100000, 0x0000000081200000, 0x0000000081200000|100%|HC|  |TAMS 0x0000000081200000, 0x0000000081100000| Complete 
|  18|0x0000000081200000, 0x0000000081300000, 0x0000000081300000|100%|HS|  |TAMS 0x0000000081300000, 0x0000000081200000| Complete 
|  19|0x0000000081300000, 0x0000000081400000, 0x0000000081400000|100%|HC|  |TAMS 0x0000000081400000, 0x0000000081300000| Complete 
|  20|0x0000000081400000, 0x0000000081500000, 0x0000000081500000|100%|HC|  |TAMS 0x0000000081500000, 0x0000000081400000| Complete 
|  21|0x0000000081500000, 0x0000000081600000, 0x0000000081600000|100%|HS|  |TAMS 0x0000000081600000, 0x0000000081500000| Complete 
|  22|0x0000000081600000, 0x0000000081700000, 0x0000000081700000|100%|HS|  |TAMS 0x0000000081700000, 0x0000000081600000| Complete 
|  23|0x0000000081700000, 0x0000000081800000, 0x0000000081800000|100%|HC|  |TAMS 0x0000000081800000, 0x0000000081700000| Complete 
|  24|0x0000000081800000, 0x0000000081900000, 0x0000000081900000|100%|HC|  |TAMS 0x0000000081900000, 0x0000000081800000| Complete 
|  25|0x0000000081900000, 0x0000000081a00000, 0x0000000081a00000|100%|HC|  |TAMS 0x0000000081a00000, 0x0000000081900000| Complete 
|  26|0x0000000081a00000, 0x0000000081b00000, 0x0000000081b00000|100%| O|  |TAMS 0x0000000081b00000, 0x0000000081a00000| Untracked 
|  27|0x0000000081b00000, 0x0000000081c00000, 0x0000000081c00000|100%| O|  |TAMS 0x0000000081c00000, 0x0000000081b00000| Untracked 
|  28|0x0000000081c00000, 0x0000000081d00000, 0x0000000081d00000|100%| O|  |TAMS 0x0000000081d00000, 0x0000000081c00000| Untracked 
|  29|0x0000000081d00000, 0x0000000081e00000, 0x0000000081e00000|100%| O|  |TAMS 0x0000000081e00000, 0x0000000081d00000| Untracked 
|  30|0x0000000081e00000, 0x0000000081f00000, 0x0000000081f00000|100%| O|  |TAMS 0x0000000081f00000, 0x0000000081e00000| Untracked 
|  31|0x0000000081f00000, 0x0000000082000000, 0x0000000082000000|100%| O|  |TAMS 0x0000000082000000, 0x0000000081f00000| Untracked 
|  32|0x0000000082000000, 0x0000000082100000, 0x0000000082100000|100%| O|  |TAMS 0x0000000082100000, 0x0000000082000000| Untracked 
|  33|0x0000000082100000, 0x0000000082200000, 0x0000000082200000|100%| O|  |TAMS 0x00000000821fe600, 0x0000000082100000| Untracked 
|  34|0x0000000082200000, 0x0000000082300000, 0x0000000082300000|100%|HS|  |TAMS 0x0000000082200000, 0x0000000082200000| Complete 
|  35|0x0000000082300000, 0x0000000082400000, 0x0000000082400000|100%|HS|  |TAMS 0x0000000082300000, 0x0000000082300000| Complete 
|  36|0x0000000082400000, 0x0000000082500000, 0x0000000082500000|100%|HC|  |TAMS 0x0000000082400000, 0x0000000082400000| Complete 
|  37|0x0000000082500000, 0x0000000082600000, 0x0000000082600000|100%|HC|  |TAMS 0x0000000082500000, 0x0000000082500000| Complete 
|  38|0x0000000082600000, 0x0000000082700000, 0x0000000082700000|100%| O|  |TAMS 0x0000000082600000, 0x0000000082600000| Untracked 
|  39|0x0000000082700000, 0x0000000082800000, 0x0000000082800000|100%| O|  |TAMS 0x0000000082700000, 0x0000000082700000| Untracked 
|  40|0x0000000082800000, 0x0000000082900000, 0x0000000082900000|100%| O|  |TAMS 0x0000000082800000, 0x0000000082800000| Untracked 
|  41|0x0000000082900000, 0x0000000082a00000, 0x0000000082a00000|100%| O|  |TAMS 0x0000000082900000, 0x0000000082900000| Untracked 
|  42|0x0000000082a00000, 0x0000000082b00000, 0x0000000082b00000|100%| O|  |TAMS 0x0000000082a00000, 0x0000000082a00000| Untracked 
|  43|0x0000000082b00000, 0x0000000082c00000, 0x0000000082c00000|100%| O|  |TAMS 0x0000000082b00000, 0x0000000082b00000| Untracked 
|  44|0x0000000082c00000, 0x0000000082d00000, 0x0000000082d00000|100%| O|  |TAMS 0x0000000082c00000, 0x0000000082c00000| Untracked 
|  45|0x0000000082d00000, 0x0000000082e00000, 0x0000000082e00000|100%| O|  |TAMS 0x0000000082d00000, 0x0000000082d00000| Untracked 
|  46|0x0000000082e00000, 0x0000000082f00000, 0x0000000082f00000|100%|HS|  |TAMS 0x0000000082e00000, 0x0000000082e00000| Complete 
|  47|0x0000000082f00000, 0x0000000083000000, 0x0000000083000000|100%|HC|  |TAMS 0x0000000082f00000, 0x0000000082f00000| Complete 
|  48|0x0000000083000000, 0x0000000083100000, 0x0000000083100000|100%|HC|  |TAMS 0x0000000083000000, 0x0000000083000000| Complete 
|  49|0x0000000083100000, 0x0000000083200000, 0x0000000083200000|100%|HC|  |TAMS 0x0000000083100000, 0x0000000083100000| Complete 
|  50|0x0000000083200000, 0x0000000083300000, 0x0000000083300000|100%| O|  |TAMS 0x0000000083200000, 0x0000000083200000| Untracked 
|  51|0x0000000083300000, 0x0000000083400000, 0x0000000083400000|100%| O|  |TAMS 0x0000000083300000, 0x0000000083300000| Untracked 
|  52|0x0000000083400000, 0x000000008349d000, 0x0000000083500000| 61%| O|  |TAMS 0x0000000083400000, 0x0000000083400000| Untracked 
|  53|0x0000000083500000, 0x0000000083500000, 0x0000000083600000|  0%| F|  |TAMS 0x0000000083500000, 0x0000000083500000| Untracked 
|  54|0x0000000083600000, 0x0000000083600000, 0x0000000083700000|  0%| F|  |TAMS 0x0000000083600000, 0x0000000083600000| Untracked 
|  55|0x0000000083700000, 0x0000000083700000, 0x0000000083800000|  0%| F|  |TAMS 0x0000000083700000, 0x0000000083700000| Untracked 
|  56|0x0000000083800000, 0x0000000083800000, 0x0000000083900000|  0%| F|  |TAMS 0x0000000083800000, 0x0000000083800000| Untracked 
|  57|0x0000000083900000, 0x0000000083900000, 0x0000000083a00000|  0%| F|  |TAMS 0x0000000083900000, 0x0000000083900000| Untracked 
|  58|0x0000000083a00000, 0x0000000083a00000, 0x0000000083b00000|  0%| F|  |TAMS 0x0000000083a00000, 0x0000000083a00000| Untracked 
|  59|0x0000000083b00000, 0x0000000083b00000, 0x0000000083c00000|  0%| F|  |TAMS 0x0000000083b00000, 0x0000000083b00000| Untracked 
|  60|0x0000000083c00000, 0x0000000083c00000, 0x0000000083d00000|  0%| F|  |TAMS 0x0000000083c00000, 0x0000000083c00000| Untracked 
|  61|0x0000000083d00000, 0x0000000083d00000, 0x0000000083e00000|  0%| F|  |TAMS 0x0000000083d00000, 0x0000000083d00000| Untracked 
|  62|0x0000000083e00000, 0x0000000083e00000, 0x0000000083f00000|  0%| F|  |TAMS 0x0000000083e00000, 0x0000000083e00000| Untracked 
|  63|0x0000000083f00000, 0x0000000083f00000, 0x0000000084000000|  0%| F|  |TAMS 0x0000000083f00000, 0x0000000083f00000| Untracked 
|  64|0x0000000084000000, 0x0000000084000000, 0x0000000084100000|  0%| F|  |TAMS 0x0000000084000000, 0x0000000084000000| Untracked 
|  65|0x0000000084100000, 0x0000000084100000, 0x0000000084200000|  0%| F|  |TAMS 0x0000000084100000, 0x0000000084100000| Untracked 
|  66|0x0000000084200000, 0x0000000084200000, 0x0000000084300000|  0%| F|  |TAMS 0x0000000084200000, 0x0000000084200000| Untracked 
|  67|0x0000000084300000, 0x0000000084300000, 0x0000000084400000|  0%| F|  |TAMS 0x0000000084300000, 0x0000000084300000| Untracked 
|  68|0x0000000084400000, 0x0000000084400000, 0x0000000084500000|  0%| F|  |TAMS 0x0000000084400000, 0x0000000084400000| Untracked 
|  69|0x0000000084500000, 0x0000000084500000, 0x0000000084600000|  0%| F|  |TAMS 0x0000000084500000, 0x0000000084500000| Untracked 
|  70|0x0000000084600000, 0x0000000084600000, 0x0000000084700000|  0%| F|  |TAMS 0x0000000084600000, 0x0000000084600000| Untracked 
|  71|0x0000000084700000, 0x0000000084700000, 0x0000000084800000|  0%| F|  |TAMS 0x0000000084700000, 0x0000000084700000| Untracked 
|  72|0x0000000084800000, 0x0000000084800000, 0x0000000084900000|  0%| F|  |TAMS 0x0000000084800000, 0x0000000084800000| Untracked 
|  73|0x0000000084900000, 0x0000000084900000, 0x0000000084a00000|  0%| F|  |TAMS 0x0000000084900000, 0x0000000084900000| Untracked 
|  74|0x0000000084a00000, 0x0000000084a00000, 0x0000000084b00000|  0%| F|  |TAMS 0x0000000084a00000, 0x0000000084a00000| Untracked 
|  75|0x0000000084b00000, 0x0000000084b30140, 0x0000000084c00000| 18%| S|CS|TAMS 0x0000000084b00000, 0x0000000084b00000| Complete 
|  76|0x0000000084c00000, 0x0000000084d00000, 0x0000000084d00000|100%| S|CS|TAMS 0x0000000084c00000, 0x0000000084c00000| Complete 
|  77|0x0000000084d00000, 0x0000000084e00000, 0x0000000084e00000|100%| S|CS|TAMS 0x0000000084d00000, 0x0000000084d00000| Complete 
|  78|0x0000000084e00000, 0x0000000084f00000, 0x0000000084f00000|100%| S|CS|TAMS 0x0000000084e00000, 0x0000000084e00000| Complete 
|  79|0x0000000084f00000, 0x0000000085000000, 0x0000000085000000|100%| S|CS|TAMS 0x0000000084f00000, 0x0000000084f00000| Complete 
|  80|0x0000000085000000, 0x0000000085000000, 0x0000000085100000|  0%| F|  |TAMS 0x0000000085000000, 0x0000000085000000| Untracked 
|  81|0x0000000085100000, 0x0000000085100000, 0x0000000085200000|  0%| F|  |TAMS 0x0000000085100000, 0x0000000085100000| Untracked 
|  82|0x0000000085200000, 0x0000000085200000, 0x0000000085300000|  0%| F|  |TAMS 0x0000000085200000, 0x0000000085200000| Untracked 
|  83|0x0000000085300000, 0x0000000085300000, 0x0000000085400000|  0%| F|  |TAMS 0x0000000085300000, 0x0000000085300000| Untracked 
|  84|0x0000000085400000, 0x0000000085400000, 0x0000000085500000|  0%| F|  |TAMS 0x0000000085400000, 0x0000000085400000| Untracked 
|  85|0x0000000085500000, 0x0000000085500000, 0x0000000085600000|  0%| F|  |TAMS 0x0000000085500000, 0x0000000085500000| Untracked 
|  86|0x0000000085600000, 0x0000000085600000, 0x0000000085700000|  0%| F|  |TAMS 0x0000000085600000, 0x0000000085600000| Untracked 
|  87|0x0000000085700000, 0x0000000085700000, 0x0000000085800000|  0%| F|  |TAMS 0x0000000085700000, 0x0000000085700000| Untracked 
|  88|0x0000000085800000, 0x0000000085800000, 0x0000000085900000|  0%| F|  |TAMS 0x0000000085800000, 0x0000000085800000| Untracked 
|  89|0x0000000085900000, 0x0000000085900000, 0x0000000085a00000|  0%| F|  |TAMS 0x0000000085900000, 0x0000000085900000| Untracked 
|  90|0x0000000085a00000, 0x0000000085a00000, 0x0000000085b00000|  0%| F|  |TAMS 0x0000000085a00000, 0x0000000085a00000| Untracked 
|  91|0x0000000085b00000, 0x0000000085b00000, 0x0000000085c00000|  0%| F|  |TAMS 0x0000000085b00000, 0x0000000085b00000| Untracked 
|  92|0x0000000085c00000, 0x0000000085c00000, 0x0000000085d00000|  0%| F|  |TAMS 0x0000000085c00000, 0x0000000085c00000| Untracked 
|  93|0x0000000085d00000, 0x0000000085d00000, 0x0000000085e00000|  0%| F|  |TAMS 0x0000000085d00000, 0x0000000085d00000| Untracked 
|  94|0x0000000085e00000, 0x0000000085e00000, 0x0000000085f00000|  0%| F|  |TAMS 0x0000000085e00000, 0x0000000085e00000| Untracked 
|  95|0x0000000085f00000, 0x0000000085f00000, 0x0000000086000000|  0%| F|  |TAMS 0x0000000085f00000, 0x0000000085f00000| Untracked 
|  96|0x0000000086000000, 0x0000000086000000, 0x0000000086100000|  0%| F|  |TAMS 0x0000000086000000, 0x0000000086000000| Untracked 
|  97|0x0000000086100000, 0x0000000086100000, 0x0000000086200000|  0%| F|  |TAMS 0x0000000086100000, 0x0000000086100000| Untracked 
|  98|0x0000000086200000, 0x0000000086200000, 0x0000000086300000|  0%| F|  |TAMS 0x0000000086200000, 0x0000000086200000| Untracked 
|  99|0x0000000086300000, 0x0000000086300000, 0x0000000086400000|  0%| F|  |TAMS 0x0000000086300000, 0x0000000086300000| Untracked 
| 100|0x0000000086400000, 0x0000000086400000, 0x0000000086500000|  0%| F|  |TAMS 0x0000000086400000, 0x0000000086400000| Untracked 
| 101|0x0000000086500000, 0x0000000086500000, 0x0000000086600000|  0%| F|  |TAMS 0x0000000086500000, 0x0000000086500000| Untracked 
| 102|0x0000000086600000, 0x0000000086600000, 0x0000000086700000|  0%| F|  |TAMS 0x0000000086600000, 0x0000000086600000| Untracked 
| 103|0x0000000086700000, 0x0000000086700000, 0x0000000086800000|  0%| F|  |TAMS 0x0000000086700000, 0x0000000086700000| Untracked 
| 104|0x0000000086800000, 0x0000000086800000, 0x0000000086900000|  0%| F|  |TAMS 0x0000000086800000, 0x0000000086800000| Untracked 
| 105|0x0000000086900000, 0x0000000086900000, 0x0000000086a00000|  0%| F|  |TAMS 0x0000000086900000, 0x0000000086900000| Untracked 
| 106|0x0000000086a00000, 0x0000000086a00000, 0x0000000086b00000|  0%| F|  |TAMS 0x0000000086a00000, 0x0000000086a00000| Untracked 
| 107|0x0000000086b00000, 0x0000000086b00000, 0x0000000086c00000|  0%| F|  |TAMS 0x0000000086b00000, 0x0000000086b00000| Untracked 
| 108|0x0000000086c00000, 0x0000000086c00000, 0x0000000086d00000|  0%| F|  |TAMS 0x0000000086c00000, 0x0000000086c00000| Untracked 
| 109|0x0000000086d00000, 0x0000000086d00000, 0x0000000086e00000|  0%| F|  |TAMS 0x0000000086d00000, 0x0000000086d00000| Untracked 
| 110|0x0000000086e00000, 0x0000000086e00000, 0x0000000086f00000|  0%| F|  |TAMS 0x0000000086e00000, 0x0000000086e00000| Untracked 
| 111|0x0000000086f00000, 0x0000000086f00000, 0x0000000087000000|  0%| F|  |TAMS 0x0000000086f00000, 0x0000000086f00000| Untracked 
| 112|0x0000000087000000, 0x0000000087000000, 0x0000000087100000|  0%| F|  |TAMS 0x0000000087000000, 0x0000000087000000| Untracked 
| 113|0x0000000087100000, 0x0000000087100000, 0x0000000087200000|  0%| F|  |TAMS 0x0000000087100000, 0x0000000087100000| Untracked 
| 114|0x0000000087200000, 0x0000000087200000, 0x0000000087300000|  0%| F|  |TAMS 0x0000000087200000, 0x0000000087200000| Untracked 
| 115|0x0000000087300000, 0x0000000087300000, 0x0000000087400000|  0%| F|  |TAMS 0x0000000087300000, 0x0000000087300000| Untracked 
| 116|0x0000000087400000, 0x0000000087400000, 0x0000000087500000|  0%| F|  |TAMS 0x0000000087400000, 0x0000000087400000| Untracked 
| 117|0x0000000087500000, 0x0000000087500000, 0x0000000087600000|  0%| F|  |TAMS 0x0000000087500000, 0x0000000087500000| Untracked 
| 118|0x0000000087600000, 0x0000000087600000, 0x0000000087700000|  0%| F|  |TAMS 0x0000000087600000, 0x0000000087600000| Untracked 
| 119|0x0000000087700000, 0x0000000087700000, 0x0000000087800000|  0%| F|  |TAMS 0x0000000087700000, 0x0000000087700000| Untracked 
| 120|0x0000000087800000, 0x0000000087800000, 0x0000000087900000|  0%| F|  |TAMS 0x0000000087800000, 0x0000000087800000| Untracked 
| 121|0x0000000087900000, 0x0000000087900000, 0x0000000087a00000|  0%| F|  |TAMS 0x0000000087900000, 0x0000000087900000| Untracked 
| 122|0x0000000087a00000, 0x0000000087a00000, 0x0000000087b00000|  0%| F|  |TAMS 0x0000000087a00000, 0x0000000087a00000| Untracked 
| 123|0x0000000087b00000, 0x0000000087b00000, 0x0000000087c00000|  0%| F|  |TAMS 0x0000000087b00000, 0x0000000087b00000| Untracked 
| 124|0x0000000087c00000, 0x0000000087c00000, 0x0000000087d00000|  0%| F|  |TAMS 0x0000000087c00000, 0x0000000087c00000| Untracked 
| 125|0x0000000087d00000, 0x0000000087d00000, 0x0000000087e00000|  0%| F|  |TAMS 0x0000000087d00000, 0x0000000087d00000| Untracked 

Card table byte_map: [0x00000240dbc60000,0x00000240dc060000] _byte_map_base: 0x00000240db860000

Marking Bits (Prev, Next): (CMBitMap*) 0x00000240c8a6d418, (CMBitMap*) 0x00000240c8a6d450
 Prev Bits: [0x00000240dc460000, 0x00000240de460000)
 Next Bits: [0x00000240de460000, 0x00000240e0460000)

Polling page: 0x00000240c6a30000

Metaspace:

Usage:
  Non-class:     41.62 MB capacity,    40.86 MB ( 98%) used,   657.06 KB (  2%) free+waste,   120.63 KB ( <1%) overhead. 
      Class:      6.50 MB capacity,     6.02 MB ( 93%) used,   437.96 KB (  7%) free+waste,    58.63 KB ( <1%) overhead. 
       Both:     48.12 MB capacity,    46.87 MB ( 97%) used,     1.07 MB (  2%) free+waste,   179.25 KB ( <1%) overhead. 

Virtual space:
  Non-class space:       42.00 MB reserved,      41.75 MB (>99%) committed 
      Class space:        1.00 GB reserved,       6.57 MB ( <1%) committed 
             Both:        1.04 GB reserved,      48.32 MB (  5%) committed 

Chunk freelists:
   Non-Class:  8.00 KB
       Class:  0 bytes
        Both:  8.00 KB

MaxMetaspaceSize: 17179869184.00 GB
CompressedClassSpaceSize: 1.00 GB
Initial GC threshold: 20.80 MB
Current GC threshold: 58.88 MB
CDS: off

CodeHeap 'non-profiled nmethods': size=120000Kb used=2357Kb max_used=2357Kb free=117642Kb
 bounds [0x00000240d4000000, 0x00000240d4270000, 0x00000240db530000]
CodeHeap 'profiled nmethods': size=120000Kb used=9718Kb max_used=9718Kb free=110281Kb
 bounds [0x00000240ccad0000, 0x00000240cd450000, 0x00000240d4000000]
CodeHeap 'non-nmethods': size=5760Kb used=2294Kb max_used=2358Kb free=3465Kb
 bounds [0x00000240cc530000, 0x00000240cc7a0000, 0x00000240ccad0000]
 total_blobs=5156 nmethods=4369 adapters=699
 compilation: enabled
              stopped_count=0, restarted_count=0
 full_count=0

Compilation events (20 events):
Event: 5.452 Thread 0x00000240e3845800 4382       3       java.util.Hashtable::getIterator (22 bytes)
Event: 5.452 Thread 0x00000240e3845800 nmethod 4382 0x00000240cd44ae10 code [0x00000240cd44afe0, 0x00000240cd44b248]
Event: 5.453 Thread 0x00000240e2ef2000 nmethod 4372 0x00000240d424ab10 code [0x00000240d424acc0, 0x00000240d424aee8]
Event: 5.453 Thread 0x00000240e2ef2000 4379       4       java.beans.MethodRef::get (91 bytes)
Event: 5.454 Thread 0x00000240e2ef2000 nmethod 4379 0x00000240d424b090 code [0x00000240d424b240, 0x00000240d424b398]
Event: 5.456 Thread 0x00000240e2ef2000 4383       4       groovy.lang.MetaClassImpl::filterPropertyMethod (305 bytes)
Event: 5.458 Thread 0x00000240e3845800 4385       3       org.gradle.internal.service.DefaultServiceRegistry$CollectingVisitor::visit (25 bytes)
Event: 5.458 Thread 0x00000240e3845800 nmethod 4385 0x00000240cd44b310 code [0x00000240cd44b4e0, 0x00000240cd44b7b8]
Event: 5.465 Thread 0x00000240e2ef2000 nmethod 4383 0x00000240d424b510 code [0x00000240d424b780, 0x00000240d424bf60]
Event: 5.465 Thread 0x00000240e2ef2000 4384       4       org.codehaus.groovy.util.SingleKeyHashMap::getOrPut (137 bytes)
Event: 5.465 Thread 0x00000240e3845800 4386       1       com.google.common.base.Suppliers$SupplierOfInstance::get (5 bytes)
Event: 5.465 Thread 0x00000240e3845800 nmethod 4386 0x00000240d424c610 code [0x00000240d424c7c0, 0x00000240d424c878]
Event: 5.466 Thread 0x00000240e3845800 4387       3       com.google.common.reflect.TypeResolver::resolveType (74 bytes)
Event: 5.466 Thread 0x00000240e3845800 nmethod 4387 0x00000240cd44b910 code [0x00000240cd44bc20, 0x00000240cd44d108]
Event: 5.472 Thread 0x00000240e2ef2000 nmethod 4384 0x00000240d424c910 code [0x00000240d424cae0, 0x00000240d424d0c8]
Event: 5.474 Thread 0x00000240e2ef2000 4388   !   4       java.lang.ClassLoader::loadClass (122 bytes)
Event: 5.475 Thread 0x00000240e3845800 4389       1       sun.reflect.generics.tree.ClassSignature::getFormalTypeParameters (5 bytes)
Event: 5.475 Thread 0x00000240e3845800 nmethod 4389 0x00000240d424d390 code [0x00000240d424d540, 0x00000240d424d5f8]
Event: 5.478 Thread 0x00000240e3845800 4390       3       java.lang.Long::bitCount (61 bytes)
Event: 5.478 Thread 0x00000240e3845800 nmethod 4390 0x00000240cd44d590 code [0x00000240cd44d740, 0x00000240cd44d898]

GC Heap History (17 events):
Event: 0.849 GC heap before
{Heap before GC invocations=0 (full 0):
 garbage-first heap   total 129024K, used 29696K [0x0000000080000000, 0x0000000100000000)
  region size 1024K, 24 young (24576K), 0 survivors (0K)
 Metaspace       used 10218K, capacity 10391K, committed 10624K, reserved 1058816K
  class space    used 1064K, capacity 1106K, committed 1152K, reserved 1048576K
}
Event: 0.854 GC heap after
{Heap after GC invocations=1 (full 0):
 garbage-first heap   total 129024K, used 9389K [0x0000000080000000, 0x0000000100000000)
  region size 1024K, 3 young (3072K), 3 survivors (3072K)
 Metaspace       used 10218K, capacity 10391K, committed 10624K, reserved 1058816K
  class space    used 1064K, capacity 1106K, committed 1152K, reserved 1048576K
}
Event: 2.388 GC heap before
{Heap before GC invocations=1 (full 0):
 garbage-first heap   total 129024K, used 83117K [0x0000000080000000, 0x0000000100000000)
  region size 1024K, 75 young (76800K), 3 survivors (3072K)
 Metaspace       used 17788K, capacity 18186K, committed 18432K, reserved 1064960K
  class space    used 2088K, capacity 2228K, committed 2304K, reserved 1048576K
}
Event: 2.395 GC heap after
{Heap after GC invocations=2 (full 0):
 garbage-first heap   total 129024K, used 15975K [0x0000000080000000, 0x0000000100000000)
  region size 1024K, 10 young (10240K), 10 survivors (10240K)
 Metaspace       used 17788K, capacity 18186K, committed 18432K, reserved 1064960K
  class space    used 2088K, capacity 2228K, committed 2304K, reserved 1048576K
}
Event: 2.644 GC heap before
{Heap before GC invocations=2 (full 0):
 garbage-first heap   total 129024K, used 45671K [0x0000000080000000, 0x0000000100000000)
  region size 1024K, 40 young (40960K), 10 survivors (10240K)
 Metaspace       used 20725K, capacity 21158K, committed 21248K, reserved 1067008K
  class space    used 2550K, capacity 2729K, committed 2816K, reserved 1048576K
}
Event: 2.651 GC heap after
{Heap after GC invocations=3 (full 0):
 garbage-first heap   total 129024K, used 16998K [0x0000000080000000, 0x0000000100000000)
  region size 1024K, 2 young (2048K), 2 survivors (2048K)
 Metaspace       used 20725K, capacity 21158K, committed 21248K, reserved 1067008K
  class space    used 2550K, capacity 2729K, committed 2816K, reserved 1048576K
}
Event: 3.191 GC heap before
{Heap before GC invocations=4 (full 0):
 garbage-first heap   total 129024K, used 76390K [0x0000000080000000, 0x0000000100000000)
  region size 1024K, 61 young (62464K), 2 survivors (2048K)
 Metaspace       used 27351K, capacity 28038K, committed 28160K, reserved 1073152K
  class space    used 3577K, capacity 3821K, committed 3840K, reserved 1048576K
}
Event: 3.195 GC heap after
{Heap after GC invocations=5 (full 0):
 garbage-first heap   total 129024K, used 19514K [0x0000000080000000, 0x0000000100000000)
  region size 1024K, 4 young (4096K), 4 survivors (4096K)
 Metaspace       used 27351K, capacity 28038K, committed 28160K, reserved 1073152K
  class space    used 3577K, capacity 3821K, committed 3840K, reserved 1048576K
}
Event: 3.903 GC heap before
{Heap before GC invocations=5 (full 0):
 garbage-first heap   total 129024K, used 96314K [0x0000000080000000, 0x0000000100000000)
  region size 1024K, 69 young (70656K), 4 survivors (4096K)
 Metaspace       used 33056K, capacity 33999K, committed 34048K, reserved 1079296K
  class space    used 4475K, capacity 4820K, committed 4864K, reserved 1048576K
}
Event: 3.908 GC heap after
{Heap after GC invocations=6 (full 0):
 garbage-first heap   total 129024K, used 34701K [0x0000000080000000, 0x0000000100000000)
  region size 1024K, 9 young (9216K), 9 survivors (9216K)
 Metaspace       used 33056K, capacity 33999K, committed 34048K, reserved 1079296K
  class space    used 4475K, capacity 4820K, committed 4864K, reserved 1048576K
}
Event: 4.035 GC heap before
{Heap before GC invocations=6 (full 0):
 garbage-first heap   total 129024K, used 42893K [0x0000000080000000, 0x0000000100000000)
  region size 1024K, 18 young (18432K), 9 survivors (9216K)
 Metaspace       used 34879K, capacity 35782K, committed 35840K, reserved 1081344K
  class space    used 4652K, capacity 4989K, committed 4992K, reserved 1048576K
}
Event: 4.044 GC heap after
{Heap after GC invocations=7 (full 0):
 garbage-first heap   total 129024K, used 36482K [0x0000000080000000, 0x0000000100000000)
  region size 1024K, 2 young (2048K), 2 survivors (2048K)
 Metaspace       used 34879K, capacity 35782K, committed 35840K, reserved 1081344K
  class space    used 4652K, capacity 4989K, committed 4992K, reserved 1048576K
}
Event: 4.624 GC heap before
{Heap before GC invocations=8 (full 0):
 garbage-first heap   total 129024K, used 95874K [0x0000000080000000, 0x0000000100000000)
  region size 1024K, 57 young (58368K), 2 survivors (2048K)
 Metaspace       used 41782K, capacity 42810K, committed 42956K, reserved 1087488K
  class space    used 5332K, capacity 5727K, committed 5836K, reserved 1048576K
}
Event: 4.629 GC heap after
{Heap after GC invocations=9 (full 0):
 garbage-first heap   total 129024K, used 42448K [0x0000000080000000, 0x0000000100000000)
  region size 1024K, 8 young (8192K), 8 survivors (8192K)
 Metaspace       used 41782K, capacity 42810K, committed 42956K, reserved 1087488K
  class space    used 5332K, capacity 5727K, committed 5836K, reserved 1048576K
}
Event: 5.135 GC heap before
{Heap before GC invocations=9 (full 0):
 garbage-first heap   total 129024K, used 98768K [0x0000000080000000, 0x0000000100000000)
  region size 1024K, 59 young (60416K), 8 survivors (8192K)
 Metaspace       used 45766K, capacity 46946K, committed 47308K, reserved 1089536K
  class space    used 5800K, capacity 6224K, committed 6348K, reserved 1048576K
}
Event: 5.142 GC heap after
{Heap after GC invocations=10 (full 0):
 garbage-first heap   total 129024K, used 49719K [0x0000000080000000, 0x0000000100000000)
  region size 1024K, 5 young (5120K), 5 survivors (5120K)
 Metaspace       used 45766K, capacity 46946K, committed 47308K, reserved 1089536K
  class space    used 5800K, capacity 6224K, committed 6348K, reserved 1048576K
}
Event: 5.481 GC heap before
{Heap before GC invocations=10 (full 0):
 garbage-first heap   total 129024K, used 100919K [0x0000000080000000, 0x0000000100000000)
  region size 1024K, 51 young (52224K), 5 survivors (5120K)
 Metaspace       used 47997K, capacity 49272K, committed 49484K, reserved 1091584K
  class space    used 6159K, capacity 6656K, committed 6732K, reserved 1048576K
}

Deoptimization events (20 events):
Event: 5.301 Thread 0x00000240e589b000 Uncommon trap: trap_request=0xffffff4d fr.pc=0x00000240d4152288 relative=0x0000000000000928
Event: 5.301 Thread 0x00000240e589b000 Uncommon trap: reason=unstable_if action=reinterpret pc=0x00000240d4152288 method=java.util.WeakHashMap.eq(Ljava/lang/Object;Ljava/lang/Object;)Z @ 2 c2
Event: 5.301 Thread 0x00000240e589b000 DEOPT PACKING pc=0x00000240d4152288 sp=0x000000ad884f5bb0
Event: 5.301 Thread 0x00000240e589b000 DEOPT UNPACKING pc=0x00000240cc57a1af sp=0x000000ad884f5b20 mode 2
Event: 5.317 Thread 0x00000240e589b000 Uncommon trap: trap_request=0xffffff4d fr.pc=0x00000240d4182630 relative=0x0000000000000110
Event: 5.317 Thread 0x00000240e589b000 Uncommon trap: reason=unstable_if action=reinterpret pc=0x00000240d4182630 method=java.util.Arrays.hashCode([Ljava/lang/Object;)I @ 34 c2
Event: 5.317 Thread 0x00000240e589b000 DEOPT PACKING pc=0x00000240d4182630 sp=0x000000ad884f8b60
Event: 5.317 Thread 0x00000240e589b000 DEOPT UNPACKING pc=0x00000240cc57a1af sp=0x000000ad884f8ad8 mode 2
Event: 5.337 Thread 0x00000240e589b000 Uncommon trap: trap_request=0xffffffc6 fr.pc=0x00000240d420bc7c relative=0x0000000000003b7c
Event: 5.337 Thread 0x00000240e589b000 Uncommon trap: reason=bimorphic_or_optimized_type_check action=maybe_recompile pc=0x00000240d420bc7c method=java.util.AbstractCollection.addAll(Ljava/util/Collection;)Z @ 29 c2
Event: 5.337 Thread 0x00000240e589b000 DEOPT PACKING pc=0x00000240d420bc7c sp=0x000000ad884fbdf0
Event: 5.337 Thread 0x00000240e589b000 DEOPT UNPACKING pc=0x00000240cc57a1af sp=0x000000ad884fbdf0 mode 2
Event: 5.365 Thread 0x00000240e589b000 Uncommon trap: trap_request=0xffffffde fr.pc=0x00000240d4204a74 relative=0x0000000000002eb4
Event: 5.365 Thread 0x00000240e589b000 Uncommon trap: reason=class_check action=maybe_recompile pc=0x00000240d4204a74 method=java.util.regex.Pattern$CharProperty.study(Ljava/util/regex/Pattern$TreeInfo;)Z @ 25 c2
Event: 5.365 Thread 0x00000240e589b000 DEOPT PACKING pc=0x00000240d4204a74 sp=0x000000ad884fa210
Event: 5.365 Thread 0x00000240e589b000 DEOPT UNPACKING pc=0x00000240cc57a1af sp=0x000000ad884fa108 mode 2
Event: 5.425 Thread 0x00000240e589b000 Uncommon trap: trap_request=0xffffffc6 fr.pc=0x00000240d420bc7c relative=0x0000000000003b7c
Event: 5.425 Thread 0x00000240e589b000 Uncommon trap: reason=bimorphic_or_optimized_type_check action=maybe_recompile pc=0x00000240d420bc7c method=java.util.AbstractCollection.addAll(Ljava/util/Collection;)Z @ 29 c2
Event: 5.425 Thread 0x00000240e589b000 DEOPT PACKING pc=0x00000240d420bc7c sp=0x000000ad884f8cc0
Event: 5.425 Thread 0x00000240e589b000 DEOPT UNPACKING pc=0x00000240cc57a1af sp=0x000000ad884f8cc0 mode 2

Classes redefined (0 events):
No events

Internal exceptions (20 events):
Event: 5.301 Thread 0x00000240e589b000 Exception <a 'java/lang/ClassNotFoundException'{0x00000000865a39e8}: java/lang/EnumBeanInfo> (0x00000000865a39e8) thrown at [./src/hotspot/share/classfile/systemDictionary.cpp, line 231]
Event: 5.301 Thread 0x00000240e589b000 Exception <a 'java/lang/ClassNotFoundException'{0x00000000865a9370}: java/lang/EnumCustomizer> (0x00000000865a9370) thrown at [./src/hotspot/share/classfile/systemDictionary.cpp, line 231]
Event: 5.302 Thread 0x00000240e589b000 Exception <a 'java/lang/ClassNotFoundException'{0x00000000865d9a48}: org/gradle/api/initialization/resolve/RepositoriesModeCustomizer> (0x00000000865d9a48) thrown at [./src/hotspot/share/classfile/systemDictionary.cpp, line 231]
Event: 5.305 Thread 0x00000240e589b000 Exception <a 'java/lang/ClassNotFoundException'{0x000000008645d678}: org/gradle/api/internal/provider/DefaultPropertyBeanInfo> (0x000000008645d678) thrown at [./src/hotspot/share/classfile/systemDictionary.cpp, line 231]
Event: 5.306 Thread 0x00000240e589b000 Exception <a 'java/lang/ClassNotFoundException'{0x00000000864858f0}: org/gradle/api/internal/provider/AbstractPropertyBeanInfo> (0x00000000864858f0) thrown at [./src/hotspot/share/classfile/systemDictionary.cpp, line 231]
Event: 5.306 Thread 0x00000240e589b000 Exception <a 'java/lang/ClassNotFoundException'{0x00000000864af840}: org/gradle/api/internal/provider/AbstractMinimalProviderBeanInfo> (0x00000000864af840) thrown at [./src/hotspot/share/classfile/systemDictionary.cpp, line 231]
Event: 5.306 Thread 0x00000240e589b000 Exception <a 'java/lang/ClassNotFoundException'{0x00000000864da4e0}: org/gradle/api/internal/provider/AbstractMinimalProviderCustomizer> (0x00000000864da4e0) thrown at [./src/hotspot/share/classfile/systemDictionary.cpp, line 231]
Event: 5.308 Thread 0x00000240e589b000 Exception <a 'java/lang/ClassNotFoundException'{0x000000008633dbb8}: org/gradle/api/internal/provider/AbstractPropertyCustomizer> (0x000000008633dbb8) thrown at [./src/hotspot/share/classfile/systemDictionary.cpp, line 231]
Event: 5.309 Thread 0x00000240e589b000 Exception <a 'java/lang/ClassNotFoundException'{0x00000000863722b0}: org/gradle/api/internal/provider/DefaultPropertyCustomizer> (0x00000000863722b0) thrown at [./src/hotspot/share/classfile/systemDictionary.cpp, line 231]
Event: 5.315 Thread 0x00000240e589b000 Exception <a 'java/lang/ClassNotFoundException'{0x00000000863e6c60}: org/gradle/initialization/DefaultProjectDescriptorBeanInfo> (0x00000000863e6c60) thrown at [./src/hotspot/share/classfile/systemDictionary.cpp, line 231]
Event: 5.315 Thread 0x00000240e589b000 Exception <a 'java/lang/ClassNotFoundException'{0x000000008620eed8}: org/gradle/initialization/DefaultProjectDescriptorCustomizer> (0x000000008620eed8) thrown at [./src/hotspot/share/classfile/systemDictionary.cpp, line 231]
Event: 5.317 Thread 0x00000240e589b000 Implicit null exception at 0x00000240d418256c to 0x00000240d4182614
Event: 5.355 Thread 0x00000240e589b000 Exception <a 'java/lang/ClassNotFoundException'{0x0000000085fa6e40}: org/jetbrains/plugins/gradle/model/web/WebConfigurationBeanInfo> (0x0000000085fa6e40) thrown at [./src/hotspot/share/classfile/systemDictionary.cpp, line 231]
Event: 5.355 Thread 0x00000240e589b000 Exception <a 'java/lang/ClassNotFoundException'{0x0000000085fb5e88}: org/jetbrains/plugins/gradle/model/web/WebConfigurationCustomizer> (0x0000000085fb5e88) thrown at [./src/hotspot/share/classfile/systemDictionary.cpp, line 231]
Event: 5.356 Thread 0x00000240e589b000 Exception <a 'java/lang/ClassNotFoundException'{0x0000000085fe8dd0}: org/jetbrains/plugins/gradle/model/scala/ScalaModelBeanInfo> (0x0000000085fe8dd0) thrown at [./src/hotspot/share/classfile/systemDictionary.cpp, line 231]
Event: 5.356 Thread 0x00000240e589b000 Exception <a 'java/lang/ClassNotFoundException'{0x0000000085ff7c70}: org/jetbrains/plugins/gradle/model/scala/ScalaModelCustomizer> (0x0000000085ff7c70) thrown at [./src/hotspot/share/classfile/systemDictionary.cpp, line 231]
Event: 5.447 Thread 0x00000240e589b000 Exception <a 'java/lang/ClassNotFoundException'{0x00000000855b5068}: org/gradle/api/internal/project/DefaultProject_DecoratedBeanInfo> (0x00000000855b5068) thrown at [./src/hotspot/share/classfile/systemDictionary.cpp, line 231]
Event: 5.447 Thread 0x00000240e589b000 Exception <a 'java/lang/ClassNotFoundException'{0x00000000855ce960}: org/gradle/api/internal/project/DefaultProjectBeanInfo> (0x00000000855ce960) thrown at [./src/hotspot/share/classfile/systemDictionary.cpp, line 231]
Event: 5.448 Thread 0x00000240e589b000 Exception <a 'java/lang/ClassNotFoundException'{0x00000000855e82a0}: org/gradle/api/internal/project/DefaultProjectCustomizer> (0x00000000855e82a0) thrown at [./src/hotspot/share/classfile/systemDictionary.cpp, line 231]
Event: 5.450 Thread 0x00000240e589b000 Exception <a 'java/lang/ClassNotFoundException'{0x0000000085495a18}: org/gradle/api/internal/project/DefaultProject_DecoratedCustomizer> (0x0000000085495a18) thrown at [./src/hotspot/share/classfile/systemDictionary.cpp, line 231]

Events (20 events):
Event: 5.477 loading class org/gradle/model/internal/core/ModelPath$InvalidPathException done
Event: 5.478 loading class org/gradle/model/internal/core/ModelPath$Cache
Event: 5.478 loading class org/gradle/model/internal/core/ModelPath$Cache done
Event: 5.478 loading class org/gradle/platform/base/BinaryTasks
Event: 5.478 loading class org/gradle/platform/base/BinaryTasks done
Event: 5.479 loading class org/gradle/model/internal/manage/binding/DefaultStructBindingsStore
Event: 5.479 loading class org/gradle/model/internal/manage/binding/DefaultStructBindingsStore done
Event: 5.480 loading class org/gradle/model/internal/manage/binding/DefaultStructBindingsStore$1
Event: 5.480 loading class org/gradle/model/internal/manage/binding/DefaultStructBindingsStore$1 done
Event: 5.480 loading class org/gradle/model/internal/manage/binding/InvalidManagedTypeException
Event: 5.480 loading class org/gradle/model/internal/manage/binding/InvalidManagedTypeException done
Event: 5.480 loading class org/gradle/model/internal/manage/binding/StructBindingValidationProblemCollector
Event: 5.480 loading class org/gradle/model/internal/manage/binding/StructBindingValidationProblemCollector done
Event: 5.481 loading class org/gradle/model/internal/manage/binding/StructBindings
Event: 5.481 loading class org/gradle/model/internal/manage/binding/StructBindings done
Event: 5.481 loading class org/gradle/internal/reflect/Types$TypeVisitor
Event: 5.481 loading class org/gradle/internal/reflect/Types$TypeVisitor done
Event: 5.481 loading class org/gradle/model/internal/manage/binding/StructMethodBinding
Event: 5.481 loading class org/gradle/model/internal/manage/binding/StructMethodBinding done
Event: 5.481 Executing VM operation: G1CollectForAllocation


Dynamic libraries:
0x00007ff7d4820000 - 0x00007ff7d482a000 	C:\Program Files\Android\Android Studio\jre\bin\java.exe
0x00007ff992f50000 - 0x00007ff993164000 	C:\WINDOWS\SYSTEM32\ntdll.dll
0x00007ff992a10000 - 0x00007ff992ad2000 	C:\WINDOWS\System32\KERNEL32.DLL
0x00007ff990400000 - 0x00007ff99079c000 	C:\WINDOWS\System32\KERNELBASE.dll
0x00007ff9907a0000 - 0x00007ff9908b1000 	C:\WINDOWS\System32\ucrtbase.dll
0x00007ff9871d0000 - 0x00007ff9871e9000 	C:\Program Files\Android\Android Studio\jre\bin\jli.dll
0x00007ff987160000 - 0x00007ff987177000 	C:\Program Files\Android\Android Studio\jre\bin\VCRUNTIME140.dll
0x00007ff992cc0000 - 0x00007ff992e6b000 	C:\WINDOWS\System32\USER32.dll
0x00007ff990c10000 - 0x00007ff990c36000 	C:\WINDOWS\System32\win32u.dll
0x00007ff9929e0000 - 0x00007ff992a09000 	C:\WINDOWS\System32\GDI32.dll
0x00007ff990c40000 - 0x00007ff990d52000 	C:\WINDOWS\System32\gdi32full.dll
0x00007ff990b70000 - 0x00007ff990c0a000 	C:\WINDOWS\System32\msvcp_win.dll
0x00007ff96ffb0000 - 0x00007ff97023e000 	C:\WINDOWS\WinSxS\amd64_microsoft.windows.common-controls_6595b64144ccf1df_6.0.22621.317_none_a9434687c10c9fa2\COMCTL32.dll
0x00007ff992830000 - 0x00007ff9928d7000 	C:\WINDOWS\System32\msvcrt.dll
0x00007ff990f20000 - 0x00007ff990f51000 	C:\WINDOWS\System32\IMM32.DLL
0x00007ff977700000 - 0x00007ff97779d000 	C:\Program Files\Android\Android Studio\jre\bin\msvcp140.dll
0x00007ff902330000 - 0x00007ff902e15000 	C:\Program Files\Android\Android Studio\jre\bin\server\jvm.dll
0x00007ff990fd0000 - 0x00007ff99107e000 	C:\WINDOWS\System32\ADVAPI32.dll
0x00007ff992ae0000 - 0x00007ff992b84000 	C:\WINDOWS\System32\sechost.dll
0x00007ff992290000 - 0x00007ff9923a5000 	C:\WINDOWS\System32\RPCRT4.dll
0x00007ff992280000 - 0x00007ff992288000 	C:\WINDOWS\System32\PSAPI.DLL
0x00007ff972520000 - 0x00007ff972529000 	C:\WINDOWS\SYSTEM32\WSOCK32.dll
0x00007ff988440000 - 0x00007ff98844a000 	C:\WINDOWS\SYSTEM32\VERSION.dll
0x00007ff989880000 - 0x00007ff9898b4000 	C:\WINDOWS\SYSTEM32\WINMM.dll
0x00007ff992e70000 - 0x00007ff992ee1000 	C:\WINDOWS\System32\WS2_32.dll
0x00007ff98f4c0000 - 0x00007ff98f4d8000 	C:\WINDOWS\SYSTEM32\kernel.appcore.dll
0x00007ff980790000 - 0x00007ff9807a1000 	C:\Program Files\Android\Android Studio\jre\bin\verify.dll
0x00007ff98d950000 - 0x00007ff98db7e000 	C:\WINDOWS\SYSTEM32\DBGHELP.DLL
0x00007ff991410000 - 0x00007ff991799000 	C:\WINDOWS\System32\combase.dll
0x00007ff991130000 - 0x00007ff991207000 	C:\WINDOWS\System32\OLEAUT32.dll
0x00007ff980ca0000 - 0x00007ff980cd2000 	C:\WINDOWS\SYSTEM32\dbgcore.DLL
0x00007ff9908c0000 - 0x00007ff99093b000 	C:\WINDOWS\System32\bcryptPrimitives.dll
0x00007ff961be0000 - 0x00007ff961c09000 	C:\Program Files\Android\Android Studio\jre\bin\java.dll
0x00007ff980610000 - 0x00007ff98061b000 	C:\Program Files\Android\Android Studio\jre\bin\jimage.dll
0x00007ff961bc0000 - 0x00007ff961bd8000 	C:\Program Files\Android\Android Studio\jre\bin\zip.dll
0x00007ff991900000 - 0x00007ff9920db000 	C:\WINDOWS\System32\SHELL32.dll
0x00007ff98e3b0000 - 0x00007ff98ec65000 	C:\WINDOWS\SYSTEM32\windows.storage.dll
0x00007ff98e270000 - 0x00007ff98e3ad000 	C:\WINDOWS\SYSTEM32\wintypes.dll
0x00007ff9928e0000 - 0x00007ff9929d1000 	C:\WINDOWS\System32\SHCORE.dll
0x00007ff9918a0000 - 0x00007ff9918fe000 	C:\WINDOWS\System32\shlwapi.dll
0x00007ff9902c0000 - 0x00007ff9902e1000 	C:\WINDOWS\SYSTEM32\profapi.dll
0x00007ff961ba0000 - 0x00007ff961bba000 	C:\Program Files\Android\Android Studio\jre\bin\net.dll
0x00007ff989700000 - 0x00007ff98982f000 	C:\WINDOWS\SYSTEM32\WINHTTP.dll
0x00007ff98f920000 - 0x00007ff98f989000 	C:\WINDOWS\system32\mswsock.dll
0x00007ff961b80000 - 0x00007ff961b94000 	C:\Program Files\Android\Android Studio\jre\bin\nio.dll
0x00007ff9871f0000 - 0x00007ff987217000 	C:\Users\Ray Ann Martinez\.gradle\native\e1d6ef7f7dcc3fd88c89a11ec53ec762bb8ba0a96d01ffa2cd45eb1d1d8dd5c5\windows-amd64\native-platform.dll
0x00007ff951a20000 - 0x00007ff951b64000 	C:\Users\Ray Ann Martinez\.gradle\native\5664cfc778a61ccfe75a443a1ab52a65af34e5dc3c78e0209fed803814484fcb\windows-amd64\native-platform-file-events.dll
0x00007ff980600000 - 0x00007ff98060a000 	C:\Program Files\Android\Android Studio\jre\bin\management.dll
0x00007ff97f230000 - 0x00007ff97f23d000 	C:\Program Files\Android\Android Studio\jre\bin\management_ext.dll
0x00007ff98fb80000 - 0x00007ff98fb9b000 	C:\WINDOWS\SYSTEM32\CRYPTSP.dll
0x00007ff98f430000 - 0x00007ff98f465000 	C:\WINDOWS\system32\rsaenh.dll
0x00007ff98fa30000 - 0x00007ff98fa58000 	C:\WINDOWS\SYSTEM32\USERENV.dll
0x00007ff98fd40000 - 0x00007ff98fd68000 	C:\WINDOWS\SYSTEM32\bcrypt.dll
0x00007ff98fba0000 - 0x00007ff98fbac000 	C:\WINDOWS\SYSTEM32\CRYPTBASE.dll
0x00007ff98ef30000 - 0x00007ff98ef5d000 	C:\WINDOWS\SYSTEM32\IPHLPAPI.DLL
0x00007ff991210000 - 0x00007ff991219000 	C:\WINDOWS\System32\NSI.dll
0x00007ff9896e0000 - 0x00007ff9896f9000 	C:\WINDOWS\SYSTEM32\dhcpcsvc6.DLL
0x00007ff9896c0000 - 0x00007ff9896df000 	C:\WINDOWS\SYSTEM32\dhcpcsvc.DLL
0x00007ff98efa0000 - 0x00007ff98f092000 	C:\WINDOWS\SYSTEM32\DNSAPI.dll

dbghelp: loaded successfully - version: 4.0.5 - missing functions: none
symbol engine: initialized successfully - sym options: 0x614 - pdb path: .;C:\Program Files\Android\Android Studio\jre\bin;C:\WINDOWS\SYSTEM32;C:\WINDOWS\WinSxS\amd64_microsoft.windows.common-controls_6595b64144ccf1df_6.0.22621.317_none_a9434687c10c9fa2;C:\Program Files\Android\Android Studio\jre\bin\server;C:\Users\Ray Ann Martinez\.gradle\native\e1d6ef7f7dcc3fd88c89a11ec53ec762bb8ba0a96d01ffa2cd45eb1d1d8dd5c5\windows-amd64;C:\Users\Ray Ann Martinez\.gradle\native\5664cfc778a61ccfe75a443a1ab52a65af34e5dc3c78e0209fed803814484fcb\windows-amd64

VM Arguments:
jvm_args: --add-opens=java.base/java.util=ALL-UNNAMED --add-opens=java.base/java.lang=ALL-UNNAMED --add-opens=java.base/java.lang.invoke=ALL-UNNAMED --add-opens=java.base/java.util=ALL-UNNAMED --add-opens=java.prefs/java.util.prefs=ALL-UNNAMED --add-opens=java.prefs/java.util.prefs=ALL-UNNAMED --add-opens=java.base/java.nio.charset=ALL-UNNAMED --add-opens=java.base/java.net=ALL-UNNAMED --add-opens=java.base/java.util.concurrent.atomic=ALL-UNNAMED -Xmx2048m -Dfile.encoding=UTF-8 -Duser.country=PH -Duser.language=en -Duser.variant 
java_command: org.gradle.launcher.daemon.bootstrap.GradleDaemon 7.3.3
java_class_path (initial): C:\Users\Ray Ann Martinez\.gradle\wrapper\dists\gradle-7.3.3-bin\6a41zxkdtcxs8rphpq6y0069z\gradle-7.3.3\lib\gradle-launcher-7.3.3.jar
Launcher Type: SUN_STANDARD

[Global flags]
     intx CICompilerCount                          = 4                                         {product} {ergonomic}
     uint ConcGCThreads                            = 2                                         {product} {ergonomic}
     uint G1ConcRefinementThreads                  = 8                                         {product} {ergonomic}
   size_t G1HeapRegionSize                         = 1048576                                   {product} {ergonomic}
    uintx GCDrainStackTargetSize                   = 64                                        {product} {ergonomic}
   size_t InitialHeapSize                          = 132120576                                 {product} {ergonomic}
   size_t MarkStackSize                            = 4194304                                   {product} {ergonomic}
   size_t MaxHeapSize                              = 2147483648                                {product} {command line}
   size_t MaxNewSize                               = 1287651328                                {product} {ergonomic}
   size_t MinHeapDeltaBytes                        = 1048576                                   {product} {ergonomic}
    uintx NonNMethodCodeHeapSize                   = 5836300                                {pd product} {ergonomic}
    uintx NonProfiledCodeHeapSize                  = 122910970                              {pd product} {ergonomic}
    uintx ProfiledCodeHeapSize                     = 122910970                              {pd product} {ergonomic}
    uintx ReservedCodeCacheSize                    = 251658240                              {pd product} {ergonomic}
     bool SegmentedCodeCache                       = true                                      {product} {ergonomic}
     bool UseCompressedClassPointers               = true                                 {lp64_product} {ergonomic}
     bool UseCompressedOops                        = true                                 {lp64_product} {ergonomic}
     bool UseG1GC                                  = true                                      {product} {ergonomic}
     bool UseLargePagesIndividualAllocation        = false                                  {pd product} {ergonomic}

Logging:
Log output configuration:
 #0: stdout all=warning uptime,level,tags
 #1: stderr all=off uptime,level,tags

Environment Variables:
PATH=C:\Program Files\Common Files\Oracle\Java\javapath;C:\Program Files (x86)\Common Files\Oracle\Java\javapath;C:\Program Files (x86)\Razer\ChromaBroadcast\bin;C:\Program Files\Razer\ChromaBroadcast\bin;C:\Windows\system32;C:\Windows;C:\Windows\System32\Wbem;C:\Windows\System32\WindowsPowerShell\v1.0\;C:\Windows\System32\OpenSSH\;C:\Program Files (x86)\NVIDIA Corporation\PhysX\Common;C:\Program Files\NVIDIA Corporation\NVIDIA NvDLISR;C:\WINDOWS\system32;C:\WINDOWS;C:\WINDOWS\System32\Wbem;C:\WINDOWS\System32\WindowsPowerShell\v1.0\;C:\WINDOWS\System32\OpenSSH\;C:\WINDOWS\system32\config\systemprofile\AppData\Local\Microsoft\WindowsApps;C:\WINDOWS\system32;C:\WINDOWS;C:\WINDOWS\System32\Wbem;C:\WINDOWS\System32\WindowsPowerShell\v1.0\;C:\WINDOWS\System32\OpenSSH\;C:\ProgramData\chocolatey\bin;C:\ProgramData\chocolatey\lib\mpv.install\tools;C:\Program Files\dotnet\;C:\Users\Ray Ann Martinez\AppData\Local\Android Open Source Project\Emulator;C:\Program Files\Git\cmd;C:\Program Files\Docker\Docker\resources\bin;C:\ProgramData\DockerDesktop\version-bin;C:\Program Files\nodejs\;C:\Users\Ray Ann Martinez\AppData\Local\Packages\PythonSoftwareFoundation.Python.3.10_qbz5n2kfra8p0\LocalCache\local-packages\Python310\Scripts;C:\Users\Ray Ann Martinez\AppData\Local\Microsoft\WindowsApps;C:\Users\Ray Ann Martinez\AppData\Local\Android Open Source Project\Emulator;C:\Program Files\Java\jdk-18.0.2.1\bin;C:\Users\Ray Ann Martinez\AppData\Local\Programs\Microsoft VS Code\bin;C:\Users\Ray Ann Martinez\AppData\Roaming\npm;C:\Users\Ray Ann Martinez\AppData\Local\GitHubDesktop\bin;C:\Users\Ray Ann Martinez\AppData\Local\Programs\Python\Python310\Scripts;C:\Users\Ray Ann Martinez\AppData\Local\Packages\PythonSoftwareFoundation.Python.3.10_qbz5n2kfra8p0\LocalCache\local-packages\Python310\Scripts;
USERNAME=Ray Ann Martinez
OS=Windows_NT
PROCESSOR_IDENTIFIER=Intel64 Family 6 Model 165 Stepping 2, GenuineIntel



---------------  S Y S T E M  ---------------

OS: Windows 10 , 64 bit Build 22621 (10.0.22621.457)
OS uptime: 1 days 7:07 hours
Hyper-V role detected

CPU:total 8 (initial active 8) (4 cores per cpu, 2 threads per core) family 6 model 165 stepping 2 microcode 0xe2, cmov, cx8, fxsr, mmx, sse, sse2, sse3, ssse3, sse4.1, sse4.2, popcnt, avx, avx2, aes, clmul, erms, 3dnowpref, lzcnt, ht, tsc, tscinvbit, bmi1, bmi2, adx, fma

Memory: 4k page, system-wide physical 8059M (359M free)
TotalPageFile size 32635M (AvailPageFile size 18M)
current process WorkingSet (physical memory assigned to process): 284M, peak: 296M
current process commit charge ("private bytes"): 319M, peak: 345M

vm_info: OpenJDK 64-Bit Server VM (11.0.12+7-b1504.28-7817840) for windows-amd64 JRE (11.0.12+7-b1504.28-7817840), built on Oct 13 2021 22:12:33 by "builder" with MS VC++ 14.0 (VS2015)

END.
