#
# There is insufficient memory for the Java Runtime Environment to continue.
# Native memory allocation (malloc) failed to allocate 994976 bytes for Chunk::new
# Possible reasons:
#   The system is out of physical RAM or swap space
#   The process is running with CompressedOops enabled, and the Java Heap may be blocking the growth of the native heap
# Possible solutions:
#   Reduce memory load on the system
#   Increase physical memory or swap space
#   Check if swap backing store is full
#   Decrease Java heap size (-Xmx/-Xms)
#   Decrease number of Java threads
#   Decrease Java thread stack sizes (-Xss)
#   Set larger code cache with -XX:ReservedCodeCacheSize=
#   JVM is running with Unscaled Compressed Oops mode in which the Java heap is
#     placed in the first 4GB address space. The Java Heap base address is the
#     maximum limit for the native heap growth. Please use -XX:HeapBaseMinAddress
#     to set the Java Heap base and to place the Java Heap above 4GB virtual address.
# This output file may be truncated or incomplete.
#
#  Out of Memory Error (./src/hotspot/share/memory/arena.cpp:197), pid=22768, tid=19296
#
# JRE version: OpenJDK Runtime Environment (11.0.12+7) (build 11.0.12+7-b1504.28-7817840)
# Java VM: OpenJDK 64-Bit Server VM (11.0.12+7-b1504.28-7817840, mixed mode, tiered, compressed oops, g1 gc, windows-amd64)
# No core dump will be written. Minidumps are not enabled by default on client versions of Windows
#

---------------  S U M M A R Y ------------

Command Line: --add-opens=java.base/java.util=ALL-UNNAMED --add-opens=java.base/java.lang=ALL-UNNAMED --add-opens=java.base/java.lang.invoke=ALL-UNNAMED --add-opens=java.base/java.util=ALL-UNNAMED --add-opens=java.prefs/java.util.prefs=ALL-UNNAMED --add-opens=java.prefs/java.util.prefs=ALL-UNNAMED --add-opens=java.base/java.nio.charset=ALL-UNNAMED --add-opens=java.base/java.net=ALL-UNNAMED --add-opens=java.base/java.util.concurrent.atomic=ALL-UNNAMED -Xmx2048m -Dfile.encoding=UTF-8 -Duser.country=PH -Duser.language=en -Duser.variant org.gradle.launcher.daemon.bootstrap.GradleDaemon 7.3.3

Host: Intel(R) Core(TM) i5-10300H CPU @ 2.50GHz, 8 cores, 7G,  Windows 10 , 64 bit Build 22621 (10.0.22621.457)
Time: Mon Oct  3 20:51:01 2022 Malay Peninsula Standard Time elapsed time: 3.578075 seconds (0d 0h 0m 3s)

---------------  T H R E A D  ---------------

Current thread (0x0000029a76ad0800):  JavaThread "C2 CompilerThread0" daemon [_thread_in_native, id=19296, stack(0x000000ff0f200000,0x000000ff0f300000)]


Current CompileTask:
C2:   3578 2595       4       java.net.URLClassLoader$1::run (5 bytes)

Stack: [0x000000ff0f200000,0x000000ff0f300000]
Native frames: (J=compiled Java code, j=interpreted, Vv=VM code, C=native code)
V  [jvm.dll+0x5fbcea]
V  [jvm.dll+0x731905]
V  [jvm.dll+0x732f1d]
V  [jvm.dll+0x7335d3]
V  [jvm.dll+0x247bf8]
V  [jvm.dll+0xc018c]
V  [jvm.dll+0xc06cc]
V  [jvm.dll+0x2bcc04]
V  [jvm.dll+0x5113a8]
V  [jvm.dll+0x208303]
V  [jvm.dll+0x201fe0]
V  [jvm.dll+0x1ff71f]
V  [jvm.dll+0x18868c]
V  [jvm.dll+0x20e0d7]
V  [jvm.dll+0x20c901]
V  [jvm.dll+0x6f9b7f]
V  [jvm.dll+0x6f26a5]
V  [jvm.dll+0x5fabf6]
C  [ucrtbase.dll+0x29363]
C  [KERNEL32.DLL+0x1244d]
C  [ntdll.dll+0x5df78]


---------------  P R O C E S S  ---------------

Threads class SMR info:
_java_thread_list=0x0000029a7ba408b0, length=37, elements={
0x0000029a5c619800, 0x0000029a76ab3800, 0x0000029a76ab4800, 0x0000029a76aca800,
0x0000029a76acb800, 0x0000029a76acc800, 0x0000029a76ad0800, 0x0000029a77426800,
0x0000029a77429800, 0x0000029a77590800, 0x0000029a78f12000, 0x0000029a780e4800,
0x0000029a7876a800, 0x0000029a78508000, 0x0000029a78662000, 0x0000029a795c9800,
0x0000029a795ca800, 0x0000029a78bfc000, 0x0000029a78bfc800, 0x0000029a78bfa800,
0x0000029a78bf8000, 0x0000029a78bf8800, 0x0000029a78bf9800, 0x0000029a797fe000,
0x0000029a79800800, 0x0000029a79801000, 0x0000029a79803800, 0x0000029a79803000,
0x0000029a797fe800, 0x0000029a79802000, 0x0000029a79804800, 0x0000029a79805800,
0x0000029a797ff800, 0x0000029a79807800, 0x0000029a79806000, 0x0000029a7980a000,
0x0000029a7980b000
}

Java Threads: ( => current thread )
  0x0000029a5c619800 JavaThread "main" [_thread_blocked, id=15884, stack(0x000000ff0e600000,0x000000ff0e700000)]
  0x0000029a76ab3800 JavaThread "Reference Handler" daemon [_thread_blocked, id=4488, stack(0x000000ff0ed00000,0x000000ff0ee00000)]
  0x0000029a76ab4800 JavaThread "Finalizer" daemon [_thread_blocked, id=8908, stack(0x000000ff0ee00000,0x000000ff0ef00000)]
  0x0000029a76aca800 JavaThread "Signal Dispatcher" daemon [_thread_blocked, id=10736, stack(0x000000ff0ef00000,0x000000ff0f000000)]
  0x0000029a76acb800 JavaThread "Attach Listener" daemon [_thread_blocked, id=14976, stack(0x000000ff0f000000,0x000000ff0f100000)]
  0x0000029a76acc800 JavaThread "Service Thread" daemon [_thread_blocked, id=17288, stack(0x000000ff0f100000,0x000000ff0f200000)]
=>0x0000029a76ad0800 JavaThread "C2 CompilerThread0" daemon [_thread_in_native, id=19296, stack(0x000000ff0f200000,0x000000ff0f300000)]
  0x0000029a77426800 JavaThread "C1 CompilerThread0" daemon [_thread_blocked, id=10084, stack(0x000000ff0f300000,0x000000ff0f400000)]
  0x0000029a77429800 JavaThread "Sweeper thread" daemon [_thread_blocked, id=18040, stack(0x000000ff0f400000,0x000000ff0f500000)]
  0x0000029a77590800 JavaThread "Common-Cleaner" daemon [_thread_blocked, id=19688, stack(0x000000ff0f500000,0x000000ff0f600000)]
  0x0000029a78f12000 JavaThread "Daemon health stats" [_thread_blocked, id=6728, stack(0x000000ff0f900000,0x000000ff0fa00000)]
  0x0000029a780e4800 JavaThread "Incoming local TCP Connector on port 56955" [_thread_in_native, id=14084, stack(0x000000ff0fa00000,0x000000ff0fb00000)]
  0x0000029a7876a800 JavaThread "Daemon periodic checks" [_thread_blocked, id=10608, stack(0x000000ff0fb00000,0x000000ff0fc00000)]
  0x0000029a78508000 JavaThread "Daemon" [_thread_blocked, id=22276, stack(0x000000ff0fc00000,0x000000ff0fd00000)]
  0x0000029a78662000 JavaThread "Handler for socket connection from /127.0.0.1:56955 to /127.0.0.1:56956" [_thread_in_native, id=22628, stack(0x000000ff0fd00000,0x000000ff0fe00000)]
  0x0000029a795c9800 JavaThread "Cancel handler" [_thread_blocked, id=17508, stack(0x000000ff0fe00000,0x000000ff0ff00000)]
  0x0000029a795ca800 JavaThread "Daemon worker" [_thread_in_vm, id=21736, stack(0x000000ff0ff00000,0x000000ff10000000)]
  0x0000029a78bfc000 JavaThread "Asynchronous log dispatcher for DefaultDaemonConnection: socket connection from /127.0.0.1:56955 to /127.0.0.1:56956" [_thread_blocked, id=20100, stack(0x000000ff10000000,0x000000ff10100000)]
  0x0000029a78bfc800 JavaThread "Stdin handler" [_thread_blocked, id=18912, stack(0x000000ff10100000,0x000000ff10200000)]
  0x0000029a78bfa800 JavaThread "Daemon client event forwarder" [_thread_blocked, id=11812, stack(0x000000ff10200000,0x000000ff10300000)]
  0x0000029a78bf8000 JavaThread "Cache worker for journal cache (C:\Users\Ray Ann Martinez\.gradle\caches\journal-1)" [_thread_blocked, id=22080, stack(0x000000ff10800000,0x000000ff10900000)]
  0x0000029a78bf8800 JavaThread "File lock request listener" [_thread_in_native, id=14280, stack(0x000000ff10900000,0x000000ff10a00000)]
  0x0000029a78bf9800 JavaThread "Cache worker for file hash cache (C:\Users\Ray Ann Martinez\.gradle\caches\7.3.3\fileHashes)" [_thread_blocked, id=1504, stack(0x000000ff10b00000,0x000000ff10c00000)]
  0x0000029a797fe000 JavaThread "Cache worker for file hash cache (C:\Users\Ray Ann Martinez\AndroidStudioProjects\Synapse\.gradle\7.3.3\fileHashes)" [_thread_blocked, id=9324, stack(0x000000ff10c00000,0x000000ff10d00000)]
  0x0000029a79800800 JavaThread "File watcher server" daemon [_thread_in_native, id=21524, stack(0x000000ff10d00000,0x000000ff10e00000)]
  0x0000029a79801000 JavaThread "File watcher consumer" daemon [_thread_blocked, id=3008, stack(0x000000ff10e00000,0x000000ff10f00000)]
  0x0000029a79803800 JavaThread "jar transforms" [_thread_blocked, id=12092, stack(0x000000ff10f00000,0x000000ff11000000)]
  0x0000029a79803000 JavaThread "jar transforms Thread 2" [_thread_blocked, id=14624, stack(0x000000ff11000000,0x000000ff11100000)]
  0x0000029a797fe800 JavaThread "jar transforms Thread 3" [_thread_blocked, id=2308, stack(0x000000ff11100000,0x000000ff11200000)]
  0x0000029a79802000 JavaThread "jar transforms Thread 4" [_thread_blocked, id=17660, stack(0x000000ff11200000,0x000000ff11300000)]
  0x0000029a79804800 JavaThread "jar transforms Thread 5" [_thread_blocked, id=20068, stack(0x000000ff11300000,0x000000ff11400000)]
  0x0000029a79805800 JavaThread "jar transforms Thread 6" [_thread_blocked, id=22928, stack(0x000000ff11400000,0x000000ff11500000)]
  0x0000029a797ff800 JavaThread "jar transforms Thread 7" [_thread_blocked, id=16892, stack(0x000000ff11500000,0x000000ff11600000)]
  0x0000029a79807800 JavaThread "jar transforms Thread 8" [_thread_blocked, id=22852, stack(0x000000ff11600000,0x000000ff11700000)]
  0x0000029a79806000 JavaThread "Cache worker for checksums cache (C:\Users\Ray Ann Martinez\AndroidStudioProjects\Synapse\.gradle\7.3.3\checksums)" [_thread_blocked, id=23392, stack(0x000000ff11700000,0x000000ff11800000)]
  0x0000029a7980a000 JavaThread "Cache worker for cache directory md-supplier (C:\Users\Ray Ann Martinez\.gradle\caches\7.3.3\md-supplier)" [_thread_blocked, id=2748, stack(0x000000ff11800000,0x000000ff11900000)]
  0x0000029a7980b000 JavaThread "Cache worker for cache directory md-rule (C:\Users\Ray Ann Martinez\.gradle\caches\7.3.3\md-rule)" [_thread_blocked, id=22032, stack(0x000000ff11900000,0x000000ff11a00000)]

Other Threads:
  0x0000029a76aaf000 VMThread "VM Thread" [stack: 0x000000ff0ec00000,0x000000ff0ed00000] [id=8640]
  0x0000029a775b1000 WatcherThread [stack: 0x000000ff0f600000,0x000000ff0f700000] [id=10792]
  0x0000029a5c633000 GCTaskThread "GC Thread#0" [stack: 0x000000ff0e700000,0x000000ff0e800000] [id=8984]
  0x0000029a78109800 GCTaskThread "GC Thread#1" [stack: 0x000000ff0f700000,0x000000ff0f800000] [id=11328]
  0x0000029a782d9000 GCTaskThread "GC Thread#2" [stack: 0x000000ff0f800000,0x000000ff0f900000] [id=11244]
  0x0000029a78a48800 GCTaskThread "GC Thread#3" [stack: 0x000000ff10300000,0x000000ff10400000] [id=16736]
  0x0000029a78a49000 GCTaskThread "GC Thread#4" [stack: 0x000000ff10400000,0x000000ff10500000] [id=18876]
  0x0000029a796b0800 GCTaskThread "GC Thread#5" [stack: 0x000000ff10500000,0x000000ff10600000] [id=13996]
  0x0000029a796b1800 GCTaskThread "GC Thread#6" [stack: 0x000000ff10600000,0x000000ff10700000] [id=4676]
  0x0000029a79653000 GCTaskThread "GC Thread#7" [stack: 0x000000ff10700000,0x000000ff10800000] [id=15996]
  0x0000029a5c664800 ConcurrentGCThread "G1 Main Marker" [stack: 0x000000ff0e800000,0x000000ff0e900000] [id=19192]
  0x0000029a5c667000 ConcurrentGCThread "G1 Conc#0" [stack: 0x000000ff0e900000,0x000000ff0ea00000] [id=8612]
  0x0000029a796e1000 ConcurrentGCThread "G1 Conc#1" [stack: 0x000000ff10a00000,0x000000ff10b00000] [id=20012]
  0x0000029a76900800 ConcurrentGCThread "G1 Refine#0" [stack: 0x000000ff0ea00000,0x000000ff0eb00000] [id=16832]
  0x0000029a76901800 ConcurrentGCThread "G1 Young RemSet Sampling" [stack: 0x000000ff0eb00000,0x000000ff0ec00000] [id=1172]

Threads with active compile tasks:
C2 CompilerThread0   3610 2595       4       java.net.URLClassLoader$1::run (5 bytes)

VM state:not at safepoint (normal execution)

VM Mutex/Monitor currently owned by a thread: None

Heap address: 0x0000000080000000, size: 2048 MB, Compressed Oops mode: 32-bit
Narrow klass base: 0x0000000000000000, Narrow klass shift: 3
Compressed class space size: 1073741824 Address: 0x0000000100000000

Heap:
 garbage-first heap   total 129024K, used 66186K [0x0000000080000000, 0x0000000100000000)
  region size 1024K, 41 young (41984K), 8 survivors (8192K)
 Metaspace       used 30678K, capacity 31523K, committed 31616K, reserved 1077248K
  class space    used 4100K, capacity 4401K, committed 4480K, reserved 1048576K
Heap Regions: E=young(eden), S=young(survivor), O=old, HS=humongous(starts), HC=humongous(continues), CS=collection set, F=free, A=archive, TAMS=top-at-mark-start (previous, next)
|   0|0x0000000080000000, 0x0000000080100000, 0x0000000080100000|100%| O|  |TAMS 0x0000000080100000, 0x0000000080000000| Untracked 
|   1|0x0000000080100000, 0x0000000080200000, 0x0000000080200000|100%| O|  |TAMS 0x0000000080200000, 0x0000000080100000| Untracked 
|   2|0x0000000080200000, 0x0000000080300000, 0x0000000080300000|100%| O|  |TAMS 0x0000000080300000, 0x0000000080200000| Untracked 
|   3|0x0000000080300000, 0x0000000080400000, 0x0000000080400000|100%|HS|  |TAMS 0x0000000080400000, 0x0000000080300000| Complete 
|   4|0x0000000080400000, 0x0000000080500000, 0x0000000080500000|100%|HC|  |TAMS 0x0000000080500000, 0x0000000080400000| Complete 
|   5|0x0000000080500000, 0x0000000080600000, 0x0000000080600000|100%|HC|  |TAMS 0x0000000080600000, 0x0000000080500000| Complete 
|   6|0x0000000080600000, 0x0000000080700000, 0x0000000080700000|100%| O|  |TAMS 0x0000000080700000, 0x0000000080600000| Untracked 
|   7|0x0000000080700000, 0x0000000080800000, 0x0000000080800000|100%| O|  |TAMS 0x0000000080800000, 0x0000000080700000| Untracked 
|   8|0x0000000080800000, 0x0000000080900000, 0x0000000080900000|100%| O|  |TAMS 0x0000000080900000, 0x0000000080800000| Untracked 
|   9|0x0000000080900000, 0x0000000080a00000, 0x0000000080a00000|100%| O|  |TAMS 0x0000000080a00000, 0x0000000080900000| Untracked 
|  10|0x0000000080a00000, 0x0000000080b00000, 0x0000000080b00000|100%| O|  |TAMS 0x0000000080b00000, 0x0000000080a00000| Untracked 
|  11|0x0000000080b00000, 0x0000000080c00000, 0x0000000080c00000|100%| O|  |TAMS 0x0000000080c00000, 0x0000000080b00000| Untracked 
|  12|0x0000000080c00000, 0x0000000080d00000, 0x0000000080d00000|100%| O|  |TAMS 0x0000000080d00000, 0x0000000080c00000| Untracked 
|  13|0x0000000080d00000, 0x0000000080e00000, 0x0000000080e00000|100%| O|  |TAMS 0x0000000080e00000, 0x0000000080d00000| Untracked 
|  14|0x0000000080e00000, 0x0000000080f00000, 0x0000000080f00000|100%| O|  |TAMS 0x0000000080f00000, 0x0000000080e00000| Untracked 
|  15|0x0000000080f00000, 0x0000000080f64600, 0x0000000081000000| 39%| O|  |TAMS 0x0000000080f64600, 0x0000000080f00000| Untracked 
|  16|0x0000000081000000, 0x0000000081100000, 0x0000000081100000|100%|HS|  |TAMS 0x0000000081000000, 0x0000000081000000| Complete 
|  17|0x0000000081100000, 0x0000000081200000, 0x0000000081200000|100%|HC|  |TAMS 0x0000000081100000, 0x0000000081100000| Complete 
|  18|0x0000000081200000, 0x0000000081300000, 0x0000000081300000|100%|HS|  |TAMS 0x0000000081200000, 0x0000000081200000| Complete 
|  19|0x0000000081300000, 0x0000000081400000, 0x0000000081400000|100%|HC|  |TAMS 0x0000000081300000, 0x0000000081300000| Complete 
|  20|0x0000000081400000, 0x0000000081500000, 0x0000000081500000|100%|HC|  |TAMS 0x0000000081400000, 0x0000000081400000| Complete 
|  21|0x0000000081500000, 0x0000000081600000, 0x0000000081600000|100%|HS|  |TAMS 0x0000000081500000, 0x0000000081500000| Complete 
|  22|0x0000000081600000, 0x0000000081700000, 0x0000000081700000|100%|HS|  |TAMS 0x0000000081600000, 0x0000000081600000| Complete 
|  23|0x0000000081700000, 0x0000000081800000, 0x0000000081800000|100%|HC|  |TAMS 0x0000000081700000, 0x0000000081700000| Complete 
|  24|0x0000000081800000, 0x0000000081900000, 0x0000000081900000|100%|HC|  |TAMS 0x0000000081800000, 0x0000000081800000| Complete 
|  25|0x0000000081900000, 0x0000000081a00000, 0x0000000081a00000|100%|HC|  |TAMS 0x0000000081900000, 0x0000000081900000| Complete 
|  26|0x0000000081a00000, 0x0000000081a00000, 0x0000000081b00000|  0%| F|  |TAMS 0x0000000081a00000, 0x0000000081a00000| Untracked 
|  27|0x0000000081b00000, 0x0000000081b00000, 0x0000000081c00000|  0%| F|  |TAMS 0x0000000081b00000, 0x0000000081b00000| Untracked 
|  28|0x0000000081c00000, 0x0000000081c00000, 0x0000000081d00000|  0%| F|  |TAMS 0x0000000081c00000, 0x0000000081c00000| Untracked 
|  29|0x0000000081d00000, 0x0000000081d00000, 0x0000000081e00000|  0%| F|  |TAMS 0x0000000081d00000, 0x0000000081d00000| Untracked 
|  30|0x0000000081e00000, 0x0000000081e00000, 0x0000000081f00000|  0%| F|  |TAMS 0x0000000081e00000, 0x0000000081e00000| Untracked 
|  31|0x0000000081f00000, 0x0000000081f00000, 0x0000000082000000|  0%| F|  |TAMS 0x0000000081f00000, 0x0000000081f00000| Untracked 
|  32|0x0000000082000000, 0x0000000082000000, 0x0000000082100000|  0%| F|  |TAMS 0x0000000082000000, 0x0000000082000000| Untracked 
|  33|0x0000000082100000, 0x0000000082100000, 0x0000000082200000|  0%| F|  |TAMS 0x0000000082100000, 0x0000000082100000| Untracked 
|  34|0x0000000082200000, 0x0000000082200000, 0x0000000082300000|  0%| F|  |TAMS 0x0000000082200000, 0x0000000082200000| Untracked 
|  35|0x0000000082300000, 0x0000000082300000, 0x0000000082400000|  0%| F|  |TAMS 0x0000000082300000, 0x0000000082300000| Untracked 
|  36|0x0000000082400000, 0x0000000082400000, 0x0000000082500000|  0%| F|  |TAMS 0x0000000082400000, 0x0000000082400000| Untracked 
|  37|0x0000000082500000, 0x0000000082500000, 0x0000000082600000|  0%| F|  |TAMS 0x0000000082500000, 0x0000000082500000| Untracked 
|  38|0x0000000082600000, 0x0000000082600000, 0x0000000082700000|  0%| F|  |TAMS 0x0000000082600000, 0x0000000082600000| Untracked 
|  39|0x0000000082700000, 0x0000000082700000, 0x0000000082800000|  0%| F|  |TAMS 0x0000000082700000, 0x0000000082700000| Untracked 
|  40|0x0000000082800000, 0x0000000082800000, 0x0000000082900000|  0%| F|  |TAMS 0x0000000082800000, 0x0000000082800000| Untracked 
|  41|0x0000000082900000, 0x0000000082900000, 0x0000000082a00000|  0%| F|  |TAMS 0x0000000082900000, 0x0000000082900000| Untracked 
|  42|0x0000000082a00000, 0x0000000082a00000, 0x0000000082b00000|  0%| F|  |TAMS 0x0000000082a00000, 0x0000000082a00000| Untracked 
|  43|0x0000000082b00000, 0x0000000082b00000, 0x0000000082c00000|  0%| F|  |TAMS 0x0000000082b00000, 0x0000000082b00000| Untracked 
|  44|0x0000000082c00000, 0x0000000082c00000, 0x0000000082d00000|  0%| F|  |TAMS 0x0000000082c00000, 0x0000000082c00000| Untracked 
|  45|0x0000000082d00000, 0x0000000082d00000, 0x0000000082e00000|  0%| F|  |TAMS 0x0000000082d00000, 0x0000000082d00000| Untracked 
|  46|0x0000000082e00000, 0x0000000082e3e450, 0x0000000082f00000| 24%| S|CS|TAMS 0x0000000082e00000, 0x0000000082e00000| Complete 
|  47|0x0000000082f00000, 0x0000000083000000, 0x0000000083000000|100%| S|CS|TAMS 0x0000000082f00000, 0x0000000082f00000| Complete 
|  48|0x0000000083000000, 0x0000000083100000, 0x0000000083100000|100%| S|CS|TAMS 0x0000000083000000, 0x0000000083000000| Complete 
|  49|0x0000000083100000, 0x0000000083200000, 0x0000000083200000|100%| S|CS|TAMS 0x0000000083100000, 0x0000000083100000| Complete 
|  50|0x0000000083200000, 0x0000000083300000, 0x0000000083300000|100%| S|CS|TAMS 0x0000000083200000, 0x0000000083200000| Complete 
|  51|0x0000000083300000, 0x0000000083400000, 0x0000000083400000|100%| S|CS|TAMS 0x0000000083300000, 0x0000000083300000| Complete 
|  52|0x0000000083400000, 0x0000000083500000, 0x0000000083500000|100%| S|CS|TAMS 0x0000000083400000, 0x0000000083400000| Complete 
|  53|0x0000000083500000, 0x0000000083600000, 0x0000000083600000|100%| S|CS|TAMS 0x0000000083500000, 0x0000000083500000| Complete 
|  54|0x0000000083600000, 0x0000000083600000, 0x0000000083700000|  0%| F|  |TAMS 0x0000000083600000, 0x0000000083600000| Untracked 
|  55|0x0000000083700000, 0x0000000083700000, 0x0000000083800000|  0%| F|  |TAMS 0x0000000083700000, 0x0000000083700000| Untracked 
|  56|0x0000000083800000, 0x0000000083800000, 0x0000000083900000|  0%| F|  |TAMS 0x0000000083800000, 0x0000000083800000| Untracked 
|  57|0x0000000083900000, 0x0000000083900000, 0x0000000083a00000|  0%| F|  |TAMS 0x0000000083900000, 0x0000000083900000| Untracked 
|  58|0x0000000083a00000, 0x0000000083a00000, 0x0000000083b00000|  0%| F|  |TAMS 0x0000000083a00000, 0x0000000083a00000| Untracked 
|  59|0x0000000083b00000, 0x0000000083b00000, 0x0000000083c00000|  0%| F|  |TAMS 0x0000000083b00000, 0x0000000083b00000| Untracked 
|  60|0x0000000083c00000, 0x0000000083c00000, 0x0000000083d00000|  0%| F|  |TAMS 0x0000000083c00000, 0x0000000083c00000| Untracked 
|  61|0x0000000083d00000, 0x0000000083d00000, 0x0000000083e00000|  0%| F|  |TAMS 0x0000000083d00000, 0x0000000083d00000| Untracked 
|  62|0x0000000083e00000, 0x0000000083e00000, 0x0000000083f00000|  0%| F|  |TAMS 0x0000000083e00000, 0x0000000083e00000| Untracked 
|  63|0x0000000083f00000, 0x0000000083f00000, 0x0000000084000000|  0%| F|  |TAMS 0x0000000083f00000, 0x0000000083f00000| Untracked 
|  64|0x0000000084000000, 0x0000000084000000, 0x0000000084100000|  0%| F|  |TAMS 0x0000000084000000, 0x0000000084000000| Untracked 
|  65|0x0000000084100000, 0x0000000084100000, 0x0000000084200000|  0%| F|  |TAMS 0x0000000084100000, 0x0000000084100000| Untracked 
|  66|0x0000000084200000, 0x0000000084200000, 0x0000000084300000|  0%| F|  |TAMS 0x0000000084200000, 0x0000000084200000| Untracked 
|  67|0x0000000084300000, 0x0000000084300000, 0x0000000084400000|  0%| F|  |TAMS 0x0000000084300000, 0x0000000084300000| Untracked 
|  68|0x0000000084400000, 0x0000000084400000, 0x0000000084500000|  0%| F|  |TAMS 0x0000000084400000, 0x0000000084400000| Untracked 
|  69|0x0000000084500000, 0x0000000084500000, 0x0000000084600000|  0%| F|  |TAMS 0x0000000084500000, 0x0000000084500000| Untracked 
|  70|0x0000000084600000, 0x0000000084600000, 0x0000000084700000|  0%| F|  |TAMS 0x0000000084600000, 0x0000000084600000| Untracked 
|  71|0x0000000084700000, 0x0000000084700000, 0x0000000084800000|  0%| F|  |TAMS 0x0000000084700000, 0x0000000084700000| Untracked 
|  72|0x0000000084800000, 0x0000000084800000, 0x0000000084900000|  0%| F|  |TAMS 0x0000000084800000, 0x0000000084800000| Untracked 
|  73|0x0000000084900000, 0x0000000084900000, 0x0000000084a00000|  0%| F|  |TAMS 0x0000000084900000, 0x0000000084900000| Untracked 
|  74|0x0000000084a00000, 0x0000000084a00000, 0x0000000084b00000|  0%| F|  |TAMS 0x0000000084a00000, 0x0000000084a00000| Untracked 
|  75|0x0000000084b00000, 0x0000000084b00000, 0x0000000084c00000|  0%| F|  |TAMS 0x0000000084b00000, 0x0000000084b00000| Untracked 
|  76|0x0000000084c00000, 0x0000000084c00000, 0x0000000084d00000|  0%| F|  |TAMS 0x0000000084c00000, 0x0000000084c00000| Untracked 
|  77|0x0000000084d00000, 0x0000000084d00000, 0x0000000084e00000|  0%| F|  |TAMS 0x0000000084d00000, 0x0000000084d00000| Untracked 
|  78|0x0000000084e00000, 0x0000000084e00000, 0x0000000084f00000|  0%| F|  |TAMS 0x0000000084e00000, 0x0000000084e00000| Untracked 
|  79|0x0000000084f00000, 0x0000000084f00000, 0x0000000085000000|  0%| F|  |TAMS 0x0000000084f00000, 0x0000000084f00000| Untracked 
|  80|0x0000000085000000, 0x0000000085000000, 0x0000000085100000|  0%| F|  |TAMS 0x0000000085000000, 0x0000000085000000| Untracked 
|  81|0x0000000085100000, 0x0000000085100000, 0x0000000085200000|  0%| F|  |TAMS 0x0000000085100000, 0x0000000085100000| Untracked 
|  82|0x0000000085200000, 0x0000000085200000, 0x0000000085300000|  0%| F|  |TAMS 0x0000000085200000, 0x0000000085200000| Untracked 
|  83|0x0000000085300000, 0x0000000085300000, 0x0000000085400000|  0%| F|  |TAMS 0x0000000085300000, 0x0000000085300000| Untracked 
|  84|0x0000000085400000, 0x0000000085400000, 0x0000000085500000|  0%| F|  |TAMS 0x0000000085400000, 0x0000000085400000| Untracked 
|  85|0x0000000085500000, 0x0000000085500000, 0x0000000085600000|  0%| F|  |TAMS 0x0000000085500000, 0x0000000085500000| Untracked 
|  86|0x0000000085600000, 0x0000000085600000, 0x0000000085700000|  0%| F|  |TAMS 0x0000000085600000, 0x0000000085600000| Untracked 
|  87|0x0000000085700000, 0x0000000085700000, 0x0000000085800000|  0%| F|  |TAMS 0x0000000085700000, 0x0000000085700000| Untracked 
|  88|0x0000000085800000, 0x0000000085800000, 0x0000000085900000|  0%| F|  |TAMS 0x0000000085800000, 0x0000000085800000| Untracked 
|  89|0x0000000085900000, 0x0000000085900000, 0x0000000085a00000|  0%| F|  |TAMS 0x0000000085900000, 0x0000000085900000| Untracked 
|  90|0x0000000085a00000, 0x0000000085a00000, 0x0000000085b00000|  0%| F|  |TAMS 0x0000000085a00000, 0x0000000085a00000| Untracked 
|  91|0x0000000085b00000, 0x0000000085b00000, 0x0000000085c00000|  0%| F|  |TAMS 0x0000000085b00000, 0x0000000085b00000| Untracked 
|  92|0x0000000085c00000, 0x0000000085c81c68, 0x0000000085d00000| 50%| E|  |TAMS 0x0000000085c00000, 0x0000000085c00000| Complete 
|  93|0x0000000085d00000, 0x0000000085e00000, 0x0000000085e00000|100%| E|CS|TAMS 0x0000000085d00000, 0x0000000085d00000| Complete 
|  94|0x0000000085e00000, 0x0000000085f00000, 0x0000000085f00000|100%| E|CS|TAMS 0x0000000085e00000, 0x0000000085e00000| Complete 
|  95|0x0000000085f00000, 0x0000000086000000, 0x0000000086000000|100%| E|CS|TAMS 0x0000000085f00000, 0x0000000085f00000| Complete 
|  96|0x0000000086000000, 0x0000000086100000, 0x0000000086100000|100%| E|CS|TAMS 0x0000000086000000, 0x0000000086000000| Complete 
|  97|0x0000000086100000, 0x0000000086200000, 0x0000000086200000|100%| E|CS|TAMS 0x0000000086100000, 0x0000000086100000| Complete 
|  98|0x0000000086200000, 0x0000000086300000, 0x0000000086300000|100%| E|CS|TAMS 0x0000000086200000, 0x0000000086200000| Complete 
|  99|0x0000000086300000, 0x0000000086400000, 0x0000000086400000|100%| E|CS|TAMS 0x0000000086300000, 0x0000000086300000| Complete 
| 100|0x0000000086400000, 0x0000000086500000, 0x0000000086500000|100%| E|CS|TAMS 0x0000000086400000, 0x0000000086400000| Complete 
| 101|0x0000000086500000, 0x0000000086600000, 0x0000000086600000|100%| E|CS|TAMS 0x0000000086500000, 0x0000000086500000| Complete 
| 102|0x0000000086600000, 0x0000000086700000, 0x0000000086700000|100%| E|CS|TAMS 0x0000000086600000, 0x0000000086600000| Complete 
| 103|0x0000000086700000, 0x0000000086800000, 0x0000000086800000|100%| E|CS|TAMS 0x0000000086700000, 0x0000000086700000| Complete 
| 104|0x0000000086800000, 0x0000000086900000, 0x0000000086900000|100%| E|CS|TAMS 0x0000000086800000, 0x0000000086800000| Complete 
| 105|0x0000000086900000, 0x0000000086a00000, 0x0000000086a00000|100%| E|CS|TAMS 0x0000000086900000, 0x0000000086900000| Complete 
| 106|0x0000000086a00000, 0x0000000086b00000, 0x0000000086b00000|100%| E|CS|TAMS 0x0000000086a00000, 0x0000000086a00000| Complete 
| 107|0x0000000086b00000, 0x0000000086c00000, 0x0000000086c00000|100%| E|CS|TAMS 0x0000000086b00000, 0x0000000086b00000| Complete 
| 108|0x0000000086c00000, 0x0000000086d00000, 0x0000000086d00000|100%| E|CS|TAMS 0x0000000086c00000, 0x0000000086c00000| Complete 
| 109|0x0000000086d00000, 0x0000000086e00000, 0x0000000086e00000|100%| E|CS|TAMS 0x0000000086d00000, 0x0000000086d00000| Complete 
| 110|0x0000000086e00000, 0x0000000086f00000, 0x0000000086f00000|100%| E|CS|TAMS 0x0000000086e00000, 0x0000000086e00000| Complete 
| 111|0x0000000086f00000, 0x0000000087000000, 0x0000000087000000|100%| E|CS|TAMS 0x0000000086f00000, 0x0000000086f00000| Complete 
| 112|0x0000000087000000, 0x0000000087100000, 0x0000000087100000|100%| E|CS|TAMS 0x0000000087000000, 0x0000000087000000| Complete 
| 113|0x0000000087100000, 0x0000000087200000, 0x0000000087200000|100%| E|CS|TAMS 0x0000000087100000, 0x0000000087100000| Complete 
| 114|0x0000000087200000, 0x0000000087300000, 0x0000000087300000|100%| E|CS|TAMS 0x0000000087200000, 0x0000000087200000| Complete 
| 115|0x0000000087300000, 0x0000000087400000, 0x0000000087400000|100%| E|CS|TAMS 0x0000000087300000, 0x0000000087300000| Complete 
| 116|0x0000000087400000, 0x0000000087500000, 0x0000000087500000|100%| E|CS|TAMS 0x0000000087400000, 0x0000000087400000| Complete 
| 117|0x0000000087500000, 0x0000000087600000, 0x0000000087600000|100%| E|CS|TAMS 0x0000000087500000, 0x0000000087500000| Complete 
| 118|0x0000000087600000, 0x0000000087700000, 0x0000000087700000|100%| E|CS|TAMS 0x0000000087600000, 0x0000000087600000| Complete 
| 119|0x0000000087700000, 0x0000000087800000, 0x0000000087800000|100%| E|CS|TAMS 0x0000000087700000, 0x0000000087700000| Complete 
| 120|0x0000000087800000, 0x0000000087900000, 0x0000000087900000|100%| E|CS|TAMS 0x0000000087800000, 0x0000000087800000| Complete 
| 121|0x0000000087900000, 0x0000000087a00000, 0x0000000087a00000|100%| E|CS|TAMS 0x0000000087900000, 0x0000000087900000| Complete 
| 122|0x0000000087a00000, 0x0000000087b00000, 0x0000000087b00000|100%| E|CS|TAMS 0x0000000087a00000, 0x0000000087a00000| Complete 
| 123|0x0000000087b00000, 0x0000000087c00000, 0x0000000087c00000|100%| E|CS|TAMS 0x0000000087b00000, 0x0000000087b00000| Complete 
| 124|0x0000000087c00000, 0x0000000087d00000, 0x0000000087d00000|100%| E|CS|TAMS 0x0000000087c00000, 0x0000000087c00000| Complete 
| 125|0x0000000087d00000, 0x0000000087e00000, 0x0000000087e00000|100%| E|CS|TAMS 0x0000000087d00000, 0x0000000087d00000| Complete 

Card table byte_map: [0x0000029a6f850000,0x0000029a6fc50000] _byte_map_base: 0x0000029a6f450000

Marking Bits (Prev, Next): (CMBitMap*) 0x0000029a5c65be30, (CMBitMap*) 0x0000029a5c65bdf8
 Prev Bits: [0x0000029a72050000, 0x0000029a74050000)
 Next Bits: [0x0000029a70050000, 0x0000029a72050000)

Polling page: 0x0000029a5a620000

Metaspace:

Usage:
  Non-class:     26.49 MB capacity,    25.97 MB ( 98%) used,   460.24 KB (  2%) free+waste,    72.06 KB ( <1%) overhead. 
      Class:      4.30 MB capacity,     4.01 MB ( 93%) used,   261.28 KB (  6%) free+waste,    36.44 KB ( <1%) overhead. 
       Both:     30.79 MB capacity,    29.98 MB ( 97%) used,   721.52 KB (  2%) free+waste,   108.50 KB ( <1%) overhead. 

Virtual space:
  Non-class space:       28.00 MB reserved,      26.50 MB ( 95%) committed 
      Class space:        1.00 GB reserved,       4.38 MB ( <1%) committed 
             Both:        1.03 GB reserved,      30.88 MB (  3%) committed 

Chunk freelists:
   Non-Class:  12.00 KB
       Class:  14.00 KB
        Both:  26.00 KB

MaxMetaspaceSize: 17179869184.00 GB
CompressedClassSpaceSize: 1.00 GB
Initial GC threshold: 20.80 MB
Current GC threshold: 35.00 MB
CDS: off

CodeHeap 'non-profiled nmethods': size=120000Kb used=1266Kb max_used=1266Kb free=118733Kb
 bounds [0x0000029a67bf0000, 0x0000029a67e60000, 0x0000029a6f120000]
CodeHeap 'profiled nmethods': size=120000Kb used=5730Kb max_used=5730Kb free=114269Kb
 bounds [0x0000029a606c0000, 0x0000029a60c60000, 0x0000029a67bf0000]
CodeHeap 'non-nmethods': size=5760Kb used=1232Kb max_used=1260Kb free=4528Kb
 bounds [0x0000029a60120000, 0x0000029a60390000, 0x0000029a606c0000]
 total_blobs=3189 nmethods=2681 adapters=420
 compilation: enabled
              stopped_count=0, restarted_count=0
 full_count=0

Compilation events (20 events):
Event: 3.568 Thread 0x0000029a77426800 2655       3       org.objectweb.asm.Frame::accept (264 bytes)
Event: 3.569 Thread 0x0000029a77426800 nmethod 2655 0x0000029a60c3e010 code [0x0000029a60c3e240, 0x0000029a60c3eb58]
Event: 3.569 Thread 0x0000029a77426800 2656       3       org.objectweb.asm.Frame::push (59 bytes)
Event: 3.569 Thread 0x0000029a77426800 nmethod 2656 0x0000029a60c3ef10 code [0x0000029a60c3f160, 0x0000029a60c3f8b8]
Event: 3.570 Thread 0x0000029a77426800 2657       3       org.objectweb.asm.Type::getReturnTypeOffset (64 bytes)
Event: 3.571 Thread 0x0000029a77426800 nmethod 2657 0x0000029a60c3fc10 code [0x0000029a60c3ff40, 0x0000029a60c41318]
Event: 3.571 Thread 0x0000029a77426800 2658       3       org.objectweb.asm.Frame::pop (53 bytes)
Event: 3.571 Thread 0x0000029a77426800 nmethod 2658 0x0000029a60c41a90 code [0x0000029a60c41ce0, 0x0000029a60c42418]
Event: 3.571 Thread 0x0000029a77426800 2653       3       org.objectweb.asm.Type::getType (122 bytes)
Event: 3.572 Thread 0x0000029a77426800 nmethod 2653 0x0000029a60c42710 code [0x0000029a60c42980, 0x0000029a60c43268]
Event: 3.572 Thread 0x0000029a77426800 2660       3       org.objectweb.asm.Frame::pop (42 bytes)
Event: 3.572 Thread 0x0000029a77426800 nmethod 2660 0x0000029a60c43510 code [0x0000029a60c436c0, 0x0000029a60c43858]
Event: 3.572 Thread 0x0000029a77426800 2662       3       org.objectweb.asm.Handler::getExceptionTableSize (10 bytes)
Event: 3.572 Thread 0x0000029a77426800 nmethod 2662 0x0000029a60c43910 code [0x0000029a60c43ac0, 0x0000029a60c43cb8]
Event: 3.572 Thread 0x0000029a77426800 2659       3       org.objectweb.asm.SymbolTable::hash (15 bytes)
Event: 3.572 Thread 0x0000029a77426800 nmethod 2659 0x0000029a60c43e10 code [0x0000029a60c43fe0, 0x0000029a60c44158]
Event: 3.572 Thread 0x0000029a77426800 2654       3       org.objectweb.asm.Frame::getInputStackSize (6 bytes)
Event: 3.572 Thread 0x0000029a77426800 nmethod 2654 0x0000029a60c44290 code [0x0000029a60c44440, 0x0000029a60c44558]
Event: 3.572 Thread 0x0000029a77426800 2661       3       org.objectweb.asm.Type::<init> (26 bytes)
Event: 3.572 Thread 0x0000029a77426800 nmethod 2661 0x0000029a60c44610 code [0x0000029a60c447c0, 0x0000029a60c44978]

GC Heap History (8 events):
Event: 0.724 GC heap before
{Heap before GC invocations=0 (full 0):
 garbage-first heap   total 129024K, used 29696K [0x0000000080000000, 0x0000000100000000)
  region size 1024K, 24 young (24576K), 0 survivors (0K)
 Metaspace       used 10200K, capacity 10391K, committed 10624K, reserved 1058816K
  class space    used 1062K, capacity 1106K, committed 1152K, reserved 1048576K
}
Event: 0.729 GC heap after
{Heap after GC invocations=1 (full 0):
 garbage-first heap   total 129024K, used 9420K [0x0000000080000000, 0x0000000100000000)
  region size 1024K, 3 young (3072K), 3 survivors (3072K)
 Metaspace       used 10200K, capacity 10391K, committed 10624K, reserved 1058816K
  class space    used 1062K, capacity 1106K, committed 1152K, reserved 1048576K
}
Event: 2.353 GC heap before
{Heap before GC invocations=1 (full 0):
 garbage-first heap   total 129024K, used 83148K [0x0000000080000000, 0x0000000100000000)
  region size 1024K, 75 young (76800K), 3 survivors (3072K)
 Metaspace       used 17790K, capacity 18186K, committed 18432K, reserved 1064960K
  class space    used 2086K, capacity 2228K, committed 2304K, reserved 1048576K
}
Event: 2.362 GC heap after
{Heap after GC invocations=2 (full 0):
 garbage-first heap   total 129024K, used 15652K [0x0000000080000000, 0x0000000100000000)
  region size 1024K, 10 young (10240K), 10 survivors (10240K)
 Metaspace       used 17790K, capacity 18186K, committed 18432K, reserved 1064960K
  class space    used 2086K, capacity 2228K, committed 2304K, reserved 1048576K
}
Event: 2.648 GC heap before
{Heap before GC invocations=2 (full 0):
 garbage-first heap   total 129024K, used 44324K [0x0000000080000000, 0x0000000100000000)
  region size 1024K, 39 young (39936K), 10 survivors (10240K)
 Metaspace       used 20726K, capacity 21158K, committed 21248K, reserved 1067008K
  class space    used 2547K, capacity 2729K, committed 2816K, reserved 1048576K
}
Event: 2.656 GC heap after
{Heap after GC invocations=3 (full 0):
 garbage-first heap   total 129024K, used 17050K [0x0000000080000000, 0x0000000100000000)
  region size 1024K, 2 young (2048K), 2 survivors (2048K)
 Metaspace       used 20726K, capacity 21158K, committed 21248K, reserved 1067008K
  class space    used 2547K, capacity 2729K, committed 2816K, reserved 1048576K
}
Event: 3.347 GC heap before
{Heap before GC invocations=4 (full 0):
 garbage-first heap   total 129024K, used 98970K [0x0000000080000000, 0x0000000100000000)
  region size 1024K, 72 young (73728K), 2 survivors (2048K)
 Metaspace       used 27953K, capacity 28677K, committed 28800K, reserved 1075200K
  class space    used 3676K, capacity 3940K, committed 3968K, reserved 1048576K
}
Event: 3.351 GC heap after
{Heap after GC invocations=5 (full 0):
 garbage-first heap   total 129024K, used 33418K [0x0000000080000000, 0x0000000100000000)
  region size 1024K, 8 young (8192K), 8 survivors (8192K)
 Metaspace       used 27953K, capacity 28677K, committed 28800K, reserved 1075200K
  class space    used 3676K, capacity 3940K, committed 3968K, reserved 1048576K
}

Deoptimization events (20 events):
Event: 3.203 Thread 0x0000029a795ca800 Uncommon trap: trap_request=0xffffffc6 fr.pc=0x0000029a67ce31e0 relative=0x0000000000003ac0
Event: 3.203 Thread 0x0000029a795ca800 Uncommon trap: reason=bimorphic_or_optimized_type_check action=maybe_recompile pc=0x0000029a67ce31e0 method=java.lang.ClassLoader.loadClass(Ljava/lang/String;Z)Ljava/lang/Class; @ 38 c2
Event: 3.203 Thread 0x0000029a795ca800 DEOPT PACKING pc=0x0000029a67ce31e0 sp=0x000000ff0fffa050
Event: 3.203 Thread 0x0000029a795ca800 DEOPT UNPACKING pc=0x0000029a6016a1af sp=0x000000ff0fffa0a0 mode 2
Event: 3.218 Thread 0x0000029a795ca800 DEOPT PACKING pc=0x0000029a60799883 sp=0x000000ff0fff5fa0
Event: 3.218 Thread 0x0000029a795ca800 DEOPT UNPACKING pc=0x0000029a6016a95e sp=0x000000ff0fff5518 mode 0
Event: 3.221 Thread 0x0000029a795ca800 Uncommon trap: trap_request=0xffffff4d fr.pc=0x0000029a67c6d24c relative=0x000000000000244c
Event: 3.221 Thread 0x0000029a795ca800 Uncommon trap: reason=unstable_if action=reinterpret pc=0x0000029a67c6d24c method=java.util.zip.ZipFile$Source.initCEN(ILjava/util/zip/ZipCoder;)V @ 621 c2
Event: 3.221 Thread 0x0000029a795ca800 DEOPT PACKING pc=0x0000029a67c6d24c sp=0x000000ff0fff60b0
Event: 3.221 Thread 0x0000029a795ca800 DEOPT UNPACKING pc=0x0000029a6016a1af sp=0x000000ff0fff6098 mode 2
Event: 3.257 Thread 0x0000029a795ca800 DEOPT PACKING pc=0x0000029a60799883 sp=0x000000ff0fff4fc0
Event: 3.257 Thread 0x0000029a795ca800 DEOPT UNPACKING pc=0x0000029a6016a95e sp=0x000000ff0fff4538 mode 0
Event: 3.542 Thread 0x0000029a795ca800 Uncommon trap: trap_request=0xffffff4d fr.pc=0x0000029a67ca50d8 relative=0x0000000000000218
Event: 3.542 Thread 0x0000029a795ca800 Uncommon trap: reason=unstable_if action=reinterpret pc=0x0000029a67ca50d8 method=java.util.HashMap.hash(Ljava/lang/Object;)I @ 1 c2
Event: 3.542 Thread 0x0000029a795ca800 DEOPT PACKING pc=0x0000029a67ca50d8 sp=0x000000ff0fff8420
Event: 3.542 Thread 0x0000029a795ca800 DEOPT UNPACKING pc=0x0000029a6016a1af sp=0x000000ff0fff8358 mode 2
Event: 3.542 Thread 0x0000029a795ca800 Uncommon trap: trap_request=0xffffff4d fr.pc=0x0000029a67c8d0ac relative=0x000000000000008c
Event: 3.542 Thread 0x0000029a795ca800 Uncommon trap: reason=unstable_if action=reinterpret pc=0x0000029a67c8d0ac method=java.util.HashMap.hash(Ljava/lang/Object;)I @ 1 c2
Event: 3.542 Thread 0x0000029a795ca800 DEOPT PACKING pc=0x0000029a67c8d0ac sp=0x000000ff0fff8190
Event: 3.542 Thread 0x0000029a795ca800 DEOPT UNPACKING pc=0x0000029a6016a1af sp=0x000000ff0fff8128 mode 2

Classes redefined (0 events):
No events

Internal exceptions (20 events):
Event: 3.328 Thread 0x0000029a795ca800 Exception <a 'java/lang/NoSuchMethodError'{0x0000000083878b40}: <clinit>> (0x0000000083878b40) thrown at [./src/hotspot/share/prims/jni.cpp, line 1365]
Event: 3.329 Thread 0x0000029a795ca800 Exception <a 'java/lang/NoSuchMethodError'{0x0000000083882e00}: <clinit>> (0x0000000083882e00) thrown at [./src/hotspot/share/prims/jni.cpp, line 1365]
Event: 3.329 Thread 0x0000029a795ca800 Exception <a 'java/lang/NoSuchMethodError'{0x000000008388ce70}: <clinit>> (0x000000008388ce70) thrown at [./src/hotspot/share/prims/jni.cpp, line 1365]
Event: 3.330 Thread 0x0000029a795ca800 Exception <a 'java/lang/NoSuchMethodError'{0x0000000083897120}: <clinit>> (0x0000000083897120) thrown at [./src/hotspot/share/prims/jni.cpp, line 1365]
Event: 3.335 Thread 0x0000029a795ca800 Exception <a 'java/lang/NoSuchMethodError'{0x000000008374d5c8}: <clinit>> (0x000000008374d5c8) thrown at [./src/hotspot/share/prims/jni.cpp, line 1365]
Event: 3.335 Thread 0x0000029a795ca800 Exception <a 'java/lang/NoSuchMethodError'{0x0000000083750000}: <clinit>> (0x0000000083750000) thrown at [./src/hotspot/share/prims/jni.cpp, line 1365]
Event: 3.335 Thread 0x0000029a795ca800 Exception <a 'java/lang/NoSuchMethodError'{0x0000000083751608}: <clinit>> (0x0000000083751608) thrown at [./src/hotspot/share/prims/jni.cpp, line 1365]
Event: 3.335 Thread 0x0000029a795ca800 Exception <a 'java/lang/NoSuchMethodError'{0x0000000083752ba0}: <clinit>> (0x0000000083752ba0) thrown at [./src/hotspot/share/prims/jni.cpp, line 1365]
Event: 3.335 Thread 0x0000029a795ca800 Exception <a 'java/lang/NoSuchMethodError'{0x0000000083754300}: <clinit>> (0x0000000083754300) thrown at [./src/hotspot/share/prims/jni.cpp, line 1365]
Event: 3.335 Thread 0x0000029a795ca800 Exception <a 'java/lang/NoSuchMethodError'{0x0000000083755998}: <clinit>> (0x0000000083755998) thrown at [./src/hotspot/share/prims/jni.cpp, line 1365]
Event: 3.335 Thread 0x0000029a795ca800 Exception <a 'java/lang/NoSuchMethodError'{0x0000000083756ed0}: <clinit>> (0x0000000083756ed0) thrown at [./src/hotspot/share/prims/jni.cpp, line 1365]
Event: 3.460 Thread 0x0000029a795ca800 Exception <a 'java/lang/NoSuchMethodError'{0x0000000086eb64c0}: 'java.lang.Object java.lang.invoke.DirectMethodHandle$Holder.invokeSpecialIFC(java.lang.Object, java.lang.Object, java.lang.Object, java.lang.Object)'> (0x0000000086eb64c0) thrown at [./src/hotspot/share/interpreter/linkResolver.cpp, line 773]
Event: 3.465 Thread 0x0000029a795ca800 Exception <a 'java/lang/NoSuchMethodError'{0x0000000086d9a450}: 'java.lang.Object java.lang.invoke.DirectMethodHandle$Holder.invokeSpecial(java.lang.Object, java.lang.Object, java.lang.Object, java.lang.Object, java.lang.Object, java.lang.Object, java.lang.Object, java.lang.Object, java.lang.Object, java.lang.Object, java.lang.Object, java.lang.Object, java.lang.Object)'> (0x0000000086d9a450) thrown at [./src/hotspot/share/interpreter/linkResolver.cpp, line 773]
Event: 3.466 Thread 0x0000029a795ca800 Exception <a 'java/lang/NoSuchMethodError'{0x0000000086dab558}: 'java.lang.Object java.lang.invoke.DirectMethodHandle$Holder.invokeSpecial(java.lang.Object, java.lang.Object, java.lang.Object, java.lang.Object, java.lang.Object, java.lang.Object, java.lang.Object, java.lang.Object, java.lang.Object, java.lang.Object, java.lang.Object, java.lang.Object)'> (0x0000000086dab558) thrown at [./src/hotspot/share/interpreter/linkResolver.cpp, line 773]
Event: 3.466 Thread 0x0000029a795ca800 Exception <a 'java/lang/NoSuchMethodError'{0x0000000086db0928}: 'java.lang.Object java.lang.invoke.Invokers$Holder.linkToTargetMethod(java.lang.Object, java.lang.Object, java.lang.Object, java.lang.Object, java.lang.Object, java.lang.Object, java.lang.Object, java.lang.Object, java.lang.Object, java.lang.Object, java.lang.Object)'> (0x0000000086db0928) thrown at [./src/hotspot/share/interpreter/linkResolver.cpp, line 773]
Event: 3.473 Thread 0x0000029a795ca800 Exception <a 'java/lang/NoSuchMethodError'{0x0000000086cf9ed0}: 'java.lang.Object java.lang.invoke.DirectMethodHandle$Holder.invokeSpecial(java.lang.Object, java.lang.Object, java.lang.Object, java.lang.Object, java.lang.Object, java.lang.Object, java.lang.Object, java.lang.Object, java.lang.Object, java.lang.Object, java.lang.Object, java.lang.Object, java.lang.Object, java.lang.Object)'> (0x0000000086cf9ed0) thrown at [./src/hotspot/share/interpreter/linkResolver.cpp, line 773]
Event: 3.474 Thread 0x0000029a795ca800 Exception <a 'java/lang/NoSuchMethodError'{0x0000000086b0be38}: 'java.lang.Object java.lang.invoke.Invokers$Holder.linkToTargetMethod(java.lang.Object, java.lang.Object, java.lang.Object, java.lang.Object, java.lang.Object, java.lang.Object, java.lang.Object, java.lang.Object, java.lang.Object, java.lang.Object, java.lang.Object, java.lang.Object)'> (0x0000000086b0be38) thrown at [./src/hotspot/share/interpreter/linkResolver.cpp, line 773]
Event: 3.480 Thread 0x0000029a795ca800 Exception <a 'java/lang/NoSuchMethodError'{0x0000000086bfb538}: 'java.lang.Object java.lang.invoke.DirectMethodHandle$Holder.invokeStaticInit(java.lang.Object, java.lang.Object, java.lang.Object, java.lang.Object)'> (0x0000000086bfb538) thrown at [./src/hotspot/share/interpreter/linkResolver.cpp, line 773]
Event: 3.542 Thread 0x0000029a795ca800 Implicit null exception at 0x0000029a67ca4ef5 to 0x0000029a67ca50c8
Event: 3.542 Thread 0x0000029a795ca800 Implicit null exception at 0x0000029a67c8d02f to 0x0000029a67c8d09d

Events (20 events):
Event: 3.574 loading class org/gradle/api/internal/provider/AbstractProperty$FinalizedValue
Event: 3.574 loading class org/gradle/api/internal/provider/AbstractProperty$FinalizedValue done
Event: 3.574 loading class org/gradle/api/internal/provider/ValueSanitizers
Event: 3.574 loading class org/gradle/api/internal/provider/ValueSanitizers done
Event: 3.574 loading class org/gradle/api/internal/provider/ValueSanitizer
Event: 3.574 loading class org/gradle/api/internal/provider/ValueSanitizer done
Event: 3.574 loading class org/gradle/api/internal/provider/ValueCollector
Event: 3.574 loading class org/gradle/api/internal/provider/ValueCollector done
Event: 3.574 loading class org/gradle/api/internal/provider/ValueSanitizers$1
Event: 3.574 loading class org/gradle/api/internal/provider/ValueSanitizers$1 done
Event: 3.575 loading class org/gradle/api/internal/provider/ValueSanitizers$2
Event: 3.575 loading class org/gradle/api/internal/provider/ValueSanitizers$2 done
Event: 3.575 loading class org/gradle/api/internal/provider/ValueSanitizers$3
Event: 3.575 loading class org/gradle/api/internal/provider/ValueSanitizers$3 done
Event: 3.575 loading class org/gradle/api/internal/provider/ValueSanitizers$4
Event: 3.575 loading class org/gradle/api/internal/provider/ValueSanitizers$4 done
Event: 3.575 loading class org/gradle/api/internal/provider/Providers
Event: 3.575 loading class org/gradle/api/internal/provider/Providers done
Event: 3.576 loading class org/gradle/api/internal/provider/Providers$NoValueProvider
Event: 3.576 loading class org/gradle/api/internal/provider/Providers$NoValueProvider done


Dynamic libraries:
0x00007ff7c1bc0000 - 0x00007ff7c1bca000 	C:\Program Files\Android\Android Studio\jre\bin\java.exe
0x00007ff992f50000 - 0x00007ff993164000 	C:\WINDOWS\SYSTEM32\ntdll.dll
0x00007ff992a10000 - 0x00007ff992ad2000 	C:\WINDOWS\System32\KERNEL32.DLL
0x00007ff990400000 - 0x00007ff99079c000 	C:\WINDOWS\System32\KERNELBASE.dll
0x00007ff9907a0000 - 0x00007ff9908b1000 	C:\WINDOWS\System32\ucrtbase.dll
0x00007ff987160000 - 0x00007ff987179000 	C:\Program Files\Android\Android Studio\jre\bin\jli.dll
0x00007ff9871d0000 - 0x00007ff9871e7000 	C:\Program Files\Android\Android Studio\jre\bin\VCRUNTIME140.dll
0x00007ff96ffb0000 - 0x00007ff97023e000 	C:\WINDOWS\WinSxS\amd64_microsoft.windows.common-controls_6595b64144ccf1df_6.0.22621.317_none_a9434687c10c9fa2\COMCTL32.dll
0x00007ff992cc0000 - 0x00007ff992e6b000 	C:\WINDOWS\System32\USER32.dll
0x00007ff992830000 - 0x00007ff9928d7000 	C:\WINDOWS\System32\msvcrt.dll
0x00007ff990c10000 - 0x00007ff990c36000 	C:\WINDOWS\System32\win32u.dll
0x00007ff9929e0000 - 0x00007ff992a09000 	C:\WINDOWS\System32\GDI32.dll
0x00007ff990c40000 - 0x00007ff990d52000 	C:\WINDOWS\System32\gdi32full.dll
0x00007ff990b70000 - 0x00007ff990c0a000 	C:\WINDOWS\System32\msvcp_win.dll
0x00007ff990f20000 - 0x00007ff990f51000 	C:\WINDOWS\System32\IMM32.DLL
0x00007ff977700000 - 0x00007ff97779d000 	C:\Program Files\Android\Android Studio\jre\bin\msvcp140.dll
0x00007ff902330000 - 0x00007ff902e15000 	C:\Program Files\Android\Android Studio\jre\bin\server\jvm.dll
0x00007ff990fd0000 - 0x00007ff99107e000 	C:\WINDOWS\System32\ADVAPI32.dll
0x00007ff992ae0000 - 0x00007ff992b84000 	C:\WINDOWS\System32\sechost.dll
0x00007ff992290000 - 0x00007ff9923a5000 	C:\WINDOWS\System32\RPCRT4.dll
0x00007ff992280000 - 0x00007ff992288000 	C:\WINDOWS\System32\PSAPI.DLL
0x00007ff972520000 - 0x00007ff972529000 	C:\WINDOWS\SYSTEM32\WSOCK32.dll
0x00007ff992e70000 - 0x00007ff992ee1000 	C:\WINDOWS\System32\WS2_32.dll
0x00007ff988440000 - 0x00007ff98844a000 	C:\WINDOWS\SYSTEM32\VERSION.dll
0x00007ff989880000 - 0x00007ff9898b4000 	C:\WINDOWS\SYSTEM32\WINMM.dll
0x00007ff98f4c0000 - 0x00007ff98f4d8000 	C:\WINDOWS\SYSTEM32\kernel.appcore.dll
0x00007ff980790000 - 0x00007ff9807a1000 	C:\Program Files\Android\Android Studio\jre\bin\verify.dll
0x00007ff98d950000 - 0x00007ff98db7e000 	C:\WINDOWS\SYSTEM32\DBGHELP.DLL
0x00007ff991410000 - 0x00007ff991799000 	C:\WINDOWS\System32\combase.dll
0x00007ff991130000 - 0x00007ff991207000 	C:\WINDOWS\System32\OLEAUT32.dll
0x00007ff980ca0000 - 0x00007ff980cd2000 	C:\WINDOWS\SYSTEM32\dbgcore.DLL
0x00007ff9908c0000 - 0x00007ff99093b000 	C:\WINDOWS\System32\bcryptPrimitives.dll
0x00007ff961be0000 - 0x00007ff961c09000 	C:\Program Files\Android\Android Studio\jre\bin\java.dll
0x00007ff980610000 - 0x00007ff98061b000 	C:\Program Files\Android\Android Studio\jre\bin\jimage.dll
0x00007ff961bc0000 - 0x00007ff961bd8000 	C:\Program Files\Android\Android Studio\jre\bin\zip.dll
0x00007ff991900000 - 0x00007ff9920db000 	C:\WINDOWS\System32\SHELL32.dll
0x00007ff98e3b0000 - 0x00007ff98ec65000 	C:\WINDOWS\SYSTEM32\windows.storage.dll
0x00007ff98e270000 - 0x00007ff98e3ad000 	C:\WINDOWS\SYSTEM32\wintypes.dll
0x00007ff9928e0000 - 0x00007ff9929d1000 	C:\WINDOWS\System32\SHCORE.dll
0x00007ff9918a0000 - 0x00007ff9918fe000 	C:\WINDOWS\System32\shlwapi.dll
0x00007ff9902c0000 - 0x00007ff9902e1000 	C:\WINDOWS\SYSTEM32\profapi.dll
0x00007ff961ba0000 - 0x00007ff961bba000 	C:\Program Files\Android\Android Studio\jre\bin\net.dll
0x00007ff989700000 - 0x00007ff98982f000 	C:\WINDOWS\SYSTEM32\WINHTTP.dll
0x00007ff98f920000 - 0x00007ff98f989000 	C:\WINDOWS\system32\mswsock.dll
0x00007ff961b80000 - 0x00007ff961b94000 	C:\Program Files\Android\Android Studio\jre\bin\nio.dll
0x00007ff9871f0000 - 0x00007ff987217000 	C:\Users\Ray Ann Martinez\.gradle\native\e1d6ef7f7dcc3fd88c89a11ec53ec762bb8ba0a96d01ffa2cd45eb1d1d8dd5c5\windows-amd64\native-platform.dll
0x00007ff951a20000 - 0x00007ff951b64000 	C:\Users\Ray Ann Martinez\.gradle\native\5664cfc778a61ccfe75a443a1ab52a65af34e5dc3c78e0209fed803814484fcb\windows-amd64\native-platform-file-events.dll
0x00007ff980600000 - 0x00007ff98060a000 	C:\Program Files\Android\Android Studio\jre\bin\management.dll
0x00007ff97f230000 - 0x00007ff97f23d000 	C:\Program Files\Android\Android Studio\jre\bin\management_ext.dll
0x00007ff98fb80000 - 0x00007ff98fb9b000 	C:\WINDOWS\SYSTEM32\CRYPTSP.dll
0x00007ff98f430000 - 0x00007ff98f465000 	C:\WINDOWS\system32\rsaenh.dll
0x00007ff98fa30000 - 0x00007ff98fa58000 	C:\WINDOWS\SYSTEM32\USERENV.dll
0x00007ff98fd40000 - 0x00007ff98fd68000 	C:\WINDOWS\SYSTEM32\bcrypt.dll
0x00007ff98fba0000 - 0x00007ff98fbac000 	C:\WINDOWS\SYSTEM32\CRYPTBASE.dll
0x00007ff98ef30000 - 0x00007ff98ef5d000 	C:\WINDOWS\SYSTEM32\IPHLPAPI.DLL
0x00007ff991210000 - 0x00007ff991219000 	C:\WINDOWS\System32\NSI.dll
0x00007ff9896e0000 - 0x00007ff9896f9000 	C:\WINDOWS\SYSTEM32\dhcpcsvc6.DLL
0x00007ff9896c0000 - 0x00007ff9896df000 	C:\WINDOWS\SYSTEM32\dhcpcsvc.DLL
0x00007ff98efa0000 - 0x00007ff98f092000 	C:\WINDOWS\SYSTEM32\DNSAPI.dll

dbghelp: loaded successfully - version: 4.0.5 - missing functions: none
symbol engine: initialized successfully - sym options: 0x614 - pdb path: .;C:\Program Files\Android\Android Studio\jre\bin;C:\WINDOWS\SYSTEM32;C:\WINDOWS\WinSxS\amd64_microsoft.windows.common-controls_6595b64144ccf1df_6.0.22621.317_none_a9434687c10c9fa2;C:\Program Files\Android\Android Studio\jre\bin\server;C:\Users\Ray Ann Martinez\.gradle\native\e1d6ef7f7dcc3fd88c89a11ec53ec762bb8ba0a96d01ffa2cd45eb1d1d8dd5c5\windows-amd64;C:\Users\Ray Ann Martinez\.gradle\native\5664cfc778a61ccfe75a443a1ab52a65af34e5dc3c78e0209fed803814484fcb\windows-amd64

VM Arguments:
jvm_args: --add-opens=java.base/java.util=ALL-UNNAMED --add-opens=java.base/java.lang=ALL-UNNAMED --add-opens=java.base/java.lang.invoke=ALL-UNNAMED --add-opens=java.base/java.util=ALL-UNNAMED --add-opens=java.prefs/java.util.prefs=ALL-UNNAMED --add-opens=java.prefs/java.util.prefs=ALL-UNNAMED --add-opens=java.base/java.nio.charset=ALL-UNNAMED --add-opens=java.base/java.net=ALL-UNNAMED --add-opens=java.base/java.util.concurrent.atomic=ALL-UNNAMED -Xmx2048m -Dfile.encoding=UTF-8 -Duser.country=PH -Duser.language=en -Duser.variant 
java_command: org.gradle.launcher.daemon.bootstrap.GradleDaemon 7.3.3
java_class_path (initial): C:\Users\Ray Ann Martinez\.gradle\wrapper\dists\gradle-7.3.3-bin\6a41zxkdtcxs8rphpq6y0069z\gradle-7.3.3\lib\gradle-launcher-7.3.3.jar
Launcher Type: SUN_STANDARD

[Global flags]
     intx CICompilerCount                          = 4                                         {product} {ergonomic}
     uint ConcGCThreads                            = 2                                         {product} {ergonomic}
     uint G1ConcRefinementThreads                  = 8                                         {product} {ergonomic}
   size_t G1HeapRegionSize                         = 1048576                                   {product} {ergonomic}
    uintx GCDrainStackTargetSize                   = 64                                        {product} {ergonomic}
   size_t InitialHeapSize                          = 132120576                                 {product} {ergonomic}
   size_t MarkStackSize                            = 4194304                                   {product} {ergonomic}
   size_t MaxHeapSize                              = 2147483648                                {product} {command line}
   size_t MaxNewSize                               = 1287651328                                {product} {ergonomic}
   size_t MinHeapDeltaBytes                        = 1048576                                   {product} {ergonomic}
    uintx NonNMethodCodeHeapSize                   = 5836300                                {pd product} {ergonomic}
    uintx NonProfiledCodeHeapSize                  = 122910970                              {pd product} {ergonomic}
    uintx ProfiledCodeHeapSize                     = 122910970                              {pd product} {ergonomic}
    uintx ReservedCodeCacheSize                    = 251658240                              {pd product} {ergonomic}
     bool SegmentedCodeCache                       = true                                      {product} {ergonomic}
     bool UseCompressedClassPointers               = true                                 {lp64_product} {ergonomic}
     bool UseCompressedOops                        = true                                 {lp64_product} {ergonomic}
     bool UseG1GC                                  = true                                      {product} {ergonomic}
     bool UseLargePagesIndividualAllocation        = false                                  {pd product} {ergonomic}

Logging:
Log output configuration:
 #0: stdout all=warning uptime,level,tags
 #1: stderr all=off uptime,level,tags

Environment Variables:
PATH=C:\Program Files\Common Files\Oracle\Java\javapath;C:\Program Files (x86)\Common Files\Oracle\Java\javapath;C:\Program Files (x86)\Razer\ChromaBroadcast\bin;C:\Program Files\Razer\ChromaBroadcast\bin;C:\Windows\system32;C:\Windows;C:\Windows\System32\Wbem;C:\Windows\System32\WindowsPowerShell\v1.0\;C:\Windows\System32\OpenSSH\;C:\Program Files (x86)\NVIDIA Corporation\PhysX\Common;C:\Program Files\NVIDIA Corporation\NVIDIA NvDLISR;C:\WINDOWS\system32;C:\WINDOWS;C:\WINDOWS\System32\Wbem;C:\WINDOWS\System32\WindowsPowerShell\v1.0\;C:\WINDOWS\System32\OpenSSH\;C:\WINDOWS\system32\config\systemprofile\AppData\Local\Microsoft\WindowsApps;C:\WINDOWS\system32;C:\WINDOWS;C:\WINDOWS\System32\Wbem;C:\WINDOWS\System32\WindowsPowerShell\v1.0\;C:\WINDOWS\System32\OpenSSH\;C:\ProgramData\chocolatey\bin;C:\ProgramData\chocolatey\lib\mpv.install\tools;C:\Program Files\dotnet\;C:\Users\Ray Ann Martinez\AppData\Local\Android Open Source Project\Emulator;C:\Program Files\Git\cmd;C:\Program Files\Docker\Docker\resources\bin;C:\ProgramData\DockerDesktop\version-bin;C:\Program Files\nodejs\;C:\Users\Ray Ann Martinez\AppData\Local\Packages\PythonSoftwareFoundation.Python.3.10_qbz5n2kfra8p0\LocalCache\local-packages\Python310\Scripts;C:\Users\Ray Ann Martinez\AppData\Local\Microsoft\WindowsApps;C:\Users\Ray Ann Martinez\AppData\Local\Android Open Source Project\Emulator;C:\Program Files\Java\jdk-18.0.2.1\bin;C:\Users\Ray Ann Martinez\AppData\Local\Programs\Microsoft VS Code\bin;C:\Users\Ray Ann Martinez\AppData\Roaming\npm;C:\Users\Ray Ann Martinez\AppData\Local\GitHubDesktop\bin;C:\Users\Ray Ann Martinez\AppData\Local\Programs\Python\Python310\Scripts;C:\Users\Ray Ann Martinez\AppData\Local\Packages\PythonSoftwareFoundation.Python.3.10_qbz5n2kfra8p0\LocalCache\local-packages\Python310\Scripts;
USERNAME=Ray Ann Martinez
OS=Windows_NT
PROCESSOR_IDENTIFIER=Intel64 Family 6 Model 165 Stepping 2, GenuineIntel



---------------  S Y S T E M  ---------------

OS: Windows 10 , 64 bit Build 22621 (10.0.22621.457)
OS uptime: 1 days 7:08 hours
Hyper-V role detected

CPU:total 8 (initial active 8) (4 cores per cpu, 2 threads per core) family 6 model 165 stepping 2 microcode 0xe2, cmov, cx8, fxsr, mmx, sse, sse2, sse3, ssse3, sse4.1, sse4.2, popcnt, avx, avx2, aes, clmul, erms, 3dnowpref, lzcnt, ht, tsc, tscinvbit, bmi1, bmi2, adx, fma

Memory: 4k page, system-wide physical 8059M (310M free)
TotalPageFile size 32635M (AvailPageFile size 4M)
current process WorkingSet (physical memory assigned to process): 228M, peak: 228M
current process commit charge ("private bytes"): 282M, peak: 282M

vm_info: OpenJDK 64-Bit Server VM (11.0.12+7-b1504.28-7817840) for windows-amd64 JRE (11.0.12+7-b1504.28-7817840), built on Oct 13 2021 22:12:33 by "builder" with MS VC++ 14.0 (VS2015)

END.
