#
# There is insufficient memory for the Java Runtime Environment to continue.
# Native memory allocation (mmap) failed to map 55574528 bytes for Failed to commit area from 0x0000000090800000 to 0x0000000093d00000 of length 55574528.
# Possible reasons:
#   The system is out of physical RAM or swap space
#   The process is running with CompressedOops enabled, and the Java Heap may be blocking the growth of the native heap
# Possible solutions:
#   Reduce memory load on the system
#   Increase physical memory or swap space
#   Check if swap backing store is full
#   Decrease Java heap size (-Xmx/-Xms)
#   Decrease number of Java threads
#   Decrease Java thread stack sizes (-Xss)
#   Set larger code cache with -XX:ReservedCodeCacheSize=
#   JVM is running with Unscaled Compressed Oops mode in which the Java heap is
#     placed in the first 4GB address space. The Java Heap base address is the
#     maximum limit for the native heap growth. Please use -XX:HeapBaseMinAddress
#     to set the Java Heap base and to place the Java Heap above 4GB virtual address.
# This output file may be truncated or incomplete.
#
#  Out of Memory Error (./src/hotspot/os/windows/os_windows.cpp:3521), pid=20068, tid=2308
#
# JRE version: OpenJDK Runtime Environment (11.0.12+7) (build 11.0.12+7-b1504.28-7817840)
# Java VM: OpenJDK 64-Bit Server VM (11.0.12+7-b1504.28-7817840, mixed mode, tiered, compressed oops, g1 gc, windows-amd64)
# No core dump will be written. Minidumps are not enabled by default on client versions of Windows
#

---------------  S U M M A R Y ------------

Command Line: --add-opens=java.base/java.util=ALL-UNNAMED --add-opens=java.base/java.lang=ALL-UNNAMED --add-opens=java.base/java.lang.invoke=ALL-UNNAMED --add-opens=java.base/java.util=ALL-UNNAMED --add-opens=java.prefs/java.util.prefs=ALL-UNNAMED --add-opens=java.prefs/java.util.prefs=ALL-UNNAMED --add-opens=java.base/java.nio.charset=ALL-UNNAMED --add-opens=java.base/java.net=ALL-UNNAMED --add-opens=java.base/java.util.concurrent.atomic=ALL-UNNAMED -Xmx2048m -Dfile.encoding=UTF-8 -Duser.country=PH -Duser.language=en -Duser.variant org.gradle.launcher.daemon.bootstrap.GradleDaemon 7.3.3

Host: Intel(R) Core(TM) i5-10300H CPU @ 2.50GHz, 8 cores, 7G,  Windows 10 , 64 bit Build 22621 (10.0.22621.457)
Time: Mon Oct  3 20:45:03 2022 Malay Peninsula Standard Time elapsed time: 24.787593 seconds (0d 0h 0m 24s)

---------------  T H R E A D  ---------------

Current thread (0x000001e9ff2e2000):  VMThread "VM Thread" [stack: 0x00000053ce500000,0x00000053ce600000] [id=2308]

Stack: [0x00000053ce500000,0x00000053ce600000]
[error occurred during error reporting (printing stack bounds), id 0xc0000005, EXCEPTION_ACCESS_VIOLATION (0xc0000005) at pc=0x000001e98000112d]

Native frames: (J=compiled Java code, j=interpreted, Vv=VM code, C=native code)
V  [jvm.dll+0x5fbcea]
V  [jvm.dll+0x731905]
V  [jvm.dll+0x732f1d]
V  [jvm.dll+0x733535]
V  [jvm.dll+0x7334eb]
V  [jvm.dll+0x5fb080]
V  [jvm.dll+0x5fb818]
C  [ntdll.dll+0xa3e1f]
C  [ntdll.dll+0x1eae6]
C  [ntdll.dll+0xa2e0e]
C  0x000001e98000112d

VM_Operation (0x00000053d6ef89d0): G1CollectForAllocation, mode: safepoint, requested by thread 0x000001e996331800


---------------  P R O C E S S  ---------------

Threads class SMR info:
_java_thread_list=0x000001e99c0703e0, length=136, elements={
0x000001e9f9e5a000, 0x000001e9ff2e5800, 0x000001e9ff2ef000, 0x000001e995043800,
0x000001e995044800, 0x000001e995045800, 0x000001e995049000, 0x000001e99504e800,
0x000001e995051800, 0x000001e99519c000, 0x000001e99722a000, 0x000001e995ff7800,
0x000001e99756b000, 0x000001e996bce800, 0x000001e9972bc800, 0x000001e997d5e800,
0x000001e997773000, 0x000001e998113800, 0x000001e997dba000, 0x000001e998250800,
0x000001e998253000, 0x000001e998252000, 0x000001e998254800, 0x000001e998254000,
0x000001e998256800, 0x000001e998255800, 0x000001e998257000, 0x000001e998251800,
0x000001e9971e6800, 0x000001e9971e7800, 0x000001e9971e9000, 0x000001e9971ea000,
0x000001e9971ef800, 0x000001e9971ee000, 0x000001e9971ec800, 0x000001e9971f0800,
0x000001e9971eb800, 0x000001e9971ed800, 0x000001e9971eb000, 0x000001e9971f4000,
0x000001e9971f1800, 0x000001e9971f2000, 0x000001e9971f4800, 0x000001e9971f3000,
0x000001e9971ef000, 0x000001e99a053000, 0x000001e99a052000, 0x000001e99a054800,
0x000001e99a04f800, 0x000001e99a053800, 0x000001e99a056000, 0x000001e99a051800,
0x000001e99a055800, 0x000001e99a050800, 0x000001e99a058800, 0x000001e99a05a800,
0x000001e99a059800, 0x000001e99a05b000, 0x000001e99a05c000, 0x000001e99a05c800,
0x000001e99a057000, 0x000001e99a05d800, 0x000001e99a058000, 0x000001e99a05e800,
0x000001e99a2ab800, 0x000001e99a2aa800, 0x000001e99a2ac800, 0x000001e99a2ae000,
0x000001e99a2a8000, 0x000001e99a2ae800, 0x000001e99a2ad000, 0x000001e99a2a9000,
0x000001e99a2af800, 0x000001e99a2aa000, 0x000001e99a2b3800, 0x000001e99a2b0800,
0x000001e99a2b6000, 0x000001e99a2b7000, 0x000001e99a2b4800, 0x000001e99a2b2000,
0x000001e99a2b3000, 0x000001e99a2b1000, 0x000001e99a2b5800, 0x000001e99a3ae000,
0x000001e99a3af800, 0x000001e99a3b1000, 0x000001e99a3b2000, 0x000001e99a3ad000,
0x000001e99a3b0000, 0x000001e99a3b2800, 0x000001e99a3b4800, 0x000001e99a3ae800,
0x000001e99a3b5000, 0x000001e99a3b3800, 0x000001e99a3b6800, 0x000001e99a3ba000,
0x000001e99a3bb800, 0x000001e99a3b6000, 0x000001e99a3bb000, 0x000001e99a3b8800,
0x000001e99a3b9000, 0x000001e99a3b7800, 0x000001e99c152000, 0x000001e99c154800,
0x000001e99c158000, 0x000001e99c158800, 0x000001e99c157000, 0x000001e99c153000,
0x000001e99c159800, 0x000001e99c155800, 0x000001e99c154000, 0x000001e99c156800,
0x000001e99c15a800, 0x000001e99c161000, 0x000001e99c15f800, 0x000001e99c15b000,
0x000001e99c160000, 0x000001e99c15c000, 0x000001e99c15d800, 0x000001e99c15d000,
0x000001e99c15e800, 0x000001e996333800, 0x000001e996332800, 0x000001e996336800,
0x000001e996334000, 0x000001e996331000, 0x000001e996331800, 0x000001e996337800,
0x000001e996339000, 0x000001e99633b800, 0x000001e996338800, 0x000001e99633a000,
0x000001e996336000, 0x000001e99633f000, 0x000001e9a05f0800, 0x000001e99f167800
}

Java Threads: ( => current thread )
  0x000001e9f9e5a000 JavaThread "main" [_thread_blocked, id=2304, stack(0x00000053cdf00000,0x00000053ce000000)]
  0x000001e9ff2e5800 JavaThread "Reference Handler" daemon [_thread_blocked, id=22876, stack(0x00000053ce600000,0x00000053ce700000)]
  0x000001e9ff2ef000 JavaThread "Finalizer" daemon [_thread_blocked, id=23512, stack(0x00000053ce700000,0x00000053ce800000)]
  0x000001e995043800 JavaThread "Signal Dispatcher" daemon [_thread_blocked, id=18556, stack(0x00000053ce800000,0x00000053ce900000)]
  0x000001e995044800 JavaThread "Attach Listener" daemon [_thread_blocked, id=5656, stack(0x00000053ce900000,0x00000053cea00000)]
  0x000001e995045800 JavaThread "Service Thread" daemon [_thread_blocked, id=18084, stack(0x00000053cea00000,0x00000053ceb00000)]
  0x000001e995049000 JavaThread "C2 CompilerThread0" daemon [_thread_blocked, id=9864, stack(0x00000053ceb00000,0x00000053cec00000)]
  0x000001e99504e800 JavaThread "C1 CompilerThread0" daemon [_thread_blocked, id=2656, stack(0x00000053cec00000,0x00000053ced00000)]
  0x000001e995051800 JavaThread "Sweeper thread" daemon [_thread_blocked, id=4556, stack(0x00000053ced00000,0x00000053cee00000)]
  0x000001e99519c000 JavaThread "Common-Cleaner" daemon [_thread_blocked, id=2996, stack(0x00000053cee00000,0x00000053cef00000)]
  0x000001e99722a000 JavaThread "Daemon health stats" [_thread_blocked, id=21772, stack(0x00000053cf300000,0x00000053cf400000)]
  0x000001e995ff7800 JavaThread "Incoming local TCP Connector on port 56876" [_thread_in_native, id=8568, stack(0x00000053cf200000,0x00000053cf300000)]
  0x000001e99756b000 JavaThread "Daemon periodic checks" [_thread_blocked, id=9640, stack(0x00000053cf400000,0x00000053cf500000)]
  0x000001e996bce800 JavaThread "Daemon" [_thread_blocked, id=18500, stack(0x00000053cf500000,0x00000053cf600000)]
  0x000001e9972bc800 JavaThread "Handler for socket connection from /127.0.0.1:56876 to /127.0.0.1:56877" [_thread_in_native, id=14628, stack(0x00000053cf600000,0x00000053cf700000)]
  0x000001e997d5e800 JavaThread "Cancel handler" [_thread_blocked, id=18604, stack(0x00000053cf700000,0x00000053cf800000)]
  0x000001e997773000 JavaThread "Daemon worker" [_thread_blocked, id=2640, stack(0x00000053cf800000,0x00000053cf900000)]
  0x000001e998113800 JavaThread "Asynchronous log dispatcher for DefaultDaemonConnection: socket connection from /127.0.0.1:56876 to /127.0.0.1:56877" [_thread_blocked, id=14896, stack(0x00000053cf900000,0x00000053cfa00000)]
  0x000001e997dba000 JavaThread "Stdin handler" [_thread_blocked, id=1476, stack(0x00000053cfa00000,0x00000053cfb00000)]
  0x000001e998250800 JavaThread "Daemon client event forwarder" [_thread_blocked, id=20316, stack(0x00000053cfb00000,0x00000053cfc00000)]
  0x000001e998253000 JavaThread "Cache worker for journal cache (C:\Users\Ray Ann Martinez\.gradle\caches\journal-1)" [_thread_blocked, id=20000, stack(0x00000053d0100000,0x00000053d0200000)]
  0x000001e998252000 JavaThread "File lock request listener" [_thread_in_native, id=21908, stack(0x00000053d0200000,0x00000053d0300000)]
  0x000001e998254800 JavaThread "Cache worker for file hash cache (C:\Users\Ray Ann Martinez\.gradle\caches\7.3.3\fileHashes)" [_thread_blocked, id=23088, stack(0x00000053d0300000,0x00000053d0400000)]
  0x000001e998254000 JavaThread "Cache worker for file hash cache (C:\Users\Ray Ann Martinez\AndroidStudioProjects\Synapse\.gradle\7.3.3\fileHashes)" [_thread_blocked, id=15304, stack(0x00000053d0500000,0x00000053d0600000)]
  0x000001e998256800 JavaThread "File watcher server" daemon [_thread_blocked, id=20208, stack(0x00000053d0600000,0x00000053d0700000)]
  0x000001e998255800 JavaThread "File watcher consumer" daemon [_thread_blocked, id=6456, stack(0x00000053d0700000,0x00000053d0800000)]
  0x000001e998257000 JavaThread "Cache worker for checksums cache (C:\Users\Ray Ann Martinez\AndroidStudioProjects\Synapse\.gradle\7.3.3\checksums)" [_thread_blocked, id=8328, stack(0x00000053d0800000,0x00000053d0900000)]
  0x000001e998251800 JavaThread "Cache worker for cache directory md-supplier (C:\Users\Ray Ann Martinez\.gradle\caches\7.3.3\md-supplier)" [_thread_blocked, id=940, stack(0x00000053d0900000,0x00000053d0a00000)]
  0x000001e9971e6800 JavaThread "Cache worker for cache directory md-rule (C:\Users\Ray Ann Martinez\.gradle\caches\7.3.3\md-rule)" [_thread_blocked, id=3756, stack(0x00000053d0a00000,0x00000053d0b00000)]
  0x000001e9971e7800 JavaThread "Cache worker for execution history cache (C:\Users\Ray Ann Martinez\.gradle\caches\7.3.3\executionHistory)" [_thread_blocked, id=15992, stack(0x00000053d0c00000,0x00000053d0d00000)]
  0x000001e9971e9000 JavaThread "jar transforms" [_thread_blocked, id=3500, stack(0x00000053d0d00000,0x00000053d0e00000)]
  0x000001e9971ea000 JavaThread "Cache worker for file content cache (C:\Users\Ray Ann Martinez\.gradle\caches\7.3.3\fileContent)" [_thread_blocked, id=11328, stack(0x00000053d0e00000,0x00000053d0f00000)]
  0x000001e9971ef800 JavaThread "jar transforms Thread 2" [_thread_blocked, id=14104, stack(0x00000053d0f00000,0x00000053d1000000)]
  0x000001e9971ee000 JavaThread "Cache worker for dependencies-accessors (C:\Users\Ray Ann Martinez\AndroidStudioProjects\Synapse\.gradle\7.3.3\dependencies-accessors)" [_thread_blocked, id=22076, stack(0x00000053d1000000,0x00000053d1100000)]
  0x000001e9971ec800 JavaThread "jar transforms Thread 3" [_thread_blocked, id=20452, stack(0x00000053d1100000,0x00000053d1200000)]
  0x000001e9971f0800 JavaThread "Cache worker for Build Output Cleanup Cache (C:\Users\Ray Ann Martinez\AndroidStudioProjects\Synapse\.gradle\buildOutputCleanup)" [_thread_blocked, id=21808, stack(0x00000053d1200000,0x00000053d1300000)]
  0x000001e9971eb800 JavaThread "Unconstrained build operations" [_thread_blocked, id=20516, stack(0x00000053d1300000,0x00000053d1400000)]
  0x000001e9971ed800 JavaThread "Unconstrained build operations Thread 2" [_thread_blocked, id=21552, stack(0x00000053d1400000,0x00000053d1500000)]
  0x000001e9971eb000 JavaThread "Unconstrained build operations Thread 3" [_thread_blocked, id=21240, stack(0x00000053d1500000,0x00000053d1600000)]
  0x000001e9971f4000 JavaThread "Unconstrained build operations Thread 4" [_thread_blocked, id=11116, stack(0x00000053d1600000,0x00000053d1700000)]
  0x000001e9971f1800 JavaThread "Unconstrained build operations Thread 5" [_thread_blocked, id=15684, stack(0x00000053d1700000,0x00000053d1800000)]
  0x000001e9971f2000 JavaThread "Unconstrained build operations Thread 6" [_thread_blocked, id=10344, stack(0x00000053d1800000,0x00000053d1900000)]
  0x000001e9971f4800 JavaThread "Unconstrained build operations Thread 7" [_thread_blocked, id=15928, stack(0x00000053d1900000,0x00000053d1a00000)]
  0x000001e9971f3000 JavaThread "Unconstrained build operations Thread 8" [_thread_blocked, id=21860, stack(0x00000053d1a00000,0x00000053d1b00000)]
  0x000001e9971ef000 JavaThread "Unconstrained build operations Thread 9" [_thread_blocked, id=12804, stack(0x00000053d1b00000,0x00000053d1c00000)]
  0x000001e99a053000 JavaThread "Unconstrained build operations Thread 10" [_thread_blocked, id=2368, stack(0x00000053d1c00000,0x00000053d1d00000)]
  0x000001e99a052000 JavaThread "Unconstrained build operations Thread 11" [_thread_blocked, id=22128, stack(0x00000053d1d00000,0x00000053d1e00000)]
  0x000001e99a054800 JavaThread "Unconstrained build operations Thread 12" [_thread_blocked, id=14368, stack(0x00000053d1e00000,0x00000053d1f00000)]
  0x000001e99a04f800 JavaThread "Unconstrained build operations Thread 13" [_thread_blocked, id=8964, stack(0x00000053d1f00000,0x00000053d2000000)]
  0x000001e99a053800 JavaThread "Unconstrained build operations Thread 14" [_thread_blocked, id=17616, stack(0x00000053d2000000,0x00000053d2100000)]
  0x000001e99a056000 JavaThread "Unconstrained build operations Thread 15" [_thread_blocked, id=17928, stack(0x00000053d2100000,0x00000053d2200000)]
  0x000001e99a051800 JavaThread "Unconstrained build operations Thread 16" [_thread_blocked, id=11984, stack(0x00000053d2200000,0x00000053d2300000)]
  0x000001e99a055800 JavaThread "Unconstrained build operations Thread 17" [_thread_blocked, id=9436, stack(0x00000053d2300000,0x00000053d2400000)]
  0x000001e99a050800 JavaThread "Unconstrained build operations Thread 18" [_thread_blocked, id=5816, stack(0x00000053d2400000,0x00000053d2500000)]
  0x000001e99a058800 JavaThread "Unconstrained build operations Thread 19" [_thread_blocked, id=18732, stack(0x00000053d2500000,0x00000053d2600000)]
  0x000001e99a05a800 JavaThread "Unconstrained build operations Thread 20" [_thread_blocked, id=2876, stack(0x00000053d2600000,0x00000053d2700000)]
  0x000001e99a059800 JavaThread "Unconstrained build operations Thread 21" [_thread_blocked, id=11408, stack(0x00000053d2700000,0x00000053d2800000)]
  0x000001e99a05b000 JavaThread "Unconstrained build operations Thread 22" [_thread_blocked, id=17572, stack(0x00000053d2800000,0x00000053d2900000)]
  0x000001e99a05c000 JavaThread "Unconstrained build operations Thread 23" [_thread_blocked, id=10236, stack(0x00000053d2900000,0x00000053d2a00000)]
  0x000001e99a05c800 JavaThread "Unconstrained build operations Thread 24" [_thread_blocked, id=15108, stack(0x00000053d2a00000,0x00000053d2b00000)]
  0x000001e99a057000 JavaThread "Unconstrained build operations Thread 25" [_thread_blocked, id=14696, stack(0x00000053d2b00000,0x00000053d2c00000)]
  0x000001e99a05d800 JavaThread "Unconstrained build operations Thread 26" [_thread_blocked, id=18304, stack(0x00000053d2c00000,0x00000053d2d00000)]
  0x000001e99a058000 JavaThread "Unconstrained build operations Thread 27" [_thread_blocked, id=9860, stack(0x00000053d2d00000,0x00000053d2e00000)]
  0x000001e99a05e800 JavaThread "Unconstrained build operations Thread 28" [_thread_blocked, id=12076, stack(0x00000053d2e00000,0x00000053d2f00000)]
  0x000001e99a2ab800 JavaThread "Unconstrained build operations Thread 29" [_thread_blocked, id=2208, stack(0x00000053d2f00000,0x00000053d3000000)]
  0x000001e99a2aa800 JavaThread "Unconstrained build operations Thread 30" [_thread_blocked, id=3692, stack(0x00000053d3000000,0x00000053d3100000)]
  0x000001e99a2ac800 JavaThread "Unconstrained build operations Thread 31" [_thread_blocked, id=16020, stack(0x00000053d3100000,0x00000053d3200000)]
  0x000001e99a2ae000 JavaThread "Unconstrained build operations Thread 32" [_thread_blocked, id=11952, stack(0x00000053d3200000,0x00000053d3300000)]
  0x000001e99a2a8000 JavaThread "Unconstrained build operations Thread 33" [_thread_blocked, id=4628, stack(0x00000053d3300000,0x00000053d3400000)]
  0x000001e99a2ae800 JavaThread "Unconstrained build operations Thread 34" [_thread_blocked, id=19368, stack(0x00000053d3400000,0x00000053d3500000)]
  0x000001e99a2ad000 JavaThread "Unconstrained build operations Thread 35" [_thread_blocked, id=16560, stack(0x00000053d3500000,0x00000053d3600000)]
  0x000001e99a2a9000 JavaThread "Unconstrained build operations Thread 36" [_thread_blocked, id=12932, stack(0x00000053d3600000,0x00000053d3700000)]
  0x000001e99a2af800 JavaThread "Unconstrained build operations Thread 37" [_thread_blocked, id=11244, stack(0x00000053d3700000,0x00000053d3800000)]
  0x000001e99a2aa000 JavaThread "Unconstrained build operations Thread 38" [_thread_blocked, id=10948, stack(0x00000053d3800000,0x00000053d3900000)]
  0x000001e99a2b3800 JavaThread "Unconstrained build operations Thread 39" [_thread_blocked, id=5812, stack(0x00000053d3900000,0x00000053d3a00000)]
  0x000001e99a2b0800 JavaThread "Unconstrained build operations Thread 40" [_thread_blocked, id=19296, stack(0x00000053d3a00000,0x00000053d3b00000)]
  0x000001e99a2b6000 JavaThread "Unconstrained build operations Thread 41" [_thread_blocked, id=10540, stack(0x00000053d3b00000,0x00000053d3c00000)]
  0x000001e99a2b7000 JavaThread "Unconstrained build operations Thread 42" [_thread_blocked, id=12592, stack(0x00000053d3c00000,0x00000053d3d00000)]
  0x000001e99a2b4800 JavaThread "Unconstrained build operations Thread 43" [_thread_blocked, id=18908, stack(0x00000053d3d00000,0x00000053d3e00000)]
  0x000001e99a2b2000 JavaThread "Unconstrained build operations Thread 44" [_thread_blocked, id=1632, stack(0x00000053d3e00000,0x00000053d3f00000)]
  0x000001e99a2b3000 JavaThread "Unconstrained build operations Thread 45" [_thread_blocked, id=10720, stack(0x00000053d3f00000,0x00000053d4000000)]
  0x000001e99a2b1000 JavaThread "Unconstrained build operations Thread 46" [_thread_blocked, id=17728, stack(0x00000053d4000000,0x00000053d4100000)]
  0x000001e99a2b5800 JavaThread "Unconstrained build operations Thread 47" [_thread_blocked, id=13772, stack(0x00000053d4100000,0x00000053d4200000)]
  0x000001e99a3ae000 JavaThread "Unconstrained build operations Thread 48" [_thread_blocked, id=16572, stack(0x00000053d4200000,0x00000053d4300000)]
  0x000001e99a3af800 JavaThread "Unconstrained build operations Thread 49" [_thread_blocked, id=14632, stack(0x00000053d4300000,0x00000053d4400000)]
  0x000001e99a3b1000 JavaThread "Unconstrained build operations Thread 50" [_thread_blocked, id=12424, stack(0x00000053d4400000,0x00000053d4500000)]
  0x000001e99a3b2000 JavaThread "Unconstrained build operations Thread 51" [_thread_blocked, id=18048, stack(0x00000053d4500000,0x00000053d4600000)]
  0x000001e99a3ad000 JavaThread "Unconstrained build operations Thread 52" [_thread_blocked, id=14008, stack(0x00000053d4600000,0x00000053d4700000)]
  0x000001e99a3b0000 JavaThread "Unconstrained build operations Thread 53" [_thread_blocked, id=21832, stack(0x00000053d4700000,0x00000053d4800000)]
  0x000001e99a3b2800 JavaThread "Unconstrained build operations Thread 54" [_thread_blocked, id=19464, stack(0x00000053d4800000,0x00000053d4900000)]
  0x000001e99a3b4800 JavaThread "Unconstrained build operations Thread 55" [_thread_blocked, id=14088, stack(0x00000053d4900000,0x00000053d4a00000)]
  0x000001e99a3ae800 JavaThread "Unconstrained build operations Thread 56" [_thread_blocked, id=17600, stack(0x00000053d4a00000,0x00000053d4b00000)]
  0x000001e99a3b5000 JavaThread "Unconstrained build operations Thread 57" [_thread_blocked, id=23032, stack(0x00000053d4b00000,0x00000053d4c00000)]
  0x000001e99a3b3800 JavaThread "Unconstrained build operations Thread 58" [_thread_blocked, id=21220, stack(0x00000053d4c00000,0x00000053d4d00000)]
  0x000001e99a3b6800 JavaThread "Unconstrained build operations Thread 59" [_thread_blocked, id=1648, stack(0x00000053d4d00000,0x00000053d4e00000)]
  0x000001e99a3ba000 JavaThread "Unconstrained build operations Thread 60" [_thread_blocked, id=16264, stack(0x00000053d4e00000,0x00000053d4f00000)]
  0x000001e99a3bb800 JavaThread "Unconstrained build operations Thread 61" [_thread_blocked, id=21736, stack(0x00000053d4f00000,0x00000053d5000000)]
  0x000001e99a3b6000 JavaThread "Unconstrained build operations Thread 62" [_thread_blocked, id=20100, stack(0x00000053d5000000,0x00000053d5100000)]
  0x000001e99a3bb000 JavaThread "Unconstrained build operations Thread 63" [_thread_blocked, id=14740, stack(0x00000053d5100000,0x00000053d5200000)]
  0x000001e99a3b8800 JavaThread "Unconstrained build operations Thread 64" [_thread_blocked, id=16392, stack(0x00000053d5200000,0x00000053d5300000)]
  0x000001e99a3b9000 JavaThread "Unconstrained build operations Thread 65" [_thread_blocked, id=4176, stack(0x00000053d5300000,0x00000053d5400000)]
  0x000001e99a3b7800 JavaThread "Unconstrained build operations Thread 66" [_thread_blocked, id=14404, stack(0x00000053d5400000,0x00000053d5500000)]
  0x000001e99c152000 JavaThread "Unconstrained build operations Thread 67" [_thread_blocked, id=20944, stack(0x00000053d5500000,0x00000053d5600000)]
  0x000001e99c154800 JavaThread "Unconstrained build operations Thread 68" [_thread_blocked, id=16180, stack(0x00000053d5600000,0x00000053d5700000)]
  0x000001e99c158000 JavaThread "Unconstrained build operations Thread 69" [_thread_blocked, id=11008, stack(0x00000053d5700000,0x00000053d5800000)]
  0x000001e99c158800 JavaThread "Unconstrained build operations Thread 70" [_thread_blocked, id=21512, stack(0x00000053d5800000,0x00000053d5900000)]
  0x000001e99c157000 JavaThread "Unconstrained build operations Thread 71" [_thread_blocked, id=6056, stack(0x00000053d5900000,0x00000053d5a00000)]
  0x000001e99c153000 JavaThread "Unconstrained build operations Thread 72" [_thread_blocked, id=6788, stack(0x00000053d5a00000,0x00000053d5b00000)]
  0x000001e99c159800 JavaThread "Unconstrained build operations Thread 73" [_thread_blocked, id=22296, stack(0x00000053d5b00000,0x00000053d5c00000)]
  0x000001e99c155800 JavaThread "Unconstrained build operations Thread 74" [_thread_blocked, id=12660, stack(0x00000053d5c00000,0x00000053d5d00000)]
  0x000001e99c154000 JavaThread "Unconstrained build operations Thread 75" [_thread_blocked, id=23412, stack(0x00000053d5d00000,0x00000053d5e00000)]
  0x000001e99c156800 JavaThread "Unconstrained build operations Thread 76" [_thread_blocked, id=21100, stack(0x00000053d5e00000,0x00000053d5f00000)]
  0x000001e99c15a800 JavaThread "Unconstrained build operations Thread 77" [_thread_blocked, id=13224, stack(0x00000053d5f00000,0x00000053d6000000)]
  0x000001e99c161000 JavaThread "Unconstrained build operations Thread 78" [_thread_blocked, id=11344, stack(0x00000053d6000000,0x00000053d6100000)]
  0x000001e99c15f800 JavaThread "Unconstrained build operations Thread 79" [_thread_blocked, id=8012, stack(0x00000053d6100000,0x00000053d6200000)]
  0x000001e99c15b000 JavaThread "Unconstrained build operations Thread 80" [_thread_blocked, id=6428, stack(0x00000053d6200000,0x00000053d6300000)]
  0x000001e99c160000 JavaThread "jar transforms Thread 4" [_thread_blocked, id=21904, stack(0x00000053d0b00000,0x00000053d0c00000)]
  0x000001e99c15c000 JavaThread "jar transforms Thread 5" [_thread_blocked, id=16968, stack(0x00000053d6300000,0x00000053d6400000)]
  0x000001e99c15d800 JavaThread "jar transforms Thread 6" [_thread_blocked, id=16736, stack(0x00000053d6400000,0x00000053d6500000)]
  0x000001e99c15d000 JavaThread "jar transforms Thread 7" [_thread_blocked, id=9416, stack(0x00000053d6500000,0x00000053d6600000)]
  0x000001e99c15e800 JavaThread "jar transforms Thread 8" [_thread_blocked, id=14660, stack(0x00000053d6600000,0x00000053d6700000)]
  0x000001e996333800 JavaThread "Memory manager" [_thread_blocked, id=4672, stack(0x00000053d6900000,0x00000053d6a00000)]
  0x000001e996332800 JavaThread "build event listener" [_thread_blocked, id=4656, stack(0x00000053d6a00000,0x00000053d6b00000)]
  0x000001e996336800 JavaThread "pool-3-thread-1" [_thread_blocked, id=22768, stack(0x00000053d6b00000,0x00000053d6c00000)]
  0x000001e996334000 JavaThread "build event listener" [_thread_blocked, id=13052, stack(0x00000053d6c00000,0x00000053d6d00000)]
  0x000001e996331000 JavaThread "Execution worker for ':'" [_thread_blocked, id=10952, stack(0x00000053d6d00000,0x00000053d6e00000)]
  0x000001e996331800 JavaThread "Execution worker for ':' Thread 2" [_thread_blocked, id=15132, stack(0x00000053d6e00000,0x00000053d6f00000)]
  0x000001e996337800 JavaThread "Execution worker for ':' Thread 3" [_thread_blocked, id=13252, stack(0x00000053d6f00000,0x00000053d7000000)]
  0x000001e996339000 JavaThread "Execution worker for ':' Thread 4" [_thread_blocked, id=21460, stack(0x00000053d7000000,0x00000053d7100000)]
  0x000001e99633b800 JavaThread "Execution worker for ':' Thread 5" [_thread_blocked, id=12652, stack(0x00000053d7100000,0x00000053d7200000)]
  0x000001e996338800 JavaThread "Execution worker for ':' Thread 6" [_thread_blocked, id=19044, stack(0x00000053d7200000,0x00000053d7300000)]
  0x000001e99633a000 JavaThread "Execution worker for ':' Thread 7" [_thread_blocked, id=14812, stack(0x00000053d7300000,0x00000053d7400000)]
  0x000001e996336000 JavaThread "Cache worker for execution history cache (C:\Users\Ray Ann Martinez\AndroidStudioProjects\Synapse\.gradle\7.3.3\executionHistory)" [_thread_blocked, id=14392, stack(0x00000053d7400000,0x00000053d7500000)]
  0x000001e99633f000 JavaThread "Cache worker for Java compile cache (C:\Users\Ray Ann Martinez\.gradle\caches\7.3.3\javaCompile)" [_thread_blocked, id=16652, stack(0x00000053d6800000,0x00000053d6900000)]
  0x000001e9a05f0800 JavaThread "C2 CompilerThread1" daemon [_thread_blocked, id=7840, stack(0x00000053d6700000,0x00000053d6800000)]
  0x000001e99f167800 JavaThread "C2 CompilerThread2" daemon [_thread_blocked, id=1360, stack(0x00000053d7500000,0x00000053d7600000)]

Other Threads:
=>0x000001e9ff2e2000 VMThread "VM Thread" [stack: 0x00000053ce500000,0x00000053ce600000] [id=2308]
  0x000001e9951b8000 WatcherThread [stack: 0x00000053cef00000,0x00000053cf000000] [id=5788]
  0x000001e9f9e72800 GCTaskThread "GC Thread#0" [stack: 0x00000053ce000000,0x00000053ce100000] [id=22560]
  0x000001e995a96000 GCTaskThread "GC Thread#1" [stack: 0x00000053cf000000,0x00000053cf100000] [id=8796]
  0x000001e9954ba800 GCTaskThread "GC Thread#2" [stack: 0x00000053cf100000,0x00000053cf200000] [id=4884]
  0x000001e997dc3000 GCTaskThread "GC Thread#3" [stack: 0x00000053cfc00000,0x00000053cfd00000] [id=4332]
  0x000001e99710d000 GCTaskThread "GC Thread#4" [stack: 0x00000053cfd00000,0x00000053cfe00000] [id=10644]
  0x000001e997df0000 GCTaskThread "GC Thread#5" [stack: 0x00000053cfe00000,0x00000053cff00000] [id=11440]
  0x000001e997917000 GCTaskThread "GC Thread#6" [stack: 0x00000053cff00000,0x00000053d0000000] [id=18536]
  0x000001e9977fe000 GCTaskThread "GC Thread#7" [stack: 0x00000053d0000000,0x00000053d0100000] [id=14472]
  0x000001e9f9ea6800 ConcurrentGCThread "G1 Main Marker" [stack: 0x00000053ce100000,0x00000053ce200000] [id=12700]
  0x000001e9f9ea8800 ConcurrentGCThread "G1 Conc#0" [stack: 0x00000053ce200000,0x00000053ce300000] [id=11872]
  0x000001e99719a000 ConcurrentGCThread "G1 Conc#1" [stack: 0x00000053d0400000,0x00000053d0500000] [id=8828]
  0x000001e9ff130800 ConcurrentGCThread "G1 Refine#0" [stack: 0x00000053ce300000,0x00000053ce400000] [id=8984]
  0x000001e9f9f2e000 ConcurrentGCThread "G1 Young RemSet Sampling" [stack: 0x00000053ce400000,0x00000053ce500000] [id=15884]

Threads with active compile tasks:
C2 CompilerThread0  24809 13724 %     4       android.databinding.tool.reflection.SdkUtil$ApiChecker::buildFullLookup @ 124 (252 bytes)

VM state:at safepoint (normal execution)

VM Mutex/Monitor currently owned by a thread:  ([mutex/lock_event])
[0x000001e9f9e570b0] Threads_lock - owner thread: 0x000001e9ff2e2000
[0x000001e9f9e56d50] Heap_lock - owner thread: 0x000001e996331800

Heap address: 0x0000000080000000, size: 2048 MB, Compressed Oops mode: 32-bit
Narrow klass base: 0x0000000000000000, Narrow klass shift: 3
Compressed class space size: 1073741824 Address: 0x0000000100000000

Heap:
 garbage-first heap   total 324608K, used 226876K [0x0000000080000000, 0x0000000100000000)
  region size 1024K, 2 young (2048K), 2 survivors (2048K)
 Metaspace       used 103107K, capacity 105661K, committed 105900K, reserved 1140736K
  class space    used 12979K, capacity 13945K, committed 13996K, reserved 1048576K
Heap Regions: E=young(eden), S=young(survivor), O=old, HS=humongous(starts), HC=humongous(continues), CS=collection set, F=free, A=archive, TAMS=top-at-mark-start (previous, next)
|   0|0x0000000080000000, 0x0000000080100000, 0x0000000080100000|100%| O|  |TAMS 0x0000000080100000, 0x0000000080000000| Updating 
|   1|0x0000000080100000, 0x0000000080200000, 0x0000000080200000|100%| O|  |TAMS 0x0000000080200000, 0x0000000080100000| Updating 
|   2|0x0000000080200000, 0x0000000080300000, 0x0000000080300000|100%| O|  |TAMS 0x0000000080300000, 0x0000000080200000| Updating 
|   3|0x0000000080300000, 0x0000000080400000, 0x0000000080400000|100%|HS|  |TAMS 0x0000000080400000, 0x0000000080300000| Complete 
|   4|0x0000000080400000, 0x0000000080500000, 0x0000000080500000|100%|HC|  |TAMS 0x0000000080500000, 0x0000000080400000| Complete 
|   5|0x0000000080500000, 0x0000000080600000, 0x0000000080600000|100%|HC|  |TAMS 0x0000000080600000, 0x0000000080500000| Complete 
|   6|0x0000000080600000, 0x0000000080700000, 0x0000000080700000|100%| O|  |TAMS 0x0000000080700000, 0x0000000080600000| Updating 
|   7|0x0000000080700000, 0x0000000080800000, 0x0000000080800000|100%| O|  |TAMS 0x0000000080800000, 0x0000000080700000| Updating 
|   8|0x0000000080800000, 0x0000000080900000, 0x0000000080900000|100%| O|  |TAMS 0x0000000080900000, 0x0000000080800000| Updating 
|   9|0x0000000080900000, 0x0000000080a00000, 0x0000000080a00000|100%| O|  |TAMS 0x0000000080a00000, 0x0000000080900000| Updating 
|  10|0x0000000080a00000, 0x0000000080b00000, 0x0000000080b00000|100%| O|  |TAMS 0x0000000080b00000, 0x0000000080a00000| Updating 
|  11|0x0000000080b00000, 0x0000000080c00000, 0x0000000080c00000|100%| O|  |TAMS 0x0000000080c00000, 0x0000000080b00000| Updating 
|  12|0x0000000080c00000, 0x0000000080d00000, 0x0000000080d00000|100%| O|  |TAMS 0x0000000080d00000, 0x0000000080c00000| Updating 
|  13|0x0000000080d00000, 0x0000000080e00000, 0x0000000080e00000|100%| O|  |TAMS 0x0000000080e00000, 0x0000000080d00000| Updating 
|  14|0x0000000080e00000, 0x0000000080f00000, 0x0000000080f00000|100%| O|  |TAMS 0x0000000080f00000, 0x0000000080e00000| Updating 
|  15|0x0000000080f00000, 0x0000000081000000, 0x0000000081000000|100%| O|  |TAMS 0x0000000081000000, 0x0000000080f00000| Updating 
|  16|0x0000000081000000, 0x0000000081100000, 0x0000000081100000|100%|HS|  |TAMS 0x0000000081100000, 0x0000000081000000| Complete 
|  17|0x0000000081100000, 0x0000000081200000, 0x0000000081200000|100%| O|  |TAMS 0x0000000081200000, 0x0000000081100000| Updating 
|  18|0x0000000081200000, 0x0000000081300000, 0x0000000081300000|100%| O|  |TAMS 0x0000000081300000, 0x0000000081200000| Updating 
|  19|0x0000000081300000, 0x0000000081400000, 0x0000000081400000|100%| O|  |TAMS 0x0000000081400000, 0x0000000081300000| Updating 
|  20|0x0000000081400000, 0x0000000081500000, 0x0000000081500000|100%| O|  |TAMS 0x0000000081500000, 0x0000000081400000| Updating 
|  21|0x0000000081500000, 0x0000000081600000, 0x0000000081600000|100%| O|  |TAMS 0x0000000081600000, 0x0000000081500000| Updating 
|  22|0x0000000081600000, 0x0000000081700000, 0x0000000081700000|100%| O|  |TAMS 0x0000000081700000, 0x0000000081600000| Updating 
|  23|0x0000000081700000, 0x0000000081800000, 0x0000000081800000|100%| O|  |TAMS 0x0000000081800000, 0x0000000081700000| Updating 
|  24|0x0000000081800000, 0x0000000081900000, 0x0000000081900000|100%| O|  |TAMS 0x0000000081900000, 0x0000000081800000| Updating 
|  25|0x0000000081900000, 0x0000000081a00000, 0x0000000081a00000|100%| O|  |TAMS 0x0000000081a00000, 0x0000000081900000| Updating 
|  26|0x0000000081a00000, 0x0000000081b00000, 0x0000000081b00000|100%| O|  |TAMS 0x0000000081b00000, 0x0000000081a00000| Updating 
|  27|0x0000000081b00000, 0x0000000081c00000, 0x0000000081c00000|100%| O|  |TAMS 0x0000000081c00000, 0x0000000081b00000| Updating 
|  28|0x0000000081c00000, 0x0000000081d00000, 0x0000000081d00000|100%|HS|  |TAMS 0x0000000081d00000, 0x0000000081c00000| Complete 
|  29|0x0000000081d00000, 0x0000000081e00000, 0x0000000081e00000|100%|HS|  |TAMS 0x0000000081e00000, 0x0000000081d00000| Complete 
|  30|0x0000000081e00000, 0x0000000081f00000, 0x0000000081f00000|100%|HC|  |TAMS 0x0000000081f00000, 0x0000000081e00000| Complete 
|  31|0x0000000081f00000, 0x0000000082000000, 0x0000000082000000|100%| O|  |TAMS 0x0000000082000000, 0x0000000081f00000| Updating 
|  32|0x0000000082000000, 0x0000000082100000, 0x0000000082100000|100%| O|  |TAMS 0x0000000082100000, 0x0000000082000000| Updating 
|  33|0x0000000082100000, 0x0000000082200000, 0x0000000082200000|100%| O|  |TAMS 0x0000000082200000, 0x0000000082100000| Updating 
|  34|0x0000000082200000, 0x0000000082300000, 0x0000000082300000|100%| O|  |TAMS 0x0000000082300000, 0x0000000082200000| Updating 
|  35|0x0000000082300000, 0x0000000082400000, 0x0000000082400000|100%| O|  |TAMS 0x0000000082400000, 0x0000000082300000| Updating 
|  36|0x0000000082400000, 0x0000000082500000, 0x0000000082500000|100%| O|  |TAMS 0x0000000082500000, 0x0000000082400000| Updating 
|  37|0x0000000082500000, 0x0000000082600000, 0x0000000082600000|100%| O|  |TAMS 0x0000000082600000, 0x0000000082500000| Updating 
|  38|0x0000000082600000, 0x0000000082700000, 0x0000000082700000|100%| O|  |TAMS 0x0000000082700000, 0x0000000082600000| Updating 
|  39|0x0000000082700000, 0x0000000082800000, 0x0000000082800000|100%| O|  |TAMS 0x0000000082800000, 0x0000000082700000| Updating 
|  40|0x0000000082800000, 0x0000000082900000, 0x0000000082900000|100%| O|  |TAMS 0x0000000082900000, 0x0000000082800000| Updating 
|  41|0x0000000082900000, 0x0000000082a00000, 0x0000000082a00000|100%| O|  |TAMS 0x0000000082a00000, 0x0000000082900000| Updating 
|  42|0x0000000082a00000, 0x0000000082b00000, 0x0000000082b00000|100%| O|  |TAMS 0x0000000082b00000, 0x0000000082a00000| Updating 
|  43|0x0000000082b00000, 0x0000000082c00000, 0x0000000082c00000|100%| O|  |TAMS 0x0000000082c00000, 0x0000000082b00000| Updating 
|  44|0x0000000082c00000, 0x0000000082d00000, 0x0000000082d00000|100%| O|  |TAMS 0x0000000082d00000, 0x0000000082c00000| Updating 
|  45|0x0000000082d00000, 0x0000000082e00000, 0x0000000082e00000|100%| O|  |TAMS 0x0000000082e00000, 0x0000000082d00000| Updating 
|  46|0x0000000082e00000, 0x0000000082f00000, 0x0000000082f00000|100%| O|  |TAMS 0x0000000082f00000, 0x0000000082e00000| Updating 
|  47|0x0000000082f00000, 0x0000000083000000, 0x0000000083000000|100%| O|  |TAMS 0x0000000083000000, 0x0000000082f00000| Updating 
|  48|0x0000000083000000, 0x0000000083100000, 0x0000000083100000|100%| O|  |TAMS 0x0000000083100000, 0x0000000083000000| Updating 
|  49|0x0000000083100000, 0x0000000083200000, 0x0000000083200000|100%| O|  |TAMS 0x0000000083200000, 0x0000000083100000| Updating 
|  50|0x0000000083200000, 0x0000000083300000, 0x0000000083300000|100%| O|  |TAMS 0x0000000083300000, 0x0000000083200000| Updating 
|  51|0x0000000083300000, 0x0000000083400000, 0x0000000083400000|100%| O|  |TAMS 0x0000000083400000, 0x0000000083300000| Updating 
|  52|0x0000000083400000, 0x0000000083500000, 0x0000000083500000|100%| O|  |TAMS 0x0000000083500000, 0x0000000083400000| Updating 
|  53|0x0000000083500000, 0x0000000083600000, 0x0000000083600000|100%| O|  |TAMS 0x0000000083600000, 0x0000000083500000| Updating 
|  54|0x0000000083600000, 0x0000000083700000, 0x0000000083700000|100%| O|  |TAMS 0x0000000083700000, 0x0000000083600000| Updating 
|  55|0x0000000083700000, 0x0000000083800000, 0x0000000083800000|100%| O|  |TAMS 0x0000000083800000, 0x0000000083700000| Updating 
|  56|0x0000000083800000, 0x0000000083900000, 0x0000000083900000|100%| O|  |TAMS 0x0000000083900000, 0x0000000083800000| Updating 
|  57|0x0000000083900000, 0x0000000083a00000, 0x0000000083a00000|100%| O|  |TAMS 0x0000000083a00000, 0x0000000083900000| Updating 
|  58|0x0000000083a00000, 0x0000000083b00000, 0x0000000083b00000|100%| O|  |TAMS 0x0000000083b00000, 0x0000000083a00000| Updating 
|  59|0x0000000083b00000, 0x0000000083c00000, 0x0000000083c00000|100%| O|  |TAMS 0x0000000083c00000, 0x0000000083b00000| Updating 
|  60|0x0000000083c00000, 0x0000000083d00000, 0x0000000083d00000|100%| O|  |TAMS 0x0000000083d00000, 0x0000000083c00000| Updating 
|  61|0x0000000083d00000, 0x0000000083e00000, 0x0000000083e00000|100%| O|  |TAMS 0x0000000083e00000, 0x0000000083d00000| Updating 
|  62|0x0000000083e00000, 0x0000000083f00000, 0x0000000083f00000|100%| O|  |TAMS 0x0000000083f00000, 0x0000000083e00000| Updating 
|  63|0x0000000083f00000, 0x0000000084000000, 0x0000000084000000|100%| O|  |TAMS 0x0000000084000000, 0x0000000083f00000| Updating 
|  64|0x0000000084000000, 0x0000000084100000, 0x0000000084100000|100%| O|  |TAMS 0x0000000084100000, 0x0000000084000000| Updating 
|  65|0x0000000084100000, 0x0000000084200000, 0x0000000084200000|100%| O|  |TAMS 0x0000000084200000, 0x0000000084100000| Updating 
|  66|0x0000000084200000, 0x0000000084300000, 0x0000000084300000|100%| O|  |TAMS 0x0000000084300000, 0x0000000084200000| Updating 
|  67|0x0000000084300000, 0x0000000084400000, 0x0000000084400000|100%| O|  |TAMS 0x0000000084400000, 0x0000000084300000| Updating 
|  68|0x0000000084400000, 0x0000000084500000, 0x0000000084500000|100%| O|  |TAMS 0x0000000084500000, 0x0000000084400000| Updating 
|  69|0x0000000084500000, 0x0000000084600000, 0x0000000084600000|100%| O|  |TAMS 0x0000000084600000, 0x0000000084500000| Updating 
|  70|0x0000000084600000, 0x0000000084700000, 0x0000000084700000|100%| O|  |TAMS 0x0000000084700000, 0x0000000084600000| Updating 
|  71|0x0000000084700000, 0x0000000084800000, 0x0000000084800000|100%| O|  |TAMS 0x0000000084800000, 0x0000000084700000| Updating 
|  72|0x0000000084800000, 0x0000000084900000, 0x0000000084900000|100%| O|  |TAMS 0x0000000084900000, 0x0000000084800000| Updating 
|  73|0x0000000084900000, 0x0000000084a00000, 0x0000000084a00000|100%| O|  |TAMS 0x0000000084a00000, 0x0000000084900000| Updating 
|  74|0x0000000084a00000, 0x0000000084b00000, 0x0000000084b00000|100%| O|  |TAMS 0x0000000084b00000, 0x0000000084a00000| Updating 
|  75|0x0000000084b00000, 0x0000000084c00000, 0x0000000084c00000|100%| O|  |TAMS 0x0000000084c00000, 0x0000000084b00000| Updating 
|  76|0x0000000084c00000, 0x0000000084d00000, 0x0000000084d00000|100%| O|  |TAMS 0x0000000084d00000, 0x0000000084c00000| Updating 
|  77|0x0000000084d00000, 0x0000000084e00000, 0x0000000084e00000|100%| O|  |TAMS 0x0000000084e00000, 0x0000000084d00000| Updating 
|  78|0x0000000084e00000, 0x0000000084f00000, 0x0000000084f00000|100%| O|  |TAMS 0x0000000084f00000, 0x0000000084e00000| Updating 
|  79|0x0000000084f00000, 0x0000000085000000, 0x0000000085000000|100%| O|  |TAMS 0x0000000085000000, 0x0000000084f00000| Updating 
|  80|0x0000000085000000, 0x0000000085100000, 0x0000000085100000|100%| O|  |TAMS 0x0000000085100000, 0x0000000085000000| Updating 
|  81|0x0000000085100000, 0x0000000085200000, 0x0000000085200000|100%| O|  |TAMS 0x0000000085200000, 0x0000000085100000| Updating 
|  82|0x0000000085200000, 0x0000000085300000, 0x0000000085300000|100%| O|  |TAMS 0x0000000085300000, 0x0000000085200000| Updating 
|  83|0x0000000085300000, 0x0000000085400000, 0x0000000085400000|100%| O|  |TAMS 0x0000000085400000, 0x0000000085300000| Updating 
|  84|0x0000000085400000, 0x0000000085500000, 0x0000000085500000|100%| O|  |TAMS 0x0000000085500000, 0x0000000085400000| Updating 
|  85|0x0000000085500000, 0x0000000085600000, 0x0000000085600000|100%| O|  |TAMS 0x0000000085600000, 0x0000000085500000| Updating 
|  86|0x0000000085600000, 0x0000000085700000, 0x0000000085700000|100%| O|  |TAMS 0x0000000085700000, 0x0000000085600000| Updating 
|  87|0x0000000085700000, 0x0000000085800000, 0x0000000085800000|100%| O|  |TAMS 0x0000000085800000, 0x0000000085700000| Updating 
|  88|0x0000000085800000, 0x0000000085900000, 0x0000000085900000|100%| O|  |TAMS 0x0000000085900000, 0x0000000085800000| Updating 
|  89|0x0000000085900000, 0x0000000085a00000, 0x0000000085a00000|100%| O|  |TAMS 0x0000000085a00000, 0x0000000085900000| Updating 
|  90|0x0000000085a00000, 0x0000000085b00000, 0x0000000085b00000|100%| O|  |TAMS 0x0000000085b00000, 0x0000000085a00000| Updating 
|  91|0x0000000085b00000, 0x0000000085c00000, 0x0000000085c00000|100%| O|  |TAMS 0x0000000085c00000, 0x0000000085b00000| Updating 
|  92|0x0000000085c00000, 0x0000000085d00000, 0x0000000085d00000|100%| O|  |TAMS 0x0000000085d00000, 0x0000000085c00000| Updating 
|  93|0x0000000085d00000, 0x0000000085e00000, 0x0000000085e00000|100%| O|  |TAMS 0x0000000085e00000, 0x0000000085d00000| Updating 
|  94|0x0000000085e00000, 0x0000000085f00000, 0x0000000085f00000|100%| O|  |TAMS 0x0000000085f00000, 0x0000000085e00000| Updating 
|  95|0x0000000085f00000, 0x0000000086000000, 0x0000000086000000|100%| O|  |TAMS 0x0000000086000000, 0x0000000085f00000| Updating 
|  96|0x0000000086000000, 0x0000000086100000, 0x0000000086100000|100%| O|  |TAMS 0x0000000086100000, 0x0000000086000000| Updating 
|  97|0x0000000086100000, 0x0000000086200000, 0x0000000086200000|100%|HS|  |TAMS 0x0000000086200000, 0x0000000086100000| Complete 
|  98|0x0000000086200000, 0x0000000086300000, 0x0000000086300000|100%|HC|  |TAMS 0x0000000086300000, 0x0000000086200000| Complete 
|  99|0x0000000086300000, 0x0000000086400000, 0x0000000086400000|100%| O|  |TAMS 0x0000000086400000, 0x0000000086300000| Updating 
| 100|0x0000000086400000, 0x0000000086500000, 0x0000000086500000|100%| O|  |TAMS 0x0000000086500000, 0x0000000086400000| Updating 
| 101|0x0000000086500000, 0x0000000086600000, 0x0000000086600000|100%| O|  |TAMS 0x0000000086600000, 0x0000000086500000| Updating 
| 102|0x0000000086600000, 0x0000000086700000, 0x0000000086700000|100%| O|  |TAMS 0x0000000086700000, 0x0000000086600000| Updating 
| 103|0x0000000086700000, 0x0000000086800000, 0x0000000086800000|100%| O|  |TAMS 0x0000000086800000, 0x0000000086700000| Updating 
| 104|0x0000000086800000, 0x0000000086900000, 0x0000000086900000|100%| O|  |TAMS 0x0000000086900000, 0x0000000086800000| Updating 
| 105|0x0000000086900000, 0x0000000086a00000, 0x0000000086a00000|100%| O|  |TAMS 0x0000000086a00000, 0x0000000086900000| Updating 
| 106|0x0000000086a00000, 0x0000000086b00000, 0x0000000086b00000|100%| O|  |TAMS 0x0000000086b00000, 0x0000000086a00000| Updating 
| 107|0x0000000086b00000, 0x0000000086c00000, 0x0000000086c00000|100%| O|  |TAMS 0x0000000086c00000, 0x0000000086b00000| Updating 
| 108|0x0000000086c00000, 0x0000000086d00000, 0x0000000086d00000|100%| O|  |TAMS 0x0000000086d00000, 0x0000000086c00000| Updating 
| 109|0x0000000086d00000, 0x0000000086e00000, 0x0000000086e00000|100%| O|  |TAMS 0x0000000086e00000, 0x0000000086d00000| Updating 
| 110|0x0000000086e00000, 0x0000000086f00000, 0x0000000086f00000|100%| O|  |TAMS 0x0000000086f00000, 0x0000000086e00000| Updating 
| 111|0x0000000086f00000, 0x0000000087000000, 0x0000000087000000|100%| O|  |TAMS 0x0000000087000000, 0x0000000086f00000| Updating 
| 112|0x0000000087000000, 0x0000000087100000, 0x0000000087100000|100%| O|  |TAMS 0x0000000087100000, 0x0000000087000000| Updating 
| 113|0x0000000087100000, 0x0000000087200000, 0x0000000087200000|100%| O|  |TAMS 0x0000000087200000, 0x0000000087100000| Updating 
| 114|0x0000000087200000, 0x0000000087300000, 0x0000000087300000|100%| O|  |TAMS 0x0000000087300000, 0x0000000087200000| Updating 
| 115|0x0000000087300000, 0x0000000087400000, 0x0000000087400000|100%| O|  |TAMS 0x0000000087400000, 0x0000000087300000| Updating 
| 116|0x0000000087400000, 0x0000000087500000, 0x0000000087500000|100%| O|  |TAMS 0x0000000087500000, 0x0000000087400000| Updating 
| 117|0x0000000087500000, 0x0000000087600000, 0x0000000087600000|100%| O|  |TAMS 0x0000000087600000, 0x0000000087500000| Updating 
| 118|0x0000000087600000, 0x0000000087700000, 0x0000000087700000|100%| O|  |TAMS 0x0000000087700000, 0x0000000087600000| Updating 
| 119|0x0000000087700000, 0x0000000087800000, 0x0000000087800000|100%| O|  |TAMS 0x0000000087800000, 0x0000000087700000| Updating 
| 120|0x0000000087800000, 0x0000000087900000, 0x0000000087900000|100%| O|  |TAMS 0x0000000087900000, 0x0000000087800000| Updating 
| 121|0x0000000087900000, 0x0000000087a00000, 0x0000000087a00000|100%| O|  |TAMS 0x0000000087a00000, 0x0000000087900000| Updating 
| 122|0x0000000087a00000, 0x0000000087b00000, 0x0000000087b00000|100%| O|  |TAMS 0x0000000087b00000, 0x0000000087a00000| Updating 
| 123|0x0000000087b00000, 0x0000000087c00000, 0x0000000087c00000|100%| O|  |TAMS 0x0000000087c00000, 0x0000000087b00000| Updating 
| 124|0x0000000087c00000, 0x0000000087d00000, 0x0000000087d00000|100%| O|  |TAMS 0x0000000087d00000, 0x0000000087c00000| Updating 
| 125|0x0000000087d00000, 0x0000000087e00000, 0x0000000087e00000|100%| O|  |TAMS 0x0000000087e00000, 0x0000000087d00000| Updating 
| 126|0x0000000087e00000, 0x0000000087f00000, 0x0000000087f00000|100%| O|  |TAMS 0x0000000087f00000, 0x0000000087e00000| Updating 
| 127|0x0000000087f00000, 0x0000000088000000, 0x0000000088000000|100%| O|  |TAMS 0x0000000088000000, 0x0000000087f00000| Updating 
| 128|0x0000000088000000, 0x0000000088100000, 0x0000000088100000|100%| O|  |TAMS 0x0000000088100000, 0x0000000088000000| Updating 
| 129|0x0000000088100000, 0x0000000088200000, 0x0000000088200000|100%| O|  |TAMS 0x0000000088200000, 0x0000000088100000| Updating 
| 130|0x0000000088200000, 0x0000000088300000, 0x0000000088300000|100%| O|  |TAMS 0x0000000088300000, 0x0000000088200000| Updating 
| 131|0x0000000088300000, 0x0000000088400000, 0x0000000088400000|100%| O|  |TAMS 0x0000000088400000, 0x0000000088300000| Updating 
| 132|0x0000000088400000, 0x0000000088500000, 0x0000000088500000|100%| O|  |TAMS 0x0000000088500000, 0x0000000088400000| Updating 
| 133|0x0000000088500000, 0x0000000088600000, 0x0000000088600000|100%| O|  |TAMS 0x0000000088600000, 0x0000000088500000| Updating 
| 134|0x0000000088600000, 0x0000000088700000, 0x0000000088700000|100%| O|  |TAMS 0x0000000088700000, 0x0000000088600000| Updating 
| 135|0x0000000088700000, 0x0000000088800000, 0x0000000088800000|100%| O|  |TAMS 0x0000000088800000, 0x0000000088700000| Updating 
| 136|0x0000000088800000, 0x0000000088900000, 0x0000000088900000|100%| O|  |TAMS 0x0000000088900000, 0x0000000088800000| Updating 
| 137|0x0000000088900000, 0x0000000088a00000, 0x0000000088a00000|100%| O|  |TAMS 0x0000000088a00000, 0x0000000088900000| Updating 
| 138|0x0000000088a00000, 0x0000000088b00000, 0x0000000088b00000|100%| O|  |TAMS 0x0000000088b00000, 0x0000000088a00000| Updating 
| 139|0x0000000088b00000, 0x0000000088c00000, 0x0000000088c00000|100%| O|  |TAMS 0x0000000088c00000, 0x0000000088b00000| Updating 
| 140|0x0000000088c00000, 0x0000000088d00000, 0x0000000088d00000|100%| O|  |TAMS 0x0000000088d00000, 0x0000000088c00000| Updating 
| 141|0x0000000088d00000, 0x0000000088e00000, 0x0000000088e00000|100%| O|  |TAMS 0x0000000088e00000, 0x0000000088d00000| Updating 
| 142|0x0000000088e00000, 0x0000000088f00000, 0x0000000088f00000|100%| O|  |TAMS 0x0000000088f00000, 0x0000000088e00000| Updating 
| 143|0x0000000088f00000, 0x0000000089000000, 0x0000000089000000|100%| O|  |TAMS 0x0000000089000000, 0x0000000088f00000| Updating 
| 144|0x0000000089000000, 0x0000000089100000, 0x0000000089100000|100%| O|  |TAMS 0x0000000089100000, 0x0000000089000000| Updating 
| 145|0x0000000089100000, 0x0000000089200000, 0x0000000089200000|100%| O|  |TAMS 0x0000000089200000, 0x0000000089100000| Updating 
| 146|0x0000000089200000, 0x0000000089300000, 0x0000000089300000|100%| O|  |TAMS 0x0000000089300000, 0x0000000089200000| Updating 
| 147|0x0000000089300000, 0x0000000089400000, 0x0000000089400000|100%| O|  |TAMS 0x0000000089400000, 0x0000000089300000| Updating 
| 148|0x0000000089400000, 0x0000000089500000, 0x0000000089500000|100%| O|  |TAMS 0x0000000089500000, 0x0000000089400000| Updating 
| 149|0x0000000089500000, 0x0000000089600000, 0x0000000089600000|100%| O|  |TAMS 0x0000000089600000, 0x0000000089500000| Updating 
| 150|0x0000000089600000, 0x0000000089700000, 0x0000000089700000|100%| O|  |TAMS 0x0000000089700000, 0x0000000089600000| Updating 
| 151|0x0000000089700000, 0x0000000089800000, 0x0000000089800000|100%| O|  |TAMS 0x0000000089800000, 0x0000000089700000| Updating 
| 152|0x0000000089800000, 0x0000000089900000, 0x0000000089900000|100%| O|  |TAMS 0x0000000089900000, 0x0000000089800000| Updating 
| 153|0x0000000089900000, 0x0000000089a00000, 0x0000000089a00000|100%| O|  |TAMS 0x0000000089a00000, 0x0000000089900000| Updating 
| 154|0x0000000089a00000, 0x0000000089b00000, 0x0000000089b00000|100%| O|  |TAMS 0x0000000089b00000, 0x0000000089a00000| Updating 
| 155|0x0000000089b00000, 0x0000000089c00000, 0x0000000089c00000|100%| O|  |TAMS 0x0000000089c00000, 0x0000000089b00000| Updating 
| 156|0x0000000089c00000, 0x0000000089d00000, 0x0000000089d00000|100%| O|  |TAMS 0x0000000089d00000, 0x0000000089c00000| Updating 
| 157|0x0000000089d00000, 0x0000000089e00000, 0x0000000089e00000|100%| O|  |TAMS 0x0000000089e00000, 0x0000000089d00000| Updating 
| 158|0x0000000089e00000, 0x0000000089f00000, 0x0000000089f00000|100%| O|  |TAMS 0x0000000089f00000, 0x0000000089e00000| Updating 
| 159|0x0000000089f00000, 0x000000008a000000, 0x000000008a000000|100%| O|  |TAMS 0x000000008a000000, 0x0000000089f00000| Updating 
| 160|0x000000008a000000, 0x000000008a100000, 0x000000008a100000|100%| O|  |TAMS 0x000000008a100000, 0x000000008a000000| Updating 
| 161|0x000000008a100000, 0x000000008a200000, 0x000000008a200000|100%| O|  |TAMS 0x000000008a200000, 0x000000008a100000| Updating 
| 162|0x000000008a200000, 0x000000008a300000, 0x000000008a300000|100%| O|  |TAMS 0x000000008a300000, 0x000000008a200000| Updating 
| 163|0x000000008a300000, 0x000000008a400000, 0x000000008a400000|100%| O|  |TAMS 0x000000008a400000, 0x000000008a300000| Updating 
| 164|0x000000008a400000, 0x000000008a500000, 0x000000008a500000|100%| O|  |TAMS 0x000000008a500000, 0x000000008a400000| Updating 
| 165|0x000000008a500000, 0x000000008a600000, 0x000000008a600000|100%| O|  |TAMS 0x000000008a600000, 0x000000008a500000| Updating 
| 166|0x000000008a600000, 0x000000008a700000, 0x000000008a700000|100%| O|  |TAMS 0x000000008a700000, 0x000000008a600000| Updating 
| 167|0x000000008a700000, 0x000000008a800000, 0x000000008a800000|100%| O|  |TAMS 0x000000008a800000, 0x000000008a700000| Updating 
| 168|0x000000008a800000, 0x000000008a900000, 0x000000008a900000|100%| O|  |TAMS 0x000000008a900000, 0x000000008a800000| Updating 
| 169|0x000000008a900000, 0x000000008aa00000, 0x000000008aa00000|100%| O|  |TAMS 0x000000008aa00000, 0x000000008a900000| Updating 
| 170|0x000000008aa00000, 0x000000008ab00000, 0x000000008ab00000|100%| O|  |TAMS 0x000000008ab00000, 0x000000008aa00000| Updating 
| 171|0x000000008ab00000, 0x000000008ac00000, 0x000000008ac00000|100%| O|  |TAMS 0x000000008ac00000, 0x000000008ab00000| Updating 
| 172|0x000000008ac00000, 0x000000008ad00000, 0x000000008ad00000|100%| O|  |TAMS 0x000000008ad00000, 0x000000008ac00000| Updating 
| 173|0x000000008ad00000, 0x000000008ae00000, 0x000000008ae00000|100%| O|  |TAMS 0x000000008ae00000, 0x000000008ad00000| Updating 
| 174|0x000000008ae00000, 0x000000008af00000, 0x000000008af00000|100%| O|  |TAMS 0x000000008af00000, 0x000000008ae00000| Updating 
| 175|0x000000008af00000, 0x000000008b000000, 0x000000008b000000|100%| O|  |TAMS 0x000000008b000000, 0x000000008af00000| Updating 
| 176|0x000000008b000000, 0x000000008b100000, 0x000000008b100000|100%| O|  |TAMS 0x000000008b100000, 0x000000008b000000| Updating 
| 177|0x000000008b100000, 0x000000008b200000, 0x000000008b200000|100%| O|  |TAMS 0x000000008b200000, 0x000000008b100000| Updating 
| 178|0x000000008b200000, 0x000000008b300000, 0x000000008b300000|100%| O|  |TAMS 0x000000008b300000, 0x000000008b200000| Updating 
| 179|0x000000008b300000, 0x000000008b400000, 0x000000008b400000|100%| O|  |TAMS 0x000000008b400000, 0x000000008b300000| Updating 
| 180|0x000000008b400000, 0x000000008b500000, 0x000000008b500000|100%| O|  |TAMS 0x000000008b500000, 0x000000008b400000| Updating 
| 181|0x000000008b500000, 0x000000008b600000, 0x000000008b600000|100%| O|  |TAMS 0x000000008b600000, 0x000000008b500000| Updating 
| 182|0x000000008b600000, 0x000000008b700000, 0x000000008b700000|100%| O|  |TAMS 0x000000008b600000, 0x000000008b600000| Untracked 
| 183|0x000000008b700000, 0x000000008b800000, 0x000000008b800000|100%| O|  |TAMS 0x000000008b700000, 0x000000008b700000| Untracked 
| 184|0x000000008b800000, 0x000000008b900000, 0x000000008b900000|100%| O|  |TAMS 0x000000008b800000, 0x000000008b800000| Untracked 
| 185|0x000000008b900000, 0x000000008ba00000, 0x000000008ba00000|100%| O|  |TAMS 0x000000008b900000, 0x000000008b900000| Untracked 
| 186|0x000000008ba00000, 0x000000008bb00000, 0x000000008bb00000|100%| O|  |TAMS 0x000000008ba00000, 0x000000008ba00000| Untracked 
| 187|0x000000008bb00000, 0x000000008bc00000, 0x000000008bc00000|100%| O|  |TAMS 0x000000008bb00000, 0x000000008bb00000| Untracked 
| 188|0x000000008bc00000, 0x000000008bd00000, 0x000000008bd00000|100%| O|  |TAMS 0x000000008bc00000, 0x000000008bc00000| Untracked 
| 189|0x000000008bd00000, 0x000000008be00000, 0x000000008be00000|100%| O|  |TAMS 0x000000008bd00000, 0x000000008bd00000| Untracked 
| 190|0x000000008be00000, 0x000000008bf00000, 0x000000008bf00000|100%| O|  |TAMS 0x000000008be00000, 0x000000008be00000| Untracked 
| 191|0x000000008bf00000, 0x000000008c000000, 0x000000008c000000|100%| O|  |TAMS 0x000000008bf00000, 0x000000008bf00000| Untracked 
| 192|0x000000008c000000, 0x000000008c100000, 0x000000008c100000|100%| O|  |TAMS 0x000000008c000000, 0x000000008c000000| Untracked 
| 193|0x000000008c100000, 0x000000008c200000, 0x000000008c200000|100%| O|  |TAMS 0x000000008c100000, 0x000000008c100000| Untracked 
| 194|0x000000008c200000, 0x000000008c300000, 0x000000008c300000|100%| O|  |TAMS 0x000000008c200000, 0x000000008c200000| Untracked 
| 195|0x000000008c300000, 0x000000008c400000, 0x000000008c400000|100%| O|  |TAMS 0x000000008c300000, 0x000000008c300000| Untracked 
| 196|0x000000008c400000, 0x000000008c500000, 0x000000008c500000|100%| O|  |TAMS 0x000000008c400000, 0x000000008c400000| Untracked 
| 197|0x000000008c500000, 0x000000008c600000, 0x000000008c600000|100%| O|  |TAMS 0x000000008c500000, 0x000000008c500000| Untracked 
| 198|0x000000008c600000, 0x000000008c700000, 0x000000008c700000|100%| O|  |TAMS 0x000000008c600000, 0x000000008c600000| Untracked 
| 199|0x000000008c700000, 0x000000008c800000, 0x000000008c800000|100%| O|  |TAMS 0x000000008c700000, 0x000000008c700000| Untracked 
| 200|0x000000008c800000, 0x000000008c900000, 0x000000008c900000|100%| O|  |TAMS 0x000000008c800000, 0x000000008c800000| Untracked 
| 201|0x000000008c900000, 0x000000008ca00000, 0x000000008ca00000|100%| O|  |TAMS 0x000000008c900000, 0x000000008c900000| Untracked 
| 202|0x000000008ca00000, 0x000000008cb00000, 0x000000008cb00000|100%| O|  |TAMS 0x000000008ca00000, 0x000000008ca00000| Untracked 
| 203|0x000000008cb00000, 0x000000008cc00000, 0x000000008cc00000|100%| O|  |TAMS 0x000000008cb00000, 0x000000008cb00000| Untracked 
| 204|0x000000008cc00000, 0x000000008cd00000, 0x000000008cd00000|100%| O|  |TAMS 0x000000008cc00000, 0x000000008cc00000| Untracked 
| 205|0x000000008cd00000, 0x000000008ce00000, 0x000000008ce00000|100%| O|  |TAMS 0x000000008cd00000, 0x000000008cd00000| Untracked 
| 206|0x000000008ce00000, 0x000000008cf00000, 0x000000008cf00000|100%| O|  |TAMS 0x000000008ce00000, 0x000000008ce00000| Untracked 
| 207|0x000000008cf00000, 0x000000008d000000, 0x000000008d000000|100%| O|  |TAMS 0x000000008cf00000, 0x000000008cf00000| Untracked 
| 208|0x000000008d000000, 0x000000008d100000, 0x000000008d100000|100%| O|  |TAMS 0x000000008d000000, 0x000000008d000000| Untracked 
| 209|0x000000008d100000, 0x000000008d200000, 0x000000008d200000|100%| O|  |TAMS 0x000000008d100000, 0x000000008d100000| Untracked 
| 210|0x000000008d200000, 0x000000008d300000, 0x000000008d300000|100%| O|  |TAMS 0x000000008d200000, 0x000000008d200000| Untracked 
| 211|0x000000008d300000, 0x000000008d400000, 0x000000008d400000|100%| O|  |TAMS 0x000000008d300000, 0x000000008d300000| Untracked 
| 212|0x000000008d400000, 0x000000008d500000, 0x000000008d500000|100%| O|  |TAMS 0x000000008d400000, 0x000000008d400000| Untracked 
| 213|0x000000008d500000, 0x000000008d600000, 0x000000008d600000|100%| O|  |TAMS 0x000000008d500000, 0x000000008d500000| Untracked 
| 214|0x000000008d600000, 0x000000008d700000, 0x000000008d700000|100%| O|  |TAMS 0x000000008d600000, 0x000000008d600000| Untracked 
| 215|0x000000008d700000, 0x000000008d800000, 0x000000008d800000|100%| O|  |TAMS 0x000000008d700000, 0x000000008d700000| Untracked 
| 216|0x000000008d800000, 0x000000008d900000, 0x000000008d900000|100%| O|  |TAMS 0x000000008d800000, 0x000000008d800000| Untracked 
| 217|0x000000008d900000, 0x000000008da00000, 0x000000008da00000|100%| O|  |TAMS 0x000000008d900000, 0x000000008d900000| Untracked 
| 218|0x000000008da00000, 0x000000008db00000, 0x000000008db00000|100%| O|  |TAMS 0x000000008da00000, 0x000000008da00000| Untracked 
| 219|0x000000008db00000, 0x000000008db8f000, 0x000000008dc00000| 55%| O|  |TAMS 0x000000008db00000, 0x000000008db00000| Untracked 
| 220|0x000000008dc00000, 0x000000008dc00000, 0x000000008dd00000|  0%| F|  |TAMS 0x000000008dc00000, 0x000000008dc00000| Untracked 
| 221|0x000000008dd00000, 0x000000008dd00000, 0x000000008de00000|  0%| F|  |TAMS 0x000000008dd00000, 0x000000008dd00000| Untracked 
| 222|0x000000008de00000, 0x000000008de00000, 0x000000008df00000|  0%| F|  |TAMS 0x000000008de00000, 0x000000008de00000| Untracked 
| 223|0x000000008df00000, 0x000000008df00000, 0x000000008e000000|  0%| F|  |TAMS 0x000000008df00000, 0x000000008df00000| Untracked 
| 224|0x000000008e000000, 0x000000008e000000, 0x000000008e100000|  0%| F|  |TAMS 0x000000008e000000, 0x000000008e000000| Untracked 
| 225|0x000000008e100000, 0x000000008e100000, 0x000000008e200000|  0%| F|  |TAMS 0x000000008e100000, 0x000000008e100000| Untracked 
| 226|0x000000008e200000, 0x000000008e200000, 0x000000008e300000|  0%| F|  |TAMS 0x000000008e200000, 0x000000008e200000| Untracked 
| 227|0x000000008e300000, 0x000000008e300000, 0x000000008e400000|  0%| F|  |TAMS 0x000000008e300000, 0x000000008e300000| Untracked 
| 228|0x000000008e400000, 0x000000008e400000, 0x000000008e500000|  0%| F|  |TAMS 0x000000008e400000, 0x000000008e400000| Untracked 
| 229|0x000000008e500000, 0x000000008e500000, 0x000000008e600000|  0%| F|  |TAMS 0x000000008e500000, 0x000000008e500000| Untracked 
| 230|0x000000008e600000, 0x000000008e600000, 0x000000008e700000|  0%| F|  |TAMS 0x000000008e600000, 0x000000008e600000| Untracked 
| 231|0x000000008e700000, 0x000000008e700000, 0x000000008e800000|  0%| F|  |TAMS 0x000000008e700000, 0x000000008e700000| Untracked 
| 232|0x000000008e800000, 0x000000008e800000, 0x000000008e900000|  0%| F|  |TAMS 0x000000008e800000, 0x000000008e800000| Untracked 
| 233|0x000000008e900000, 0x000000008e900000, 0x000000008ea00000|  0%| F|  |TAMS 0x000000008e900000, 0x000000008e900000| Untracked 
| 234|0x000000008ea00000, 0x000000008ea00000, 0x000000008eb00000|  0%| F|  |TAMS 0x000000008ea00000, 0x000000008ea00000| Untracked 
| 235|0x000000008eb00000, 0x000000008eb00000, 0x000000008ec00000|  0%| F|  |TAMS 0x000000008eb00000, 0x000000008eb00000| Untracked 
| 236|0x000000008ec00000, 0x000000008ec00000, 0x000000008ed00000|  0%| F|  |TAMS 0x000000008ec00000, 0x000000008ec00000| Untracked 
| 237|0x000000008ed00000, 0x000000008ed00000, 0x000000008ee00000|  0%| F|  |TAMS 0x000000008ed00000, 0x000000008ed00000| Untracked 
| 238|0x000000008ee00000, 0x000000008ee00000, 0x000000008ef00000|  0%| F|  |TAMS 0x000000008ee00000, 0x000000008ee00000| Untracked 
| 239|0x000000008ef00000, 0x000000008ef00000, 0x000000008f000000|  0%| F|  |TAMS 0x000000008ef00000, 0x000000008ef00000| Untracked 
| 240|0x000000008f000000, 0x000000008f000000, 0x000000008f100000|  0%| F|  |TAMS 0x000000008f000000, 0x000000008f000000| Untracked 
| 241|0x000000008f100000, 0x000000008f100000, 0x000000008f200000|  0%| F|  |TAMS 0x000000008f100000, 0x000000008f100000| Untracked 
| 242|0x000000008f200000, 0x000000008f200000, 0x000000008f300000|  0%| F|  |TAMS 0x000000008f200000, 0x000000008f200000| Untracked 
| 243|0x000000008f300000, 0x000000008f300000, 0x000000008f400000|  0%| F|  |TAMS 0x000000008f300000, 0x000000008f300000| Untracked 
| 244|0x000000008f400000, 0x000000008f400000, 0x000000008f500000|  0%| F|  |TAMS 0x000000008f400000, 0x000000008f400000| Untracked 
| 245|0x000000008f500000, 0x000000008f500000, 0x000000008f600000|  0%| F|  |TAMS 0x000000008f500000, 0x000000008f500000| Untracked 
| 246|0x000000008f600000, 0x000000008f600000, 0x000000008f700000|  0%| F|  |TAMS 0x000000008f600000, 0x000000008f600000| Untracked 
| 247|0x000000008f700000, 0x000000008f700000, 0x000000008f800000|  0%| F|  |TAMS 0x000000008f700000, 0x000000008f700000| Untracked 
| 248|0x000000008f800000, 0x000000008f800000, 0x000000008f900000|  0%| F|  |TAMS 0x000000008f800000, 0x000000008f800000| Untracked 
| 249|0x000000008f900000, 0x000000008f900000, 0x000000008fa00000|  0%| F|  |TAMS 0x000000008f900000, 0x000000008f900000| Untracked 
| 250|0x000000008fa00000, 0x000000008fa00000, 0x000000008fb00000|  0%| F|  |TAMS 0x000000008fa00000, 0x000000008fa00000| Untracked 
| 251|0x000000008fb00000, 0x000000008fb00000, 0x000000008fc00000|  0%| F|  |TAMS 0x000000008fb00000, 0x000000008fb00000| Untracked 
| 252|0x000000008fc00000, 0x000000008fd00000, 0x000000008fd00000|100%| S|CS|TAMS 0x000000008fc00000, 0x000000008fc00000| Complete 
| 253|0x000000008fd00000, 0x000000008fe00000, 0x000000008fe00000|100%| S|CS|TAMS 0x000000008fd00000, 0x000000008fd00000| Complete 
| 254|0x000000008fe00000, 0x000000008fe00000, 0x000000008ff00000|  0%| F|  |TAMS 0x000000008fe00000, 0x000000008fe00000| Untracked 
| 255|0x000000008ff00000, 0x000000008ff00000, 0x0000000090000000|  0%| F|  |TAMS 0x000000008ff00000, 0x000000008ff00000| Untracked 
| 256|0x0000000090000000, 0x0000000090000000, 0x0000000090100000|  0%| F|  |TAMS 0x0000000090000000, 0x0000000090000000| Untracked 
| 257|0x0000000090100000, 0x0000000090100000, 0x0000000090200000|  0%| F|  |TAMS 0x0000000090100000, 0x0000000090100000| Untracked 
| 258|0x0000000090200000, 0x0000000090200000, 0x0000000090300000|  0%| F|  |TAMS 0x0000000090200000, 0x0000000090200000| Untracked 
| 259|0x0000000090300000, 0x0000000090300000, 0x0000000090400000|  0%| F|  |TAMS 0x0000000090300000, 0x0000000090300000| Untracked 
| 260|0x0000000090400000, 0x0000000090400000, 0x0000000090500000|  0%| F|  |TAMS 0x0000000090400000, 0x0000000090400000| Untracked 
| 261|0x0000000090500000, 0x0000000090500000, 0x0000000090600000|  0%| F|  |TAMS 0x0000000090500000, 0x0000000090500000| Untracked 
| 262|0x0000000090600000, 0x0000000090600000, 0x0000000090700000|  0%| F|  |TAMS 0x0000000090600000, 0x0000000090600000| Untracked 
| 263|0x0000000090700000, 0x0000000090700000, 0x0000000090800000|  0%| F|  |TAMS 0x0000000090700000, 0x0000000090700000| Untracked 

Card table byte_map: [0x000001e9fe090000,0x000001e9fe490000] _byte_map_base: 0x000001e9fdc90000

Marking Bits (Prev, Next): (CMBitMap*) 0x000001e9f9e9d9a8, (CMBitMap*) 0x000001e9f9e9d9e0
 Prev Bits: [0x000001e98f000000, 0x000001e991000000)
 Next Bits: [0x000001e991000000, 0x000001e993000000)

Polling page: 0x000001e9f9630000

Metaspace:

Usage:
  Non-class:     89.57 MB capacity,    88.02 MB ( 98%) used,     1.27 MB (  1%) free+waste,   288.38 KB ( <1%) overhead. 
      Class:     13.62 MB capacity,    12.68 MB ( 93%) used,   838.79 KB (  6%) free+waste,   126.31 KB ( <1%) overhead. 
       Both:    103.18 MB capacity,   100.69 MB ( 98%) used,     2.09 MB (  2%) free+waste,   414.69 KB ( <1%) overhead. 

Virtual space:
  Non-class space:       90.00 MB reserved,      89.75 MB (>99%) committed 
      Class space:        1.00 GB reserved,      13.67 MB (  1%) committed 
             Both:        1.09 GB reserved,     103.42 MB (  9%) committed 

Chunk freelists:
   Non-Class:  60.00 KB
       Class:  7.00 KB
        Both:  67.00 KB

MaxMetaspaceSize: 17179869184.00 GB
CompressedClassSpaceSize: 1.00 GB
Initial GC threshold: 20.80 MB
Current GC threshold: 172.36 MB
CDS: off

CodeHeap 'non-profiled nmethods': size=120000Kb used=9855Kb max_used=9855Kb free=110144Kb
 bounds [0x000001e987ad0000, 0x000001e988470000, 0x000001e98f000000]
CodeHeap 'profiled nmethods': size=120000Kb used=30154Kb max_used=30154Kb free=89845Kb
 bounds [0x000001e9805a0000, 0x000001e982320000, 0x000001e987ad0000]
CodeHeap 'non-nmethods': size=5760Kb used=2379Kb max_used=2437Kb free=3380Kb
 bounds [0x000001e980000000, 0x000001e980270000, 0x000001e9805a0000]
 total_blobs=14467 nmethods=13570 adapters=809
 compilation: enabled
              stopped_count=0, restarted_count=0
 full_count=0

Compilation events (20 events):
Event: 24.708 Thread 0x000001e995049000 13723       4       org.apache.xerces.dom.DeferredDocumentImpl::clearChunkIndex (57 bytes)
Event: 24.709 Thread 0x000001e99504e800 nmethod 13720 0x000001e98230d990 code [0x000001e98230dec0, 0x000001e982310c18]
Event: 24.709 Thread 0x000001e99504e800 13722       3       org.apache.xerces.dom.ParentNode::item (6 bytes)
Event: 24.710 Thread 0x000001e99504e800 nmethod 13722 0x000001e982311a90 code [0x000001e982311c40, 0x000001e982311d68]
Event: 24.710 Thread 0x000001e995049000 nmethod 13723 0x000001e988462a10 code [0x000001e988462ba0, 0x000001e988462cd8]
Event: 24.710 Thread 0x000001e995049000 13724 %     4       android.databinding.tool.reflection.SdkUtil$ApiChecker::buildFullLookup @ 124 (252 bytes)
Event: 24.712 Thread 0x000001e9a05f0800 nmethod 13710% 0x000001e988462e90 code [0x000001e988463460, 0x000001e9884668f0]
Event: 24.712 Thread 0x000001e9a05f0800 13727       4       org.apache.xerces.dom.ParentNode::item (6 bytes)
Event: 24.718 Thread 0x000001e99504e800 13729       3       org.apache.xerces.dom.ParentNode::getChildNodes (13 bytes)
Event: 24.718 Thread 0x000001e99504e800 nmethod 13729 0x000001e982311e10 code [0x000001e982311fe0, 0x000001e9823122a8]
Event: 24.718 Thread 0x000001e99504e800 13730       3       org.apache.xerces.dom.DeferredElementImpl::synchronizeChildren (18 bytes)
Event: 24.719 Thread 0x000001e99504e800 nmethod 13730 0x000001e982312390 code [0x000001e982312560, 0x000001e982312828]
Event: 24.726 Thread 0x000001e9a05f0800 nmethod 13727 0x000001e988469110 code [0x000001e9884692c0, 0x000001e988469928]
Event: 24.726 Thread 0x000001e9a05f0800 13728       4       org.apache.xerces.dom.DeferredDocumentImpl::getNodeObject (510 bytes)
Event: 24.752 Thread 0x000001e9a05f0800 nmethod 13728 0x000001e988469c10 code [0x000001e988469de0, 0x000001e98846a6b8]
Event: 24.752 Thread 0x000001e9a05f0800 13726       4       org.apache.xerces.dom.NodeImpl::isSpecified (28 bytes)
Event: 24.753 Thread 0x000001e9a05f0800 nmethod 13726 0x000001e98846aa90 code [0x000001e98846ac20, 0x000001e98846acb8]
Event: 24.753 Thread 0x000001e9a05f0800 13725       4       org.apache.xerces.dom.NodeImpl::hasStringValue (30 bytes)
Event: 24.766 Thread 0x000001e9a05f0800 nmethod 13725 0x000001e98846ad90 code [0x000001e98846af20, 0x000001e98846afb8]
Event: 24.770 Thread 0x000001e99f167800 nmethod 13714 0x000001e98846b090 code [0x000001e98846b3a0, 0x000001e98846f038]

GC Heap History (20 events):
Event: 22.114 GC heap after
{Heap after GC invocations=42 (full 0):
 garbage-first heap   total 225280K, used 121469K [0x0000000080000000, 0x0000000100000000)
  region size 1024K, 7 young (7168K), 7 survivors (7168K)
 Metaspace       used 94072K, capacity 96483K, committed 96684K, reserved 1132544K
  class space    used 12065K, capacity 12929K, committed 12972K, reserved 1048576K
}
Event: 22.501 GC heap before
{Heap before GC invocations=42 (full 0):
 garbage-first heap   total 225280K, used 171645K [0x0000000080000000, 0x0000000100000000)
  region size 1024K, 56 young (57344K), 7 survivors (7168K)
 Metaspace       used 94604K, capacity 97042K, committed 97324K, reserved 1134592K
  class space    used 12083K, capacity 12980K, committed 13100K, reserved 1048576K
}
Event: 22.517 GC heap after
{Heap after GC invocations=43 (full 0):
 garbage-first heap   total 225280K, used 131281K [0x0000000080000000, 0x0000000100000000)
  region size 1024K, 7 young (7168K), 7 survivors (7168K)
 Metaspace       used 94604K, capacity 97042K, committed 97324K, reserved 1134592K
  class space    used 12083K, capacity 12980K, committed 13100K, reserved 1048576K
}
Event: 22.791 GC heap before
{Heap before GC invocations=44 (full 0):
 garbage-first heap   total 225280K, used 152785K [0x0000000080000000, 0x0000000100000000)
  region size 1024K, 29 young (29696K), 7 survivors (7168K)
 Metaspace       used 95705K, capacity 98257K, committed 98348K, reserved 1134592K
  class space    used 12158K, capacity 13085K, committed 13100K, reserved 1048576K
}
Event: 22.806 GC heap after
{Heap after GC invocations=45 (full 0):
 garbage-first heap   total 225280K, used 135187K [0x0000000080000000, 0x0000000100000000)
  region size 1024K, 3 young (3072K), 3 survivors (3072K)
 Metaspace       used 95705K, capacity 98257K, committed 98348K, reserved 1134592K
  class space    used 12158K, capacity 13085K, committed 13100K, reserved 1048576K
}
Event: 23.339 GC heap before
{Heap before GC invocations=46 (full 0):
 garbage-first heap   total 225280K, used 173075K [0x0000000080000000, 0x0000000100000000)
  region size 1024K, 39 young (39936K), 3 survivors (3072K)
 Metaspace       used 99305K, capacity 101791K, committed 102060K, reserved 1138688K
  class space    used 12507K, capacity 13409K, committed 13484K, reserved 1048576K
}
Event: 23.351 GC heap after
{Heap after GC invocations=47 (full 0):
 garbage-first heap   total 225280K, used 148847K [0x0000000080000000, 0x0000000100000000)
  region size 1024K, 5 young (5120K), 5 survivors (5120K)
 Metaspace       used 99305K, capacity 101791K, committed 102060K, reserved 1138688K
  class space    used 12507K, capacity 13409K, committed 13484K, reserved 1048576K
}
Event: 23.496 GC heap before
{Heap before GC invocations=47 (full 0):
 garbage-first heap   total 225280K, used 176495K [0x0000000080000000, 0x0000000100000000)
  region size 1024K, 32 young (32768K), 5 survivors (5120K)
 Metaspace       used 99484K, capacity 102028K, committed 102316K, reserved 1138688K
  class space    used 12519K, capacity 13446K, committed 13484K, reserved 1048576K
}
Event: 23.514 GC heap after
{Heap after GC invocations=48 (full 0):
 garbage-first heap   total 270336K, used 171008K [0x0000000080000000, 0x0000000100000000)
  region size 1024K, 4 young (4096K), 4 survivors (4096K)
 Metaspace       used 99484K, capacity 102028K, committed 102316K, reserved 1138688K
  class space    used 12519K, capacity 13446K, committed 13484K, reserved 1048576K
}
Event: 23.796 GC heap before
{Heap before GC invocations=48 (full 0):
 garbage-first heap   total 270336K, used 201728K [0x0000000080000000, 0x0000000100000000)
  region size 1024K, 34 young (34816K), 4 survivors (4096K)
 Metaspace       used 99996K, capacity 102540K, committed 102700K, reserved 1138688K
  class space    used 12579K, capacity 13510K, committed 13612K, reserved 1048576K
}
Event: 23.819 GC heap after
{Heap after GC invocations=49 (full 0):
 garbage-first heap   total 270336K, used 185269K [0x0000000080000000, 0x0000000100000000)
  region size 1024K, 5 young (5120K), 5 survivors (5120K)
 Metaspace       used 99996K, capacity 102540K, committed 102700K, reserved 1138688K
  class space    used 12579K, capacity 13510K, committed 13612K, reserved 1048576K
}
Event: 24.331 GC heap before
{Heap before GC invocations=50 (full 0):
 garbage-first heap   total 270336K, used 209845K [0x0000000080000000, 0x0000000100000000)
  region size 1024K, 29 young (29696K), 5 survivors (5120K)
 Metaspace       used 103037K, capacity 105592K, committed 105644K, reserved 1140736K
  class space    used 12979K, capacity 13945K, committed 13996K, reserved 1048576K
}
Event: 24.341 GC heap after
{Heap after GC invocations=51 (full 0):
 garbage-first heap   total 270336K, used 187961K [0x0000000080000000, 0x0000000100000000)
  region size 1024K, 2 young (2048K), 2 survivors (2048K)
 Metaspace       used 103037K, capacity 105592K, committed 105644K, reserved 1140736K
  class space    used 12979K, capacity 13945K, committed 13996K, reserved 1048576K
}
Event: 24.476 GC heap before
{Heap before GC invocations=51 (full 0):
 garbage-first heap   total 270336K, used 213561K [0x0000000080000000, 0x0000000100000000)
  region size 1024K, 27 young (27648K), 2 survivors (2048K)
 Metaspace       used 103064K, capacity 105594K, committed 105900K, reserved 1140736K
  class space    used 12979K, capacity 13945K, committed 13996K, reserved 1048576K
}
Event: 24.482 GC heap after
{Heap after GC invocations=52 (full 0):
 garbage-first heap   total 270336K, used 189168K [0x0000000080000000, 0x0000000100000000)
  region size 1024K, 3 young (3072K), 3 survivors (3072K)
 Metaspace       used 103064K, capacity 105594K, committed 105900K, reserved 1140736K
  class space    used 12979K, capacity 13945K, committed 13996K, reserved 1048576K
}
Event: 24.664 GC heap before
{Heap before GC invocations=52 (full 0):
 garbage-first heap   total 270336K, used 216816K [0x0000000080000000, 0x0000000100000000)
  region size 1024K, 30 young (30720K), 3 survivors (3072K)
 Metaspace       used 103104K, capacity 105660K, committed 105900K, reserved 1140736K
  class space    used 12979K, capacity 13945K, committed 13996K, reserved 1048576K
}
Event: 24.677 GC heap after
{Heap after GC invocations=53 (full 0):
 garbage-first heap   total 270336K, used 205961K [0x0000000080000000, 0x0000000100000000)
  region size 1024K, 4 young (4096K), 4 survivors (4096K)
 Metaspace       used 103104K, capacity 105660K, committed 105900K, reserved 1140736K
  class space    used 12979K, capacity 13945K, committed 13996K, reserved 1048576K
}
Event: 24.728 GC heap before
{Heap before GC invocations=53 (full 0):
 garbage-first heap   total 270336K, used 219273K [0x0000000080000000, 0x0000000100000000)
  region size 1024K, 18 young (18432K), 4 survivors (4096K)
 Metaspace       used 103107K, capacity 105661K, committed 105900K, reserved 1140736K
  class space    used 12979K, capacity 13945K, committed 13996K, reserved 1048576K
}
Event: 24.742 GC heap after
{Heap after GC invocations=54 (full 0):
 garbage-first heap   total 270336K, used 218112K [0x0000000080000000, 0x0000000100000000)
  region size 1024K, 3 young (3072K), 3 survivors (3072K)
 Metaspace       used 103107K, capacity 105661K, committed 105900K, reserved 1140736K
  class space    used 12979K, capacity 13945K, committed 13996K, reserved 1048576K
}
Event: 24.777 GC heap before
{Heap before GC invocations=54 (full 0):
 garbage-first heap   total 270336K, used 228352K [0x0000000080000000, 0x0000000100000000)
  region size 1024K, 13 young (13312K), 3 survivors (3072K)
 Metaspace       used 103107K, capacity 105661K, committed 105900K, reserved 1140736K
  class space    used 12979K, capacity 13945K, committed 13996K, reserved 1048576K
}

Deoptimization events (20 events):
Event: 24.506 Thread 0x000001e996331800 DEOPT PACKING pc=0x000001e98834bb34 sp=0x00000053d6ef85e0
Event: 24.506 Thread 0x000001e996331800 DEOPT UNPACKING pc=0x000001e98004a1af sp=0x00000053d6ef8550 mode 2
Event: 24.506 Thread 0x000001e996331800 Uncommon trap: trap_request=0xffffff6e fr.pc=0x000001e98834bb34 relative=0x0000000000000d74
Event: 24.506 Thread 0x000001e996331800 Uncommon trap: reason=speculate_class_check action=maybe_recompile pc=0x000001e98834bb34 method=com.sun.tools.javac.code.Type.hasTag(Lcom/sun/tools/javac/code/TypeTag;)Z @ 2 c2
Event: 24.506 Thread 0x000001e996331800 DEOPT PACKING pc=0x000001e98834bb34 sp=0x00000053d6ef85e0
Event: 24.506 Thread 0x000001e996331800 DEOPT UNPACKING pc=0x000001e98004a1af sp=0x00000053d6ef8550 mode 2
Event: 24.520 Thread 0x000001e996331800 DEOPT PACKING pc=0x000001e982126b1c sp=0x00000053d6ef8ad0
Event: 24.520 Thread 0x000001e996331800 DEOPT UNPACKING pc=0x000001e98004a95e sp=0x00000053d6ef7f00 mode 0
Event: 24.544 Thread 0x000001e996331800 Uncommon trap: trap_request=0xffffff4d fr.pc=0x000001e9883b5d0c relative=0x0000000000002e2c
Event: 24.544 Thread 0x000001e996331800 Uncommon trap: reason=unstable_if action=reinterpret pc=0x000001e9883b5d0c method=org.apache.xerces.dom.DeferredDocumentImpl.ensureCapacity(I)V @ 4 c2
Event: 24.544 Thread 0x000001e996331800 DEOPT PACKING pc=0x000001e9883b5d0c sp=0x00000053d6ef8860
Event: 24.544 Thread 0x000001e996331800 DEOPT UNPACKING pc=0x000001e98004a1af sp=0x00000053d6ef8828 mode 2
Event: 24.544 Thread 0x000001e996331800 Uncommon trap: trap_request=0xffffffde fr.pc=0x000001e988397bac relative=0x00000000000032ec
Event: 24.544 Thread 0x000001e996331800 Uncommon trap: reason=class_check action=maybe_recompile pc=0x000001e988397bac method=org.apache.xerces.impl.XMLDocumentFragmentScannerImpl.scanStartElement()Z @ 309 c2
Event: 24.544 Thread 0x000001e996331800 DEOPT PACKING pc=0x000001e988397bac sp=0x00000053d6ef88d0
Event: 24.544 Thread 0x000001e996331800 DEOPT UNPACKING pc=0x000001e98004a1af sp=0x00000053d6ef88b8 mode 2
Event: 24.705 Thread 0x000001e996331800 Uncommon trap: trap_request=0xffffff4d fr.pc=0x000001e9883cdcc8 relative=0x0000000000000488
Event: 24.705 Thread 0x000001e996331800 Uncommon trap: reason=unstable_if action=reinterpret pc=0x000001e9883cdcc8 method=org.apache.xerces.dom.ParentNode.nodeListItem(I)Lorg/w3c/dom/Node; @ 4 c2
Event: 24.705 Thread 0x000001e996331800 DEOPT PACKING pc=0x000001e9883cdcc8 sp=0x00000053d6ef8d80
Event: 24.705 Thread 0x000001e996331800 DEOPT UNPACKING pc=0x000001e98004a1af sp=0x00000053d6ef8cc0 mode 2

Classes redefined (0 events):
No events

Internal exceptions (20 events):
Event: 24.247 Thread 0x000001e996331800 Exception <a 'sun/nio/fs/WindowsException'{0x000000008f3ae810}> (0x000000008f3ae810) thrown at [./src/hotspot/share/prims/jni.cpp, line 615]
Event: 24.247 Thread 0x000001e996331800 Exception <a 'sun/nio/fs/WindowsException'{0x000000008f3b0fa8}> (0x000000008f3b0fa8) thrown at [./src/hotspot/share/prims/jni.cpp, line 615]
Event: 24.279 Thread 0x000001e996331800 Exception <a 'sun/nio/fs/WindowsException'{0x000000008f14c0a8}> (0x000000008f14c0a8) thrown at [./src/hotspot/share/prims/jni.cpp, line 615]
Event: 24.279 Thread 0x000001e996331800 Exception <a 'sun/nio/fs/WindowsException'{0x000000008f14d740}> (0x000000008f14d740) thrown at [./src/hotspot/share/prims/jni.cpp, line 615]
Event: 24.280 Thread 0x000001e996331800 Exception <a 'sun/nio/fs/WindowsException'{0x000000008f14ea48}> (0x000000008f14ea48) thrown at [./src/hotspot/share/prims/jni.cpp, line 615]
Event: 24.280 Thread 0x000001e996331800 Exception <a 'sun/nio/fs/WindowsException'{0x000000008f14ff68}> (0x000000008f14ff68) thrown at [./src/hotspot/share/prims/jni.cpp, line 615]
Event: 24.280 Thread 0x000001e996331800 Exception <a 'sun/nio/fs/WindowsException'{0x000000008f150108}> (0x000000008f150108) thrown at [./src/hotspot/share/prims/jni.cpp, line 615]
Event: 24.280 Thread 0x000001e996331800 Exception <a 'sun/nio/fs/WindowsException'{0x000000008f1528d8}> (0x000000008f1528d8) thrown at [./src/hotspot/share/prims/jni.cpp, line 615]
Event: 24.282 Thread 0x000001e996331800 Exception <a 'sun/nio/fs/WindowsException'{0x000000008f15d538}> (0x000000008f15d538) thrown at [./src/hotspot/share/prims/jni.cpp, line 615]
Event: 24.283 Thread 0x000001e996331800 Exception <a 'sun/nio/fs/WindowsException'{0x000000008f15eb90}> (0x000000008f15eb90) thrown at [./src/hotspot/share/prims/jni.cpp, line 615]
Event: 24.283 Thread 0x000001e996331800 Exception <a 'sun/nio/fs/WindowsException'{0x000000008f15fe98}> (0x000000008f15fe98) thrown at [./src/hotspot/share/prims/jni.cpp, line 615]
Event: 24.283 Thread 0x000001e996331800 Exception <a 'sun/nio/fs/WindowsException'{0x000000008f161388}> (0x000000008f161388) thrown at [./src/hotspot/share/prims/jni.cpp, line 615]
Event: 24.283 Thread 0x000001e996331800 Exception <a 'sun/nio/fs/WindowsException'{0x000000008f161508}> (0x000000008f161508) thrown at [./src/hotspot/share/prims/jni.cpp, line 615]
Event: 24.283 Thread 0x000001e996331800 Exception <a 'sun/nio/fs/WindowsException'{0x000000008f163ca8}> (0x000000008f163ca8) thrown at [./src/hotspot/share/prims/jni.cpp, line 615]
Event: 24.283 Thread 0x000001e996331800 Exception <a 'sun/nio/fs/WindowsException'{0x000000008f163e18}> (0x000000008f163e18) thrown at [./src/hotspot/share/prims/jni.cpp, line 615]
Event: 24.283 Thread 0x000001e996331800 Exception <a 'sun/nio/fs/WindowsException'{0x000000008f1665b0}> (0x000000008f1665b0) thrown at [./src/hotspot/share/prims/jni.cpp, line 615]
Event: 24.308 Thread 0x000001e996331800 Exception <a 'sun/nio/fs/WindowsException'{0x000000008f06f428}> (0x000000008f06f428) thrown at [./src/hotspot/share/prims/jni.cpp, line 615]
Event: 24.312 Thread 0x000001e996331800 Exception <a 'sun/nio/fs/WindowsException'{0x000000008f08d868}> (0x000000008f08d868) thrown at [./src/hotspot/share/prims/jni.cpp, line 615]
Event: 24.544 Thread 0x000001e996331800 Implicit null exception at 0x000001e9883b2f15 to 0x000001e9883b5cf2
Event: 24.705 Thread 0x000001e996331800 Implicit null exception at 0x000001e9883cd875 to 0x000001e9883cdcac

Events (20 events):
Event: 24.303 loading class com/squareup/javapoet/LineWrapper$FlushType done
Event: 24.304 loading class com/squareup/javapoet/LineWrapper$1
Event: 24.304 loading class com/squareup/javapoet/LineWrapper$1 done
Event: 24.309 loading class android/databinding/tool/writer/MergedBindingMapperWriter
Event: 24.309 loading class android/databinding/tool/writer/MergedBindingMapperWriter done
Event: 24.310 loading class android/databinding/tool/writer/MergedBindingMapperWriter$Companion
Event: 24.310 loading class android/databinding/tool/writer/MergedBindingMapperWriter$Companion done
Event: 24.324 loading class com/sun/tools/javac/code/Symtab
Event: 24.324 loading class com/sun/tools/javac/code/Symtab done
Event: 24.331 Executing VM operation: G1CollectForAllocation
Event: 24.341 Executing VM operation: G1CollectForAllocation done
Event: 24.476 Executing VM operation: G1CollectForAllocation
Event: 24.482 Executing VM operation: G1CollectForAllocation done
Event: 24.664 Executing VM operation: G1CollectForAllocation
Event: 24.677 Executing VM operation: G1CollectForAllocation done
Event: 24.728 Executing VM operation: G1CollectForAllocation
Event: 24.742 Executing VM operation: G1CollectForAllocation done
Event: 24.753 Executing VM operation: CGC_Operation
Event: 24.765 Executing VM operation: CGC_Operation done
Event: 24.777 Executing VM operation: G1CollectForAllocation


Dynamic libraries:
0x00007ff6020c0000 - 0x00007ff6020ca000 	C:\Program Files\Android\Android Studio\jre\bin\java.exe
0x00007ff992f50000 - 0x00007ff993164000 	C:\WINDOWS\SYSTEM32\ntdll.dll
0x00007ff992a10000 - 0x00007ff992ad2000 	C:\WINDOWS\System32\KERNEL32.DLL
0x00007ff990400000 - 0x00007ff99079c000 	C:\WINDOWS\System32\KERNELBASE.dll
0x00007ff9907a0000 - 0x00007ff9908b1000 	C:\WINDOWS\System32\ucrtbase.dll
0x00007ff9871d0000 - 0x00007ff9871e7000 	C:\Program Files\Android\Android Studio\jre\bin\VCRUNTIME140.dll
0x00007ff987160000 - 0x00007ff987179000 	C:\Program Files\Android\Android Studio\jre\bin\jli.dll
0x00007ff992cc0000 - 0x00007ff992e6b000 	C:\WINDOWS\System32\USER32.dll
0x00007ff990c10000 - 0x00007ff990c36000 	C:\WINDOWS\System32\win32u.dll
0x00007ff9929e0000 - 0x00007ff992a09000 	C:\WINDOWS\System32\GDI32.dll
0x00007ff990c40000 - 0x00007ff990d52000 	C:\WINDOWS\System32\gdi32full.dll
0x00007ff990b70000 - 0x00007ff990c0a000 	C:\WINDOWS\System32\msvcp_win.dll
0x00007ff96ffb0000 - 0x00007ff97023e000 	C:\WINDOWS\WinSxS\amd64_microsoft.windows.common-controls_6595b64144ccf1df_6.0.22621.317_none_a9434687c10c9fa2\COMCTL32.dll
0x00007ff992830000 - 0x00007ff9928d7000 	C:\WINDOWS\System32\msvcrt.dll
0x00007ff990f20000 - 0x00007ff990f51000 	C:\WINDOWS\System32\IMM32.DLL
0x00007ff977700000 - 0x00007ff97779d000 	C:\Program Files\Android\Android Studio\jre\bin\msvcp140.dll
0x00007ff902330000 - 0x00007ff902e15000 	C:\Program Files\Android\Android Studio\jre\bin\server\jvm.dll
0x00007ff990fd0000 - 0x00007ff99107e000 	C:\WINDOWS\System32\ADVAPI32.dll
0x00007ff992ae0000 - 0x00007ff992b84000 	C:\WINDOWS\System32\sechost.dll
0x00007ff992290000 - 0x00007ff9923a5000 	C:\WINDOWS\System32\RPCRT4.dll
0x00007ff989880000 - 0x00007ff9898b4000 	C:\WINDOWS\SYSTEM32\WINMM.dll
0x00007ff972520000 - 0x00007ff972529000 	C:\WINDOWS\SYSTEM32\WSOCK32.dll
0x00007ff992280000 - 0x00007ff992288000 	C:\WINDOWS\System32\PSAPI.DLL
0x00007ff988440000 - 0x00007ff98844a000 	C:\WINDOWS\SYSTEM32\VERSION.dll
0x00007ff992e70000 - 0x00007ff992ee1000 	C:\WINDOWS\System32\ws2_32.DLL
0x00007ff98f4c0000 - 0x00007ff98f4d8000 	C:\WINDOWS\SYSTEM32\kernel.appcore.dll
0x00007ff980790000 - 0x00007ff9807a1000 	C:\Program Files\Android\Android Studio\jre\bin\verify.dll
0x00007ff98d950000 - 0x00007ff98db7e000 	C:\WINDOWS\SYSTEM32\DBGHELP.DLL
0x00007ff991410000 - 0x00007ff991799000 	C:\WINDOWS\System32\combase.dll
0x00007ff991130000 - 0x00007ff991207000 	C:\WINDOWS\System32\OLEAUT32.dll
0x00007ff980ca0000 - 0x00007ff980cd2000 	C:\WINDOWS\SYSTEM32\dbgcore.DLL
0x00007ff9908c0000 - 0x00007ff99093b000 	C:\WINDOWS\System32\bcryptPrimitives.dll
0x00007ff961be0000 - 0x00007ff961c09000 	C:\Program Files\Android\Android Studio\jre\bin\java.dll
0x00007ff980610000 - 0x00007ff98061b000 	C:\Program Files\Android\Android Studio\jre\bin\jimage.dll
0x00007ff961bc0000 - 0x00007ff961bd8000 	C:\Program Files\Android\Android Studio\jre\bin\zip.dll
0x00007ff991900000 - 0x00007ff9920db000 	C:\WINDOWS\System32\SHELL32.dll
0x00007ff98e3b0000 - 0x00007ff98ec65000 	C:\WINDOWS\SYSTEM32\windows.storage.dll
0x00007ff98e270000 - 0x00007ff98e3ad000 	C:\WINDOWS\SYSTEM32\wintypes.dll
0x00007ff9928e0000 - 0x00007ff9929d1000 	C:\WINDOWS\System32\SHCORE.dll
0x00007ff9918a0000 - 0x00007ff9918fe000 	C:\WINDOWS\System32\shlwapi.dll
0x00007ff9902c0000 - 0x00007ff9902e1000 	C:\WINDOWS\SYSTEM32\profapi.dll
0x00007ff961ba0000 - 0x00007ff961bba000 	C:\Program Files\Android\Android Studio\jre\bin\net.dll
0x00007ff989700000 - 0x00007ff98982f000 	C:\WINDOWS\SYSTEM32\WINHTTP.dll
0x00007ff98f920000 - 0x00007ff98f989000 	C:\WINDOWS\system32\mswsock.dll
0x00007ff961b80000 - 0x00007ff961b94000 	C:\Program Files\Android\Android Studio\jre\bin\nio.dll
0x00007ff9871f0000 - 0x00007ff987217000 	C:\Users\Ray Ann Martinez\.gradle\native\e1d6ef7f7dcc3fd88c89a11ec53ec762bb8ba0a96d01ffa2cd45eb1d1d8dd5c5\windows-amd64\native-platform.dll
0x00007ff951a20000 - 0x00007ff951b64000 	C:\Users\Ray Ann Martinez\.gradle\native\5664cfc778a61ccfe75a443a1ab52a65af34e5dc3c78e0209fed803814484fcb\windows-amd64\native-platform-file-events.dll
0x00007ff980600000 - 0x00007ff98060a000 	C:\Program Files\Android\Android Studio\jre\bin\management.dll
0x00007ff97f230000 - 0x00007ff97f23d000 	C:\Program Files\Android\Android Studio\jre\bin\management_ext.dll
0x00007ff98fb80000 - 0x00007ff98fb9b000 	C:\WINDOWS\SYSTEM32\CRYPTSP.dll
0x00007ff98f430000 - 0x00007ff98f465000 	C:\WINDOWS\system32\rsaenh.dll
0x00007ff98fa30000 - 0x00007ff98fa58000 	C:\WINDOWS\SYSTEM32\USERENV.dll
0x00007ff98fd40000 - 0x00007ff98fd68000 	C:\WINDOWS\SYSTEM32\bcrypt.dll
0x00007ff98fba0000 - 0x00007ff98fbac000 	C:\WINDOWS\SYSTEM32\CRYPTBASE.dll
0x00007ff98ef30000 - 0x00007ff98ef5d000 	C:\WINDOWS\SYSTEM32\IPHLPAPI.DLL
0x00007ff991210000 - 0x00007ff991219000 	C:\WINDOWS\System32\NSI.dll
0x00007ff9896e0000 - 0x00007ff9896f9000 	C:\WINDOWS\SYSTEM32\dhcpcsvc6.DLL
0x00007ff9896c0000 - 0x00007ff9896df000 	C:\WINDOWS\SYSTEM32\dhcpcsvc.DLL
0x00007ff98efa0000 - 0x00007ff98f092000 	C:\WINDOWS\SYSTEM32\DNSAPI.dll

dbghelp: loaded successfully - version: 4.0.5 - missing functions: none
symbol engine: initialized successfully - sym options: 0x614 - pdb path: .;C:\Program Files\Android\Android Studio\jre\bin;C:\WINDOWS\SYSTEM32;C:\WINDOWS\WinSxS\amd64_microsoft.windows.common-controls_6595b64144ccf1df_6.0.22621.317_none_a9434687c10c9fa2;C:\Program Files\Android\Android Studio\jre\bin\server;C:\Users\Ray Ann Martinez\.gradle\native\e1d6ef7f7dcc3fd88c89a11ec53ec762bb8ba0a96d01ffa2cd45eb1d1d8dd5c5\windows-amd64;C:\Users\Ray Ann Martinez\.gradle\native\5664cfc778a61ccfe75a443a1ab52a65af34e5dc3c78e0209fed803814484fcb\windows-amd64

VM Arguments:
jvm_args: --add-opens=java.base/java.util=ALL-UNNAMED --add-opens=java.base/java.lang=ALL-UNNAMED --add-opens=java.base/java.lang.invoke=ALL-UNNAMED --add-opens=java.base/java.util=ALL-UNNAMED --add-opens=java.prefs/java.util.prefs=ALL-UNNAMED --add-opens=java.prefs/java.util.prefs=ALL-UNNAMED --add-opens=java.base/java.nio.charset=ALL-UNNAMED --add-opens=java.base/java.net=ALL-UNNAMED --add-opens=java.base/java.util.concurrent.atomic=ALL-UNNAMED -Xmx2048m -Dfile.encoding=UTF-8 -Duser.country=PH -Duser.language=en -Duser.variant 
java_command: org.gradle.launcher.daemon.bootstrap.GradleDaemon 7.3.3
java_class_path (initial): C:\Users\Ray Ann Martinez\.gradle\wrapper\dists\gradle-7.3.3-bin\6a41zxkdtcxs8rphpq6y0069z\gradle-7.3.3\lib\gradle-launcher-7.3.3.jar
Launcher Type: SUN_STANDARD

[Global flags]
     intx CICompilerCount                          = 4                                         {product} {ergonomic}
     uint ConcGCThreads                            = 2                                         {product} {ergonomic}
     uint G1ConcRefinementThreads                  = 8                                         {product} {ergonomic}
   size_t G1HeapRegionSize                         = 1048576                                   {product} {ergonomic}
    uintx GCDrainStackTargetSize                   = 64                                        {product} {ergonomic}
   size_t InitialHeapSize                          = 132120576                                 {product} {ergonomic}
   size_t MarkStackSize                            = 4194304                                   {product} {ergonomic}
   size_t MaxHeapSize                              = 2147483648                                {product} {command line}
   size_t MaxNewSize                               = 1287651328                                {product} {ergonomic}
   size_t MinHeapDeltaBytes                        = 1048576                                   {product} {ergonomic}
    uintx NonNMethodCodeHeapSize                   = 5836300                                {pd product} {ergonomic}
    uintx NonProfiledCodeHeapSize                  = 122910970                              {pd product} {ergonomic}
    uintx ProfiledCodeHeapSize                     = 122910970                              {pd product} {ergonomic}
    uintx ReservedCodeCacheSize                    = 251658240                              {pd product} {ergonomic}
     bool SegmentedCodeCache                       = true                                      {product} {ergonomic}
     bool UseCompressedClassPointers               = true                                 {lp64_product} {ergonomic}
     bool UseCompressedOops                        = true                                 {lp64_product} {ergonomic}
     bool UseG1GC                                  = true                                      {product} {ergonomic}
     bool UseLargePagesIndividualAllocation        = false                                  {pd product} {ergonomic}

Logging:
Log output configuration:
 #0: stdout all=warning uptime,level,tags
 #1: stderr all=off uptime,level,tags

Environment Variables:
PATH=C:\Program Files\Common Files\Oracle\Java\javapath;C:\Program Files (x86)\Common Files\Oracle\Java\javapath;C:\Program Files (x86)\Razer\ChromaBroadcast\bin;C:\Program Files\Razer\ChromaBroadcast\bin;C:\Windows\system32;C:\Windows;C:\Windows\System32\Wbem;C:\Windows\System32\WindowsPowerShell\v1.0\;C:\Windows\System32\OpenSSH\;C:\Program Files (x86)\NVIDIA Corporation\PhysX\Common;C:\Program Files\NVIDIA Corporation\NVIDIA NvDLISR;C:\WINDOWS\system32;C:\WINDOWS;C:\WINDOWS\System32\Wbem;C:\WINDOWS\System32\WindowsPowerShell\v1.0\;C:\WINDOWS\System32\OpenSSH\;C:\WINDOWS\system32\config\systemprofile\AppData\Local\Microsoft\WindowsApps;C:\WINDOWS\system32;C:\WINDOWS;C:\WINDOWS\System32\Wbem;C:\WINDOWS\System32\WindowsPowerShell\v1.0\;C:\WINDOWS\System32\OpenSSH\;C:\ProgramData\chocolatey\bin;C:\ProgramData\chocolatey\lib\mpv.install\tools;C:\Program Files\dotnet\;C:\Users\Ray Ann Martinez\AppData\Local\Android Open Source Project\Emulator;C:\Program Files\Git\cmd;C:\Program Files\Docker\Docker\resources\bin;C:\ProgramData\DockerDesktop\version-bin;C:\Program Files\nodejs\;C:\Users\Ray Ann Martinez\AppData\Local\Packages\PythonSoftwareFoundation.Python.3.10_qbz5n2kfra8p0\LocalCache\local-packages\Python310\Scripts;C:\Users\Ray Ann Martinez\AppData\Local\Microsoft\WindowsApps;C:\Users\Ray Ann Martinez\AppData\Local\Android Open Source Project\Emulator;C:\Program Files\Java\jdk-18.0.2.1\bin;C:\Users\Ray Ann Martinez\AppData\Local\Programs\Microsoft VS Code\bin;C:\Users\Ray Ann Martinez\AppData\Roaming\npm;C:\Users\Ray Ann Martinez\AppData\Local\GitHubDesktop\bin;C:\Users\Ray Ann Martinez\AppData\Local\Programs\Python\Python310\Scripts;C:\Users\Ray Ann Martinez\AppData\Local\Packages\PythonSoftwareFoundation.Python.3.10_qbz5n2kfra8p0\LocalCache\local-packages\Python310\Scripts;
USERNAME=Ray Ann Martinez
OS=Windows_NT
PROCESSOR_IDENTIFIER=Intel64 Family 6 Model 165 Stepping 2, GenuineIntel



---------------  S Y S T E M  ---------------

OS: Windows 10 , 64 bit Build 22621 (10.0.22621.457)
OS uptime: 1 days 7:02 hours
Hyper-V role detected

CPU:total 8 (initial active 8) (4 cores per cpu, 2 threads per core) family 6 model 165 stepping 2 microcode 0xe2, cmov, cx8, fxsr, mmx, sse, sse2, sse3, ssse3, sse4.1, sse4.2, popcnt, avx, avx2, aes, clmul, erms, 3dnowpref, lzcnt, ht, tsc, tscinvbit, bmi1, bmi2, adx, fma

Memory: 4k page, system-wide physical 8059M (471M free)
TotalPageFile size 32635M (AvailPageFile size 10M)
current process WorkingSet (physical memory assigned to process): 583M, peak: 587M
current process commit charge ("private bytes"): 627M, peak: 680M

vm_info: OpenJDK 64-Bit Server VM (11.0.12+7-b1504.28-7817840) for windows-amd64 JRE (11.0.12+7-b1504.28-7817840), built on Oct 13 2021 22:12:33 by "builder" with MS VC++ 14.0 (VS2015)

END.
