#
# There is insufficient memory for the Java Runtime Environment to continue.
# Native memory allocation (malloc) failed to allocate 1577776 bytes for Chunk::new
# Possible reasons:
#   The system is out of physical RAM or swap space
#   The process is running with CompressedOops enabled, and the Java Heap may be blocking the growth of the native heap
# Possible solutions:
#   Reduce memory load on the system
#   Increase physical memory or swap space
#   Check if swap backing store is full
#   Decrease Java heap size (-Xmx/-Xms)
#   Decrease number of Java threads
#   Decrease Java thread stack sizes (-Xss)
#   Set larger code cache with -XX:ReservedCodeCacheSize=
#   JVM is running with Unscaled Compressed Oops mode in which the Java heap is
#     placed in the first 4GB address space. The Java Heap base address is the
#     maximum limit for the native heap growth. Please use -XX:HeapBaseMinAddress
#     to set the Java Heap base and to place the Java Heap above 4GB virtual address.
# This output file may be truncated or incomplete.
#
#  Out of Memory Error (./src/hotspot/share/memory/arena.cpp:197), pid=19536, tid=18580
#
# JRE version: OpenJDK Runtime Environment (11.0.12+7) (build 11.0.12+7-b1504.28-7817840)
# Java VM: OpenJDK 64-Bit Server VM (11.0.12+7-b1504.28-7817840, mixed mode, tiered, compressed oops, g1 gc, windows-amd64)
# No core dump will be written. Minidumps are not enabled by default on client versions of Windows
#

---------------  S U M M A R Y ------------

Command Line: --add-opens=java.base/java.util=ALL-UNNAMED --add-opens=java.base/java.lang=ALL-UNNAMED --add-opens=java.base/java.lang.invoke=ALL-UNNAMED --add-opens=java.base/java.util=ALL-UNNAMED --add-opens=java.prefs/java.util.prefs=ALL-UNNAMED --add-opens=java.prefs/java.util.prefs=ALL-UNNAMED --add-opens=java.base/java.nio.charset=ALL-UNNAMED --add-opens=java.base/java.net=ALL-UNNAMED --add-opens=java.base/java.util.concurrent.atomic=ALL-UNNAMED -Xmx2048m -Dfile.encoding=UTF-8 -Duser.country=PH -Duser.language=en -Duser.variant org.gradle.launcher.daemon.bootstrap.GradleDaemon 7.3.3

Host: Intel(R) Core(TM) i5-10300H CPU @ 2.50GHz, 8 cores, 7G,  Windows 10 , 64 bit Build 22621 (10.0.22621.457)
Time: Mon Oct  3 20:47:20 2022 Malay Peninsula Standard Time elapsed time: 15.956909 seconds (0d 0h 0m 15s)

---------------  T H R E A D  ---------------

Current thread (0x00000264106d5000):  JavaThread "C2 CompilerThread1" daemon [_thread_in_native, id=18580, stack(0x0000008576600000,0x0000008576700000)]


Current CompileTask:
C2:  15956 11772   !   4       java.nio.file.FileTreeWalker::visit (204 bytes)

Stack: [0x0000008576600000,0x0000008576700000]
Native frames: (J=compiled Java code, j=interpreted, Vv=VM code, C=native code)
V  [jvm.dll+0x5fbcea]
V  [jvm.dll+0x731905]
V  [jvm.dll+0x732f1d]
V  [jvm.dll+0x7335d3]
V  [jvm.dll+0x247bf8]
V  [jvm.dll+0xc018c]
V  [jvm.dll+0xc06cc]
V  [jvm.dll+0x35b2db]
V  [jvm.dll+0x328803]
V  [jvm.dll+0x327cfa]
V  [jvm.dll+0x200602]
V  [jvm.dll+0x1ff794]
V  [jvm.dll+0x18868c]
V  [jvm.dll+0x20e0d7]
V  [jvm.dll+0x20c901]
V  [jvm.dll+0x6f9b7f]
V  [jvm.dll+0x6f26a5]
V  [jvm.dll+0x5fabf6]
C  [ucrtbase.dll+0x29363]
C  [KERNEL32.DLL+0x1244d]
C  [ntdll.dll+0x5df78]


---------------  P R O C E S S  ---------------

Threads class SMR info:
_java_thread_list=0x0000026411a6e000, length=135, elements={
0x00000264719f9000, 0x000002647ce93000, 0x000002647ce9c000, 0x000002647d804800,
0x000002647d808000, 0x000002647d809000, 0x000002647d80d000, 0x000002647d80f800,
0x000002647d810800, 0x000002647d976800, 0x000002640f165800, 0x000002640f322000,
0x00000264106d5000, 0x0000026410158800, 0x000002640f325000, 0x000002640f6ae000,
0x0000026410746000, 0x0000026410747000, 0x00000264101a4000, 0x000002640f163800,
0x00000264100b4800, 0x00000264100b0800, 0x00000264100ae800, 0x00000264100b3800,
0x00000264100af800, 0x00000264100b1000, 0x00000264100b5000, 0x00000264100b2000,
0x00000264100b2800, 0x000002640fd1b800, 0x000002640fd20800, 0x000002640fd1e000,
0x000002640fd1e800, 0x000002640fd25000, 0x000002640fd27000, 0x000002640fd22000,
0x000002640fd21000, 0x000002640fd23800, 0x000002640fd26000, 0x000002640fd28800,
0x000002640fd23000, 0x000002640fd27800, 0x000002640fd29800, 0x000002640fd24800,
0x000002641249f800, 0x000002641249c800, 0x000002641249d000, 0x000002641249e000,
0x000002641249f000, 0x00000264124a0800, 0x000002641249b800, 0x00000264124a2000,
0x00000264124a4800, 0x00000264124a4000, 0x00000264124a5800, 0x00000264124a6000,
0x00000264124a1800, 0x00000264124a8000, 0x00000264124a8800, 0x00000264124a7000,
0x00000264124a3000, 0x00000264124a9800, 0x00000264124aa800, 0x0000026413dd0800,
0x0000026413dd6800, 0x0000026413dd4000, 0x0000026413dd5000, 0x0000026413dd5800,
0x0000026413dd1800, 0x0000026413dd7000, 0x0000026413dd8000, 0x0000026413dd2800,
0x0000026413dd9000, 0x0000026413dd3000, 0x0000026413dda800, 0x0000026413dd9800,
0x0000026413ddd000, 0x0000026413dde000, 0x0000026413ddb800, 0x0000026413ddc000,
0x0000026413dde800, 0x0000026413ddf800, 0x0000026411a38800, 0x0000026411a37000,
0x0000026411a34800, 0x0000026411a39000, 0x0000026411a37800, 0x0000026411a3a000,
0x0000026411a3b000, 0x0000026411a35000, 0x0000026411a3b800, 0x0000026411a36000,
0x0000026411a42000, 0x0000026411a41800, 0x0000026411a3f800, 0x0000026411a40800,
0x0000026411a3c800, 0x0000026411a3d800, 0x0000026411a3f000, 0x0000026411a43000,
0x0000026411a3e000, 0x0000026410f57800, 0x0000026410f59000, 0x0000026410f58800,
0x0000026410f5a000, 0x0000026410f5b000, 0x0000026410f55000, 0x0000026410f56000,
0x0000026410f57000, 0x0000026410f5f000, 0x0000026410f5b800, 0x0000026410f62000,
0x0000026410f60000, 0x0000026410f60800, 0x0000026410f61800, 0x0000026410f5c800,
0x0000026410f63000, 0x0000026410f5d800, 0x0000026410f64000, 0x0000026410f5e000,
0x0000026411fca000, 0x0000026411fc8000, 0x0000026411fca800, 0x0000026411fc9000,
0x0000026411fcb800, 0x0000026411fc6000, 0x0000026411fcc800, 0x0000026411fc6800,
0x0000026411fcd000, 0x0000026411fc7800, 0x0000026411fcf000, 0x0000026411fcf800,
0x0000026411fd3800, 0x0000026411fd0800, 0x0000026411fd1000
}

Java Threads: ( => current thread )
  0x00000264719f9000 JavaThread "main" [_thread_blocked, id=21036, stack(0x0000008575100000,0x0000008575200000)]
  0x000002647ce93000 JavaThread "Reference Handler" daemon [_thread_blocked, id=23540, stack(0x0000008575800000,0x0000008575900000)]
  0x000002647ce9c000 JavaThread "Finalizer" daemon [_thread_blocked, id=9744, stack(0x0000008575900000,0x0000008575a00000)]
  0x000002647d804800 JavaThread "Signal Dispatcher" daemon [_thread_blocked, id=21156, stack(0x0000008575a00000,0x0000008575b00000)]
  0x000002647d808000 JavaThread "Attach Listener" daemon [_thread_blocked, id=1720, stack(0x0000008575b00000,0x0000008575c00000)]
  0x000002647d809000 JavaThread "Service Thread" daemon [_thread_blocked, id=18228, stack(0x0000008575c00000,0x0000008575d00000)]
  0x000002647d80d000 JavaThread "C2 CompilerThread0" daemon [_thread_in_native, id=23376, stack(0x0000008575d00000,0x0000008575e00000)]
  0x000002647d80f800 JavaThread "C1 CompilerThread0" daemon [_thread_blocked, id=3676, stack(0x0000008575e00000,0x0000008575f00000)]
  0x000002647d810800 JavaThread "Sweeper thread" daemon [_thread_blocked, id=14744, stack(0x0000008575f00000,0x0000008576000000)]
  0x000002647d976800 JavaThread "Common-Cleaner" daemon [_thread_blocked, id=10996, stack(0x0000008576000000,0x0000008576100000)]
  0x000002640f165800 JavaThread "Daemon health stats" [_thread_blocked, id=19656, stack(0x0000008576500000,0x0000008576600000)]
  0x000002640f322000 JavaThread "Incoming local TCP Connector on port 56907" [_thread_in_native, id=18360, stack(0x0000008576400000,0x0000008576500000)]
=>0x00000264106d5000 JavaThread "C2 CompilerThread1" daemon [_thread_in_native, id=18580, stack(0x0000008576600000,0x0000008576700000)]
  0x0000026410158800 JavaThread "Daemon periodic checks" [_thread_blocked, id=1408, stack(0x0000008576700000,0x0000008576800000)]
  0x000002640f325000 JavaThread "Daemon" [_thread_blocked, id=18172, stack(0x0000008576800000,0x0000008576900000)]
  0x000002640f6ae000 JavaThread "Handler for socket connection from /127.0.0.1:56907 to /127.0.0.1:56908" [_thread_in_native, id=1004, stack(0x0000008576900000,0x0000008576a00000)]
  0x0000026410746000 JavaThread "Cancel handler" [_thread_blocked, id=11876, stack(0x0000008576a00000,0x0000008576b00000)]
  0x0000026410747000 JavaThread "Daemon worker" [_thread_blocked, id=22036, stack(0x0000008576b00000,0x0000008576c00000)]
  0x00000264101a4000 JavaThread "Asynchronous log dispatcher for DefaultDaemonConnection: socket connection from /127.0.0.1:56907 to /127.0.0.1:56908" [_thread_blocked, id=16280, stack(0x0000008576c00000,0x0000008576d00000)]
  0x000002640f163800 JavaThread "Stdin handler" [_thread_blocked, id=19960, stack(0x0000008576d00000,0x0000008576e00000)]
  0x00000264100b4800 JavaThread "Daemon client event forwarder" [_thread_blocked, id=6148, stack(0x0000008576e00000,0x0000008576f00000)]
  0x00000264100b0800 JavaThread "Cache worker for journal cache (C:\Users\Ray Ann Martinez\.gradle\caches\journal-1)" [_thread_blocked, id=13540, stack(0x0000008577400000,0x0000008577500000)]
  0x00000264100ae800 JavaThread "File lock request listener" [_thread_in_native, id=21952, stack(0x0000008577500000,0x0000008577600000)]
  0x00000264100b3800 JavaThread "Cache worker for file hash cache (C:\Users\Ray Ann Martinez\.gradle\caches\7.3.3\fileHashes)" [_thread_blocked, id=20224, stack(0x0000008577600000,0x0000008577700000)]
  0x00000264100af800 JavaThread "Cache worker for file hash cache (C:\Users\Ray Ann Martinez\AndroidStudioProjects\Synapse\.gradle\7.3.3\fileHashes)" [_thread_blocked, id=19068, stack(0x0000008577800000,0x0000008577900000)]
  0x00000264100b1000 JavaThread "File watcher server" daemon [_thread_in_native, id=8920, stack(0x0000008577900000,0x0000008577a00000)]
  0x00000264100b5000 JavaThread "File watcher consumer" daemon [_thread_blocked, id=18064, stack(0x0000008577a00000,0x0000008577b00000)]
  0x00000264100b2000 JavaThread "Cache worker for checksums cache (C:\Users\Ray Ann Martinez\AndroidStudioProjects\Synapse\.gradle\7.3.3\checksums)" [_thread_blocked, id=14688, stack(0x0000008577b00000,0x0000008577c00000)]
  0x00000264100b2800 JavaThread "Cache worker for cache directory md-supplier (C:\Users\Ray Ann Martinez\.gradle\caches\7.3.3\md-supplier)" [_thread_blocked, id=2768, stack(0x0000008577c00000,0x0000008577d00000)]
  0x000002640fd1b800 JavaThread "Cache worker for cache directory md-rule (C:\Users\Ray Ann Martinez\.gradle\caches\7.3.3\md-rule)" [_thread_blocked, id=18572, stack(0x0000008577d00000,0x0000008577e00000)]
  0x000002640fd20800 JavaThread "Cache worker for execution history cache (C:\Users\Ray Ann Martinez\.gradle\caches\7.3.3\executionHistory)" [_thread_blocked, id=11312, stack(0x0000008577e00000,0x0000008577f00000)]
  0x000002640fd1e000 JavaThread "jar transforms" [_thread_blocked, id=21848, stack(0x0000008577f00000,0x0000008578000000)]
  0x000002640fd1e800 JavaThread "Cache worker for file content cache (C:\Users\Ray Ann Martinez\.gradle\caches\7.3.3\fileContent)" [_thread_blocked, id=13360, stack(0x0000008578000000,0x0000008578100000)]
  0x000002640fd25000 JavaThread "jar transforms Thread 2" [_thread_blocked, id=6736, stack(0x0000008578100000,0x0000008578200000)]
  0x000002640fd27000 JavaThread "Cache worker for dependencies-accessors (C:\Users\Ray Ann Martinez\AndroidStudioProjects\Synapse\.gradle\7.3.3\dependencies-accessors)" [_thread_blocked, id=23092, stack(0x0000008578200000,0x0000008578300000)]
  0x000002640fd22000 JavaThread "jar transforms Thread 3" [_thread_blocked, id=13208, stack(0x0000008578300000,0x0000008578400000)]
  0x000002640fd21000 JavaThread "Cache worker for Build Output Cleanup Cache (C:\Users\Ray Ann Martinez\AndroidStudioProjects\Synapse\.gradle\buildOutputCleanup)" [_thread_blocked, id=16432, stack(0x0000008578400000,0x0000008578500000)]
  0x000002640fd23800 JavaThread "Unconstrained build operations" [_thread_blocked, id=10464, stack(0x0000008578500000,0x0000008578600000)]
  0x000002640fd26000 JavaThread "Unconstrained build operations Thread 2" [_thread_blocked, id=18544, stack(0x0000008578600000,0x0000008578700000)]
  0x000002640fd28800 JavaThread "Unconstrained build operations Thread 3" [_thread_blocked, id=22152, stack(0x0000008578700000,0x0000008578800000)]
  0x000002640fd23000 JavaThread "Unconstrained build operations Thread 4" [_thread_blocked, id=22816, stack(0x0000008578800000,0x0000008578900000)]
  0x000002640fd27800 JavaThread "Unconstrained build operations Thread 5" [_thread_blocked, id=2948, stack(0x0000008578900000,0x0000008578a00000)]
  0x000002640fd29800 JavaThread "Unconstrained build operations Thread 6" [_thread_blocked, id=21632, stack(0x0000008578a00000,0x0000008578b00000)]
  0x000002640fd24800 JavaThread "Unconstrained build operations Thread 7" [_thread_blocked, id=18076, stack(0x0000008578b00000,0x0000008578c00000)]
  0x000002641249f800 JavaThread "Unconstrained build operations Thread 8" [_thread_blocked, id=9816, stack(0x0000008578c00000,0x0000008578d00000)]
  0x000002641249c800 JavaThread "Unconstrained build operations Thread 9" [_thread_blocked, id=7628, stack(0x0000008578d00000,0x0000008578e00000)]
  0x000002641249d000 JavaThread "Unconstrained build operations Thread 10" [_thread_blocked, id=19112, stack(0x0000008578e00000,0x0000008578f00000)]
  0x000002641249e000 JavaThread "Unconstrained build operations Thread 11" [_thread_blocked, id=2400, stack(0x0000008578f00000,0x0000008579000000)]
  0x000002641249f000 JavaThread "Unconstrained build operations Thread 12" [_thread_blocked, id=22372, stack(0x0000008579000000,0x0000008579100000)]
  0x00000264124a0800 JavaThread "Unconstrained build operations Thread 13" [_thread_blocked, id=20336, stack(0x0000008579100000,0x0000008579200000)]
  0x000002641249b800 JavaThread "Unconstrained build operations Thread 14" [_thread_blocked, id=3936, stack(0x0000008579200000,0x0000008579300000)]
  0x00000264124a2000 JavaThread "Unconstrained build operations Thread 15" [_thread_blocked, id=10352, stack(0x0000008579300000,0x0000008579400000)]
  0x00000264124a4800 JavaThread "Unconstrained build operations Thread 16" [_thread_blocked, id=22088, stack(0x0000008579400000,0x0000008579500000)]
  0x00000264124a4000 JavaThread "Unconstrained build operations Thread 17" [_thread_blocked, id=22684, stack(0x0000008579500000,0x0000008579600000)]
  0x00000264124a5800 JavaThread "Unconstrained build operations Thread 18" [_thread_blocked, id=9700, stack(0x0000008579600000,0x0000008579700000)]
  0x00000264124a6000 JavaThread "Unconstrained build operations Thread 19" [_thread_blocked, id=19928, stack(0x0000008579700000,0x0000008579800000)]
  0x00000264124a1800 JavaThread "Unconstrained build operations Thread 20" [_thread_blocked, id=13124, stack(0x0000008579800000,0x0000008579900000)]
  0x00000264124a8000 JavaThread "Unconstrained build operations Thread 21" [_thread_blocked, id=8592, stack(0x0000008579900000,0x0000008579a00000)]
  0x00000264124a8800 JavaThread "Unconstrained build operations Thread 22" [_thread_blocked, id=2192, stack(0x0000008579a00000,0x0000008579b00000)]
  0x00000264124a7000 JavaThread "Unconstrained build operations Thread 23" [_thread_blocked, id=12704, stack(0x0000008579b00000,0x0000008579c00000)]
  0x00000264124a3000 JavaThread "Unconstrained build operations Thread 24" [_thread_blocked, id=9904, stack(0x0000008579c00000,0x0000008579d00000)]
  0x00000264124a9800 JavaThread "Unconstrained build operations Thread 25" [_thread_blocked, id=9960, stack(0x0000008579d00000,0x0000008579e00000)]
  0x00000264124aa800 JavaThread "Unconstrained build operations Thread 26" [_thread_blocked, id=18880, stack(0x0000008579e00000,0x0000008579f00000)]
  0x0000026413dd0800 JavaThread "Unconstrained build operations Thread 27" [_thread_blocked, id=15188, stack(0x0000008579f00000,0x000000857a000000)]
  0x0000026413dd6800 JavaThread "Unconstrained build operations Thread 28" [_thread_blocked, id=10332, stack(0x000000857a000000,0x000000857a100000)]
  0x0000026413dd4000 JavaThread "Unconstrained build operations Thread 29" [_thread_blocked, id=3772, stack(0x000000857a100000,0x000000857a200000)]
  0x0000026413dd5000 JavaThread "Unconstrained build operations Thread 30" [_thread_blocked, id=20544, stack(0x000000857a200000,0x000000857a300000)]
  0x0000026413dd5800 JavaThread "Unconstrained build operations Thread 31" [_thread_blocked, id=8588, stack(0x000000857a300000,0x000000857a400000)]
  0x0000026413dd1800 JavaThread "Unconstrained build operations Thread 32" [_thread_blocked, id=16616, stack(0x000000857a400000,0x000000857a500000)]
  0x0000026413dd7000 JavaThread "Unconstrained build operations Thread 33" [_thread_blocked, id=15396, stack(0x000000857a500000,0x000000857a600000)]
  0x0000026413dd8000 JavaThread "Unconstrained build operations Thread 34" [_thread_blocked, id=21332, stack(0x000000857a600000,0x000000857a700000)]
  0x0000026413dd2800 JavaThread "Unconstrained build operations Thread 35" [_thread_blocked, id=5152, stack(0x000000857a700000,0x000000857a800000)]
  0x0000026413dd9000 JavaThread "Unconstrained build operations Thread 36" [_thread_blocked, id=18728, stack(0x000000857a800000,0x000000857a900000)]
  0x0000026413dd3000 JavaThread "Unconstrained build operations Thread 37" [_thread_blocked, id=16988, stack(0x000000857a900000,0x000000857aa00000)]
  0x0000026413dda800 JavaThread "Unconstrained build operations Thread 38" [_thread_blocked, id=22392, stack(0x000000857aa00000,0x000000857ab00000)]
  0x0000026413dd9800 JavaThread "Unconstrained build operations Thread 39" [_thread_blocked, id=20356, stack(0x000000857ab00000,0x000000857ac00000)]
  0x0000026413ddd000 JavaThread "Unconstrained build operations Thread 40" [_thread_blocked, id=16056, stack(0x000000857ac00000,0x000000857ad00000)]
  0x0000026413dde000 JavaThread "Unconstrained build operations Thread 41" [_thread_blocked, id=23336, stack(0x000000857ad00000,0x000000857ae00000)]
  0x0000026413ddb800 JavaThread "Unconstrained build operations Thread 42" [_thread_blocked, id=17384, stack(0x000000857ae00000,0x000000857af00000)]
  0x0000026413ddc000 JavaThread "Unconstrained build operations Thread 43" [_thread_blocked, id=17588, stack(0x000000857af00000,0x000000857b000000)]
  0x0000026413dde800 JavaThread "Unconstrained build operations Thread 44" [_thread_blocked, id=4148, stack(0x000000857b000000,0x000000857b100000)]
  0x0000026413ddf800 JavaThread "Unconstrained build operations Thread 45" [_thread_blocked, id=1952, stack(0x000000857b100000,0x000000857b200000)]
  0x0000026411a38800 JavaThread "Unconstrained build operations Thread 46" [_thread_blocked, id=8332, stack(0x000000857b200000,0x000000857b300000)]
  0x0000026411a37000 JavaThread "Unconstrained build operations Thread 47" [_thread_blocked, id=22124, stack(0x000000857b300000,0x000000857b400000)]
  0x0000026411a34800 JavaThread "Unconstrained build operations Thread 48" [_thread_blocked, id=15436, stack(0x000000857b400000,0x000000857b500000)]
  0x0000026411a39000 JavaThread "Unconstrained build operations Thread 49" [_thread_blocked, id=11000, stack(0x000000857b500000,0x000000857b600000)]
  0x0000026411a37800 JavaThread "Unconstrained build operations Thread 50" [_thread_blocked, id=21892, stack(0x000000857b600000,0x000000857b700000)]
  0x0000026411a3a000 JavaThread "Unconstrained build operations Thread 51" [_thread_blocked, id=14480, stack(0x000000857b700000,0x000000857b800000)]
  0x0000026411a3b000 JavaThread "Unconstrained build operations Thread 52" [_thread_blocked, id=21580, stack(0x000000857b800000,0x000000857b900000)]
  0x0000026411a35000 JavaThread "Unconstrained build operations Thread 53" [_thread_blocked, id=20240, stack(0x000000857b900000,0x000000857ba00000)]
  0x0000026411a3b800 JavaThread "Unconstrained build operations Thread 54" [_thread_blocked, id=9964, stack(0x000000857ba00000,0x000000857bb00000)]
  0x0000026411a36000 JavaThread "Unconstrained build operations Thread 55" [_thread_blocked, id=23192, stack(0x000000857bb00000,0x000000857bc00000)]
  0x0000026411a42000 JavaThread "Unconstrained build operations Thread 56" [_thread_blocked, id=22444, stack(0x000000857bc00000,0x000000857bd00000)]
  0x0000026411a41800 JavaThread "Unconstrained build operations Thread 57" [_thread_blocked, id=6944, stack(0x000000857bd00000,0x000000857be00000)]
  0x0000026411a3f800 JavaThread "Unconstrained build operations Thread 58" [_thread_blocked, id=19176, stack(0x000000857be00000,0x000000857bf00000)]
  0x0000026411a40800 JavaThread "Unconstrained build operations Thread 59" [_thread_blocked, id=20040, stack(0x000000857bf00000,0x000000857c000000)]
  0x0000026411a3c800 JavaThread "Unconstrained build operations Thread 60" [_thread_blocked, id=8312, stack(0x000000857c000000,0x000000857c100000)]
  0x0000026411a3d800 JavaThread "Unconstrained build operations Thread 61" [_thread_blocked, id=15052, stack(0x000000857c100000,0x000000857c200000)]
  0x0000026411a3f000 JavaThread "Unconstrained build operations Thread 62" [_thread_blocked, id=11948, stack(0x000000857c200000,0x000000857c300000)]
  0x0000026411a43000 JavaThread "Unconstrained build operations Thread 63" [_thread_blocked, id=11564, stack(0x000000857c300000,0x000000857c400000)]
  0x0000026411a3e000 JavaThread "Unconstrained build operations Thread 64" [_thread_blocked, id=16136, stack(0x000000857c400000,0x000000857c500000)]
  0x0000026410f57800 JavaThread "Unconstrained build operations Thread 65" [_thread_blocked, id=15728, stack(0x000000857c500000,0x000000857c600000)]
  0x0000026410f59000 JavaThread "Unconstrained build operations Thread 66" [_thread_blocked, id=21540, stack(0x000000857c600000,0x000000857c700000)]
  0x0000026410f58800 JavaThread "Unconstrained build operations Thread 67" [_thread_blocked, id=23184, stack(0x000000857c700000,0x000000857c800000)]
  0x0000026410f5a000 JavaThread "Unconstrained build operations Thread 68" [_thread_blocked, id=16396, stack(0x000000857c800000,0x000000857c900000)]
  0x0000026410f5b000 JavaThread "Unconstrained build operations Thread 69" [_thread_blocked, id=23236, stack(0x000000857c900000,0x000000857ca00000)]
  0x0000026410f55000 JavaThread "Unconstrained build operations Thread 70" [_thread_blocked, id=14284, stack(0x000000857ca00000,0x000000857cb00000)]
  0x0000026410f56000 JavaThread "Unconstrained build operations Thread 71" [_thread_blocked, id=23504, stack(0x000000857cb00000,0x000000857cc00000)]
  0x0000026410f57000 JavaThread "Unconstrained build operations Thread 72" [_thread_blocked, id=5716, stack(0x000000857cc00000,0x000000857cd00000)]
  0x0000026410f5f000 JavaThread "Unconstrained build operations Thread 73" [_thread_blocked, id=20124, stack(0x000000857cd00000,0x000000857ce00000)]
  0x0000026410f5b800 JavaThread "Unconstrained build operations Thread 74" [_thread_blocked, id=15008, stack(0x000000857ce00000,0x000000857cf00000)]
  0x0000026410f62000 JavaThread "Unconstrained build operations Thread 75" [_thread_blocked, id=12564, stack(0x000000857cf00000,0x000000857d000000)]
  0x0000026410f60000 JavaThread "Unconstrained build operations Thread 76" [_thread_blocked, id=5908, stack(0x000000857d000000,0x000000857d100000)]
  0x0000026410f60800 JavaThread "Unconstrained build operations Thread 77" [_thread_blocked, id=22972, stack(0x000000857d100000,0x000000857d200000)]
  0x0000026410f61800 JavaThread "Unconstrained build operations Thread 78" [_thread_blocked, id=20492, stack(0x000000857d200000,0x000000857d300000)]
  0x0000026410f5c800 JavaThread "Unconstrained build operations Thread 79" [_thread_blocked, id=10024, stack(0x000000857d300000,0x000000857d400000)]
  0x0000026410f63000 JavaThread "Unconstrained build operations Thread 80" [_thread_blocked, id=19732, stack(0x000000857d400000,0x000000857d500000)]
  0x0000026410f5d800 JavaThread "jar transforms Thread 4" [_thread_blocked, id=13316, stack(0x000000857d500000,0x000000857d600000)]
  0x0000026410f64000 JavaThread "jar transforms Thread 5" [_thread_blocked, id=11136, stack(0x000000857d600000,0x000000857d700000)]
  0x0000026410f5e000 JavaThread "jar transforms Thread 6" [_thread_blocked, id=19668, stack(0x000000857d700000,0x000000857d800000)]
  0x0000026411fca000 JavaThread "jar transforms Thread 7" [_thread_blocked, id=22596, stack(0x000000857d800000,0x000000857d900000)]
  0x0000026411fc8000 JavaThread "jar transforms Thread 8" [_thread_blocked, id=11660, stack(0x000000857d900000,0x000000857da00000)]
  0x0000026411fca800 JavaThread "Memory manager" [_thread_blocked, id=21932, stack(0x000000857da00000,0x000000857db00000)]
  0x0000026411fc9000 JavaThread "build event listener" [_thread_blocked, id=4548, stack(0x000000857db00000,0x000000857dc00000)]
  0x0000026411fcb800 JavaThread "pool-3-thread-1" [_thread_blocked, id=18648, stack(0x000000857dc00000,0x000000857dd00000)]
  0x0000026411fc6000 JavaThread "build event listener" [_thread_blocked, id=5800, stack(0x000000857dd00000,0x000000857de00000)]
  0x0000026411fcc800 JavaThread "Execution worker for ':'" [_thread_blocked, id=19772, stack(0x000000857de00000,0x000000857df00000)]
  0x0000026411fc6800 JavaThread "Execution worker for ':' Thread 2" [_thread_blocked, id=7912, stack(0x000000857df00000,0x000000857e000000)]
  0x0000026411fcd000 JavaThread "Execution worker for ':' Thread 3" [_thread_blocked, id=8892, stack(0x000000857e000000,0x000000857e100000)]
  0x0000026411fc7800 JavaThread "Execution worker for ':' Thread 4" [_thread_blocked, id=19268, stack(0x000000857e100000,0x000000857e200000)]
  0x0000026411fcf000 JavaThread "Execution worker for ':' Thread 5" [_thread_blocked, id=13056, stack(0x000000857e200000,0x000000857e300000)]
  0x0000026411fcf800 JavaThread "Execution worker for ':' Thread 6" [_thread_blocked, id=18928, stack(0x000000857e300000,0x000000857e400000)]
  0x0000026411fd3800 JavaThread "Execution worker for ':' Thread 7" [_thread_in_native, id=15836, stack(0x000000857e400000,0x000000857e500000)]
  0x0000026411fd0800 JavaThread "Cache worker for execution history cache (C:\Users\Ray Ann Martinez\AndroidStudioProjects\Synapse\.gradle\7.3.3\executionHistory)" [_thread_blocked, id=7632, stack(0x000000857e500000,0x000000857e600000)]
  0x0000026411fd1000 JavaThread "Cache worker for Java compile cache (C:\Users\Ray Ann Martinez\.gradle\caches\7.3.3\javaCompile)" [_thread_blocked, id=22096, stack(0x000000857e600000,0x000000857e700000)]

Other Threads:
  0x000002647ce90000 VMThread "VM Thread" [stack: 0x0000008575700000,0x0000008575800000] [id=6496]
  0x000002647d9b1800 WatcherThread [stack: 0x0000008576100000,0x0000008576200000] [id=14724]
  0x0000026471a12800 GCTaskThread "GC Thread#0" [stack: 0x0000008575200000,0x0000008575300000] [id=8352]
  0x000002647e6d9000 GCTaskThread "GC Thread#1" [stack: 0x0000008576200000,0x0000008576300000] [id=10308]
  0x000002647e48d800 GCTaskThread "GC Thread#2" [stack: 0x0000008576300000,0x0000008576400000] [id=8284]
  0x000002647ea85800 GCTaskThread "GC Thread#3" [stack: 0x0000008576f00000,0x0000008577000000] [id=2460]
  0x000002647ea86800 GCTaskThread "GC Thread#4" [stack: 0x0000008577000000,0x0000008577100000] [id=18816]
  0x000002640f3da800 GCTaskThread "GC Thread#5" [stack: 0x0000008577100000,0x0000008577200000] [id=22900]
  0x00000264100ba800 GCTaskThread "GC Thread#6" [stack: 0x0000008577200000,0x0000008577300000] [id=8704]
  0x000002640f062800 GCTaskThread "GC Thread#7" [stack: 0x0000008577300000,0x0000008577400000] [id=13744]
  0x0000026471a48000 ConcurrentGCThread "G1 Main Marker" [stack: 0x0000008575300000,0x0000008575400000] [id=18196]
  0x0000026471a49000 ConcurrentGCThread "G1 Conc#0" [stack: 0x0000008575400000,0x0000008575500000] [id=21028]
  0x000002647ead1000 ConcurrentGCThread "G1 Conc#1" [stack: 0x0000008577700000,0x0000008577800000] [id=3704]
  0x0000026471ace000 ConcurrentGCThread "G1 Refine#0" [stack: 0x0000008575500000,0x0000008575600000] [id=18160]
  0x000002647cce4800 ConcurrentGCThread "G1 Young RemSet Sampling" [stack: 0x0000008575600000,0x0000008575700000] [id=11064]

Threads with active compile tasks:
C2 CompilerThread0  16013 11759   !   4       java.nio.file.FileTreeWalker::next (144 bytes)
C2 CompilerThread1  16013 11772   !   4       java.nio.file.FileTreeWalker::visit (204 bytes)

VM state:not at safepoint (normal execution)

VM Mutex/Monitor currently owned by a thread: None

Heap address: 0x0000000080000000, size: 2048 MB, Compressed Oops mode: 32-bit
Narrow klass base: 0x0000000000000000, Narrow klass shift: 3
Compressed class space size: 1073741824 Address: 0x0000000100000000

Heap:
 garbage-first heap   total 225280K, used 151582K [0x0000000080000000, 0x0000000100000000)
  region size 1024K, 58 young (59392K), 9 survivors (9216K)
 Metaspace       used 93794K, capacity 96280K, committed 96504K, reserved 1132544K
  class space    used 12036K, capacity 12948K, committed 13048K, reserved 1048576K
Heap Regions: E=young(eden), S=young(survivor), O=old, HS=humongous(starts), HC=humongous(continues), CS=collection set, F=free, A=archive, TAMS=top-at-mark-start (previous, next)
|   0|0x0000000080000000, 0x0000000080100000, 0x0000000080100000|100%| O|  |TAMS 0x0000000080100000, 0x0000000080000000| Untracked 
|   1|0x0000000080100000, 0x0000000080200000, 0x0000000080200000|100%| O|  |TAMS 0x0000000080200000, 0x0000000080100000| Untracked 
|   2|0x0000000080200000, 0x0000000080300000, 0x0000000080300000|100%| O|  |TAMS 0x0000000080300000, 0x0000000080200000| Untracked 
|   3|0x0000000080300000, 0x0000000080400000, 0x0000000080400000|100%|HS|  |TAMS 0x0000000080400000, 0x0000000080300000| Complete 
|   4|0x0000000080400000, 0x0000000080500000, 0x0000000080500000|100%|HC|  |TAMS 0x0000000080500000, 0x0000000080400000| Complete 
|   5|0x0000000080500000, 0x0000000080600000, 0x0000000080600000|100%|HC|  |TAMS 0x0000000080600000, 0x0000000080500000| Complete 
|   6|0x0000000080600000, 0x0000000080700000, 0x0000000080700000|100%| O|  |TAMS 0x0000000080700000, 0x0000000080600000| Untracked 
|   7|0x0000000080700000, 0x0000000080800000, 0x0000000080800000|100%| O|  |TAMS 0x0000000080800000, 0x0000000080700000| Untracked 
|   8|0x0000000080800000, 0x0000000080900000, 0x0000000080900000|100%| O|  |TAMS 0x0000000080900000, 0x0000000080800000| Untracked 
|   9|0x0000000080900000, 0x0000000080a00000, 0x0000000080a00000|100%| O|  |TAMS 0x0000000080a00000, 0x0000000080900000| Untracked 
|  10|0x0000000080a00000, 0x0000000080b00000, 0x0000000080b00000|100%| O|  |TAMS 0x0000000080b00000, 0x0000000080a00000| Untracked 
|  11|0x0000000080b00000, 0x0000000080c00000, 0x0000000080c00000|100%| O|  |TAMS 0x0000000080c00000, 0x0000000080b00000| Untracked 
|  12|0x0000000080c00000, 0x0000000080d00000, 0x0000000080d00000|100%| O|  |TAMS 0x0000000080d00000, 0x0000000080c00000| Untracked 
|  13|0x0000000080d00000, 0x0000000080e00000, 0x0000000080e00000|100%| O|  |TAMS 0x0000000080e00000, 0x0000000080d00000| Untracked 
|  14|0x0000000080e00000, 0x0000000080f00000, 0x0000000080f00000|100%| O|  |TAMS 0x0000000080f00000, 0x0000000080e00000| Untracked 
|  15|0x0000000080f00000, 0x0000000081000000, 0x0000000081000000|100%| O|  |TAMS 0x0000000081000000, 0x0000000080f00000| Untracked 
|  16|0x0000000081000000, 0x0000000081100000, 0x0000000081100000|100%|HS|  |TAMS 0x0000000081100000, 0x0000000081000000| Complete 
|  17|0x0000000081100000, 0x0000000081200000, 0x0000000081200000|100%| O|  |TAMS 0x0000000081200000, 0x0000000081100000| Untracked 
|  18|0x0000000081200000, 0x0000000081300000, 0x0000000081300000|100%| O|  |TAMS 0x0000000081300000, 0x0000000081200000| Untracked 
|  19|0x0000000081300000, 0x0000000081400000, 0x0000000081400000|100%| O|  |TAMS 0x0000000081400000, 0x0000000081300000| Untracked 
|  20|0x0000000081400000, 0x0000000081500000, 0x0000000081500000|100%| O|  |TAMS 0x0000000081500000, 0x0000000081400000| Untracked 
|  21|0x0000000081500000, 0x0000000081600000, 0x0000000081600000|100%| O|  |TAMS 0x0000000081600000, 0x0000000081500000| Untracked 
|  22|0x0000000081600000, 0x0000000081700000, 0x0000000081700000|100%| O|  |TAMS 0x0000000081700000, 0x0000000081600000| Untracked 
|  23|0x0000000081700000, 0x0000000081800000, 0x0000000081800000|100%| O|  |TAMS 0x0000000081800000, 0x0000000081700000| Untracked 
|  24|0x0000000081800000, 0x0000000081900000, 0x0000000081900000|100%| O|  |TAMS 0x0000000081900000, 0x0000000081800000| Untracked 
|  25|0x0000000081900000, 0x0000000081a00000, 0x0000000081a00000|100%| O|  |TAMS 0x0000000081a00000, 0x0000000081900000| Untracked 
|  26|0x0000000081a00000, 0x0000000081b00000, 0x0000000081b00000|100%| O|  |TAMS 0x0000000081b00000, 0x0000000081a00000| Untracked 
|  27|0x0000000081b00000, 0x0000000081c00000, 0x0000000081c00000|100%| O|  |TAMS 0x0000000081c00000, 0x0000000081b00000| Untracked 
|  28|0x0000000081c00000, 0x0000000081d00000, 0x0000000081d00000|100%|HS|  |TAMS 0x0000000081d00000, 0x0000000081c00000| Complete 
|  29|0x0000000081d00000, 0x0000000081e00000, 0x0000000081e00000|100%|HS|  |TAMS 0x0000000081e00000, 0x0000000081d00000| Complete 
|  30|0x0000000081e00000, 0x0000000081f00000, 0x0000000081f00000|100%|HC|  |TAMS 0x0000000081f00000, 0x0000000081e00000| Complete 
|  31|0x0000000081f00000, 0x0000000082000000, 0x0000000082000000|100%| O|  |TAMS 0x0000000082000000, 0x0000000081f00000| Untracked 
|  32|0x0000000082000000, 0x0000000082100000, 0x0000000082100000|100%| O|  |TAMS 0x0000000082100000, 0x0000000082000000| Untracked 
|  33|0x0000000082100000, 0x0000000082200000, 0x0000000082200000|100%| O|  |TAMS 0x0000000082200000, 0x0000000082100000| Untracked 
|  34|0x0000000082200000, 0x0000000082300000, 0x0000000082300000|100%| O|  |TAMS 0x0000000082300000, 0x0000000082200000| Untracked 
|  35|0x0000000082300000, 0x0000000082400000, 0x0000000082400000|100%| O|  |TAMS 0x0000000082400000, 0x0000000082300000| Untracked 
|  36|0x0000000082400000, 0x0000000082500000, 0x0000000082500000|100%| O|  |TAMS 0x0000000082500000, 0x0000000082400000| Untracked 
|  37|0x0000000082500000, 0x0000000082600000, 0x0000000082600000|100%| O|  |TAMS 0x0000000082600000, 0x0000000082500000| Untracked 
|  38|0x0000000082600000, 0x0000000082700000, 0x0000000082700000|100%| O|  |TAMS 0x0000000082700000, 0x0000000082600000| Untracked 
|  39|0x0000000082700000, 0x0000000082800000, 0x0000000082800000|100%| O|  |TAMS 0x0000000082800000, 0x0000000082700000| Untracked 
|  40|0x0000000082800000, 0x0000000082900000, 0x0000000082900000|100%| O|  |TAMS 0x0000000082900000, 0x0000000082800000| Untracked 
|  41|0x0000000082900000, 0x0000000082a00000, 0x0000000082a00000|100%| O|  |TAMS 0x0000000082a00000, 0x0000000082900000| Untracked 
|  42|0x0000000082a00000, 0x0000000082b00000, 0x0000000082b00000|100%| O|  |TAMS 0x0000000082b00000, 0x0000000082a00000| Untracked 
|  43|0x0000000082b00000, 0x0000000082c00000, 0x0000000082c00000|100%| O|  |TAMS 0x0000000082c00000, 0x0000000082b00000| Untracked 
|  44|0x0000000082c00000, 0x0000000082d00000, 0x0000000082d00000|100%| O|  |TAMS 0x0000000082d00000, 0x0000000082c00000| Untracked 
|  45|0x0000000082d00000, 0x0000000082e00000, 0x0000000082e00000|100%| O|  |TAMS 0x0000000082e00000, 0x0000000082d00000| Untracked 
|  46|0x0000000082e00000, 0x0000000082f00000, 0x0000000082f00000|100%| O|  |TAMS 0x0000000082f00000, 0x0000000082e00000| Untracked 
|  47|0x0000000082f00000, 0x0000000083000000, 0x0000000083000000|100%| O|  |TAMS 0x0000000083000000, 0x0000000082f00000| Untracked 
|  48|0x0000000083000000, 0x0000000083100000, 0x0000000083100000|100%| O|  |TAMS 0x0000000083100000, 0x0000000083000000| Untracked 
|  49|0x0000000083100000, 0x0000000083200000, 0x0000000083200000|100%| O|  |TAMS 0x0000000083200000, 0x0000000083100000| Untracked 
|  50|0x0000000083200000, 0x0000000083300000, 0x0000000083300000|100%| O|  |TAMS 0x0000000083300000, 0x0000000083200000| Untracked 
|  51|0x0000000083300000, 0x0000000083400000, 0x0000000083400000|100%| O|  |TAMS 0x0000000083400000, 0x0000000083300000| Untracked 
|  52|0x0000000083400000, 0x0000000083500000, 0x0000000083500000|100%| O|  |TAMS 0x0000000083500000, 0x0000000083400000| Untracked 
|  53|0x0000000083500000, 0x0000000083600000, 0x0000000083600000|100%| O|  |TAMS 0x0000000083600000, 0x0000000083500000| Untracked 
|  54|0x0000000083600000, 0x0000000083700000, 0x0000000083700000|100%| O|  |TAMS 0x0000000083700000, 0x0000000083600000| Untracked 
|  55|0x0000000083700000, 0x0000000083800000, 0x0000000083800000|100%| O|  |TAMS 0x0000000083800000, 0x0000000083700000| Untracked 
|  56|0x0000000083800000, 0x0000000083900000, 0x0000000083900000|100%| O|  |TAMS 0x0000000083900000, 0x0000000083800000| Untracked 
|  57|0x0000000083900000, 0x0000000083a00000, 0x0000000083a00000|100%| O|  |TAMS 0x0000000083a00000, 0x0000000083900000| Untracked 
|  58|0x0000000083a00000, 0x0000000083b00000, 0x0000000083b00000|100%| O|  |TAMS 0x0000000083b00000, 0x0000000083a00000| Untracked 
|  59|0x0000000083b00000, 0x0000000083c00000, 0x0000000083c00000|100%| O|  |TAMS 0x0000000083c00000, 0x0000000083b00000| Untracked 
|  60|0x0000000083c00000, 0x0000000083d00000, 0x0000000083d00000|100%| O|  |TAMS 0x0000000083d00000, 0x0000000083c00000| Untracked 
|  61|0x0000000083d00000, 0x0000000083e00000, 0x0000000083e00000|100%| O|  |TAMS 0x0000000083e00000, 0x0000000083d00000| Untracked 
|  62|0x0000000083e00000, 0x0000000083f00000, 0x0000000083f00000|100%| O|  |TAMS 0x0000000083f00000, 0x0000000083e00000| Untracked 
|  63|0x0000000083f00000, 0x0000000084000000, 0x0000000084000000|100%| O|  |TAMS 0x0000000084000000, 0x0000000083f00000| Untracked 
|  64|0x0000000084000000, 0x0000000084100000, 0x0000000084100000|100%| O|  |TAMS 0x0000000084100000, 0x0000000084000000| Untracked 
|  65|0x0000000084100000, 0x0000000084200000, 0x0000000084200000|100%| O|  |TAMS 0x0000000084200000, 0x0000000084100000| Untracked 
|  66|0x0000000084200000, 0x0000000084300000, 0x0000000084300000|100%| O|  |TAMS 0x0000000084300000, 0x0000000084200000| Untracked 
|  67|0x0000000084300000, 0x0000000084400000, 0x0000000084400000|100%| O|  |TAMS 0x0000000084400000, 0x0000000084300000| Untracked 
|  68|0x0000000084400000, 0x0000000084500000, 0x0000000084500000|100%| O|  |TAMS 0x0000000084500000, 0x0000000084400000| Untracked 
|  69|0x0000000084500000, 0x0000000084600000, 0x0000000084600000|100%| O|  |TAMS 0x0000000084600000, 0x0000000084500000| Untracked 
|  70|0x0000000084600000, 0x0000000084700000, 0x0000000084700000|100%| O|  |TAMS 0x0000000084700000, 0x0000000084600000| Untracked 
|  71|0x0000000084700000, 0x0000000084800000, 0x0000000084800000|100%| O|  |TAMS 0x0000000084800000, 0x0000000084700000| Untracked 
|  72|0x0000000084800000, 0x0000000084900000, 0x0000000084900000|100%| O|  |TAMS 0x0000000084900000, 0x0000000084800000| Untracked 
|  73|0x0000000084900000, 0x0000000084a00000, 0x0000000084a00000|100%| O|  |TAMS 0x0000000084a00000, 0x0000000084900000| Untracked 
|  74|0x0000000084a00000, 0x0000000084b00000, 0x0000000084b00000|100%| O|  |TAMS 0x0000000084b00000, 0x0000000084a00000| Untracked 
|  75|0x0000000084b00000, 0x0000000084c00000, 0x0000000084c00000|100%| O|  |TAMS 0x0000000084c00000, 0x0000000084b00000| Untracked 
|  76|0x0000000084c00000, 0x0000000084d00000, 0x0000000084d00000|100%| O|  |TAMS 0x0000000084d00000, 0x0000000084c00000| Untracked 
|  77|0x0000000084d00000, 0x0000000084e00000, 0x0000000084e00000|100%| O|  |TAMS 0x0000000084e00000, 0x0000000084d00000| Untracked 
|  78|0x0000000084e00000, 0x0000000084f00000, 0x0000000084f00000|100%| O|  |TAMS 0x0000000084f00000, 0x0000000084e00000| Untracked 
|  79|0x0000000084f00000, 0x0000000085000000, 0x0000000085000000|100%| O|  |TAMS 0x0000000085000000, 0x0000000084f00000| Untracked 
|  80|0x0000000085000000, 0x0000000085100000, 0x0000000085100000|100%| O|  |TAMS 0x0000000085100000, 0x0000000085000000| Untracked 
|  81|0x0000000085100000, 0x0000000085200000, 0x0000000085200000|100%| O|  |TAMS 0x0000000085200000, 0x0000000085100000| Untracked 
|  82|0x0000000085200000, 0x0000000085300000, 0x0000000085300000|100%| O|  |TAMS 0x0000000085300000, 0x0000000085200000| Untracked 
|  83|0x0000000085300000, 0x0000000085400000, 0x0000000085400000|100%| O|  |TAMS 0x0000000085400000, 0x0000000085300000| Untracked 
|  84|0x0000000085400000, 0x0000000085500000, 0x0000000085500000|100%| O|  |TAMS 0x0000000085500000, 0x0000000085400000| Untracked 
|  85|0x0000000085500000, 0x0000000085600000, 0x0000000085600000|100%| O|  |TAMS 0x0000000085600000, 0x0000000085500000| Untracked 
|  86|0x0000000085600000, 0x0000000085700000, 0x0000000085700000|100%| O|  |TAMS 0x00000000856d3600, 0x0000000085600000| Untracked 
|  87|0x0000000085700000, 0x0000000085800000, 0x0000000085800000|100%| O|  |TAMS 0x0000000085700000, 0x0000000085700000| Untracked 
|  88|0x0000000085800000, 0x0000000085900000, 0x0000000085900000|100%| O|  |TAMS 0x0000000085800000, 0x0000000085800000| Untracked 
|  89|0x0000000085900000, 0x0000000085a00000, 0x0000000085a00000|100%| O|  |TAMS 0x0000000085900000, 0x0000000085900000| Untracked 
|  90|0x0000000085a00000, 0x0000000085a30200, 0x0000000085b00000| 18%| O|  |TAMS 0x0000000085a00000, 0x0000000085a00000| Untracked 
|  91|0x0000000085b00000, 0x0000000085c00000, 0x0000000085c00000|100%|HS|  |TAMS 0x0000000085b00000, 0x0000000085b00000| Complete 
|  92|0x0000000085c00000, 0x0000000085d00000, 0x0000000085d00000|100%|HC|  |TAMS 0x0000000085c00000, 0x0000000085c00000| Complete 
|  93|0x0000000085d00000, 0x0000000085d00000, 0x0000000085e00000|  0%| F|  |TAMS 0x0000000085d00000, 0x0000000085d00000| Untracked 
|  94|0x0000000085e00000, 0x0000000085e00000, 0x0000000085f00000|  0%| F|  |TAMS 0x0000000085e00000, 0x0000000085e00000| Untracked 
|  95|0x0000000085f00000, 0x0000000085f00000, 0x0000000086000000|  0%| F|  |TAMS 0x0000000085f00000, 0x0000000085f00000| Untracked 
|  96|0x0000000086000000, 0x0000000086000000, 0x0000000086100000|  0%| F|  |TAMS 0x0000000086000000, 0x0000000086000000| Untracked 
|  97|0x0000000086100000, 0x0000000086100000, 0x0000000086200000|  0%| F|  |TAMS 0x0000000086100000, 0x0000000086100000| Untracked 
|  98|0x0000000086200000, 0x0000000086200000, 0x0000000086300000|  0%| F|  |TAMS 0x0000000086200000, 0x0000000086200000| Untracked 
|  99|0x0000000086300000, 0x0000000086300000, 0x0000000086400000|  0%| F|  |TAMS 0x0000000086300000, 0x0000000086300000| Untracked 
| 100|0x0000000086400000, 0x0000000086400000, 0x0000000086500000|  0%| F|  |TAMS 0x0000000086400000, 0x0000000086400000| Untracked 
| 101|0x0000000086500000, 0x0000000086500000, 0x0000000086600000|  0%| F|  |TAMS 0x0000000086500000, 0x0000000086500000| Untracked 
| 102|0x0000000086600000, 0x0000000086600000, 0x0000000086700000|  0%| F|  |TAMS 0x0000000086600000, 0x0000000086600000| Untracked 
| 103|0x0000000086700000, 0x0000000086700000, 0x0000000086800000|  0%| F|  |TAMS 0x0000000086700000, 0x0000000086700000| Untracked 
| 104|0x0000000086800000, 0x0000000086800000, 0x0000000086900000|  0%| F|  |TAMS 0x0000000086800000, 0x0000000086800000| Untracked 
| 105|0x0000000086900000, 0x0000000086900000, 0x0000000086a00000|  0%| F|  |TAMS 0x0000000086900000, 0x0000000086900000| Untracked 
| 106|0x0000000086a00000, 0x0000000086a00000, 0x0000000086b00000|  0%| F|  |TAMS 0x0000000086a00000, 0x0000000086a00000| Untracked 
| 107|0x0000000086b00000, 0x0000000086b00000, 0x0000000086c00000|  0%| F|  |TAMS 0x0000000086b00000, 0x0000000086b00000| Untracked 
| 108|0x0000000086c00000, 0x0000000086c00000, 0x0000000086d00000|  0%| F|  |TAMS 0x0000000086c00000, 0x0000000086c00000| Untracked 
| 109|0x0000000086d00000, 0x0000000086d00000, 0x0000000086e00000|  0%| F|  |TAMS 0x0000000086d00000, 0x0000000086d00000| Untracked 
| 110|0x0000000086e00000, 0x0000000086e00000, 0x0000000086f00000|  0%| F|  |TAMS 0x0000000086e00000, 0x0000000086e00000| Untracked 
| 111|0x0000000086f00000, 0x0000000086f00000, 0x0000000087000000|  0%| F|  |TAMS 0x0000000086f00000, 0x0000000086f00000| Untracked 
| 112|0x0000000087000000, 0x0000000087000000, 0x0000000087100000|  0%| F|  |TAMS 0x0000000087000000, 0x0000000087000000| Untracked 
| 113|0x0000000087100000, 0x0000000087100000, 0x0000000087200000|  0%| F|  |TAMS 0x0000000087100000, 0x0000000087100000| Untracked 
| 114|0x0000000087200000, 0x0000000087200000, 0x0000000087300000|  0%| F|  |TAMS 0x0000000087200000, 0x0000000087200000| Untracked 
| 115|0x0000000087300000, 0x0000000087300000, 0x0000000087400000|  0%| F|  |TAMS 0x0000000087300000, 0x0000000087300000| Untracked 
| 116|0x0000000087400000, 0x0000000087400000, 0x0000000087500000|  0%| F|  |TAMS 0x0000000087400000, 0x0000000087400000| Untracked 
| 117|0x0000000087500000, 0x0000000087500000, 0x0000000087600000|  0%| F|  |TAMS 0x0000000087500000, 0x0000000087500000| Untracked 
| 118|0x0000000087600000, 0x0000000087600000, 0x0000000087700000|  0%| F|  |TAMS 0x0000000087600000, 0x0000000087600000| Untracked 
| 119|0x0000000087700000, 0x0000000087700000, 0x0000000087800000|  0%| F|  |TAMS 0x0000000087700000, 0x0000000087700000| Untracked 
| 120|0x0000000087800000, 0x0000000087800000, 0x0000000087900000|  0%| F|  |TAMS 0x0000000087800000, 0x0000000087800000| Untracked 
| 121|0x0000000087900000, 0x0000000087900000, 0x0000000087a00000|  0%| F|  |TAMS 0x0000000087900000, 0x0000000087900000| Untracked 
| 122|0x0000000087a00000, 0x0000000087a00000, 0x0000000087b00000|  0%| F|  |TAMS 0x0000000087a00000, 0x0000000087a00000| Untracked 
| 123|0x0000000087b00000, 0x0000000087b00000, 0x0000000087c00000|  0%| F|  |TAMS 0x0000000087b00000, 0x0000000087b00000| Untracked 
| 124|0x0000000087c00000, 0x0000000087c00000, 0x0000000087d00000|  0%| F|  |TAMS 0x0000000087c00000, 0x0000000087c00000| Untracked 
| 125|0x0000000087d00000, 0x0000000087d00000, 0x0000000087e00000|  0%| F|  |TAMS 0x0000000087d00000, 0x0000000087d00000| Untracked 
| 126|0x0000000087e00000, 0x0000000087e00000, 0x0000000087f00000|  0%| F|  |TAMS 0x0000000087e00000, 0x0000000087e00000| Untracked 
| 127|0x0000000087f00000, 0x0000000087f00000, 0x0000000088000000|  0%| F|  |TAMS 0x0000000087f00000, 0x0000000087f00000| Untracked 
| 128|0x0000000088000000, 0x0000000088000000, 0x0000000088100000|  0%| F|  |TAMS 0x0000000088000000, 0x0000000088000000| Untracked 
| 129|0x0000000088100000, 0x0000000088100000, 0x0000000088200000|  0%| F|  |TAMS 0x0000000088100000, 0x0000000088100000| Untracked 
| 130|0x0000000088200000, 0x0000000088200000, 0x0000000088300000|  0%| F|  |TAMS 0x0000000088200000, 0x0000000088200000| Untracked 
| 131|0x0000000088300000, 0x0000000088300000, 0x0000000088400000|  0%| F|  |TAMS 0x0000000088300000, 0x0000000088300000| Untracked 
| 132|0x0000000088400000, 0x0000000088400000, 0x0000000088500000|  0%| F|  |TAMS 0x0000000088400000, 0x0000000088400000| Untracked 
| 133|0x0000000088500000, 0x0000000088500000, 0x0000000088600000|  0%| F|  |TAMS 0x0000000088500000, 0x0000000088500000| Untracked 
| 134|0x0000000088600000, 0x0000000088600000, 0x0000000088700000|  0%| F|  |TAMS 0x0000000088600000, 0x0000000088600000| Untracked 
| 135|0x0000000088700000, 0x0000000088700000, 0x0000000088800000|  0%| F|  |TAMS 0x0000000088700000, 0x0000000088700000| Untracked 
| 136|0x0000000088800000, 0x0000000088800000, 0x0000000088900000|  0%| F|  |TAMS 0x0000000088800000, 0x0000000088800000| Untracked 
| 137|0x0000000088900000, 0x0000000088900000, 0x0000000088a00000|  0%| F|  |TAMS 0x0000000088900000, 0x0000000088900000| Untracked 
| 138|0x0000000088a00000, 0x0000000088ad7948, 0x0000000088b00000| 84%| S|CS|TAMS 0x0000000088a00000, 0x0000000088a00000| Complete 
| 139|0x0000000088b00000, 0x0000000088c00000, 0x0000000088c00000|100%| S|CS|TAMS 0x0000000088b00000, 0x0000000088b00000| Complete 
| 140|0x0000000088c00000, 0x0000000088d00000, 0x0000000088d00000|100%| S|CS|TAMS 0x0000000088c00000, 0x0000000088c00000| Complete 
| 141|0x0000000088d00000, 0x0000000088e00000, 0x0000000088e00000|100%| S|CS|TAMS 0x0000000088d00000, 0x0000000088d00000| Complete 
| 142|0x0000000088e00000, 0x0000000088f00000, 0x0000000088f00000|100%| S|CS|TAMS 0x0000000088e00000, 0x0000000088e00000| Complete 
| 143|0x0000000088f00000, 0x0000000089000000, 0x0000000089000000|100%| S|CS|TAMS 0x0000000088f00000, 0x0000000088f00000| Complete 
| 144|0x0000000089000000, 0x0000000089100000, 0x0000000089100000|100%| S|CS|TAMS 0x0000000089000000, 0x0000000089000000| Complete 
| 145|0x0000000089100000, 0x0000000089200000, 0x0000000089200000|100%| S|CS|TAMS 0x0000000089100000, 0x0000000089100000| Complete 
| 146|0x0000000089200000, 0x0000000089300000, 0x0000000089300000|100%| S|CS|TAMS 0x0000000089200000, 0x0000000089200000| Complete 
| 147|0x0000000089300000, 0x0000000089300000, 0x0000000089400000|  0%| F|  |TAMS 0x0000000089300000, 0x0000000089300000| Untracked 
| 148|0x0000000089400000, 0x0000000089400000, 0x0000000089500000|  0%| F|  |TAMS 0x0000000089400000, 0x0000000089400000| Untracked 
| 149|0x0000000089500000, 0x0000000089500000, 0x0000000089600000|  0%| F|  |TAMS 0x0000000089500000, 0x0000000089500000| Untracked 
| 150|0x0000000089600000, 0x0000000089600000, 0x0000000089700000|  0%| F|  |TAMS 0x0000000089600000, 0x0000000089600000| Untracked 
| 151|0x0000000089700000, 0x0000000089700000, 0x0000000089800000|  0%| F|  |TAMS 0x0000000089700000, 0x0000000089700000| Untracked 
| 152|0x0000000089800000, 0x0000000089800000, 0x0000000089900000|  0%| F|  |TAMS 0x0000000089800000, 0x0000000089800000| Untracked 
| 153|0x0000000089900000, 0x0000000089900000, 0x0000000089a00000|  0%| F|  |TAMS 0x0000000089900000, 0x0000000089900000| Untracked 
| 154|0x0000000089a00000, 0x0000000089a00000, 0x0000000089b00000|  0%| F|  |TAMS 0x0000000089a00000, 0x0000000089a00000| Untracked 
| 155|0x0000000089b00000, 0x0000000089b00000, 0x0000000089c00000|  0%| F|  |TAMS 0x0000000089b00000, 0x0000000089b00000| Untracked 
| 156|0x0000000089c00000, 0x0000000089c00000, 0x0000000089d00000|  0%| F|  |TAMS 0x0000000089c00000, 0x0000000089c00000| Untracked 
| 157|0x0000000089d00000, 0x0000000089d00000, 0x0000000089e00000|  0%| F|  |TAMS 0x0000000089d00000, 0x0000000089d00000| Untracked 
| 158|0x0000000089e00000, 0x0000000089e00000, 0x0000000089f00000|  0%| F|  |TAMS 0x0000000089e00000, 0x0000000089e00000| Untracked 
| 159|0x0000000089f00000, 0x0000000089f00000, 0x000000008a000000|  0%| F|  |TAMS 0x0000000089f00000, 0x0000000089f00000| Untracked 
| 160|0x000000008a000000, 0x000000008a000000, 0x000000008a100000|  0%| F|  |TAMS 0x000000008a000000, 0x000000008a000000| Untracked 
| 161|0x000000008a100000, 0x000000008a100000, 0x000000008a200000|  0%| F|  |TAMS 0x000000008a100000, 0x000000008a100000| Untracked 
| 162|0x000000008a200000, 0x000000008a200000, 0x000000008a300000|  0%| F|  |TAMS 0x000000008a200000, 0x000000008a200000| Untracked 
| 163|0x000000008a300000, 0x000000008a300000, 0x000000008a400000|  0%| F|  |TAMS 0x000000008a300000, 0x000000008a300000| Untracked 
| 164|0x000000008a400000, 0x000000008a400000, 0x000000008a500000|  0%| F|  |TAMS 0x000000008a400000, 0x000000008a400000| Untracked 
| 165|0x000000008a500000, 0x000000008a500000, 0x000000008a600000|  0%| F|  |TAMS 0x000000008a500000, 0x000000008a500000| Untracked 
| 166|0x000000008a600000, 0x000000008a600000, 0x000000008a700000|  0%| F|  |TAMS 0x000000008a600000, 0x000000008a600000| Untracked 
| 167|0x000000008a700000, 0x000000008a700000, 0x000000008a800000|  0%| F|  |TAMS 0x000000008a700000, 0x000000008a700000| Untracked 
| 168|0x000000008a800000, 0x000000008a800000, 0x000000008a900000|  0%| F|  |TAMS 0x000000008a800000, 0x000000008a800000| Untracked 
| 169|0x000000008a900000, 0x000000008a900000, 0x000000008aa00000|  0%| F|  |TAMS 0x000000008a900000, 0x000000008a900000| Untracked 
| 170|0x000000008aa00000, 0x000000008aa00000, 0x000000008ab00000|  0%| F|  |TAMS 0x000000008aa00000, 0x000000008aa00000| Untracked 
| 171|0x000000008ab00000, 0x000000008ac00000, 0x000000008ac00000|100%| E|  |TAMS 0x000000008ab00000, 0x000000008ab00000| Complete 
| 172|0x000000008ac00000, 0x000000008ad00000, 0x000000008ad00000|100%| E|CS|TAMS 0x000000008ac00000, 0x000000008ac00000| Complete 
| 173|0x000000008ad00000, 0x000000008ae00000, 0x000000008ae00000|100%| E|CS|TAMS 0x000000008ad00000, 0x000000008ad00000| Complete 
| 174|0x000000008ae00000, 0x000000008af00000, 0x000000008af00000|100%| E|CS|TAMS 0x000000008ae00000, 0x000000008ae00000| Complete 
| 175|0x000000008af00000, 0x000000008b000000, 0x000000008b000000|100%| E|CS|TAMS 0x000000008af00000, 0x000000008af00000| Complete 
| 176|0x000000008b000000, 0x000000008b100000, 0x000000008b100000|100%| E|CS|TAMS 0x000000008b000000, 0x000000008b000000| Complete 
| 177|0x000000008b100000, 0x000000008b200000, 0x000000008b200000|100%| E|CS|TAMS 0x000000008b100000, 0x000000008b100000| Complete 
| 178|0x000000008b200000, 0x000000008b300000, 0x000000008b300000|100%| E|CS|TAMS 0x000000008b200000, 0x000000008b200000| Complete 
| 179|0x000000008b300000, 0x000000008b400000, 0x000000008b400000|100%| E|CS|TAMS 0x000000008b300000, 0x000000008b300000| Complete 
| 180|0x000000008b400000, 0x000000008b500000, 0x000000008b500000|100%| E|CS|TAMS 0x000000008b400000, 0x000000008b400000| Complete 
| 181|0x000000008b500000, 0x000000008b600000, 0x000000008b600000|100%| E|CS|TAMS 0x000000008b500000, 0x000000008b500000| Complete 
| 182|0x000000008b600000, 0x000000008b700000, 0x000000008b700000|100%| E|CS|TAMS 0x000000008b600000, 0x000000008b600000| Complete 
| 183|0x000000008b700000, 0x000000008b800000, 0x000000008b800000|100%| E|CS|TAMS 0x000000008b700000, 0x000000008b700000| Complete 
| 184|0x000000008b800000, 0x000000008b900000, 0x000000008b900000|100%| E|CS|TAMS 0x000000008b800000, 0x000000008b800000| Complete 
| 185|0x000000008b900000, 0x000000008ba00000, 0x000000008ba00000|100%| E|CS|TAMS 0x000000008b900000, 0x000000008b900000| Complete 
| 186|0x000000008ba00000, 0x000000008bb00000, 0x000000008bb00000|100%| E|CS|TAMS 0x000000008ba00000, 0x000000008ba00000| Complete 
| 187|0x000000008bb00000, 0x000000008bc00000, 0x000000008bc00000|100%| E|CS|TAMS 0x000000008bb00000, 0x000000008bb00000| Complete 
| 188|0x000000008bc00000, 0x000000008bd00000, 0x000000008bd00000|100%| E|CS|TAMS 0x000000008bc00000, 0x000000008bc00000| Complete 
| 189|0x000000008bd00000, 0x000000008be00000, 0x000000008be00000|100%| E|CS|TAMS 0x000000008bd00000, 0x000000008bd00000| Complete 
| 190|0x000000008be00000, 0x000000008bf00000, 0x000000008bf00000|100%| E|CS|TAMS 0x000000008be00000, 0x000000008be00000| Complete 
| 191|0x000000008bf00000, 0x000000008c000000, 0x000000008c000000|100%| E|CS|TAMS 0x000000008bf00000, 0x000000008bf00000| Complete 
| 192|0x000000008c000000, 0x000000008c100000, 0x000000008c100000|100%| E|CS|TAMS 0x000000008c000000, 0x000000008c000000| Complete 
| 193|0x000000008c100000, 0x000000008c200000, 0x000000008c200000|100%| E|CS|TAMS 0x000000008c100000, 0x000000008c100000| Complete 
| 194|0x000000008c200000, 0x000000008c300000, 0x000000008c300000|100%| E|CS|TAMS 0x000000008c200000, 0x000000008c200000| Complete 
| 195|0x000000008c300000, 0x000000008c400000, 0x000000008c400000|100%| E|CS|TAMS 0x000000008c300000, 0x000000008c300000| Complete 
| 196|0x000000008c400000, 0x000000008c500000, 0x000000008c500000|100%| E|CS|TAMS 0x000000008c400000, 0x000000008c400000| Complete 
| 197|0x000000008c500000, 0x000000008c600000, 0x000000008c600000|100%| E|CS|TAMS 0x000000008c500000, 0x000000008c500000| Complete 
| 198|0x000000008c600000, 0x000000008c700000, 0x000000008c700000|100%| E|  |TAMS 0x000000008c600000, 0x000000008c600000| Complete 
| 199|0x000000008c700000, 0x000000008c800000, 0x000000008c800000|100%| E|CS|TAMS 0x000000008c700000, 0x000000008c700000| Complete 
| 200|0x000000008c800000, 0x000000008c900000, 0x000000008c900000|100%| E|CS|TAMS 0x000000008c800000, 0x000000008c800000| Complete 
| 201|0x000000008c900000, 0x000000008ca00000, 0x000000008ca00000|100%| E|CS|TAMS 0x000000008c900000, 0x000000008c900000| Complete 
| 202|0x000000008ca00000, 0x000000008cb00000, 0x000000008cb00000|100%| E|CS|TAMS 0x000000008ca00000, 0x000000008ca00000| Complete 
| 203|0x000000008cb00000, 0x000000008cc00000, 0x000000008cc00000|100%| E|CS|TAMS 0x000000008cb00000, 0x000000008cb00000| Complete 
| 204|0x000000008cc00000, 0x000000008cd00000, 0x000000008cd00000|100%| E|CS|TAMS 0x000000008cc00000, 0x000000008cc00000| Complete 
| 205|0x000000008cd00000, 0x000000008ce00000, 0x000000008ce00000|100%| E|CS|TAMS 0x000000008cd00000, 0x000000008cd00000| Complete 
| 206|0x000000008ce00000, 0x000000008cf00000, 0x000000008cf00000|100%| E|CS|TAMS 0x000000008ce00000, 0x000000008ce00000| Complete 
| 207|0x000000008cf00000, 0x000000008d000000, 0x000000008d000000|100%| E|CS|TAMS 0x000000008cf00000, 0x000000008cf00000| Complete 
| 208|0x000000008d000000, 0x000000008d100000, 0x000000008d100000|100%| E|CS|TAMS 0x000000008d000000, 0x000000008d000000| Complete 
| 209|0x000000008d100000, 0x000000008d200000, 0x000000008d200000|100%| E|CS|TAMS 0x000000008d100000, 0x000000008d100000| Complete 
| 210|0x000000008d200000, 0x000000008d300000, 0x000000008d300000|100%| E|CS|TAMS 0x000000008d200000, 0x000000008d200000| Complete 
| 211|0x000000008d300000, 0x000000008d400000, 0x000000008d400000|100%| E|CS|TAMS 0x000000008d300000, 0x000000008d300000| Complete 
| 212|0x000000008d400000, 0x000000008d500000, 0x000000008d500000|100%| E|CS|TAMS 0x000000008d400000, 0x000000008d400000| Complete 
| 213|0x000000008d500000, 0x000000008d600000, 0x000000008d600000|100%| E|CS|TAMS 0x000000008d500000, 0x000000008d500000| Complete 
| 214|0x000000008d600000, 0x000000008d700000, 0x000000008d700000|100%| E|CS|TAMS 0x000000008d600000, 0x000000008d600000| Complete 
| 215|0x000000008d700000, 0x000000008d800000, 0x000000008d800000|100%| E|CS|TAMS 0x000000008d700000, 0x000000008d700000| Complete 
| 216|0x000000008d800000, 0x000000008d900000, 0x000000008d900000|100%| E|CS|TAMS 0x000000008d800000, 0x000000008d800000| Complete 
| 217|0x000000008d900000, 0x000000008da00000, 0x000000008da00000|100%| E|CS|TAMS 0x000000008d900000, 0x000000008d900000| Complete 
| 218|0x000000008da00000, 0x000000008db00000, 0x000000008db00000|100%| E|CS|TAMS 0x000000008da00000, 0x000000008da00000| Complete 
| 219|0x000000008db00000, 0x000000008dc00000, 0x000000008dc00000|100%| E|CS|TAMS 0x000000008db00000, 0x000000008db00000| Complete 

Card table byte_map: [0x0000026475c40000,0x0000026476040000] _byte_map_base: 0x0000026475840000

Marking Bits (Prev, Next): (CMBitMap*) 0x0000026471a3e7d0, (CMBitMap*) 0x0000026471a3e798
 Prev Bits: [0x0000026478440000, 0x000002647a440000)
 Next Bits: [0x0000026476440000, 0x0000026478440000)

Polling page: 0x00000264711d0000

Metaspace:

Usage:
  Non-class:     81.38 MB capacity,    79.84 MB ( 98%) used,     1.27 MB (  2%) free+waste,   269.69 KB ( <1%) overhead. 
      Class:     12.64 MB capacity,    11.75 MB ( 93%) used,   791.18 KB (  6%) free+waste,   120.31 KB ( <1%) overhead. 
       Both:     94.02 MB capacity,    91.60 MB ( 97%) used,     2.05 MB (  2%) free+waste,   390.00 KB ( <1%) overhead. 

Virtual space:
  Non-class space:       82.00 MB reserved,      81.50 MB (>99%) committed 
      Class space:        1.00 GB reserved,      12.74 MB (  1%) committed 
             Both:        1.08 GB reserved,      94.24 MB (  9%) committed 

Chunk freelists:
   Non-Class:  60.00 KB
       Class:  44.00 KB
        Both:  104.00 KB

MaxMetaspaceSize: 17179869184.00 GB
CompressedClassSpaceSize: 1.00 GB
Initial GC threshold: 20.80 MB
Current GC threshold: 145.82 MB
CDS: off

CodeHeap 'non-profiled nmethods': size=120000Kb used=6862Kb max_used=6862Kb free=113137Kb
 bounds [0x0000026407ad0000, 0x0000026408190000, 0x000002640f000000]
CodeHeap 'profiled nmethods': size=120000Kb used=25477Kb max_used=25477Kb free=94522Kb
 bounds [0x00000264005a0000, 0x0000026401e90000, 0x0000026407ad0000]
CodeHeap 'non-nmethods': size=5760Kb used=2375Kb max_used=2464Kb free=3384Kb
 bounds [0x0000026400000000, 0x0000026400270000, 0x00000264005a0000]
 total_blobs=12560 nmethods=11666 adapters=806
 compilation: enabled
              stopped_count=0, restarted_count=0
 full_count=0

Compilation events (20 events):
Event: 15.842 Thread 0x00000264106d5000 11772   !   4       java.nio.file.FileTreeWalker::visit (204 bytes)
Event: 15.848 Thread 0x000002647d80f800 11785       3       jdk.nio.zipfs.JarFileSystem$$Lambda$1301/0x0000000100b81840::apply (8 bytes)
Event: 15.848 Thread 0x000002647d80f800 nmethod 11785 0x0000026401e6a010 code [0x0000026401e6a1c0, 0x0000026401e6a3f8]
Event: 15.851 Thread 0x000002647d80f800 11786       3       jdk.nio.zipfs.JarFileSystem::getInode (18 bytes)
Event: 15.851 Thread 0x000002647d80f800 nmethod 11786 0x0000026401e6a510 code [0x0000026401e6a720, 0x0000026401e6ad18]
Event: 15.870 Thread 0x000002647d80f800 11787       3       jdk.nio.zipfs.ZipPath::getResolvedPath (42 bytes)
Event: 15.871 Thread 0x000002647d80f800 nmethod 11787 0x0000026401e6af10 code [0x0000026401e6b100, 0x0000026401e6b4c8]
Event: 15.941 Thread 0x000002647d80f800 11789       3       sun.util.calendar.ZoneInfo::clone (15 bytes)
Event: 15.941 Thread 0x000002647d80f800 nmethod 11789 0x0000026401e6b610 code [0x0000026401e6b800, 0x0000026401e6bb98]
Event: 15.943 Thread 0x000002647d80f800 11790       3       java.time.LocalDate::create (190 bytes)
Event: 15.944 Thread 0x000002647d80f800 nmethod 11790 0x0000026401e6bd10 code [0x0000026401e6c0c0, 0x0000026401e6d6f8]
Event: 15.944 Thread 0x000002647d80f800 11792       3       java.time.LocalDate::of (34 bytes)
Event: 15.945 Thread 0x000002647d80f800 nmethod 11792 0x0000026401e6de90 code [0x0000026401e6e140, 0x0000026401e6ecc8]
Event: 15.945 Thread 0x000002647d80f800 11793       3       java.time.ZoneRegion::getRules (23 bytes)
Event: 15.945 Thread 0x000002647d80f800 nmethod 11793 0x0000026401e6f190 code [0x0000026401e6f380, 0x0000026401e6f7a8]
Event: 15.945 Thread 0x000002647d80f800 11791       3       java.time.LocalDateTime::toLocalDate (5 bytes)
Event: 15.945 Thread 0x000002647d80f800 nmethod 11791 0x0000026401e6f910 code [0x0000026401e6fac0, 0x0000026401e6fbd8]
Event: 15.949 Thread 0x000002647d80f800 11794       3       java.time.LocalDate::toEpochDay (154 bytes)
Event: 15.949 Thread 0x000002647d80f800 nmethod 11794 0x0000026401e6fc90 code [0x0000026401e6fe80, 0x0000026401e703a8]
Event: 15.951 Thread 0x000002647d80f800 11795   !   3       jdk.nio.zipfs.ZipUtils::dosToJavaTime (159 bytes)

GC Heap History (20 events):
Event: 9.272 GC heap before
{Heap before GC invocations=17 (full 0):
 garbage-first heap   total 155648K, used 120578K [0x0000000080000000, 0x0000000100000000)
  region size 1024K, 66 young (67584K), 6 survivors (6144K)
 Metaspace       used 72835K, capacity 74439K, committed 74616K, reserved 1114112K
  class space    used 9446K, capacity 10073K, committed 10104K, reserved 1048576K
}
Event: 9.279 GC heap after
{Heap after GC invocations=18 (full 0):
 garbage-first heap   total 155648K, used 62824K [0x0000000080000000, 0x0000000100000000)
  region size 1024K, 4 young (4096K), 4 survivors (4096K)
 Metaspace       used 72835K, capacity 74439K, committed 74616K, reserved 1114112K
  class space    used 9446K, capacity 10073K, committed 10104K, reserved 1048576K
}
Event: 9.801 GC heap before
{Heap before GC invocations=18 (full 0):
 garbage-first heap   total 155648K, used 123240K [0x0000000080000000, 0x0000000100000000)
  region size 1024K, 63 young (64512K), 4 survivors (4096K)
 Metaspace       used 76271K, capacity 78034K, committed 78200K, reserved 1116160K
  class space    used 9920K, capacity 10592K, committed 10616K, reserved 1048576K
}
Event: 9.808 GC heap after
{Heap after GC invocations=19 (full 0):
 garbage-first heap   total 155648K, used 67001K [0x0000000080000000, 0x0000000100000000)
  region size 1024K, 8 young (8192K), 8 survivors (8192K)
 Metaspace       used 76271K, capacity 78034K, committed 78200K, reserved 1116160K
  class space    used 9920K, capacity 10592K, committed 10616K, reserved 1048576K
}
Event: 10.749 GC heap before
{Heap before GC invocations=19 (full 0):
 garbage-first heap   total 155648K, used 123321K [0x0000000080000000, 0x0000000100000000)
  region size 1024K, 64 young (65536K), 8 survivors (8192K)
 Metaspace       used 81871K, capacity 83768K, committed 83960K, reserved 1122304K
  class space    used 10656K, capacity 11379K, committed 11512K, reserved 1048576K
}
Event: 10.760 GC heap after
{Heap after GC invocations=20 (full 0):
 garbage-first heap   total 155648K, used 72168K [0x0000000080000000, 0x0000000100000000)
  region size 1024K, 8 young (8192K), 8 survivors (8192K)
 Metaspace       used 81871K, capacity 83768K, committed 83960K, reserved 1122304K
  class space    used 10656K, capacity 11379K, committed 11512K, reserved 1048576K
}
Event: 11.699 GC heap before
{Heap before GC invocations=20 (full 0):
 garbage-first heap   total 155648K, used 124392K [0x0000000080000000, 0x0000000100000000)
  region size 1024K, 60 young (61440K), 8 survivors (8192K)
 Metaspace       used 85494K, capacity 87759K, committed 87928K, reserved 1124352K
  class space    used 11143K, capacity 12021K, committed 12152K, reserved 1048576K
}
Event: 11.710 GC heap after
{Heap after GC invocations=21 (full 0):
 garbage-first heap   total 187392K, used 77660K [0x0000000080000000, 0x0000000100000000)
  region size 1024K, 6 young (6144K), 6 survivors (6144K)
 Metaspace       used 85494K, capacity 87759K, committed 87928K, reserved 1124352K
  class space    used 11143K, capacity 12021K, committed 12152K, reserved 1048576K
}
Event: 12.215 GC heap before
{Heap before GC invocations=21 (full 0):
 garbage-first heap   total 187392K, used 139100K [0x0000000080000000, 0x0000000100000000)
  region size 1024K, 67 young (68608K), 6 survivors (6144K)
 Metaspace       used 85863K, capacity 88138K, committed 88440K, reserved 1126400K
  class space    used 11150K, capacity 12030K, committed 12152K, reserved 1048576K
}
Event: 12.223 GC heap after
{Heap after GC invocations=22 (full 0):
 garbage-first heap   total 187392K, used 83564K [0x0000000080000000, 0x0000000100000000)
  region size 1024K, 6 young (6144K), 6 survivors (6144K)
 Metaspace       used 85863K, capacity 88138K, committed 88440K, reserved 1126400K
  class space    used 11150K, capacity 12030K, committed 12152K, reserved 1048576K
}
Event: 12.502 GC heap before
{Heap before GC invocations=22 (full 0):
 garbage-first heap   total 187392K, used 142956K [0x0000000080000000, 0x0000000100000000)
  region size 1024K, 65 young (66560K), 6 survivors (6144K)
 Metaspace       used 86243K, capacity 88649K, committed 88952K, reserved 1126400K
  class space    used 11167K, capacity 12075K, committed 12152K, reserved 1048576K
}
Event: 12.510 GC heap after
{Heap after GC invocations=23 (full 0):
 garbage-first heap   total 187392K, used 86455K [0x0000000080000000, 0x0000000100000000)
  region size 1024K, 5 young (5120K), 5 survivors (5120K)
 Metaspace       used 86243K, capacity 88649K, committed 88952K, reserved 1126400K
  class space    used 11167K, capacity 12075K, committed 12152K, reserved 1048576K
}
Event: 12.920 GC heap before
{Heap before GC invocations=23 (full 0):
 garbage-first heap   total 187392K, used 146871K [0x0000000080000000, 0x0000000100000000)
  region size 1024K, 64 young (65536K), 5 survivors (5120K)
 Metaspace       used 86772K, capacity 89104K, committed 89336K, reserved 1126400K
  class space    used 11222K, capacity 12132K, committed 12280K, reserved 1048576K
}
Event: 12.928 GC heap after
{Heap after GC invocations=24 (full 0):
 garbage-first heap   total 187392K, used 90848K [0x0000000080000000, 0x0000000100000000)
  region size 1024K, 7 young (7168K), 7 survivors (7168K)
 Metaspace       used 86772K, capacity 89104K, committed 89336K, reserved 1126400K
  class space    used 11222K, capacity 12132K, committed 12280K, reserved 1048576K
}
Event: 13.193 GC heap before
{Heap before GC invocations=24 (full 0):
 garbage-first heap   total 187392K, used 148192K [0x0000000080000000, 0x0000000100000000)
  region size 1024K, 64 young (65536K), 7 survivors (7168K)
 Metaspace       used 86908K, capacity 89317K, committed 89592K, reserved 1126400K
  class space    used 11226K, capacity 12134K, committed 12280K, reserved 1048576K
}
Event: 13.202 GC heap after
{Heap after GC invocations=25 (full 0):
 garbage-first heap   total 187392K, used 94588K [0x0000000080000000, 0x0000000100000000)
  region size 1024K, 6 young (6144K), 6 survivors (6144K)
 Metaspace       used 86908K, capacity 89317K, committed 89592K, reserved 1126400K
  class space    used 11226K, capacity 12134K, committed 12280K, reserved 1048576K
}
Event: 13.495 GC heap before
{Heap before GC invocations=26 (full 0):
 garbage-first heap   total 187392K, used 149884K [0x0000000080000000, 0x0000000100000000)
  region size 1024K, 61 young (62464K), 6 survivors (6144K)
 Metaspace       used 86690K, capacity 88934K, committed 89592K, reserved 1126400K
  class space    used 11139K, capacity 11972K, committed 12280K, reserved 1048576K
}
Event: 13.504 GC heap after
{Heap after GC invocations=27 (full 0):
 garbage-first heap   total 225280K, used 97603K [0x0000000080000000, 0x0000000100000000)
  region size 1024K, 6 young (6144K), 6 survivors (6144K)
 Metaspace       used 86690K, capacity 88934K, committed 89592K, reserved 1126400K
  class space    used 11139K, capacity 11972K, committed 12280K, reserved 1048576K
}
Event: 14.651 GC heap before
{Heap before GC invocations=27 (full 0):
 garbage-first heap   total 225280K, used 171331K [0x0000000080000000, 0x0000000100000000)
  region size 1024K, 79 young (80896K), 6 survivors (6144K)
 Metaspace       used 90885K, capacity 93247K, committed 93688K, reserved 1130496K
  class space    used 11740K, capacity 12617K, committed 12792K, reserved 1048576K
}
Event: 14.657 GC heap after
{Heap after GC invocations=28 (full 0):
 garbage-first heap   total 225280K, used 101406K [0x0000000080000000, 0x0000000100000000)
  region size 1024K, 9 young (9216K), 9 survivors (9216K)
 Metaspace       used 90885K, capacity 93247K, committed 93688K, reserved 1130496K
  class space    used 11740K, capacity 12617K, committed 12792K, reserved 1048576K
}

Deoptimization events (20 events):
Event: 15.603 Thread 0x0000026411fd3800 DEOPT PACKING pc=0x0000026400b9dd4f sp=0x000000857e4f8b00
Event: 15.603 Thread 0x0000026411fd3800 DEOPT UNPACKING pc=0x000002640004a95e sp=0x000000857e4f7fd8 mode 0
Event: 15.603 Thread 0x0000026411fd3800 DEOPT PACKING pc=0x0000026400b9e9a8 sp=0x000000857e4f8bd0
Event: 15.603 Thread 0x0000026411fd3800 DEOPT UNPACKING pc=0x000002640004a95e sp=0x000000857e4f8078 mode 0
Event: 15.603 Thread 0x0000026411fd3800 DEOPT PACKING pc=0x0000026400b9dd4f sp=0x000000857e4f8b00
Event: 15.603 Thread 0x0000026411fd3800 DEOPT UNPACKING pc=0x000002640004a95e sp=0x000000857e4f7fd8 mode 0
Event: 15.603 Thread 0x0000026411fd3800 DEOPT PACKING pc=0x0000026400b9e9a8 sp=0x000000857e4f8bd0
Event: 15.603 Thread 0x0000026411fd3800 DEOPT UNPACKING pc=0x000002640004a95e sp=0x000000857e4f8078 mode 0
Event: 15.603 Thread 0x0000026411fd3800 DEOPT PACKING pc=0x0000026400b9dd4f sp=0x000000857e4f8b00
Event: 15.603 Thread 0x0000026411fd3800 DEOPT UNPACKING pc=0x000002640004a95e sp=0x000000857e4f7fd8 mode 0
Event: 15.603 Thread 0x0000026411fd3800 DEOPT PACKING pc=0x0000026400b9e9a8 sp=0x000000857e4f8bd0
Event: 15.603 Thread 0x0000026411fd3800 DEOPT UNPACKING pc=0x000002640004a95e sp=0x000000857e4f8078 mode 0
Event: 15.604 Thread 0x0000026411fd3800 Uncommon trap: trap_request=0xffffffde fr.pc=0x0000026407bc1420 relative=0x0000000000001080
Event: 15.604 Thread 0x0000026411fd3800 Uncommon trap: reason=class_check action=maybe_recompile pc=0x0000026407bc1420 method=java.util.zip.InflaterInputStream.read([BII)I @ 100 c2
Event: 15.604 Thread 0x0000026411fd3800 DEOPT PACKING pc=0x0000026407bc1420 sp=0x000000857e4f8720
Event: 15.604 Thread 0x0000026411fd3800 DEOPT UNPACKING pc=0x000002640004a1af sp=0x000000857e4f8760 mode 2
Event: 15.604 Thread 0x0000026411fd3800 Uncommon trap: trap_request=0xffffffde fr.pc=0x0000026407bc1420 relative=0x0000000000001080
Event: 15.604 Thread 0x0000026411fd3800 Uncommon trap: reason=class_check action=maybe_recompile pc=0x0000026407bc1420 method=java.util.zip.InflaterInputStream.read([BII)I @ 100 c2
Event: 15.604 Thread 0x0000026411fd3800 DEOPT PACKING pc=0x0000026407bc1420 sp=0x000000857e4f8720
Event: 15.604 Thread 0x0000026411fd3800 DEOPT UNPACKING pc=0x000002640004a1af sp=0x000000857e4f8760 mode 2

Classes redefined (0 events):
No events

Internal exceptions (20 events):
Event: 13.269 Thread 0x0000026411fd3800 Exception <a 'java/lang/NoSuchMethodError'{0x000000008a96bd08}: <clinit>> (0x000000008a96bd08) thrown at [./src/hotspot/share/prims/jni.cpp, line 1365]
Event: 13.269 Thread 0x0000026411fd3800 Exception <a 'java/lang/NoSuchMethodError'{0x000000008a96cf40}: <clinit>> (0x000000008a96cf40) thrown at [./src/hotspot/share/prims/jni.cpp, line 1365]
Event: 13.700 Thread 0x0000026411fd3800 Exception <a 'java/lang/NoSuchMethodError'{0x000000008b7d40e0}: 'int java.lang.invoke.DirectMethodHandle$Holder.invokeSpecial(java.lang.Object, java.lang.Object, java.lang.Object, java.lang.Object, java.lang.Object)'> (0x000000008b7d40e0) thrown at [./src/hotspot/share/interpreter/linkResolver.cpp, line 773]
Event: 13.822 Thread 0x0000026411fd3800 Exception <a 'java/lang/NoSuchMethodError'{0x000000008adeaa78}: 'java.lang.Object java.lang.invoke.DirectMethodHandle$Holder.invokeStatic(java.lang.Object, java.lang.Object, int, java.lang.Object, java.lang.Object, java.lang.Object, java.lang.Object)'> (0x000000008adeaa78) thrown at [./src/hotspot/share/interpreter/linkResolver.cpp, line 773]
Event: 14.521 Thread 0x0000026411fd3800 Exception <a 'java/lang/NoSuchMethodError'{0x0000000089d48700}: 'java.lang.Object java.lang.invoke.Invokers$Holder.linkToTargetMethod(java.lang.Object, java.lang.Object, java.lang.Object, int, int, java.lang.Object)'> (0x0000000089d48700) thrown at [./src/hotspot/share/interpreter/linkResolver.cpp, line 773]
Event: 14.526 Thread 0x0000026411fd3800 Exception <a 'java/lang/NoSuchMethodError'{0x0000000089d8b9e0}: 'void java.lang.invoke.DirectMethodHandle$Holder.invokeVirtual(java.lang.Object, java.lang.Object, java.lang.Object, java.lang.Object)'> (0x0000000089d8b9e0) thrown at [./src/hotspot/share/interpreter/linkResolver.cpp, line 773]
Event: 14.546 Thread 0x0000026411fd3800 Exception <a 'java/security/PrivilegedActionException'{0x0000000089cf1680}> (0x0000000089cf1680) thrown at [./src/hotspot/share/prims/jvm.cpp, line 1306]
Event: 14.546 Thread 0x0000026411fd3800 Exception <a 'java/security/PrivilegedActionException'{0x0000000089cf2698}> (0x0000000089cf2698) thrown at [./src/hotspot/share/prims/jvm.cpp, line 1306]
Event: 14.546 Thread 0x0000026411fd3800 Exception <a 'java/security/PrivilegedActionException'{0x0000000089cf5700}> (0x0000000089cf5700) thrown at [./src/hotspot/share/prims/jvm.cpp, line 1306]
Event: 14.546 Thread 0x0000026411fd3800 Exception <a 'java/security/PrivilegedActionException'{0x0000000089cf6718}> (0x0000000089cf6718) thrown at [./src/hotspot/share/prims/jvm.cpp, line 1306]
Event: 14.547 Thread 0x0000026411fd3800 Exception <a 'java/security/PrivilegedActionException'{0x0000000089cf9650}> (0x0000000089cf9650) thrown at [./src/hotspot/share/prims/jvm.cpp, line 1306]
Event: 14.547 Thread 0x0000026411fd3800 Exception <a 'java/security/PrivilegedActionException'{0x0000000089cfa668}> (0x0000000089cfa668) thrown at [./src/hotspot/share/prims/jvm.cpp, line 1306]
Event: 14.547 Thread 0x0000026411fd3800 Exception <a 'java/security/PrivilegedActionException'{0x0000000089cfd4b8}> (0x0000000089cfd4b8) thrown at [./src/hotspot/share/prims/jvm.cpp, line 1306]
Event: 14.547 Thread 0x0000026411fd3800 Exception <a 'java/security/PrivilegedActionException'{0x0000000089cfe4d0}> (0x0000000089cfe4d0) thrown at [./src/hotspot/share/prims/jvm.cpp, line 1306]
Event: 14.547 Thread 0x0000026411fd3800 Exception <a 'java/security/PrivilegedActionException'{0x0000000089b018d0}> (0x0000000089b018d0) thrown at [./src/hotspot/share/prims/jvm.cpp, line 1306]
Event: 14.547 Thread 0x0000026411fd3800 Exception <a 'java/security/PrivilegedActionException'{0x0000000089b028e8}> (0x0000000089b028e8) thrown at [./src/hotspot/share/prims/jvm.cpp, line 1306]
Event: 14.547 Thread 0x0000026411fd3800 Exception <a 'java/security/PrivilegedActionException'{0x0000000089b05820}> (0x0000000089b05820) thrown at [./src/hotspot/share/prims/jvm.cpp, line 1306]
Event: 14.547 Thread 0x0000026411fd3800 Exception <a 'java/security/PrivilegedActionException'{0x0000000089b06838}> (0x0000000089b06838) thrown at [./src/hotspot/share/prims/jvm.cpp, line 1306]
Event: 15.191 Thread 0x0000026411fd3800 Exception <a 'sun/nio/fs/WindowsException'{0x000000008bb38530}> (0x000000008bb38530) thrown at [./src/hotspot/share/prims/jni.cpp, line 615]
Event: 15.191 Thread 0x0000026411fd3800 Exception <a 'sun/nio/fs/WindowsException'{0x000000008bb38638}> (0x000000008bb38638) thrown at [./src/hotspot/share/prims/jni.cpp, line 615]

Events (20 events):
Event: 14.768 loading class com/sun/tools/javac/util/Filter
Event: 14.768 loading class com/sun/tools/javac/util/Filter done
Event: 14.774 loading class com/sun/tools/javac/tree/JCTree
Event: 14.774 loading class com/sun/tools/javac/tree/JCTree done
Event: 14.774 loading class com/sun/tools/javac/tree/JCTree
Event: 14.774 loading class com/sun/tools/javac/tree/JCTree done
Event: 14.780 Executing VM operation: Deoptimize
Event: 14.781 Executing VM operation: Deoptimize done
Event: 14.906 Executing VM operation: ICBufferFull
Event: 14.906 Executing VM operation: ICBufferFull done
Event: 15.188 loading class com/sun/tools/javac/comp/Modules
Event: 15.188 loading class com/sun/tools/javac/comp/Modules done
Event: 15.188 loading class com/sun/tools/javac/code/Symbol$PackageSymbol
Event: 15.188 loading class com/sun/tools/javac/code/Symbol$PackageSymbol done
Event: 15.234 Executing VM operation: ICBufferFull
Event: 15.234 Executing VM operation: ICBufferFull done
Event: 15.259 loading class com/sun/tools/javac/code/Symbol$PackageSymbol
Event: 15.259 loading class com/sun/tools/javac/code/Symbol$PackageSymbol done
Event: 15.259 loading class com/sun/tools/javac/code/ClassFinder
Event: 15.259 loading class com/sun/tools/javac/code/ClassFinder done


Dynamic libraries:
0x00007ff787c60000 - 0x00007ff787c6a000 	C:\Program Files\Android\Android Studio\jre\bin\java.exe
0x00007ff992f50000 - 0x00007ff993164000 	C:\WINDOWS\SYSTEM32\ntdll.dll
0x00007ff992a10000 - 0x00007ff992ad2000 	C:\WINDOWS\System32\KERNEL32.DLL
0x00007ff990400000 - 0x00007ff99079c000 	C:\WINDOWS\System32\KERNELBASE.dll
0x00007ff9907a0000 - 0x00007ff9908b1000 	C:\WINDOWS\System32\ucrtbase.dll
0x00007ff9871d0000 - 0x00007ff9871e9000 	C:\Program Files\Android\Android Studio\jre\bin\jli.dll
0x00007ff987160000 - 0x00007ff987177000 	C:\Program Files\Android\Android Studio\jre\bin\VCRUNTIME140.dll
0x00007ff992cc0000 - 0x00007ff992e6b000 	C:\WINDOWS\System32\USER32.dll
0x00007ff990c10000 - 0x00007ff990c36000 	C:\WINDOWS\System32\win32u.dll
0x00007ff9929e0000 - 0x00007ff992a09000 	C:\WINDOWS\System32\GDI32.dll
0x00007ff990c40000 - 0x00007ff990d52000 	C:\WINDOWS\System32\gdi32full.dll
0x00007ff990b70000 - 0x00007ff990c0a000 	C:\WINDOWS\System32\msvcp_win.dll
0x00007ff96ffb0000 - 0x00007ff97023e000 	C:\WINDOWS\WinSxS\amd64_microsoft.windows.common-controls_6595b64144ccf1df_6.0.22621.317_none_a9434687c10c9fa2\COMCTL32.dll
0x00007ff992830000 - 0x00007ff9928d7000 	C:\WINDOWS\System32\msvcrt.dll
0x00007ff990f20000 - 0x00007ff990f51000 	C:\WINDOWS\System32\IMM32.DLL
0x00007ff977700000 - 0x00007ff97779d000 	C:\Program Files\Android\Android Studio\jre\bin\msvcp140.dll
0x00007ff902330000 - 0x00007ff902e15000 	C:\Program Files\Android\Android Studio\jre\bin\server\jvm.dll
0x00007ff990fd0000 - 0x00007ff99107e000 	C:\WINDOWS\System32\ADVAPI32.dll
0x00007ff992ae0000 - 0x00007ff992b84000 	C:\WINDOWS\System32\sechost.dll
0x00007ff992290000 - 0x00007ff9923a5000 	C:\WINDOWS\System32\RPCRT4.dll
0x00007ff992280000 - 0x00007ff992288000 	C:\WINDOWS\System32\PSAPI.DLL
0x00007ff972520000 - 0x00007ff972529000 	C:\WINDOWS\SYSTEM32\WSOCK32.dll
0x00007ff989880000 - 0x00007ff9898b4000 	C:\WINDOWS\SYSTEM32\WINMM.dll
0x00007ff992e70000 - 0x00007ff992ee1000 	C:\WINDOWS\System32\WS2_32.dll
0x00007ff988440000 - 0x00007ff98844a000 	C:\WINDOWS\SYSTEM32\VERSION.dll
0x00007ff98f4c0000 - 0x00007ff98f4d8000 	C:\WINDOWS\SYSTEM32\kernel.appcore.dll
0x00007ff980790000 - 0x00007ff9807a1000 	C:\Program Files\Android\Android Studio\jre\bin\verify.dll
0x00007ff98d950000 - 0x00007ff98db7e000 	C:\WINDOWS\SYSTEM32\DBGHELP.DLL
0x00007ff991410000 - 0x00007ff991799000 	C:\WINDOWS\System32\combase.dll
0x00007ff991130000 - 0x00007ff991207000 	C:\WINDOWS\System32\OLEAUT32.dll
0x00007ff980ca0000 - 0x00007ff980cd2000 	C:\WINDOWS\SYSTEM32\dbgcore.DLL
0x00007ff9908c0000 - 0x00007ff99093b000 	C:\WINDOWS\System32\bcryptPrimitives.dll
0x00007ff961be0000 - 0x00007ff961c09000 	C:\Program Files\Android\Android Studio\jre\bin\java.dll
0x00007ff980610000 - 0x00007ff98061b000 	C:\Program Files\Android\Android Studio\jre\bin\jimage.dll
0x00007ff961bc0000 - 0x00007ff961bd8000 	C:\Program Files\Android\Android Studio\jre\bin\zip.dll
0x00007ff991900000 - 0x00007ff9920db000 	C:\WINDOWS\System32\SHELL32.dll
0x00007ff98e3b0000 - 0x00007ff98ec65000 	C:\WINDOWS\SYSTEM32\windows.storage.dll
0x00007ff98e270000 - 0x00007ff98e3ad000 	C:\WINDOWS\SYSTEM32\wintypes.dll
0x00007ff9928e0000 - 0x00007ff9929d1000 	C:\WINDOWS\System32\SHCORE.dll
0x00007ff9918a0000 - 0x00007ff9918fe000 	C:\WINDOWS\System32\shlwapi.dll
0x00007ff9902c0000 - 0x00007ff9902e1000 	C:\WINDOWS\SYSTEM32\profapi.dll
0x00007ff961ba0000 - 0x00007ff961bba000 	C:\Program Files\Android\Android Studio\jre\bin\net.dll
0x00007ff989700000 - 0x00007ff98982f000 	C:\WINDOWS\SYSTEM32\WINHTTP.dll
0x00007ff98f920000 - 0x00007ff98f989000 	C:\WINDOWS\system32\mswsock.dll
0x00007ff961b80000 - 0x00007ff961b94000 	C:\Program Files\Android\Android Studio\jre\bin\nio.dll
0x00007ff9871f0000 - 0x00007ff987217000 	C:\Users\Ray Ann Martinez\.gradle\native\e1d6ef7f7dcc3fd88c89a11ec53ec762bb8ba0a96d01ffa2cd45eb1d1d8dd5c5\windows-amd64\native-platform.dll
0x00007ff951a20000 - 0x00007ff951b64000 	C:\Users\Ray Ann Martinez\.gradle\native\5664cfc778a61ccfe75a443a1ab52a65af34e5dc3c78e0209fed803814484fcb\windows-amd64\native-platform-file-events.dll
0x00007ff980600000 - 0x00007ff98060a000 	C:\Program Files\Android\Android Studio\jre\bin\management.dll
0x00007ff97f230000 - 0x00007ff97f23d000 	C:\Program Files\Android\Android Studio\jre\bin\management_ext.dll
0x00007ff98fb80000 - 0x00007ff98fb9b000 	C:\WINDOWS\SYSTEM32\CRYPTSP.dll
0x00007ff98f430000 - 0x00007ff98f465000 	C:\WINDOWS\system32\rsaenh.dll
0x00007ff98fa30000 - 0x00007ff98fa58000 	C:\WINDOWS\SYSTEM32\USERENV.dll
0x00007ff98fd40000 - 0x00007ff98fd68000 	C:\WINDOWS\SYSTEM32\bcrypt.dll
0x00007ff98fba0000 - 0x00007ff98fbac000 	C:\WINDOWS\SYSTEM32\CRYPTBASE.dll
0x00007ff98ef30000 - 0x00007ff98ef5d000 	C:\WINDOWS\SYSTEM32\IPHLPAPI.DLL
0x00007ff991210000 - 0x00007ff991219000 	C:\WINDOWS\System32\NSI.dll
0x00007ff9896e0000 - 0x00007ff9896f9000 	C:\WINDOWS\SYSTEM32\dhcpcsvc6.DLL
0x00007ff9896c0000 - 0x00007ff9896df000 	C:\WINDOWS\SYSTEM32\dhcpcsvc.DLL
0x00007ff98efa0000 - 0x00007ff98f092000 	C:\WINDOWS\SYSTEM32\DNSAPI.dll

dbghelp: loaded successfully - version: 4.0.5 - missing functions: none
symbol engine: initialized successfully - sym options: 0x614 - pdb path: .;C:\Program Files\Android\Android Studio\jre\bin;C:\WINDOWS\SYSTEM32;C:\WINDOWS\WinSxS\amd64_microsoft.windows.common-controls_6595b64144ccf1df_6.0.22621.317_none_a9434687c10c9fa2;C:\Program Files\Android\Android Studio\jre\bin\server;C:\Users\Ray Ann Martinez\.gradle\native\e1d6ef7f7dcc3fd88c89a11ec53ec762bb8ba0a96d01ffa2cd45eb1d1d8dd5c5\windows-amd64;C:\Users\Ray Ann Martinez\.gradle\native\5664cfc778a61ccfe75a443a1ab52a65af34e5dc3c78e0209fed803814484fcb\windows-amd64

VM Arguments:
jvm_args: --add-opens=java.base/java.util=ALL-UNNAMED --add-opens=java.base/java.lang=ALL-UNNAMED --add-opens=java.base/java.lang.invoke=ALL-UNNAMED --add-opens=java.base/java.util=ALL-UNNAMED --add-opens=java.prefs/java.util.prefs=ALL-UNNAMED --add-opens=java.prefs/java.util.prefs=ALL-UNNAMED --add-opens=java.base/java.nio.charset=ALL-UNNAMED --add-opens=java.base/java.net=ALL-UNNAMED --add-opens=java.base/java.util.concurrent.atomic=ALL-UNNAMED -Xmx2048m -Dfile.encoding=UTF-8 -Duser.country=PH -Duser.language=en -Duser.variant 
java_command: org.gradle.launcher.daemon.bootstrap.GradleDaemon 7.3.3
java_class_path (initial): C:\Users\Ray Ann Martinez\.gradle\wrapper\dists\gradle-7.3.3-bin\6a41zxkdtcxs8rphpq6y0069z\gradle-7.3.3\lib\gradle-launcher-7.3.3.jar
Launcher Type: SUN_STANDARD

[Global flags]
     intx CICompilerCount                          = 4                                         {product} {ergonomic}
     uint ConcGCThreads                            = 2                                         {product} {ergonomic}
     uint G1ConcRefinementThreads                  = 8                                         {product} {ergonomic}
   size_t G1HeapRegionSize                         = 1048576                                   {product} {ergonomic}
    uintx GCDrainStackTargetSize                   = 64                                        {product} {ergonomic}
   size_t InitialHeapSize                          = 132120576                                 {product} {ergonomic}
   size_t MarkStackSize                            = 4194304                                   {product} {ergonomic}
   size_t MaxHeapSize                              = 2147483648                                {product} {command line}
   size_t MaxNewSize                               = 1287651328                                {product} {ergonomic}
   size_t MinHeapDeltaBytes                        = 1048576                                   {product} {ergonomic}
    uintx NonNMethodCodeHeapSize                   = 5836300                                {pd product} {ergonomic}
    uintx NonProfiledCodeHeapSize                  = 122910970                              {pd product} {ergonomic}
    uintx ProfiledCodeHeapSize                     = 122910970                              {pd product} {ergonomic}
    uintx ReservedCodeCacheSize                    = 251658240                              {pd product} {ergonomic}
     bool SegmentedCodeCache                       = true                                      {product} {ergonomic}
     bool UseCompressedClassPointers               = true                                 {lp64_product} {ergonomic}
     bool UseCompressedOops                        = true                                 {lp64_product} {ergonomic}
     bool UseG1GC                                  = true                                      {product} {ergonomic}
     bool UseLargePagesIndividualAllocation        = false                                  {pd product} {ergonomic}

Logging:
Log output configuration:
 #0: stdout all=warning uptime,level,tags
 #1: stderr all=off uptime,level,tags

Environment Variables:
PATH=C:\Program Files\Common Files\Oracle\Java\javapath;C:\Program Files (x86)\Common Files\Oracle\Java\javapath;C:\Program Files (x86)\Razer\ChromaBroadcast\bin;C:\Program Files\Razer\ChromaBroadcast\bin;C:\Windows\system32;C:\Windows;C:\Windows\System32\Wbem;C:\Windows\System32\WindowsPowerShell\v1.0\;C:\Windows\System32\OpenSSH\;C:\Program Files (x86)\NVIDIA Corporation\PhysX\Common;C:\Program Files\NVIDIA Corporation\NVIDIA NvDLISR;C:\WINDOWS\system32;C:\WINDOWS;C:\WINDOWS\System32\Wbem;C:\WINDOWS\System32\WindowsPowerShell\v1.0\;C:\WINDOWS\System32\OpenSSH\;C:\WINDOWS\system32\config\systemprofile\AppData\Local\Microsoft\WindowsApps;C:\WINDOWS\system32;C:\WINDOWS;C:\WINDOWS\System32\Wbem;C:\WINDOWS\System32\WindowsPowerShell\v1.0\;C:\WINDOWS\System32\OpenSSH\;C:\ProgramData\chocolatey\bin;C:\ProgramData\chocolatey\lib\mpv.install\tools;C:\Program Files\dotnet\;C:\Users\Ray Ann Martinez\AppData\Local\Android Open Source Project\Emulator;C:\Program Files\Git\cmd;C:\Program Files\Docker\Docker\resources\bin;C:\ProgramData\DockerDesktop\version-bin;C:\Program Files\nodejs\;C:\Users\Ray Ann Martinez\AppData\Local\Packages\PythonSoftwareFoundation.Python.3.10_qbz5n2kfra8p0\LocalCache\local-packages\Python310\Scripts;C:\Users\Ray Ann Martinez\AppData\Local\Microsoft\WindowsApps;C:\Users\Ray Ann Martinez\AppData\Local\Android Open Source Project\Emulator;C:\Program Files\Java\jdk-18.0.2.1\bin;C:\Users\Ray Ann Martinez\AppData\Local\Programs\Microsoft VS Code\bin;C:\Users\Ray Ann Martinez\AppData\Roaming\npm;C:\Users\Ray Ann Martinez\AppData\Local\GitHubDesktop\bin;C:\Users\Ray Ann Martinez\AppData\Local\Programs\Python\Python310\Scripts;C:\Users\Ray Ann Martinez\AppData\Local\Packages\PythonSoftwareFoundation.Python.3.10_qbz5n2kfra8p0\LocalCache\local-packages\Python310\Scripts;
USERNAME=Ray Ann Martinez
OS=Windows_NT
PROCESSOR_IDENTIFIER=Intel64 Family 6 Model 165 Stepping 2, GenuineIntel



---------------  S Y S T E M  ---------------

OS: Windows 10 , 64 bit Build 22621 (10.0.22621.457)
OS uptime: 1 days 7:05 hours
Hyper-V role detected

CPU:total 8 (initial active 8) (4 cores per cpu, 2 threads per core) family 6 model 165 stepping 2 microcode 0xe2, cmov, cx8, fxsr, mmx, sse, sse2, sse3, ssse3, sse4.1, sse4.2, popcnt, avx, avx2, aes, clmul, erms, 3dnowpref, lzcnt, ht, tsc, tscinvbit, bmi1, bmi2, adx, fma

Memory: 4k page, system-wide physical 8059M (177M free)
TotalPageFile size 32635M (AvailPageFile size 5M)
current process WorkingSet (physical memory assigned to process): 500M, peak: 516M
current process commit charge ("private bytes"): 559M, peak: 561M

vm_info: OpenJDK 64-Bit Server VM (11.0.12+7-b1504.28-7817840) for windows-amd64 JRE (11.0.12+7-b1504.28-7817840), built on Oct 13 2021 22:12:33 by "builder" with MS VC++ 14.0 (VS2015)

END.
