#
# There is insufficient memory for the Java Runtime Environment to continue.
# Native memory allocation (mmap) failed to map 46137344 bytes for Failed to commit area from 0x000000008dc00000 to 0x0000000090800000 of length 46137344.
# Possible reasons:
#   The system is out of physical RAM or swap space
#   The process is running with CompressedOops enabled, and the Java Heap may be blocking the growth of the native heap
# Possible solutions:
#   Reduce memory load on the system
#   Increase physical memory or swap space
#   Check if swap backing store is full
#   Decrease Java heap size (-Xmx/-Xms)
#   Decrease number of Java threads
#   Decrease Java thread stack sizes (-Xss)
#   Set larger code cache with -XX:ReservedCodeCacheSize=
#   JVM is running with Unscaled Compressed Oops mode in which the Java heap is
#     placed in the first 4GB address space. The Java Heap base address is the
#     maximum limit for the native heap growth. Please use -XX:HeapBaseMinAddress
#     to set the Java Heap base and to place the Java Heap above 4GB virtual address.
# This output file may be truncated or incomplete.
#
#  Out of Memory Error (./src/hotspot/os/windows/os_windows.cpp:3521), pid=20584, tid=8048
#
# JRE version: OpenJDK Runtime Environment (11.0.12+7) (build 11.0.12+7-b1504.28-7817840)
# Java VM: OpenJDK 64-Bit Server VM (11.0.12+7-b1504.28-7817840, mixed mode, tiered, compressed oops, g1 gc, windows-amd64)
# No core dump will be written. Minidumps are not enabled by default on client versions of Windows
#

---------------  S U M M A R Y ------------

Command Line: --add-opens=java.base/java.util=ALL-UNNAMED --add-opens=java.base/java.lang=ALL-UNNAMED --add-opens=java.base/java.lang.invoke=ALL-UNNAMED --add-opens=java.base/java.util=ALL-UNNAMED --add-opens=java.prefs/java.util.prefs=ALL-UNNAMED --add-opens=java.prefs/java.util.prefs=ALL-UNNAMED --add-opens=java.base/java.nio.charset=ALL-UNNAMED --add-opens=java.base/java.net=ALL-UNNAMED --add-opens=java.base/java.util.concurrent.atomic=ALL-UNNAMED -Xmx2048m -Dfile.encoding=UTF-8 -Duser.country=PH -Duser.language=en -Duser.variant org.gradle.launcher.daemon.bootstrap.GradleDaemon 7.3.3

Host: Intel(R) Core(TM) i5-10300H CPU @ 2.50GHz, 8 cores, 7G,  Windows 10 , 64 bit Build 22621 (10.0.22621.457)
Time: Mon Oct  3 20:45:37 2022 Malay Peninsula Standard Time elapsed time: 16.371881 seconds (0d 0h 0m 16s)

---------------  T H R E A D  ---------------

Current thread (0x0000021fb2320800):  VMThread "VM Thread" [stack: 0x000000ae39700000,0x000000ae39800000] [id=8048]

Stack: [0x000000ae39700000,0x000000ae39800000]
[error occurred during error reporting (printing stack bounds), id 0xc0000005, EXCEPTION_ACCESS_VIOLATION (0xc0000005) at pc=0x0000021f9b99112d]

Native frames: (J=compiled Java code, j=interpreted, Vv=VM code, C=native code)
V  [jvm.dll+0x5fbcea]
V  [jvm.dll+0x731905]
V  [jvm.dll+0x732f1d]
V  [jvm.dll+0x733535]
V  [jvm.dll+0x7334eb]
V  [jvm.dll+0x5fb080]
V  [jvm.dll+0x5fb818]
C  [ntdll.dll+0xa3e1f]
C  [ntdll.dll+0x1eae6]
C  [ntdll.dll+0xa2e0e]
C  0x0000021f9b99112d

VM_Operation (0x000000ae420f8400): G1CollectForAllocation, mode: safepoint, requested by thread 0x0000021fb873e000


---------------  P R O C E S S  ---------------

Threads class SMR info:
_java_thread_list=0x0000021fb32fced0, length=135, elements={
0x0000021f97e89000, 0x0000021fb2323800, 0x0000021fb232c800, 0x0000021fb233d800,
0x0000021fb233e800, 0x0000021fb2340000, 0x0000021fb2343000, 0x0000021fb2345000,
0x0000021fb2c97000, 0x0000021fb2dfb800, 0x0000021fb4bcc000, 0x0000021fb4f37800,
0x0000021fb4cb0000, 0x0000021fb465b000, 0x0000021fb2f00800, 0x0000021fb47dc800,
0x0000021fb4b89800, 0x0000021fb4449000, 0x0000021fb4ea6800, 0x0000021fb3adb800,
0x0000021fb4ace800, 0x0000021fb4acc000, 0x0000021fb4acd800, 0x0000021fb34d2800,
0x0000021fb4aca800, 0x0000021fb4acf800, 0x0000021fb4ad0000, 0x0000021fb4ad1000,
0x0000021fb4acb800, 0x0000021fb4acd000, 0x0000021fb5dd1800, 0x0000021fb5dce000,
0x0000021fb5dcf000, 0x0000021fb5dd3000, 0x0000021fb5dd0800, 0x0000021fb5dcd800,
0x0000021fb5dd4800, 0x0000021fb5dd6000, 0x0000021fb5dd9800, 0x0000021fb5dd7000,
0x0000021fb5dd4000, 0x0000021fb5dd8000, 0x0000021fb5ddb000, 0x0000021fb5dd8800,
0x0000021fb5dda800, 0x0000021fb5dd5800, 0x0000021fb5ddc000, 0x0000021fb5d8a000,
0x0000021fb5d8b000, 0x0000021fb5d87800, 0x0000021fb5d89800, 0x0000021fb5d88800,
0x0000021fb5d8c000, 0x0000021fb5d87000, 0x0000021fb5d86000, 0x0000021fb5d90800,
0x0000021fb5d8e000, 0x0000021fb5d91800, 0x0000021fb5d8f000, 0x0000021fb5d92800,
0x0000021fb5d8c800, 0x0000021fb5d93000, 0x0000021fb5d90000, 0x0000021fb5d8d800,
0x0000021fb5d94000, 0x0000021fb5d95000, 0x0000021fb5ef9000, 0x0000021fb5efa000,
0x0000021fb5ef6800, 0x0000021fb5ef4800, 0x0000021fb5ef5000, 0x0000021fb5efb800,
0x0000021fb5ef8800, 0x0000021fb5efb000, 0x0000021fb5ef7800, 0x0000021fb5ef6000,
0x0000021fb5efd800, 0x0000021fb5f02000, 0x0000021fb5f00800, 0x0000021fb5f01800,
0x0000021fb5eff000, 0x0000021fb5efc800, 0x0000021fb5f03000, 0x0000021fb5efe000,
0x0000021fb5f04000, 0x0000021fb5eff800, 0x0000021fb57a2000, 0x0000021fb579f800,
0x0000021fb579e000, 0x0000021fb579f000, 0x0000021fb579c800, 0x0000021fb57a0800,
0x0000021fb57a1800, 0x0000021fb57a3000, 0x0000021fb579d000, 0x0000021fb57a4800,
0x0000021fb57a5800, 0x0000021fb57a8000, 0x0000021fb57a3800, 0x0000021fb57a6000,
0x0000021fb57a7000, 0x0000021fb57a9800, 0x0000021fb57a8800, 0x0000021fb57aa800,
0x0000021fb57ab000, 0x0000021fb3fb7000, 0x0000021fb3fb6800, 0x0000021fb3fb8800,
0x0000021fb3fba800, 0x0000021fb3fb8000, 0x0000021fb3fb4800, 0x0000021fb3fb9800,
0x0000021fb3fbb000, 0x0000021fb3fb5800, 0x0000021fb3fbd800, 0x0000021fb3fbc000,
0x0000021fb3fc1000, 0x0000021fb3fbe800, 0x0000021fb3fc2800, 0x0000021fb3fbd000,
0x0000021fb3fc1800, 0x0000021fb3fc3800, 0x0000021fb3fbf800, 0x0000021fb8740800,
0x0000021fb8741800, 0x0000021fb873d800, 0x0000021fb8744000, 0x0000021fb8742800,
0x0000021fb873e000, 0x0000021fb8744800, 0x0000021fb873f000, 0x0000021fb8745800,
0x0000021fb8740000, 0x0000021fb874c000, 0x0000021fb874a800
}

Java Threads: ( => current thread )
  0x0000021f97e89000 JavaThread "main" [_thread_blocked, id=12616, stack(0x000000ae39100000,0x000000ae39200000)]
  0x0000021fb2323800 JavaThread "Reference Handler" daemon [_thread_blocked, id=9736, stack(0x000000ae39800000,0x000000ae39900000)]
  0x0000021fb232c800 JavaThread "Finalizer" daemon [_thread_blocked, id=4004, stack(0x000000ae39900000,0x000000ae39a00000)]
  0x0000021fb233d800 JavaThread "Signal Dispatcher" daemon [_thread_blocked, id=11052, stack(0x000000ae39a00000,0x000000ae39b00000)]
  0x0000021fb233e800 JavaThread "Attach Listener" daemon [_thread_blocked, id=17192, stack(0x000000ae39b00000,0x000000ae39c00000)]
  0x0000021fb2340000 JavaThread "Service Thread" daemon [_thread_blocked, id=17064, stack(0x000000ae39c00000,0x000000ae39d00000)]
  0x0000021fb2343000 JavaThread "C2 CompilerThread0" daemon [_thread_blocked, id=18888, stack(0x000000ae39d00000,0x000000ae39e00000)]
  0x0000021fb2345000 JavaThread "C1 CompilerThread0" daemon [_thread_blocked, id=1872, stack(0x000000ae39e00000,0x000000ae39f00000)]
  0x0000021fb2c97000 JavaThread "Sweeper thread" daemon [_thread_blocked, id=17300, stack(0x000000ae39f00000,0x000000ae3a000000)]
  0x0000021fb2dfb800 JavaThread "Common-Cleaner" daemon [_thread_blocked, id=15184, stack(0x000000ae3a000000,0x000000ae3a100000)]
  0x0000021fb4bcc000 JavaThread "Daemon health stats" [_thread_blocked, id=1452, stack(0x000000ae3a600000,0x000000ae3a700000)]
  0x0000021fb4f37800 JavaThread "Incoming local TCP Connector on port 56892" [_thread_in_native, id=22212, stack(0x000000ae3a200000,0x000000ae3a300000)]
  0x0000021fb4cb0000 JavaThread "Daemon periodic checks" [_thread_blocked, id=22160, stack(0x000000ae3a300000,0x000000ae3a400000)]
  0x0000021fb465b000 JavaThread "Daemon" [_thread_blocked, id=19984, stack(0x000000ae3a700000,0x000000ae3a800000)]
  0x0000021fb2f00800 JavaThread "Handler for socket connection from /127.0.0.1:56892 to /127.0.0.1:56893" [_thread_in_native, id=16924, stack(0x000000ae3a800000,0x000000ae3a900000)]
  0x0000021fb47dc800 JavaThread "Cancel handler" [_thread_blocked, id=12320, stack(0x000000ae3a900000,0x000000ae3aa00000)]
  0x0000021fb4b89800 JavaThread "Daemon worker" [_thread_blocked, id=8372, stack(0x000000ae3aa00000,0x000000ae3ab00000)]
  0x0000021fb4449000 JavaThread "Asynchronous log dispatcher for DefaultDaemonConnection: socket connection from /127.0.0.1:56892 to /127.0.0.1:56893" [_thread_blocked, id=18692, stack(0x000000ae3ab00000,0x000000ae3ac00000)]
  0x0000021fb4ea6800 JavaThread "Stdin handler" [_thread_blocked, id=20300, stack(0x000000ae3ac00000,0x000000ae3ad00000)]
  0x0000021fb3adb800 JavaThread "Daemon client event forwarder" [_thread_blocked, id=3924, stack(0x000000ae3ad00000,0x000000ae3ae00000)]
  0x0000021fb4ace800 JavaThread "Cache worker for journal cache (C:\Users\Ray Ann Martinez\.gradle\caches\journal-1)" [_thread_blocked, id=8404, stack(0x000000ae3b300000,0x000000ae3b400000)]
  0x0000021fb4acc000 JavaThread "File lock request listener" [_thread_in_native, id=22344, stack(0x000000ae3b400000,0x000000ae3b500000)]
  0x0000021fb4acd800 JavaThread "Cache worker for file hash cache (C:\Users\Ray Ann Martinez\.gradle\caches\7.3.3\fileHashes)" [_thread_blocked, id=4936, stack(0x000000ae3b500000,0x000000ae3b600000)]
  0x0000021fb34d2800 JavaThread "C2 CompilerThread1" daemon [_thread_in_native, id=20368, stack(0x000000ae3b700000,0x000000ae3b800000)]
  0x0000021fb4aca800 JavaThread "Cache worker for file hash cache (C:\Users\Ray Ann Martinez\AndroidStudioProjects\Synapse\.gradle\7.3.3\fileHashes)" [_thread_blocked, id=20852, stack(0x000000ae3b800000,0x000000ae3b900000)]
  0x0000021fb4acf800 JavaThread "File watcher server" daemon [_thread_blocked, id=14456, stack(0x000000ae3b900000,0x000000ae3ba00000)]
  0x0000021fb4ad0000 JavaThread "File watcher consumer" daemon [_thread_blocked, id=1208, stack(0x000000ae3ba00000,0x000000ae3bb00000)]
  0x0000021fb4ad1000 JavaThread "Cache worker for checksums cache (C:\Users\Ray Ann Martinez\AndroidStudioProjects\Synapse\.gradle\7.3.3\checksums)" [_thread_blocked, id=22480, stack(0x000000ae3bb00000,0x000000ae3bc00000)]
  0x0000021fb4acb800 JavaThread "Cache worker for cache directory md-supplier (C:\Users\Ray Ann Martinez\.gradle\caches\7.3.3\md-supplier)" [_thread_blocked, id=5124, stack(0x000000ae3bc00000,0x000000ae3bd00000)]
  0x0000021fb4acd000 JavaThread "Cache worker for cache directory md-rule (C:\Users\Ray Ann Martinez\.gradle\caches\7.3.3\md-rule)" [_thread_blocked, id=12752, stack(0x000000ae3bd00000,0x000000ae3be00000)]
  0x0000021fb5dd1800 JavaThread "Cache worker for execution history cache (C:\Users\Ray Ann Martinez\.gradle\caches\7.3.3\executionHistory)" [_thread_blocked, id=20400, stack(0x000000ae3be00000,0x000000ae3bf00000)]
  0x0000021fb5dce000 JavaThread "jar transforms" [_thread_blocked, id=23284, stack(0x000000ae3bf00000,0x000000ae3c000000)]
  0x0000021fb5dcf000 JavaThread "Cache worker for file content cache (C:\Users\Ray Ann Martinez\.gradle\caches\7.3.3\fileContent)" [_thread_blocked, id=21312, stack(0x000000ae3c000000,0x000000ae3c100000)]
  0x0000021fb5dd3000 JavaThread "jar transforms Thread 2" [_thread_blocked, id=20044, stack(0x000000ae3c100000,0x000000ae3c200000)]
  0x0000021fb5dd0800 JavaThread "Cache worker for dependencies-accessors (C:\Users\Ray Ann Martinez\AndroidStudioProjects\Synapse\.gradle\7.3.3\dependencies-accessors)" [_thread_blocked, id=23100, stack(0x000000ae3c200000,0x000000ae3c300000)]
  0x0000021fb5dcd800 JavaThread "jar transforms Thread 3" [_thread_blocked, id=20800, stack(0x000000ae3c300000,0x000000ae3c400000)]
  0x0000021fb5dd4800 JavaThread "Cache worker for Build Output Cleanup Cache (C:\Users\Ray Ann Martinez\AndroidStudioProjects\Synapse\.gradle\buildOutputCleanup)" [_thread_blocked, id=22136, stack(0x000000ae3c400000,0x000000ae3c500000)]
  0x0000021fb5dd6000 JavaThread "Unconstrained build operations" [_thread_blocked, id=772, stack(0x000000ae3c500000,0x000000ae3c600000)]
  0x0000021fb5dd9800 JavaThread "Unconstrained build operations Thread 2" [_thread_blocked, id=11992, stack(0x000000ae3c600000,0x000000ae3c700000)]
  0x0000021fb5dd7000 JavaThread "Unconstrained build operations Thread 3" [_thread_blocked, id=21484, stack(0x000000ae3c700000,0x000000ae3c800000)]
  0x0000021fb5dd4000 JavaThread "Unconstrained build operations Thread 4" [_thread_blocked, id=17736, stack(0x000000ae3c800000,0x000000ae3c900000)]
  0x0000021fb5dd8000 JavaThread "Unconstrained build operations Thread 5" [_thread_blocked, id=8252, stack(0x000000ae3c900000,0x000000ae3ca00000)]
  0x0000021fb5ddb000 JavaThread "Unconstrained build operations Thread 6" [_thread_blocked, id=12124, stack(0x000000ae3ca00000,0x000000ae3cb00000)]
  0x0000021fb5dd8800 JavaThread "Unconstrained build operations Thread 7" [_thread_blocked, id=18364, stack(0x000000ae3cb00000,0x000000ae3cc00000)]
  0x0000021fb5dda800 JavaThread "Unconstrained build operations Thread 8" [_thread_blocked, id=15584, stack(0x000000ae3cc00000,0x000000ae3cd00000)]
  0x0000021fb5dd5800 JavaThread "Unconstrained build operations Thread 9" [_thread_blocked, id=10892, stack(0x000000ae3cd00000,0x000000ae3ce00000)]
  0x0000021fb5ddc000 JavaThread "Unconstrained build operations Thread 10" [_thread_blocked, id=17148, stack(0x000000ae3ce00000,0x000000ae3cf00000)]
  0x0000021fb5d8a000 JavaThread "Unconstrained build operations Thread 11" [_thread_blocked, id=23472, stack(0x000000ae3cf00000,0x000000ae3d000000)]
  0x0000021fb5d8b000 JavaThread "Unconstrained build operations Thread 12" [_thread_blocked, id=5616, stack(0x000000ae3d000000,0x000000ae3d100000)]
  0x0000021fb5d87800 JavaThread "Unconstrained build operations Thread 13" [_thread_blocked, id=23200, stack(0x000000ae3d100000,0x000000ae3d200000)]
  0x0000021fb5d89800 JavaThread "Unconstrained build operations Thread 14" [_thread_blocked, id=22652, stack(0x000000ae3d200000,0x000000ae3d300000)]
  0x0000021fb5d88800 JavaThread "Unconstrained build operations Thread 15" [_thread_blocked, id=14168, stack(0x000000ae3d300000,0x000000ae3d400000)]
  0x0000021fb5d8c000 JavaThread "Unconstrained build operations Thread 16" [_thread_blocked, id=1748, stack(0x000000ae3d400000,0x000000ae3d500000)]
  0x0000021fb5d87000 JavaThread "Unconstrained build operations Thread 17" [_thread_blocked, id=19620, stack(0x000000ae3d500000,0x000000ae3d600000)]
  0x0000021fb5d86000 JavaThread "Unconstrained build operations Thread 18" [_thread_blocked, id=20656, stack(0x000000ae3d600000,0x000000ae3d700000)]
  0x0000021fb5d90800 JavaThread "Unconstrained build operations Thread 19" [_thread_blocked, id=14128, stack(0x000000ae3d700000,0x000000ae3d800000)]
  0x0000021fb5d8e000 JavaThread "Unconstrained build operations Thread 20" [_thread_blocked, id=22004, stack(0x000000ae3d800000,0x000000ae3d900000)]
  0x0000021fb5d91800 JavaThread "Unconstrained build operations Thread 21" [_thread_blocked, id=21636, stack(0x000000ae3d900000,0x000000ae3da00000)]
  0x0000021fb5d8f000 JavaThread "Unconstrained build operations Thread 22" [_thread_blocked, id=1888, stack(0x000000ae3da00000,0x000000ae3db00000)]
  0x0000021fb5d92800 JavaThread "Unconstrained build operations Thread 23" [_thread_blocked, id=20928, stack(0x000000ae3db00000,0x000000ae3dc00000)]
  0x0000021fb5d8c800 JavaThread "Unconstrained build operations Thread 24" [_thread_blocked, id=17036, stack(0x000000ae3dc00000,0x000000ae3dd00000)]
  0x0000021fb5d93000 JavaThread "Unconstrained build operations Thread 25" [_thread_blocked, id=11396, stack(0x000000ae3dd00000,0x000000ae3de00000)]
  0x0000021fb5d90000 JavaThread "Unconstrained build operations Thread 26" [_thread_blocked, id=16780, stack(0x000000ae3de00000,0x000000ae3df00000)]
  0x0000021fb5d8d800 JavaThread "Unconstrained build operations Thread 27" [_thread_blocked, id=10168, stack(0x000000ae3df00000,0x000000ae3e000000)]
  0x0000021fb5d94000 JavaThread "Unconstrained build operations Thread 28" [_thread_blocked, id=11532, stack(0x000000ae3e000000,0x000000ae3e100000)]
  0x0000021fb5d95000 JavaThread "Unconstrained build operations Thread 29" [_thread_blocked, id=12936, stack(0x000000ae3e100000,0x000000ae3e200000)]
  0x0000021fb5ef9000 JavaThread "Unconstrained build operations Thread 30" [_thread_blocked, id=11600, stack(0x000000ae3e200000,0x000000ae3e300000)]
  0x0000021fb5efa000 JavaThread "Unconstrained build operations Thread 31" [_thread_blocked, id=10716, stack(0x000000ae3e300000,0x000000ae3e400000)]
  0x0000021fb5ef6800 JavaThread "Unconstrained build operations Thread 32" [_thread_blocked, id=22404, stack(0x000000ae3e400000,0x000000ae3e500000)]
  0x0000021fb5ef4800 JavaThread "Unconstrained build operations Thread 33" [_thread_blocked, id=11456, stack(0x000000ae3e500000,0x000000ae3e600000)]
  0x0000021fb5ef5000 JavaThread "Unconstrained build operations Thread 34" [_thread_blocked, id=2840, stack(0x000000ae3e600000,0x000000ae3e700000)]
  0x0000021fb5efb800 JavaThread "Unconstrained build operations Thread 35" [_thread_blocked, id=18772, stack(0x000000ae3e700000,0x000000ae3e800000)]
  0x0000021fb5ef8800 JavaThread "Unconstrained build operations Thread 36" [_thread_blocked, id=8928, stack(0x000000ae3e800000,0x000000ae3e900000)]
  0x0000021fb5efb000 JavaThread "Unconstrained build operations Thread 37" [_thread_blocked, id=16024, stack(0x000000ae3e900000,0x000000ae3ea00000)]
  0x0000021fb5ef7800 JavaThread "Unconstrained build operations Thread 38" [_thread_blocked, id=12976, stack(0x000000ae3ea00000,0x000000ae3eb00000)]
  0x0000021fb5ef6000 JavaThread "Unconstrained build operations Thread 39" [_thread_blocked, id=16172, stack(0x000000ae3eb00000,0x000000ae3ec00000)]
  0x0000021fb5efd800 JavaThread "Unconstrained build operations Thread 40" [_thread_blocked, id=7152, stack(0x000000ae3ec00000,0x000000ae3ed00000)]
  0x0000021fb5f02000 JavaThread "Unconstrained build operations Thread 41" [_thread_blocked, id=1292, stack(0x000000ae3ed00000,0x000000ae3ee00000)]
  0x0000021fb5f00800 JavaThread "Unconstrained build operations Thread 42" [_thread_blocked, id=14332, stack(0x000000ae3ee00000,0x000000ae3ef00000)]
  0x0000021fb5f01800 JavaThread "Unconstrained build operations Thread 43" [_thread_blocked, id=10412, stack(0x000000ae3ef00000,0x000000ae3f000000)]
  0x0000021fb5eff000 JavaThread "Unconstrained build operations Thread 44" [_thread_blocked, id=21900, stack(0x000000ae3f000000,0x000000ae3f100000)]
  0x0000021fb5efc800 JavaThread "Unconstrained build operations Thread 45" [_thread_blocked, id=12956, stack(0x000000ae3f100000,0x000000ae3f200000)]
  0x0000021fb5f03000 JavaThread "Unconstrained build operations Thread 46" [_thread_blocked, id=13568, stack(0x000000ae3f200000,0x000000ae3f300000)]
  0x0000021fb5efe000 JavaThread "Unconstrained build operations Thread 47" [_thread_blocked, id=7192, stack(0x000000ae3f300000,0x000000ae3f400000)]
  0x0000021fb5f04000 JavaThread "Unconstrained build operations Thread 48" [_thread_blocked, id=19056, stack(0x000000ae3f400000,0x000000ae3f500000)]
  0x0000021fb5eff800 JavaThread "Unconstrained build operations Thread 49" [_thread_blocked, id=1928, stack(0x000000ae3f500000,0x000000ae3f600000)]
  0x0000021fb57a2000 JavaThread "Unconstrained build operations Thread 50" [_thread_blocked, id=19480, stack(0x000000ae3f600000,0x000000ae3f700000)]
  0x0000021fb579f800 JavaThread "Unconstrained build operations Thread 51" [_thread_blocked, id=11772, stack(0x000000ae3f700000,0x000000ae3f800000)]
  0x0000021fb579e000 JavaThread "Unconstrained build operations Thread 52" [_thread_blocked, id=8444, stack(0x000000ae3f800000,0x000000ae3f900000)]
  0x0000021fb579f000 JavaThread "Unconstrained build operations Thread 53" [_thread_blocked, id=16276, stack(0x000000ae3f900000,0x000000ae3fa00000)]
  0x0000021fb579c800 JavaThread "Unconstrained build operations Thread 54" [_thread_blocked, id=10804, stack(0x000000ae3fa00000,0x000000ae3fb00000)]
  0x0000021fb57a0800 JavaThread "Unconstrained build operations Thread 55" [_thread_blocked, id=22424, stack(0x000000ae3fb00000,0x000000ae3fc00000)]
  0x0000021fb57a1800 JavaThread "Unconstrained build operations Thread 56" [_thread_blocked, id=8696, stack(0x000000ae3fc00000,0x000000ae3fd00000)]
  0x0000021fb57a3000 JavaThread "Unconstrained build operations Thread 57" [_thread_blocked, id=8724, stack(0x000000ae3fd00000,0x000000ae3fe00000)]
  0x0000021fb579d000 JavaThread "Unconstrained build operations Thread 58" [_thread_blocked, id=2052, stack(0x000000ae3fe00000,0x000000ae3ff00000)]
  0x0000021fb57a4800 JavaThread "Unconstrained build operations Thread 59" [_thread_blocked, id=20948, stack(0x000000ae3ff00000,0x000000ae40000000)]
  0x0000021fb57a5800 JavaThread "Unconstrained build operations Thread 60" [_thread_blocked, id=13120, stack(0x000000ae40000000,0x000000ae40100000)]
  0x0000021fb57a8000 JavaThread "Unconstrained build operations Thread 61" [_thread_blocked, id=22108, stack(0x000000ae40100000,0x000000ae40200000)]
  0x0000021fb57a3800 JavaThread "Unconstrained build operations Thread 62" [_thread_blocked, id=16764, stack(0x000000ae40200000,0x000000ae40300000)]
  0x0000021fb57a6000 JavaThread "Unconstrained build operations Thread 63" [_thread_blocked, id=1352, stack(0x000000ae40300000,0x000000ae40400000)]
  0x0000021fb57a7000 JavaThread "Unconstrained build operations Thread 64" [_thread_blocked, id=6820, stack(0x000000ae40400000,0x000000ae40500000)]
  0x0000021fb57a9800 JavaThread "Unconstrained build operations Thread 65" [_thread_blocked, id=21008, stack(0x000000ae40500000,0x000000ae40600000)]
  0x0000021fb57a8800 JavaThread "Unconstrained build operations Thread 66" [_thread_blocked, id=22636, stack(0x000000ae40600000,0x000000ae40700000)]
  0x0000021fb57aa800 JavaThread "Unconstrained build operations Thread 67" [_thread_blocked, id=15544, stack(0x000000ae40700000,0x000000ae40800000)]
  0x0000021fb57ab000 JavaThread "Unconstrained build operations Thread 68" [_thread_blocked, id=14316, stack(0x000000ae40800000,0x000000ae40900000)]
  0x0000021fb3fb7000 JavaThread "Unconstrained build operations Thread 69" [_thread_blocked, id=5572, stack(0x000000ae40900000,0x000000ae40a00000)]
  0x0000021fb3fb6800 JavaThread "Unconstrained build operations Thread 70" [_thread_blocked, id=14936, stack(0x000000ae40a00000,0x000000ae40b00000)]
  0x0000021fb3fb8800 JavaThread "Unconstrained build operations Thread 71" [_thread_blocked, id=1756, stack(0x000000ae40b00000,0x000000ae40c00000)]
  0x0000021fb3fba800 JavaThread "Unconstrained build operations Thread 72" [_thread_blocked, id=21468, stack(0x000000ae40c00000,0x000000ae40d00000)]
  0x0000021fb3fb8000 JavaThread "Unconstrained build operations Thread 73" [_thread_blocked, id=17816, stack(0x000000ae40d00000,0x000000ae40e00000)]
  0x0000021fb3fb4800 JavaThread "Unconstrained build operations Thread 74" [_thread_blocked, id=752, stack(0x000000ae40e00000,0x000000ae40f00000)]
  0x0000021fb3fb9800 JavaThread "Unconstrained build operations Thread 75" [_thread_blocked, id=2764, stack(0x000000ae40f00000,0x000000ae41000000)]
  0x0000021fb3fbb000 JavaThread "Unconstrained build operations Thread 76" [_thread_blocked, id=21876, stack(0x000000ae41000000,0x000000ae41100000)]
  0x0000021fb3fb5800 JavaThread "Unconstrained build operations Thread 77" [_thread_blocked, id=7748, stack(0x000000ae41100000,0x000000ae41200000)]
  0x0000021fb3fbd800 JavaThread "Unconstrained build operations Thread 78" [_thread_blocked, id=17172, stack(0x000000ae41200000,0x000000ae41300000)]
  0x0000021fb3fbc000 JavaThread "Unconstrained build operations Thread 79" [_thread_blocked, id=12756, stack(0x000000ae41300000,0x000000ae41400000)]
  0x0000021fb3fc1000 JavaThread "Unconstrained build operations Thread 80" [_thread_blocked, id=19236, stack(0x000000ae41400000,0x000000ae41500000)]
  0x0000021fb3fbe800 JavaThread "jar transforms Thread 4" [_thread_blocked, id=784, stack(0x000000ae41500000,0x000000ae41600000)]
  0x0000021fb3fc2800 JavaThread "jar transforms Thread 5" [_thread_blocked, id=23136, stack(0x000000ae41600000,0x000000ae41700000)]
  0x0000021fb3fbd000 JavaThread "jar transforms Thread 6" [_thread_blocked, id=12848, stack(0x000000ae41700000,0x000000ae41800000)]
  0x0000021fb3fc1800 JavaThread "jar transforms Thread 7" [_thread_blocked, id=3048, stack(0x000000ae41800000,0x000000ae41900000)]
  0x0000021fb3fc3800 JavaThread "jar transforms Thread 8" [_thread_blocked, id=13608, stack(0x000000ae41900000,0x000000ae41a00000)]
  0x0000021fb3fbf800 JavaThread "Memory manager" [_thread_blocked, id=22632, stack(0x000000ae41a00000,0x000000ae41b00000)]
  0x0000021fb8740800 JavaThread "build event listener" [_thread_blocked, id=14556, stack(0x000000ae41b00000,0x000000ae41c00000)]
  0x0000021fb8741800 JavaThread "pool-3-thread-1" [_thread_blocked, id=20716, stack(0x000000ae41c00000,0x000000ae41d00000)]
  0x0000021fb873d800 JavaThread "build event listener" [_thread_blocked, id=12680, stack(0x000000ae41d00000,0x000000ae41e00000)]
  0x0000021fb8744000 JavaThread "Execution worker for ':'" [_thread_blocked, id=2196, stack(0x000000ae41e00000,0x000000ae41f00000)]
  0x0000021fb8742800 JavaThread "Execution worker for ':' Thread 2" [_thread_blocked, id=3640, stack(0x000000ae41f00000,0x000000ae42000000)]
  0x0000021fb873e000 JavaThread "Execution worker for ':' Thread 3" [_thread_blocked, id=1280, stack(0x000000ae42000000,0x000000ae42100000)]
  0x0000021fb8744800 JavaThread "Execution worker for ':' Thread 4" [_thread_blocked, id=8708, stack(0x000000ae42100000,0x000000ae42200000)]
  0x0000021fb873f000 JavaThread "Execution worker for ':' Thread 5" [_thread_blocked, id=16980, stack(0x000000ae42200000,0x000000ae42300000)]
  0x0000021fb8745800 JavaThread "Execution worker for ':' Thread 6" [_thread_blocked, id=11548, stack(0x000000ae42300000,0x000000ae42400000)]
  0x0000021fb8740000 JavaThread "Execution worker for ':' Thread 7" [_thread_blocked, id=19040, stack(0x000000ae42400000,0x000000ae42500000)]
  0x0000021fb874c000 JavaThread "Cache worker for execution history cache (C:\Users\Ray Ann Martinez\AndroidStudioProjects\Synapse\.gradle\7.3.3\executionHistory)" [_thread_blocked, id=4752, stack(0x000000ae42500000,0x000000ae42600000)]
  0x0000021fb874a800 JavaThread "Cache worker for Java compile cache (C:\Users\Ray Ann Martinez\.gradle\caches\7.3.3\javaCompile)" [_thread_blocked, id=796, stack(0x000000ae42600000,0x000000ae42700000)]

Other Threads:
=>0x0000021fb2320800 VMThread "VM Thread" [stack: 0x000000ae39700000,0x000000ae39800000] [id=8048]
  0x0000021fb2e42800 WatcherThread [stack: 0x000000ae3a100000,0x000000ae3a200000] [id=12744]
  0x0000021f97ea3000 GCTaskThread "GC Thread#0" [stack: 0x000000ae39200000,0x000000ae39300000] [id=14224]
  0x0000021fb3fe1000 GCTaskThread "GC Thread#1" [stack: 0x000000ae3a400000,0x000000ae3a500000] [id=17788]
  0x0000021fb3157800 GCTaskThread "GC Thread#2" [stack: 0x000000ae3a500000,0x000000ae3a600000] [id=17892]
  0x0000021fb3252000 GCTaskThread "GC Thread#3" [stack: 0x000000ae3ae00000,0x000000ae3af00000] [id=6192]
  0x0000021fb4d25000 GCTaskThread "GC Thread#4" [stack: 0x000000ae3af00000,0x000000ae3b000000] [id=13812]
  0x0000021fb46f7000 GCTaskThread "GC Thread#5" [stack: 0x000000ae3b000000,0x000000ae3b100000] [id=13524]
  0x0000021fb5386800 GCTaskThread "GC Thread#6" [stack: 0x000000ae3b100000,0x000000ae3b200000] [id=8360]
  0x0000021fb4b3e000 GCTaskThread "GC Thread#7" [stack: 0x000000ae3b200000,0x000000ae3b300000] [id=10984]
  0x0000021f97ed6800 ConcurrentGCThread "G1 Main Marker" [stack: 0x000000ae39300000,0x000000ae39400000] [id=1412]
  0x0000021f97ed8800 ConcurrentGCThread "G1 Conc#0" [stack: 0x000000ae39400000,0x000000ae39500000] [id=11428]
  0x0000021fb4f05000 ConcurrentGCThread "G1 Conc#1" [stack: 0x000000ae3b600000,0x000000ae3b700000] [id=2800]
  0x0000021f97f5c800 ConcurrentGCThread "G1 Refine#0" [stack: 0x000000ae39500000,0x000000ae39600000] [id=20776]
  0x0000021fb2172800 ConcurrentGCThread "G1 Young RemSet Sampling" [stack: 0x000000ae39600000,0x000000ae39700000] [id=8808]

Threads with active compile tasks:
C2 CompilerThread0  16392 12884       4       org.apache.xerces.impl.XMLEntityScanner::scanName (290 bytes)
C2 CompilerThread1  16392 12328       4       com.sun.tools.javac.code.Symbol::complete (30 bytes)

VM state:at safepoint (normal execution)

VM Mutex/Monitor currently owned by a thread:  ([mutex/lock_event])
[0x0000021f97e84d50] Threads_lock - owner thread: 0x0000021fb2320800
[0x0000021f97e85f50] Heap_lock - owner thread: 0x0000021fb873e000

Heap address: 0x0000000080000000, size: 2048 MB, Compressed Oops mode: 32-bit
Narrow klass base: 0x0000000000000000, Narrow klass shift: 3
Compressed class space size: 1073741824 Address: 0x0000000100000000

Heap:
 garbage-first heap   total 270336K, used 154142K [0x0000000080000000, 0x0000000100000000)
  region size 1024K, 7 young (7168K), 7 survivors (7168K)
 Metaspace       used 99307K, capacity 101753K, committed 102648K, reserved 1138688K
  class space    used 12510K, capacity 13439K, committed 13816K, reserved 1048576K
Heap Regions: E=young(eden), S=young(survivor), O=old, HS=humongous(starts), HC=humongous(continues), CS=collection set, F=free, A=archive, TAMS=top-at-mark-start (previous, next)
|   0|0x0000000080000000, 0x0000000080100000, 0x0000000080100000|100%| O|  |TAMS 0x0000000080100000, 0x0000000080000000| Untracked 
|   1|0x0000000080100000, 0x0000000080200000, 0x0000000080200000|100%| O|  |TAMS 0x0000000080200000, 0x0000000080100000| Untracked 
|   2|0x0000000080200000, 0x0000000080300000, 0x0000000080300000|100%| O|  |TAMS 0x0000000080300000, 0x0000000080200000| Untracked 
|   3|0x0000000080300000, 0x0000000080400000, 0x0000000080400000|100%|HS|  |TAMS 0x0000000080400000, 0x0000000080300000| Complete 
|   4|0x0000000080400000, 0x0000000080500000, 0x0000000080500000|100%|HC|  |TAMS 0x0000000080500000, 0x0000000080400000| Complete 
|   5|0x0000000080500000, 0x0000000080600000, 0x0000000080600000|100%|HC|  |TAMS 0x0000000080600000, 0x0000000080500000| Complete 
|   6|0x0000000080600000, 0x0000000080700000, 0x0000000080700000|100%| O|  |TAMS 0x0000000080700000, 0x0000000080600000| Untracked 
|   7|0x0000000080700000, 0x0000000080800000, 0x0000000080800000|100%| O|  |TAMS 0x0000000080800000, 0x0000000080700000| Untracked 
|   8|0x0000000080800000, 0x0000000080900000, 0x0000000080900000|100%| O|  |TAMS 0x0000000080900000, 0x0000000080800000| Untracked 
|   9|0x0000000080900000, 0x0000000080a00000, 0x0000000080a00000|100%| O|  |TAMS 0x0000000080a00000, 0x0000000080900000| Untracked 
|  10|0x0000000080a00000, 0x0000000080b00000, 0x0000000080b00000|100%| O|  |TAMS 0x0000000080b00000, 0x0000000080a00000| Untracked 
|  11|0x0000000080b00000, 0x0000000080c00000, 0x0000000080c00000|100%| O|  |TAMS 0x0000000080c00000, 0x0000000080b00000| Untracked 
|  12|0x0000000080c00000, 0x0000000080d00000, 0x0000000080d00000|100%| O|  |TAMS 0x0000000080d00000, 0x0000000080c00000| Untracked 
|  13|0x0000000080d00000, 0x0000000080e00000, 0x0000000080e00000|100%| O|  |TAMS 0x0000000080e00000, 0x0000000080d00000| Untracked 
|  14|0x0000000080e00000, 0x0000000080f00000, 0x0000000080f00000|100%| O|  |TAMS 0x0000000080f00000, 0x0000000080e00000| Untracked 
|  15|0x0000000080f00000, 0x0000000081000000, 0x0000000081000000|100%| O|  |TAMS 0x0000000081000000, 0x0000000080f00000| Untracked 
|  16|0x0000000081000000, 0x0000000081100000, 0x0000000081100000|100%|HS|  |TAMS 0x0000000081100000, 0x0000000081000000| Complete 
|  17|0x0000000081100000, 0x0000000081200000, 0x0000000081200000|100%| O|  |TAMS 0x0000000081200000, 0x0000000081100000| Untracked 
|  18|0x0000000081200000, 0x0000000081300000, 0x0000000081300000|100%| O|  |TAMS 0x0000000081300000, 0x0000000081200000| Untracked 
|  19|0x0000000081300000, 0x0000000081400000, 0x0000000081400000|100%| O|  |TAMS 0x0000000081400000, 0x0000000081300000| Untracked 
|  20|0x0000000081400000, 0x0000000081500000, 0x0000000081500000|100%| O|  |TAMS 0x0000000081500000, 0x0000000081400000| Untracked 
|  21|0x0000000081500000, 0x0000000081600000, 0x0000000081600000|100%| O|  |TAMS 0x0000000081600000, 0x0000000081500000| Untracked 
|  22|0x0000000081600000, 0x0000000081700000, 0x0000000081700000|100%| O|  |TAMS 0x0000000081700000, 0x0000000081600000| Untracked 
|  23|0x0000000081700000, 0x0000000081800000, 0x0000000081800000|100%| O|  |TAMS 0x0000000081800000, 0x0000000081700000| Untracked 
|  24|0x0000000081800000, 0x0000000081900000, 0x0000000081900000|100%| O|  |TAMS 0x0000000081900000, 0x0000000081800000| Untracked 
|  25|0x0000000081900000, 0x0000000081a00000, 0x0000000081a00000|100%| O|  |TAMS 0x0000000081a00000, 0x0000000081900000| Untracked 
|  26|0x0000000081a00000, 0x0000000081b00000, 0x0000000081b00000|100%| O|  |TAMS 0x0000000081b00000, 0x0000000081a00000| Untracked 
|  27|0x0000000081b00000, 0x0000000081c00000, 0x0000000081c00000|100%|HS|  |TAMS 0x0000000081c00000, 0x0000000081b00000| Complete 
|  28|0x0000000081c00000, 0x0000000081d00000, 0x0000000081d00000|100%|HS|  |TAMS 0x0000000081d00000, 0x0000000081c00000| Complete 
|  29|0x0000000081d00000, 0x0000000081e00000, 0x0000000081e00000|100%|HC|  |TAMS 0x0000000081e00000, 0x0000000081d00000| Complete 
|  30|0x0000000081e00000, 0x0000000081f00000, 0x0000000081f00000|100%| O|  |TAMS 0x0000000081f00000, 0x0000000081e00000| Untracked 
|  31|0x0000000081f00000, 0x0000000082000000, 0x0000000082000000|100%| O|  |TAMS 0x0000000082000000, 0x0000000081f00000| Untracked 
|  32|0x0000000082000000, 0x0000000082100000, 0x0000000082100000|100%| O|  |TAMS 0x0000000082100000, 0x0000000082000000| Untracked 
|  33|0x0000000082100000, 0x0000000082200000, 0x0000000082200000|100%| O|  |TAMS 0x0000000082200000, 0x0000000082100000| Untracked 
|  34|0x0000000082200000, 0x0000000082300000, 0x0000000082300000|100%| O|  |TAMS 0x0000000082300000, 0x0000000082200000| Untracked 
|  35|0x0000000082300000, 0x0000000082400000, 0x0000000082400000|100%| O|  |TAMS 0x0000000082400000, 0x0000000082300000| Untracked 
|  36|0x0000000082400000, 0x0000000082500000, 0x0000000082500000|100%| O|  |TAMS 0x0000000082500000, 0x0000000082400000| Untracked 
|  37|0x0000000082500000, 0x0000000082600000, 0x0000000082600000|100%| O|  |TAMS 0x0000000082600000, 0x0000000082500000| Untracked 
|  38|0x0000000082600000, 0x0000000082700000, 0x0000000082700000|100%| O|  |TAMS 0x0000000082700000, 0x0000000082600000| Untracked 
|  39|0x0000000082700000, 0x0000000082800000, 0x0000000082800000|100%| O|  |TAMS 0x0000000082800000, 0x0000000082700000| Untracked 
|  40|0x0000000082800000, 0x0000000082900000, 0x0000000082900000|100%| O|  |TAMS 0x0000000082900000, 0x0000000082800000| Untracked 
|  41|0x0000000082900000, 0x0000000082a00000, 0x0000000082a00000|100%| O|  |TAMS 0x0000000082a00000, 0x0000000082900000| Untracked 
|  42|0x0000000082a00000, 0x0000000082b00000, 0x0000000082b00000|100%| O|  |TAMS 0x0000000082b00000, 0x0000000082a00000| Untracked 
|  43|0x0000000082b00000, 0x0000000082c00000, 0x0000000082c00000|100%| O|  |TAMS 0x0000000082c00000, 0x0000000082b00000| Untracked 
|  44|0x0000000082c00000, 0x0000000082d00000, 0x0000000082d00000|100%| O|  |TAMS 0x0000000082d00000, 0x0000000082c00000| Untracked 
|  45|0x0000000082d00000, 0x0000000082e00000, 0x0000000082e00000|100%| O|  |TAMS 0x0000000082e00000, 0x0000000082d00000| Untracked 
|  46|0x0000000082e00000, 0x0000000082f00000, 0x0000000082f00000|100%| O|  |TAMS 0x0000000082f00000, 0x0000000082e00000| Untracked 
|  47|0x0000000082f00000, 0x0000000083000000, 0x0000000083000000|100%| O|  |TAMS 0x0000000083000000, 0x0000000082f00000| Untracked 
|  48|0x0000000083000000, 0x0000000083100000, 0x0000000083100000|100%| O|  |TAMS 0x0000000083100000, 0x0000000083000000| Untracked 
|  49|0x0000000083100000, 0x0000000083200000, 0x0000000083200000|100%| O|  |TAMS 0x0000000083200000, 0x0000000083100000| Untracked 
|  50|0x0000000083200000, 0x0000000083300000, 0x0000000083300000|100%| O|  |TAMS 0x0000000083300000, 0x0000000083200000| Untracked 
|  51|0x0000000083300000, 0x0000000083400000, 0x0000000083400000|100%| O|  |TAMS 0x0000000083400000, 0x0000000083300000| Untracked 
|  52|0x0000000083400000, 0x0000000083500000, 0x0000000083500000|100%| O|  |TAMS 0x0000000083500000, 0x0000000083400000| Untracked 
|  53|0x0000000083500000, 0x0000000083600000, 0x0000000083600000|100%| O|  |TAMS 0x0000000083600000, 0x0000000083500000| Untracked 
|  54|0x0000000083600000, 0x0000000083700000, 0x0000000083700000|100%| O|  |TAMS 0x0000000083700000, 0x0000000083600000| Untracked 
|  55|0x0000000083700000, 0x0000000083800000, 0x0000000083800000|100%| O|  |TAMS 0x0000000083800000, 0x0000000083700000| Untracked 
|  56|0x0000000083800000, 0x0000000083900000, 0x0000000083900000|100%| O|  |TAMS 0x0000000083900000, 0x0000000083800000| Untracked 
|  57|0x0000000083900000, 0x0000000083a00000, 0x0000000083a00000|100%| O|  |TAMS 0x0000000083a00000, 0x0000000083900000| Untracked 
|  58|0x0000000083a00000, 0x0000000083b00000, 0x0000000083b00000|100%| O|  |TAMS 0x0000000083b00000, 0x0000000083a00000| Untracked 
|  59|0x0000000083b00000, 0x0000000083c00000, 0x0000000083c00000|100%| O|  |TAMS 0x0000000083c00000, 0x0000000083b00000| Untracked 
|  60|0x0000000083c00000, 0x0000000083d00000, 0x0000000083d00000|100%| O|  |TAMS 0x0000000083d00000, 0x0000000083c00000| Untracked 
|  61|0x0000000083d00000, 0x0000000083e00000, 0x0000000083e00000|100%| O|  |TAMS 0x0000000083e00000, 0x0000000083d00000| Untracked 
|  62|0x0000000083e00000, 0x0000000083f00000, 0x0000000083f00000|100%| O|  |TAMS 0x0000000083f00000, 0x0000000083e00000| Untracked 
|  63|0x0000000083f00000, 0x0000000084000000, 0x0000000084000000|100%| O|  |TAMS 0x0000000084000000, 0x0000000083f00000| Untracked 
|  64|0x0000000084000000, 0x0000000084100000, 0x0000000084100000|100%| O|  |TAMS 0x0000000084100000, 0x0000000084000000| Untracked 
|  65|0x0000000084100000, 0x0000000084200000, 0x0000000084200000|100%| O|  |TAMS 0x0000000084200000, 0x0000000084100000| Untracked 
|  66|0x0000000084200000, 0x0000000084300000, 0x0000000084300000|100%| O|  |TAMS 0x0000000084300000, 0x0000000084200000| Untracked 
|  67|0x0000000084300000, 0x0000000084400000, 0x0000000084400000|100%| O|  |TAMS 0x0000000084400000, 0x0000000084300000| Untracked 
|  68|0x0000000084400000, 0x0000000084500000, 0x0000000084500000|100%| O|  |TAMS 0x0000000084500000, 0x0000000084400000| Untracked 
|  69|0x0000000084500000, 0x0000000084600000, 0x0000000084600000|100%| O|  |TAMS 0x0000000084600000, 0x0000000084500000| Untracked 
|  70|0x0000000084600000, 0x0000000084700000, 0x0000000084700000|100%| O|  |TAMS 0x0000000084700000, 0x0000000084600000| Untracked 
|  71|0x0000000084700000, 0x0000000084800000, 0x0000000084800000|100%| O|  |TAMS 0x0000000084800000, 0x0000000084700000| Untracked 
|  72|0x0000000084800000, 0x0000000084900000, 0x0000000084900000|100%| O|  |TAMS 0x0000000084900000, 0x0000000084800000| Untracked 
|  73|0x0000000084900000, 0x0000000084a00000, 0x0000000084a00000|100%| O|  |TAMS 0x0000000084a00000, 0x0000000084900000| Untracked 
|  74|0x0000000084a00000, 0x0000000084b00000, 0x0000000084b00000|100%| O|  |TAMS 0x0000000084b00000, 0x0000000084a00000| Untracked 
|  75|0x0000000084b00000, 0x0000000084c00000, 0x0000000084c00000|100%| O|  |TAMS 0x0000000084c00000, 0x0000000084b00000| Untracked 
|  76|0x0000000084c00000, 0x0000000084d00000, 0x0000000084d00000|100%| O|  |TAMS 0x0000000084d00000, 0x0000000084c00000| Untracked 
|  77|0x0000000084d00000, 0x0000000084e00000, 0x0000000084e00000|100%| O|  |TAMS 0x0000000084e00000, 0x0000000084d00000| Untracked 
|  78|0x0000000084e00000, 0x0000000084f00000, 0x0000000084f00000|100%| O|  |TAMS 0x0000000084f00000, 0x0000000084e00000| Untracked 
|  79|0x0000000084f00000, 0x0000000085000000, 0x0000000085000000|100%| O|  |TAMS 0x0000000085000000, 0x0000000084f00000| Untracked 
|  80|0x0000000085000000, 0x0000000085100000, 0x0000000085100000|100%| O|  |TAMS 0x0000000085100000, 0x0000000085000000| Untracked 
|  81|0x0000000085100000, 0x0000000085200000, 0x0000000085200000|100%| O|  |TAMS 0x0000000085200000, 0x0000000085100000| Untracked 
|  82|0x0000000085200000, 0x0000000085300000, 0x0000000085300000|100%| O|  |TAMS 0x0000000085300000, 0x0000000085200000| Untracked 
|  83|0x0000000085300000, 0x0000000085400000, 0x0000000085400000|100%| O|  |TAMS 0x0000000085400000, 0x0000000085300000| Untracked 
|  84|0x0000000085400000, 0x0000000085500000, 0x0000000085500000|100%| O|  |TAMS 0x0000000085500000, 0x0000000085400000| Untracked 
|  85|0x0000000085500000, 0x0000000085600000, 0x0000000085600000|100%| O|  |TAMS 0x0000000085600000, 0x0000000085500000| Untracked 
|  86|0x0000000085600000, 0x0000000085700000, 0x0000000085700000|100%| O|  |TAMS 0x0000000085700000, 0x0000000085600000| Untracked 
|  87|0x0000000085700000, 0x0000000085800000, 0x0000000085800000|100%| O|  |TAMS 0x0000000085800000, 0x0000000085700000| Untracked 
|  88|0x0000000085800000, 0x0000000085900000, 0x0000000085900000|100%| O|  |TAMS 0x0000000085900000, 0x0000000085800000| Untracked 
|  89|0x0000000085900000, 0x0000000085a00000, 0x0000000085a00000|100%| O|  |TAMS 0x0000000085a00000, 0x0000000085900000| Untracked 
|  90|0x0000000085a00000, 0x0000000085b00000, 0x0000000085b00000|100%| O|  |TAMS 0x0000000085b00000, 0x0000000085a00000| Untracked 
|  91|0x0000000085b00000, 0x0000000085c00000, 0x0000000085c00000|100%| O|  |TAMS 0x0000000085c00000, 0x0000000085b00000| Untracked 
|  92|0x0000000085c00000, 0x0000000085d00000, 0x0000000085d00000|100%| O|  |TAMS 0x0000000085d00000, 0x0000000085c00000| Untracked 
|  93|0x0000000085d00000, 0x0000000085e00000, 0x0000000085e00000|100%| O|  |TAMS 0x0000000085e00000, 0x0000000085d00000| Untracked 
|  94|0x0000000085e00000, 0x0000000085f00000, 0x0000000085f00000|100%| O|  |TAMS 0x0000000085f00000, 0x0000000085e00000| Untracked 
|  95|0x0000000085f00000, 0x0000000086000000, 0x0000000086000000|100%|HS|  |TAMS 0x0000000086000000, 0x0000000085f00000| Complete 
|  96|0x0000000086000000, 0x0000000086100000, 0x0000000086100000|100%|HC|  |TAMS 0x0000000086100000, 0x0000000086000000| Complete 
|  97|0x0000000086100000, 0x0000000086200000, 0x0000000086200000|100%| O|  |TAMS 0x0000000086200000, 0x0000000086100000| Untracked 
|  98|0x0000000086200000, 0x0000000086300000, 0x0000000086300000|100%| O|  |TAMS 0x0000000086300000, 0x0000000086200000| Untracked 
|  99|0x0000000086300000, 0x0000000086400000, 0x0000000086400000|100%| O|  |TAMS 0x0000000086400000, 0x0000000086300000| Untracked 
| 100|0x0000000086400000, 0x0000000086500000, 0x0000000086500000|100%| O|  |TAMS 0x0000000086500000, 0x0000000086400000| Untracked 
| 101|0x0000000086500000, 0x0000000086600000, 0x0000000086600000|100%| O|  |TAMS 0x0000000086600000, 0x0000000086500000| Untracked 
| 102|0x0000000086600000, 0x0000000086700000, 0x0000000086700000|100%| O|  |TAMS 0x0000000086700000, 0x0000000086600000| Untracked 
| 103|0x0000000086700000, 0x0000000086800000, 0x0000000086800000|100%| O|  |TAMS 0x0000000086800000, 0x0000000086700000| Untracked 
| 104|0x0000000086800000, 0x0000000086900000, 0x0000000086900000|100%| O|  |TAMS 0x0000000086900000, 0x0000000086800000| Untracked 
| 105|0x0000000086900000, 0x0000000086a00000, 0x0000000086a00000|100%| O|  |TAMS 0x0000000086a00000, 0x0000000086900000| Untracked 
| 106|0x0000000086a00000, 0x0000000086b00000, 0x0000000086b00000|100%| O|  |TAMS 0x0000000086b00000, 0x0000000086a00000| Untracked 
| 107|0x0000000086b00000, 0x0000000086c00000, 0x0000000086c00000|100%| O|  |TAMS 0x0000000086c00000, 0x0000000086b00000| Untracked 
| 108|0x0000000086c00000, 0x0000000086d00000, 0x0000000086d00000|100%| O|  |TAMS 0x0000000086d00000, 0x0000000086c00000| Untracked 
| 109|0x0000000086d00000, 0x0000000086e00000, 0x0000000086e00000|100%| O|  |TAMS 0x0000000086e00000, 0x0000000086d00000| Untracked 
| 110|0x0000000086e00000, 0x0000000086f00000, 0x0000000086f00000|100%| O|  |TAMS 0x0000000086f00000, 0x0000000086e00000| Untracked 
| 111|0x0000000086f00000, 0x0000000087000000, 0x0000000087000000|100%| O|  |TAMS 0x0000000087000000, 0x0000000086f00000| Untracked 
| 112|0x0000000087000000, 0x0000000087100000, 0x0000000087100000|100%| O|  |TAMS 0x0000000087100000, 0x0000000087000000| Untracked 
| 113|0x0000000087100000, 0x0000000087200000, 0x0000000087200000|100%| O|  |TAMS 0x0000000087200000, 0x0000000087100000| Untracked 
| 114|0x0000000087200000, 0x0000000087300000, 0x0000000087300000|100%| O|  |TAMS 0x0000000087300000, 0x0000000087200000| Untracked 
| 115|0x0000000087300000, 0x0000000087400000, 0x0000000087400000|100%| O|  |TAMS 0x0000000087400000, 0x0000000087300000| Untracked 
| 116|0x0000000087400000, 0x0000000087500000, 0x0000000087500000|100%| O|  |TAMS 0x0000000087500000, 0x0000000087400000| Untracked 
| 117|0x0000000087500000, 0x0000000087600000, 0x0000000087600000|100%| O|  |TAMS 0x0000000087600000, 0x0000000087500000| Untracked 
| 118|0x0000000087600000, 0x0000000087700000, 0x0000000087700000|100%| O|  |TAMS 0x0000000087700000, 0x0000000087600000| Untracked 
| 119|0x0000000087700000, 0x0000000087800000, 0x0000000087800000|100%| O|  |TAMS 0x0000000087800000, 0x0000000087700000| Untracked 
| 120|0x0000000087800000, 0x0000000087900000, 0x0000000087900000|100%| O|  |TAMS 0x0000000087900000, 0x0000000087800000| Untracked 
| 121|0x0000000087900000, 0x0000000087a00000, 0x0000000087a00000|100%| O|  |TAMS 0x0000000087a00000, 0x0000000087900000| Untracked 
| 122|0x0000000087a00000, 0x0000000087b00000, 0x0000000087b00000|100%| O|  |TAMS 0x0000000087b00000, 0x0000000087a00000| Untracked 
| 123|0x0000000087b00000, 0x0000000087c00000, 0x0000000087c00000|100%| O|  |TAMS 0x0000000087c00000, 0x0000000087b00000| Untracked 
| 124|0x0000000087c00000, 0x0000000087d00000, 0x0000000087d00000|100%| O|  |TAMS 0x0000000087d00000, 0x0000000087c00000| Untracked 
| 125|0x0000000087d00000, 0x0000000087e00000, 0x0000000087e00000|100%| O|  |TAMS 0x0000000087d48e00, 0x0000000087d00000| Untracked 
| 126|0x0000000087e00000, 0x0000000087e00000, 0x0000000087f00000|  0%| F|  |TAMS 0x0000000087e00000, 0x0000000087e00000| Untracked 
| 127|0x0000000087f00000, 0x0000000088000000, 0x0000000088000000|100%| O|  |TAMS 0x0000000087f00000, 0x0000000087f00000| Untracked 
| 128|0x0000000088000000, 0x0000000088100000, 0x0000000088100000|100%| O|  |TAMS 0x0000000088000000, 0x0000000088000000| Untracked 
| 129|0x0000000088100000, 0x0000000088200000, 0x0000000088200000|100%| O|  |TAMS 0x0000000088100000, 0x0000000088100000| Untracked 
| 130|0x0000000088200000, 0x0000000088300000, 0x0000000088300000|100%| O|  |TAMS 0x0000000088200000, 0x0000000088200000| Untracked 
| 131|0x0000000088300000, 0x0000000088400000, 0x0000000088400000|100%| O|  |TAMS 0x0000000088300000, 0x0000000088300000| Untracked 
| 132|0x0000000088400000, 0x0000000088500000, 0x0000000088500000|100%| O|  |TAMS 0x0000000088400000, 0x0000000088400000| Untracked 
| 133|0x0000000088500000, 0x0000000088600000, 0x0000000088600000|100%| O|  |TAMS 0x0000000088500000, 0x0000000088500000| Untracked 
| 134|0x0000000088600000, 0x0000000088700000, 0x0000000088700000|100%| O|  |TAMS 0x0000000088600000, 0x0000000088600000| Untracked 
| 135|0x0000000088700000, 0x0000000088800000, 0x0000000088800000|100%| O|  |TAMS 0x0000000088700000, 0x0000000088700000| Untracked 
| 136|0x0000000088800000, 0x0000000088900000, 0x0000000088900000|100%| O|  |TAMS 0x0000000088800000, 0x0000000088800000| Untracked 
| 137|0x0000000088900000, 0x0000000088a00000, 0x0000000088a00000|100%| O|  |TAMS 0x0000000088900000, 0x0000000088900000| Untracked 
| 138|0x0000000088a00000, 0x0000000088b00000, 0x0000000088b00000|100%| O|  |TAMS 0x0000000088a00000, 0x0000000088a00000| Untracked 
| 139|0x0000000088b00000, 0x0000000088c00000, 0x0000000088c00000|100%| O|  |TAMS 0x0000000088b00000, 0x0000000088b00000| Untracked 
| 140|0x0000000088c00000, 0x0000000088d00000, 0x0000000088d00000|100%| O|  |TAMS 0x0000000088c00000, 0x0000000088c00000| Untracked 
| 141|0x0000000088d00000, 0x0000000088e00000, 0x0000000088e00000|100%| O|  |TAMS 0x0000000088d00000, 0x0000000088d00000| Untracked 
| 142|0x0000000088e00000, 0x0000000088f00000, 0x0000000088f00000|100%| O|  |TAMS 0x0000000088e00000, 0x0000000088e00000| Untracked 
| 143|0x0000000088f00000, 0x0000000089000000, 0x0000000089000000|100%| O|  |TAMS 0x0000000088f00000, 0x0000000088f00000| Untracked 
| 144|0x0000000089000000, 0x0000000089087a00, 0x0000000089100000| 52%| O|  |TAMS 0x0000000089000000, 0x0000000089000000| Untracked 
| 145|0x0000000089100000, 0x0000000089100000, 0x0000000089200000|  0%| F|  |TAMS 0x0000000089100000, 0x0000000089100000| Untracked 
| 146|0x0000000089200000, 0x0000000089200000, 0x0000000089300000|  0%| F|  |TAMS 0x0000000089200000, 0x0000000089200000| Untracked 
| 147|0x0000000089300000, 0x0000000089300000, 0x0000000089400000|  0%| F|  |TAMS 0x0000000089300000, 0x0000000089300000| Untracked 
| 148|0x0000000089400000, 0x0000000089400000, 0x0000000089500000|  0%| F|  |TAMS 0x0000000089400000, 0x0000000089400000| Untracked 
| 149|0x0000000089500000, 0x0000000089500000, 0x0000000089600000|  0%| F|  |TAMS 0x0000000089500000, 0x0000000089500000| Untracked 
| 150|0x0000000089600000, 0x0000000089600000, 0x0000000089700000|  0%| F|  |TAMS 0x0000000089600000, 0x0000000089600000| Untracked 
| 151|0x0000000089700000, 0x0000000089700000, 0x0000000089800000|  0%| F|  |TAMS 0x0000000089700000, 0x0000000089700000| Untracked 
| 152|0x0000000089800000, 0x0000000089800000, 0x0000000089900000|  0%| F|  |TAMS 0x0000000089800000, 0x0000000089800000| Untracked 
| 153|0x0000000089900000, 0x0000000089900000, 0x0000000089a00000|  0%| F|  |TAMS 0x0000000089900000, 0x0000000089900000| Untracked 
| 154|0x0000000089a00000, 0x0000000089a00000, 0x0000000089b00000|  0%| F|  |TAMS 0x0000000089a00000, 0x0000000089a00000| Untracked 
| 155|0x0000000089b00000, 0x0000000089b00000, 0x0000000089c00000|  0%| F|  |TAMS 0x0000000089b00000, 0x0000000089b00000| Untracked 
| 156|0x0000000089c00000, 0x0000000089c00000, 0x0000000089d00000|  0%| F|  |TAMS 0x0000000089c00000, 0x0000000089c00000| Untracked 
| 157|0x0000000089d00000, 0x0000000089d00000, 0x0000000089e00000|  0%| F|  |TAMS 0x0000000089d00000, 0x0000000089d00000| Untracked 
| 158|0x0000000089e00000, 0x0000000089e00000, 0x0000000089f00000|  0%| F|  |TAMS 0x0000000089e00000, 0x0000000089e00000| Untracked 
| 159|0x0000000089f00000, 0x0000000089f00000, 0x000000008a000000|  0%| F|  |TAMS 0x0000000089f00000, 0x0000000089f00000| Untracked 
| 160|0x000000008a000000, 0x000000008a000000, 0x000000008a100000|  0%| F|  |TAMS 0x000000008a000000, 0x000000008a000000| Untracked 
| 161|0x000000008a100000, 0x000000008a100000, 0x000000008a200000|  0%| F|  |TAMS 0x000000008a100000, 0x000000008a100000| Untracked 
| 162|0x000000008a200000, 0x000000008a200000, 0x000000008a300000|  0%| F|  |TAMS 0x000000008a200000, 0x000000008a200000| Untracked 
| 163|0x000000008a300000, 0x000000008a300000, 0x000000008a400000|  0%| F|  |TAMS 0x000000008a300000, 0x000000008a300000| Untracked 
| 164|0x000000008a400000, 0x000000008a500000, 0x000000008a500000|100%| S|CS|TAMS 0x000000008a400000, 0x000000008a400000| Complete 
| 165|0x000000008a500000, 0x000000008a600000, 0x000000008a600000|100%| S|CS|TAMS 0x000000008a500000, 0x000000008a500000| Complete 
| 166|0x000000008a600000, 0x000000008a700000, 0x000000008a700000|100%| S|CS|TAMS 0x000000008a600000, 0x000000008a600000| Complete 
| 167|0x000000008a700000, 0x000000008a800000, 0x000000008a800000|100%| S|CS|TAMS 0x000000008a700000, 0x000000008a700000| Complete 
| 168|0x000000008a800000, 0x000000008a900000, 0x000000008a900000|100%| S|CS|TAMS 0x000000008a800000, 0x000000008a800000| Complete 
| 169|0x000000008a900000, 0x000000008aa00000, 0x000000008aa00000|100%| S|CS|TAMS 0x000000008a900000, 0x000000008a900000| Complete 
| 170|0x000000008aa00000, 0x000000008ab00000, 0x000000008ab00000|100%| S|CS|TAMS 0x000000008aa00000, 0x000000008aa00000| Complete 
| 171|0x000000008ab00000, 0x000000008ab00000, 0x000000008ac00000|  0%| F|  |TAMS 0x000000008ab00000, 0x000000008ab00000| Untracked 
| 172|0x000000008ac00000, 0x000000008ac00000, 0x000000008ad00000|  0%| F|  |TAMS 0x000000008ac00000, 0x000000008ac00000| Untracked 
| 173|0x000000008ad00000, 0x000000008ad00000, 0x000000008ae00000|  0%| F|  |TAMS 0x000000008ad00000, 0x000000008ad00000| Untracked 
| 174|0x000000008ae00000, 0x000000008ae00000, 0x000000008af00000|  0%| F|  |TAMS 0x000000008ae00000, 0x000000008ae00000| Untracked 
| 175|0x000000008af00000, 0x000000008af00000, 0x000000008b000000|  0%| F|  |TAMS 0x000000008af00000, 0x000000008af00000| Untracked 
| 176|0x000000008b000000, 0x000000008b000000, 0x000000008b100000|  0%| F|  |TAMS 0x000000008b000000, 0x000000008b000000| Untracked 
| 177|0x000000008b100000, 0x000000008b100000, 0x000000008b200000|  0%| F|  |TAMS 0x000000008b100000, 0x000000008b100000| Untracked 
| 178|0x000000008b200000, 0x000000008b200000, 0x000000008b300000|  0%| F|  |TAMS 0x000000008b200000, 0x000000008b200000| Untracked 
| 179|0x000000008b300000, 0x000000008b300000, 0x000000008b400000|  0%| F|  |TAMS 0x000000008b300000, 0x000000008b300000| Untracked 
| 180|0x000000008b400000, 0x000000008b400000, 0x000000008b500000|  0%| F|  |TAMS 0x000000008b400000, 0x000000008b400000| Untracked 
| 181|0x000000008b500000, 0x000000008b500000, 0x000000008b600000|  0%| F|  |TAMS 0x000000008b500000, 0x000000008b500000| Untracked 
| 182|0x000000008b600000, 0x000000008b600000, 0x000000008b700000|  0%| F|  |TAMS 0x000000008b600000, 0x000000008b600000| Untracked 
| 183|0x000000008b700000, 0x000000008b700000, 0x000000008b800000|  0%| F|  |TAMS 0x000000008b700000, 0x000000008b700000| Untracked 
| 184|0x000000008b800000, 0x000000008b800000, 0x000000008b900000|  0%| F|  |TAMS 0x000000008b800000, 0x000000008b800000| Untracked 
| 185|0x000000008b900000, 0x000000008b900000, 0x000000008ba00000|  0%| F|  |TAMS 0x000000008b900000, 0x000000008b900000| Untracked 
| 186|0x000000008ba00000, 0x000000008ba00000, 0x000000008bb00000|  0%| F|  |TAMS 0x000000008ba00000, 0x000000008ba00000| Untracked 
| 187|0x000000008bb00000, 0x000000008bb00000, 0x000000008bc00000|  0%| F|  |TAMS 0x000000008bb00000, 0x000000008bb00000| Untracked 
| 188|0x000000008bc00000, 0x000000008bc00000, 0x000000008bd00000|  0%| F|  |TAMS 0x000000008bc00000, 0x000000008bc00000| Untracked 
| 189|0x000000008bd00000, 0x000000008bd00000, 0x000000008be00000|  0%| F|  |TAMS 0x000000008bd00000, 0x000000008bd00000| Untracked 
| 190|0x000000008be00000, 0x000000008be00000, 0x000000008bf00000|  0%| F|  |TAMS 0x000000008be00000, 0x000000008be00000| Untracked 
| 191|0x000000008bf00000, 0x000000008bf00000, 0x000000008c000000|  0%| F|  |TAMS 0x000000008bf00000, 0x000000008bf00000| Untracked 
| 192|0x000000008c000000, 0x000000008c000000, 0x000000008c100000|  0%| F|  |TAMS 0x000000008c000000, 0x000000008c000000| Untracked 
| 193|0x000000008c100000, 0x000000008c100000, 0x000000008c200000|  0%| F|  |TAMS 0x000000008c100000, 0x000000008c100000| Untracked 
| 194|0x000000008c200000, 0x000000008c200000, 0x000000008c300000|  0%| F|  |TAMS 0x000000008c200000, 0x000000008c200000| Untracked 
| 195|0x000000008c300000, 0x000000008c300000, 0x000000008c400000|  0%| F|  |TAMS 0x000000008c300000, 0x000000008c300000| Untracked 
| 196|0x000000008c400000, 0x000000008c400000, 0x000000008c500000|  0%| F|  |TAMS 0x000000008c400000, 0x000000008c400000| Untracked 
| 197|0x000000008c500000, 0x000000008c500000, 0x000000008c600000|  0%| F|  |TAMS 0x000000008c500000, 0x000000008c500000| Untracked 
| 198|0x000000008c600000, 0x000000008c600000, 0x000000008c700000|  0%| F|  |TAMS 0x000000008c600000, 0x000000008c600000| Untracked 
| 199|0x000000008c700000, 0x000000008c700000, 0x000000008c800000|  0%| F|  |TAMS 0x000000008c700000, 0x000000008c700000| Untracked 
| 200|0x000000008c800000, 0x000000008c800000, 0x000000008c900000|  0%| F|  |TAMS 0x000000008c800000, 0x000000008c800000| Untracked 
| 201|0x000000008c900000, 0x000000008c900000, 0x000000008ca00000|  0%| F|  |TAMS 0x000000008c900000, 0x000000008c900000| Untracked 
| 202|0x000000008ca00000, 0x000000008ca00000, 0x000000008cb00000|  0%| F|  |TAMS 0x000000008ca00000, 0x000000008ca00000| Untracked 
| 203|0x000000008cb00000, 0x000000008cb00000, 0x000000008cc00000|  0%| F|  |TAMS 0x000000008cb00000, 0x000000008cb00000| Untracked 
| 204|0x000000008cc00000, 0x000000008cc00000, 0x000000008cd00000|  0%| F|  |TAMS 0x000000008cc00000, 0x000000008cc00000| Untracked 
| 205|0x000000008cd00000, 0x000000008cd00000, 0x000000008ce00000|  0%| F|  |TAMS 0x000000008cd00000, 0x000000008cd00000| Untracked 
| 206|0x000000008ce00000, 0x000000008ce00000, 0x000000008cf00000|  0%| F|  |TAMS 0x000000008ce00000, 0x000000008ce00000| Untracked 
| 207|0x000000008cf00000, 0x000000008cf00000, 0x000000008d000000|  0%| F|  |TAMS 0x000000008cf00000, 0x000000008cf00000| Untracked 
| 208|0x000000008d000000, 0x000000008d000000, 0x000000008d100000|  0%| F|  |TAMS 0x000000008d000000, 0x000000008d000000| Untracked 
| 209|0x000000008d100000, 0x000000008d100000, 0x000000008d200000|  0%| F|  |TAMS 0x000000008d100000, 0x000000008d100000| Untracked 
| 210|0x000000008d200000, 0x000000008d200000, 0x000000008d300000|  0%| F|  |TAMS 0x000000008d200000, 0x000000008d200000| Untracked 
| 211|0x000000008d300000, 0x000000008d300000, 0x000000008d400000|  0%| F|  |TAMS 0x000000008d300000, 0x000000008d300000| Untracked 
| 212|0x000000008d400000, 0x000000008d400000, 0x000000008d500000|  0%| F|  |TAMS 0x000000008d400000, 0x000000008d400000| Untracked 
| 213|0x000000008d500000, 0x000000008d500000, 0x000000008d600000|  0%| F|  |TAMS 0x000000008d500000, 0x000000008d500000| Untracked 
| 214|0x000000008d600000, 0x000000008d600000, 0x000000008d700000|  0%| F|  |TAMS 0x000000008d600000, 0x000000008d600000| Untracked 
| 215|0x000000008d700000, 0x000000008d700000, 0x000000008d800000|  0%| F|  |TAMS 0x000000008d700000, 0x000000008d700000| Untracked 
| 216|0x000000008d800000, 0x000000008d800000, 0x000000008d900000|  0%| F|  |TAMS 0x000000008d800000, 0x000000008d800000| Untracked 
| 217|0x000000008d900000, 0x000000008d900000, 0x000000008da00000|  0%| F|  |TAMS 0x000000008d900000, 0x000000008d900000| Untracked 
| 218|0x000000008da00000, 0x000000008da00000, 0x000000008db00000|  0%| F|  |TAMS 0x000000008da00000, 0x000000008da00000| Untracked 
| 219|0x000000008db00000, 0x000000008db00000, 0x000000008dc00000|  0%| F|  |TAMS 0x000000008db00000, 0x000000008db00000| Untracked 

Card table byte_map: [0x0000021fab0c0000,0x0000021fab4c0000] _byte_map_base: 0x0000021faacc0000

Marking Bits (Prev, Next): (CMBitMap*) 0x0000021f97ecdcf0, (CMBitMap*) 0x0000021f97ecdcb8
 Prev Bits: [0x0000021fad8c0000, 0x0000021faf8c0000)
 Next Bits: [0x0000021fab8c0000, 0x0000021fad8c0000)

Polling page: 0x0000021f95e30000

Metaspace:

Usage:
  Non-class:     86.24 MB capacity,    84.76 MB ( 98%) used,     1.21 MB (  1%) free+waste,   281.44 KB ( <1%) overhead. 
      Class:     13.12 MB capacity,    12.22 MB ( 93%) used,   804.56 KB (  6%) free+waste,   123.75 KB ( <1%) overhead. 
       Both:     99.37 MB capacity,    96.98 MB ( 98%) used,     1.99 MB (  2%) free+waste,   405.19 KB ( <1%) overhead. 

Virtual space:
  Non-class space:       88.00 MB reserved,      86.75 MB ( 99%) committed 
      Class space:        1.00 GB reserved,      13.49 MB (  1%) committed 
             Both:        1.09 GB reserved,     100.24 MB (  9%) committed 

Chunk freelists:
   Non-Class:  518.00 KB
       Class:  257.00 KB
        Both:  775.00 KB

MaxMetaspaceSize: 17179869184.00 GB
CompressedClassSpaceSize: 1.00 GB
Initial GC threshold: 20.80 MB
Current GC threshold: 164.16 MB
CDS: off

CodeHeap 'non-profiled nmethods': size=120000Kb used=7409Kb max_used=7409Kb free=112590Kb
 bounds [0x0000021fa3460000, 0x0000021fa3ba0000, 0x0000021faa990000]
CodeHeap 'profiled nmethods': size=120000Kb used=27612Kb max_used=27612Kb free=92387Kb
 bounds [0x0000021f9bf30000, 0x0000021f9da30000, 0x0000021fa3460000]
CodeHeap 'non-nmethods': size=5760Kb used=2380Kb max_used=2467Kb free=3379Kb
 bounds [0x0000021f9b990000, 0x0000021f9bc00000, 0x0000021f9bf30000]
 total_blobs=13565 nmethods=12670 adapters=807
 compilation: enabled
              stopped_count=0, restarted_count=0
 full_count=0

Compilation events (20 events):
Event: 16.279 Thread 0x0000021fb2343000 nmethod 12864 0x0000021fa3b96510 code [0x0000021fa3b966c0, 0x0000021fa3b96c78]
Event: 16.279 Thread 0x0000021fb2343000 12788   !   4       jdk.internal.loader.BuiltinClassLoader::loadClassOrNull (143 bytes)
Event: 16.294 Thread 0x0000021fb2345000 12905 %     3       org.apache.xerces.impl.XMLEntityScanner::skipString @ 34 (207 bytes)
Event: 16.295 Thread 0x0000021fb2345000 nmethod 12905% 0x0000021f9da24510 code [0x0000021f9da247a0, 0x0000021f9da25428]
Event: 16.319 Thread 0x0000021fb2345000 12907       3       org.apache.xerces.impl.XMLScanner::normalizeWhitespace (56 bytes)
Event: 16.319 Thread 0x0000021fb2345000 nmethod 12907 0x0000021f9da25990 code [0x0000021f9da25b60, 0x0000021f9da25db8]
Event: 16.320 Thread 0x0000021fb2343000 nmethod 12788 0x0000021fa3b96e10 code [0x0000021fa3b970a0, 0x0000021fa3b98c40]
Event: 16.320 Thread 0x0000021fb2343000 12867       4       org.apache.xerces.impl.XMLEntityScanner::scanLiteral (746 bytes)
Event: 16.324 Thread 0x0000021fb2345000 12909       3       org.apache.xerces.impl.XMLEntityScanner::skipString (207 bytes)
Event: 16.324 Thread 0x0000021fb2345000 nmethod 12909 0x0000021f9da25f10 code [0x0000021f9da261a0, 0x0000021f9da26d48]
Event: 16.331 Thread 0x0000021fb2343000 nmethod 12867 0x0000021fa3b99f10 code [0x0000021fa3b9a100, 0x0000021fa3b9a868]
Event: 16.331 Thread 0x0000021fb2343000 12908       4       org.apache.xerces.impl.XMLScanner::normalizeWhitespace (50 bytes)
Event: 16.334 Thread 0x0000021fb2343000 nmethod 12908 0x0000021fa3b9ae10 code [0x0000021fa3b9afa0, 0x0000021fa3b9b198]
Event: 16.334 Thread 0x0000021fb2343000 12871       4       org.apache.xerces.impl.XMLScanner::isUnchangedByNormalization (50 bytes)
Event: 16.337 Thread 0x0000021fb2343000 nmethod 12871 0x0000021fa3b9b310 code [0x0000021fa3b9b4a0, 0x0000021fa3b9b698]
Event: 16.337 Thread 0x0000021fb2343000 12877       4       org.apache.xerces.util.SymbolTable::addSymbol (110 bytes)
Event: 16.346 Thread 0x0000021fb2343000 nmethod 12877 0x0000021fa3b9b810 code [0x0000021fa3b9b9c0, 0x0000021fa3b9bec8]
Event: 16.346 Thread 0x0000021fb2343000 12882       4       org.apache.xerces.util.SymbolTable::hash (53 bytes)
Event: 16.348 Thread 0x0000021fb2343000 nmethod 12882 0x0000021fa3b9c210 code [0x0000021fa3b9c3a0, 0x0000021fa3b9c558]
Event: 16.348 Thread 0x0000021fb2343000 12884       4       org.apache.xerces.impl.XMLEntityScanner::scanName (290 bytes)

GC Heap History (20 events):
Event: 8.746 GC heap after
{Heap after GC invocations=17 (full 0):
 garbage-first heap   total 187392K, used 63129K [0x0000000080000000, 0x0000000100000000)
  region size 1024K, 10 young (10240K), 10 survivors (10240K)
 Metaspace       used 73324K, capacity 75014K, committed 75256K, reserved 1114112K
  class space    used 9521K, capacity 10155K, committed 10232K, reserved 1048576K
}
Event: 9.632 GC heap before
{Heap before GC invocations=17 (full 0):
 garbage-first heap   total 187392K, used 144025K [0x0000000080000000, 0x0000000100000000)
  region size 1024K, 89 young (91136K), 10 survivors (10240K)
 Metaspace       used 80746K, capacity 82628K, committed 82680K, reserved 1120256K
  class space    used 10539K, capacity 11232K, committed 11256K, reserved 1048576K
}
Event: 9.644 GC heap after
{Heap after GC invocations=18 (full 0):
 garbage-first heap   total 187392K, used 68946K [0x0000000080000000, 0x0000000100000000)
  region size 1024K, 11 young (11264K), 11 survivors (11264K)
 Metaspace       used 80746K, capacity 82628K, committed 82680K, reserved 1120256K
  class space    used 10539K, capacity 11232K, committed 11256K, reserved 1048576K
}
Event: 10.563 GC heap before
{Heap before GC invocations=18 (full 0):
 garbage-first heap   total 187392K, used 145746K [0x0000000080000000, 0x0000000100000000)
  region size 1024K, 87 young (89088K), 11 survivors (11264K)
 Metaspace       used 85691K, capacity 88101K, committed 88184K, reserved 1126400K
  class space    used 11199K, capacity 12113K, committed 12152K, reserved 1048576K
}
Event: 10.578 GC heap after
{Heap after GC invocations=19 (full 0):
 garbage-first heap   total 187392K, used 78284K [0x0000000080000000, 0x0000000100000000)
  region size 1024K, 11 young (11264K), 11 survivors (11264K)
 Metaspace       used 85691K, capacity 88101K, committed 88184K, reserved 1126400K
  class space    used 11199K, capacity 12113K, committed 12152K, reserved 1048576K
}
Event: 11.040 GC heap before
{Heap before GC invocations=19 (full 0):
 garbage-first heap   total 187392K, used 146892K [0x0000000080000000, 0x0000000100000000)
  region size 1024K, 79 young (80896K), 11 survivors (11264K)
 Metaspace       used 86022K, capacity 88461K, committed 88696K, reserved 1126400K
  class space    used 11201K, capacity 12115K, committed 12152K, reserved 1048576K
}
Event: 11.056 GC heap after
{Heap after GC invocations=20 (full 0):
 garbage-first heap   total 225280K, used 84720K [0x0000000080000000, 0x0000000100000000)
  region size 1024K, 6 young (6144K), 6 survivors (6144K)
 Metaspace       used 86022K, capacity 88461K, committed 88696K, reserved 1126400K
  class space    used 11201K, capacity 12115K, committed 12152K, reserved 1048576K
}
Event: 11.511 GC heap before
{Heap before GC invocations=20 (full 0):
 garbage-first heap   total 225280K, used 166640K [0x0000000080000000, 0x0000000100000000)
  region size 1024K, 86 young (88064K), 6 survivors (6144K)
 Metaspace       used 86647K, capacity 89098K, committed 89336K, reserved 1126400K
  class space    used 11236K, capacity 12175K, committed 12280K, reserved 1048576K
}
Event: 11.522 GC heap after
{Heap after GC invocations=21 (full 0):
 garbage-first heap   total 225280K, used 89329K [0x0000000080000000, 0x0000000100000000)
  region size 1024K, 11 young (11264K), 11 survivors (11264K)
 Metaspace       used 86647K, capacity 89098K, committed 89336K, reserved 1126400K
  class space    used 11236K, capacity 12175K, committed 12280K, reserved 1048576K
}
Event: 12.089 GC heap before
{Heap before GC invocations=21 (full 0):
 garbage-first heap   total 225280K, used 170225K [0x0000000080000000, 0x0000000100000000)
  region size 1024K, 91 young (93184K), 11 survivors (11264K)
 Metaspace       used 87042K, capacity 89506K, committed 89592K, reserved 1126400K
  class space    used 11277K, capacity 12219K, committed 12280K, reserved 1048576K
}
Event: 12.104 GC heap after
{Heap after GC invocations=22 (full 0):
 garbage-first heap   total 225280K, used 94020K [0x0000000080000000, 0x0000000100000000)
  region size 1024K, 7 young (7168K), 7 survivors (7168K)
 Metaspace       used 87042K, capacity 89506K, committed 89592K, reserved 1126400K
  class space    used 11277K, capacity 12219K, committed 12280K, reserved 1048576K
}
Event: 12.545 GC heap before
{Heap before GC invocations=22 (full 0):
 garbage-first heap   total 225280K, used 173892K [0x0000000080000000, 0x0000000100000000)
  region size 1024K, 86 young (88064K), 7 survivors (7168K)
 Metaspace       used 87279K, capacity 89713K, committed 89848K, reserved 1126400K
  class space    used 11308K, capacity 12236K, committed 12280K, reserved 1048576K
}
Event: 12.554 GC heap after
{Heap after GC invocations=23 (full 0):
 garbage-first heap   total 225280K, used 98840K [0x0000000080000000, 0x0000000100000000)
  region size 1024K, 7 young (7168K), 7 survivors (7168K)
 Metaspace       used 87279K, capacity 89713K, committed 89848K, reserved 1126400K
  class space    used 11308K, capacity 12236K, committed 12280K, reserved 1048576K
}
Event: 13.906 GC heap before
{Heap before GC invocations=23 (full 0):
 garbage-first heap   total 225280K, used 177688K [0x0000000080000000, 0x0000000100000000)
  region size 1024K, 85 young (87040K), 7 survivors (7168K)
 Metaspace       used 94140K, capacity 96863K, committed 97016K, reserved 1132544K
  class space    used 12180K, capacity 13170K, committed 13304K, reserved 1048576K
}
Event: 13.918 GC heap after
{Heap after GC invocations=24 (full 0):
 garbage-first heap   total 225280K, used 107160K [0x0000000080000000, 0x0000000100000000)
  region size 1024K, 10 young (10240K), 10 survivors (10240K)
 Metaspace       used 94140K, capacity 96863K, committed 97016K, reserved 1132544K
  class space    used 12180K, capacity 13170K, committed 13304K, reserved 1048576K
}
Event: 15.443 GC heap before
{Heap before GC invocations=24 (full 0):
 garbage-first heap   total 225280K, used 182936K [0x0000000080000000, 0x0000000100000000)
  region size 1024K, 82 young (83968K), 10 survivors (10240K)
 Metaspace       used 95041K, capacity 97816K, committed 98040K, reserved 1134592K
  class space    used 12233K, capacity 13268K, committed 13304K, reserved 1048576K
}
Event: 15.460 GC heap after
{Heap after GC invocations=25 (full 0):
 garbage-first heap   total 225280K, used 127217K [0x0000000080000000, 0x0000000100000000)
  region size 1024K, 11 young (11264K), 11 survivors (11264K)
 Metaspace       used 95041K, capacity 97816K, committed 98040K, reserved 1134592K
  class space    used 12233K, capacity 13268K, committed 13304K, reserved 1048576K
}
Event: 15.759 GC heap before
{Heap before GC invocations=25 (full 0):
 garbage-first heap   total 225280K, used 165105K [0x0000000080000000, 0x0000000100000000)
  region size 1024K, 49 young (50176K), 11 survivors (11264K)
 Metaspace       used 96184K, capacity 98973K, committed 99192K, reserved 1134592K
  class space    used 12307K, capacity 13373K, committed 13432K, reserved 1048576K
}
Event: 15.775 GC heap after
{Heap after GC invocations=26 (full 0):
 garbage-first heap   total 225280K, used 134435K [0x0000000080000000, 0x0000000100000000)
  region size 1024K, 6 young (6144K), 6 survivors (6144K)
 Metaspace       used 96184K, capacity 98973K, committed 99192K, reserved 1134592K
  class space    used 12307K, capacity 13373K, committed 13432K, reserved 1048576K
}
Event: 16.353 GC heap before
{Heap before GC invocations=27 (full 0):
 garbage-first heap   total 225280K, used 179491K [0x0000000080000000, 0x0000000100000000)
  region size 1024K, 49 young (50176K), 6 survivors (6144K)
 Metaspace       used 99307K, capacity 101753K, committed 102648K, reserved 1138688K
  class space    used 12510K, capacity 13439K, committed 13816K, reserved 1048576K
}

Deoptimization events (20 events):
Event: 15.691 Thread 0x0000021fb873e000 Uncommon trap: trap_request=0xffffff6e fr.pc=0x0000021fa3b27668 relative=0x00000000000005e8
Event: 15.691 Thread 0x0000021fb873e000 Uncommon trap: reason=speculate_class_check action=maybe_recompile pc=0x0000021fa3b27668 method=java.util.zip.InflaterInputStream.read([BII)I @ 100 c2
Event: 15.691 Thread 0x0000021fb873e000 DEOPT PACKING pc=0x0000021fa3b27668 sp=0x000000ae420f7060
Event: 15.691 Thread 0x0000021fb873e000 DEOPT UNPACKING pc=0x0000021f9b9da1af sp=0x000000ae420f7020 mode 2
Event: 15.855 Thread 0x0000021fb873e000 Uncommon trap: trap_request=0xffffff4d fr.pc=0x0000021fa3b25b10 relative=0x0000000000000250
Event: 15.855 Thread 0x0000021fb873e000 Uncommon trap: reason=unstable_if action=reinterpret pc=0x0000021fa3b25b10 method=java.time.LocalDate.create(III)Ljava/time/LocalDate; @ 10 c2
Event: 15.855 Thread 0x0000021fb873e000 DEOPT PACKING pc=0x0000021fa3b25b10 sp=0x000000ae420f7c90
Event: 15.855 Thread 0x0000021fb873e000 DEOPT UNPACKING pc=0x0000021f9b9da1af sp=0x000000ae420f7bc0 mode 2
Event: 15.980 Thread 0x0000021fb873e000 Uncommon trap: trap_request=0xffffff4d fr.pc=0x0000021fa39c8888 relative=0x0000000000000428
Event: 15.980 Thread 0x0000021fb873e000 Uncommon trap: reason=unstable_if action=reinterpret pc=0x0000021fa39c8888 method=java.util.concurrent.ConcurrentHashMap.putVal(Ljava/lang/Object;Ljava/lang/Object;Z)Ljava/lang/Object; @ 245 c2
Event: 15.980 Thread 0x0000021fb873e000 DEOPT PACKING pc=0x0000021fa39c8888 sp=0x000000ae420f8760
Event: 15.981 Thread 0x0000021fb873e000 DEOPT UNPACKING pc=0x0000021f9b9da1af sp=0x000000ae420f86f8 mode 2
Event: 15.991 Thread 0x0000021fb873e000 DEOPT PACKING pc=0x0000021f9d9a1de0 sp=0x000000ae420f8a40
Event: 15.991 Thread 0x0000021fb873e000 DEOPT UNPACKING pc=0x0000021f9b9da95e sp=0x000000ae420f7f98 mode 0
Event: 16.151 Thread 0x0000021fb873e000 DEOPT PACKING pc=0x0000021f9d9bd5d4 sp=0x000000ae420f8ed0
Event: 16.151 Thread 0x0000021fb873e000 DEOPT UNPACKING pc=0x0000021f9b9da95e sp=0x000000ae420f8378 mode 0
Event: 16.152 Thread 0x0000021fb873e000 DEOPT PACKING pc=0x0000021f9d9be098 sp=0x000000ae420f8f20
Event: 16.152 Thread 0x0000021fb873e000 DEOPT UNPACKING pc=0x0000021f9b9da95e sp=0x000000ae420f83a0 mode 0
Event: 16.217 Thread 0x0000021fb873e000 DEOPT PACKING pc=0x0000021f9d9ef1a1 sp=0x000000ae420f8e10
Event: 16.217 Thread 0x0000021fb873e000 DEOPT UNPACKING pc=0x0000021f9b9da95e sp=0x000000ae420f8280 mode 0

Classes redefined (0 events):
No events

Internal exceptions (20 events):
Event: 12.192 Thread 0x0000021fb873e000 Exception <a 'java/lang/NoSuchMethodError'{0x000000008ccbf408}: <clinit>> (0x000000008ccbf408) thrown at [./src/hotspot/share/prims/jni.cpp, line 1365]
Event: 12.610 Thread 0x0000021fb873e000 Exception <a 'java/lang/NoSuchMethodError'{0x000000008cced2c8}: 'int java.lang.invoke.DirectMethodHandle$Holder.invokeSpecial(java.lang.Object, java.lang.Object, java.lang.Object, java.lang.Object, java.lang.Object)'> (0x000000008cced2c8) thrown at [./src/hotspot/share/interpreter/linkResolver.cpp, line 773]
Event: 12.741 Thread 0x0000021fb873e000 Exception <a 'java/lang/NoSuchMethodError'{0x000000008c143e00}: 'java.lang.Object java.lang.invoke.DirectMethodHandle$Holder.invokeStatic(java.lang.Object, java.lang.Object, int, java.lang.Object, java.lang.Object, java.lang.Object, java.lang.Object)'> (0x000000008c143e00) thrown at [./src/hotspot/share/interpreter/linkResolver.cpp, line 773]
Event: 13.427 Thread 0x0000021fb873e000 Exception <a 'java/lang/NoSuchMethodError'{0x000000008b2a43a0}: 'java.lang.Object java.lang.invoke.Invokers$Holder.linkToTargetMethod(java.lang.Object, java.lang.Object, java.lang.Object, int, int, java.lang.Object)'> (0x000000008b2a43a0) thrown at [./src/hotspot/share/interpreter/linkResolver.cpp, line 773]
Event: 13.433 Thread 0x0000021fb873e000 Exception <a 'java/lang/NoSuchMethodError'{0x000000008b2e7170}: 'void java.lang.invoke.DirectMethodHandle$Holder.invokeVirtual(java.lang.Object, java.lang.Object, java.lang.Object, java.lang.Object)'> (0x000000008b2e7170) thrown at [./src/hotspot/share/interpreter/linkResolver.cpp, line 773]
Event: 13.454 Thread 0x0000021fb873e000 Exception <a 'java/security/PrivilegedActionException'{0x000000008b04d750}> (0x000000008b04d750) thrown at [./src/hotspot/share/prims/jvm.cpp, line 1306]
Event: 13.454 Thread 0x0000021fb873e000 Exception <a 'java/security/PrivilegedActionException'{0x000000008b04e768}> (0x000000008b04e768) thrown at [./src/hotspot/share/prims/jvm.cpp, line 1306]
Event: 13.454 Thread 0x0000021fb873e000 Exception <a 'java/security/PrivilegedActionException'{0x000000008b051580}> (0x000000008b051580) thrown at [./src/hotspot/share/prims/jvm.cpp, line 1306]
Event: 13.454 Thread 0x0000021fb873e000 Exception <a 'java/security/PrivilegedActionException'{0x000000008b052598}> (0x000000008b052598) thrown at [./src/hotspot/share/prims/jvm.cpp, line 1306]
Event: 13.454 Thread 0x0000021fb873e000 Exception <a 'java/security/PrivilegedActionException'{0x000000008b0554d0}> (0x000000008b0554d0) thrown at [./src/hotspot/share/prims/jvm.cpp, line 1306]
Event: 13.454 Thread 0x0000021fb873e000 Exception <a 'java/security/PrivilegedActionException'{0x000000008b0564e8}> (0x000000008b0564e8) thrown at [./src/hotspot/share/prims/jvm.cpp, line 1306]
Event: 13.454 Thread 0x0000021fb873e000 Exception <a 'java/security/PrivilegedActionException'{0x000000008b059338}> (0x000000008b059338) thrown at [./src/hotspot/share/prims/jvm.cpp, line 1306]
Event: 13.454 Thread 0x0000021fb873e000 Exception <a 'java/security/PrivilegedActionException'{0x000000008b05a350}> (0x000000008b05a350) thrown at [./src/hotspot/share/prims/jvm.cpp, line 1306]
Event: 13.454 Thread 0x0000021fb873e000 Exception <a 'java/security/PrivilegedActionException'{0x000000008b05d1e8}> (0x000000008b05d1e8) thrown at [./src/hotspot/share/prims/jvm.cpp, line 1306]
Event: 13.454 Thread 0x0000021fb873e000 Exception <a 'java/security/PrivilegedActionException'{0x000000008b05e200}> (0x000000008b05e200) thrown at [./src/hotspot/share/prims/jvm.cpp, line 1306]
Event: 13.455 Thread 0x0000021fb873e000 Exception <a 'java/security/PrivilegedActionException'{0x000000008b061138}> (0x000000008b061138) thrown at [./src/hotspot/share/prims/jvm.cpp, line 1306]
Event: 13.455 Thread 0x0000021fb873e000 Exception <a 'java/security/PrivilegedActionException'{0x000000008b062150}> (0x000000008b062150) thrown at [./src/hotspot/share/prims/jvm.cpp, line 1306]
Event: 13.976 Thread 0x0000021fb873e000 Exception <a 'sun/nio/fs/WindowsException'{0x000000008d6f04e8}> (0x000000008d6f04e8) thrown at [./src/hotspot/share/prims/jni.cpp, line 615]
Event: 13.976 Thread 0x0000021fb873e000 Exception <a 'sun/nio/fs/WindowsException'{0x000000008d6f05f0}> (0x000000008d6f05f0) thrown at [./src/hotspot/share/prims/jni.cpp, line 615]
Event: 15.424 Thread 0x0000021fb873e000 Implicit null exception at 0x0000021fa3aa5e10 to 0x0000021fa3aa6a18

Events (20 events):
Event: 16.125 loading class org/apache/xerces/dom/DeferredNotationImpl done
Event: 16.126 loading class org/apache/xerces/dom/NotationImpl
Event: 16.126 loading class org/apache/xerces/dom/NotationImpl done
Event: 16.126 loading class org/apache/xerces/dom/DeferredProcessingInstructionImpl
Event: 16.126 loading class org/apache/xerces/dom/DeferredProcessingInstructionImpl done
Event: 16.126 loading class org/apache/xerces/dom/ProcessingInstructionImpl
Event: 16.126 loading class org/apache/xerces/dom/ProcessingInstructionImpl done
Event: 16.126 loading class org/apache/xerces/dom/DeferredTextImpl
Event: 16.126 loading class org/apache/xerces/dom/DeferredTextImpl done
Event: 16.127 loading class org/apache/xerces/dom/DeferredElementDefinitionImpl
Event: 16.127 loading class org/apache/xerces/dom/DeferredElementDefinitionImpl done
Event: 16.127 loading class org/apache/xerces/dom/ElementDefinitionImpl
Event: 16.127 loading class org/apache/xerces/dom/ElementDefinitionImpl done
Event: 16.130 loading class org/apache/xerces/dom/DeferredDocumentImpl$RefCount
Event: 16.130 loading class org/apache/xerces/dom/DeferredDocumentImpl$RefCount done
Event: 16.130 loading class org/apache/xerces/impl/Constants
Event: 16.130 loading class org/apache/xerces/impl/Constants done
Event: 16.131 loading class org/apache/xerces/impl/Constants$ArrayEnumeration
Event: 16.131 loading class org/apache/xerces/impl/Constants$ArrayEnumeration done
Event: 16.353 Executing VM operation: G1CollectForAllocation


Dynamic libraries:
0x00007ff65d830000 - 0x00007ff65d83a000 	C:\Program Files\Android\Android Studio\jre\bin\java.exe
0x00007ff992f50000 - 0x00007ff993164000 	C:\WINDOWS\SYSTEM32\ntdll.dll
0x00007ff992a10000 - 0x00007ff992ad2000 	C:\WINDOWS\System32\KERNEL32.DLL
0x00007ff990400000 - 0x00007ff99079c000 	C:\WINDOWS\System32\KERNELBASE.dll
0x00007ff9907a0000 - 0x00007ff9908b1000 	C:\WINDOWS\System32\ucrtbase.dll
0x00007ff9871d0000 - 0x00007ff9871e9000 	C:\Program Files\Android\Android Studio\jre\bin\jli.dll
0x00007ff987160000 - 0x00007ff987177000 	C:\Program Files\Android\Android Studio\jre\bin\VCRUNTIME140.dll
0x00007ff992cc0000 - 0x00007ff992e6b000 	C:\WINDOWS\System32\USER32.dll
0x00007ff96ffb0000 - 0x00007ff97023e000 	C:\WINDOWS\WinSxS\amd64_microsoft.windows.common-controls_6595b64144ccf1df_6.0.22621.317_none_a9434687c10c9fa2\COMCTL32.dll
0x00007ff990c10000 - 0x00007ff990c36000 	C:\WINDOWS\System32\win32u.dll
0x00007ff992830000 - 0x00007ff9928d7000 	C:\WINDOWS\System32\msvcrt.dll
0x00007ff9929e0000 - 0x00007ff992a09000 	C:\WINDOWS\System32\GDI32.dll
0x00007ff990c40000 - 0x00007ff990d52000 	C:\WINDOWS\System32\gdi32full.dll
0x00007ff990b70000 - 0x00007ff990c0a000 	C:\WINDOWS\System32\msvcp_win.dll
0x00007ff990f20000 - 0x00007ff990f51000 	C:\WINDOWS\System32\IMM32.DLL
0x00007ff977700000 - 0x00007ff97779d000 	C:\Program Files\Android\Android Studio\jre\bin\msvcp140.dll
0x00007ff902330000 - 0x00007ff902e15000 	C:\Program Files\Android\Android Studio\jre\bin\server\jvm.dll
0x00007ff990fd0000 - 0x00007ff99107e000 	C:\WINDOWS\System32\ADVAPI32.dll
0x00007ff992ae0000 - 0x00007ff992b84000 	C:\WINDOWS\System32\sechost.dll
0x00007ff992290000 - 0x00007ff9923a5000 	C:\WINDOWS\System32\RPCRT4.dll
0x00007ff992280000 - 0x00007ff992288000 	C:\WINDOWS\System32\PSAPI.DLL
0x00007ff989880000 - 0x00007ff9898b4000 	C:\WINDOWS\SYSTEM32\WINMM.dll
0x00007ff972520000 - 0x00007ff972529000 	C:\WINDOWS\SYSTEM32\WSOCK32.dll
0x00007ff988440000 - 0x00007ff98844a000 	C:\WINDOWS\SYSTEM32\VERSION.dll
0x00007ff992e70000 - 0x00007ff992ee1000 	C:\WINDOWS\System32\WS2_32.dll
0x00007ff98f4c0000 - 0x00007ff98f4d8000 	C:\WINDOWS\SYSTEM32\kernel.appcore.dll
0x00007ff980790000 - 0x00007ff9807a1000 	C:\Program Files\Android\Android Studio\jre\bin\verify.dll
0x00007ff98d950000 - 0x00007ff98db7e000 	C:\WINDOWS\SYSTEM32\DBGHELP.DLL
0x00007ff991410000 - 0x00007ff991799000 	C:\WINDOWS\System32\combase.dll
0x00007ff991130000 - 0x00007ff991207000 	C:\WINDOWS\System32\OLEAUT32.dll
0x00007ff980ca0000 - 0x00007ff980cd2000 	C:\WINDOWS\SYSTEM32\dbgcore.DLL
0x00007ff9908c0000 - 0x00007ff99093b000 	C:\WINDOWS\System32\bcryptPrimitives.dll
0x00007ff961be0000 - 0x00007ff961c09000 	C:\Program Files\Android\Android Studio\jre\bin\java.dll
0x00007ff980610000 - 0x00007ff98061b000 	C:\Program Files\Android\Android Studio\jre\bin\jimage.dll
0x00007ff961bc0000 - 0x00007ff961bd8000 	C:\Program Files\Android\Android Studio\jre\bin\zip.dll
0x00007ff991900000 - 0x00007ff9920db000 	C:\WINDOWS\System32\SHELL32.dll
0x00007ff98e3b0000 - 0x00007ff98ec65000 	C:\WINDOWS\SYSTEM32\windows.storage.dll
0x00007ff98e270000 - 0x00007ff98e3ad000 	C:\WINDOWS\SYSTEM32\wintypes.dll
0x00007ff9928e0000 - 0x00007ff9929d1000 	C:\WINDOWS\System32\SHCORE.dll
0x00007ff9918a0000 - 0x00007ff9918fe000 	C:\WINDOWS\System32\shlwapi.dll
0x00007ff9902c0000 - 0x00007ff9902e1000 	C:\WINDOWS\SYSTEM32\profapi.dll
0x00007ff961ba0000 - 0x00007ff961bba000 	C:\Program Files\Android\Android Studio\jre\bin\net.dll
0x00007ff989700000 - 0x00007ff98982f000 	C:\WINDOWS\SYSTEM32\WINHTTP.dll
0x00007ff98f920000 - 0x00007ff98f989000 	C:\WINDOWS\system32\mswsock.dll
0x00007ff961b80000 - 0x00007ff961b94000 	C:\Program Files\Android\Android Studio\jre\bin\nio.dll
0x00007ff9871f0000 - 0x00007ff987217000 	C:\Users\Ray Ann Martinez\.gradle\native\e1d6ef7f7dcc3fd88c89a11ec53ec762bb8ba0a96d01ffa2cd45eb1d1d8dd5c5\windows-amd64\native-platform.dll
0x00007ff951a20000 - 0x00007ff951b64000 	C:\Users\Ray Ann Martinez\.gradle\native\5664cfc778a61ccfe75a443a1ab52a65af34e5dc3c78e0209fed803814484fcb\windows-amd64\native-platform-file-events.dll
0x00007ff980600000 - 0x00007ff98060a000 	C:\Program Files\Android\Android Studio\jre\bin\management.dll
0x00007ff97f230000 - 0x00007ff97f23d000 	C:\Program Files\Android\Android Studio\jre\bin\management_ext.dll
0x00007ff98fb80000 - 0x00007ff98fb9b000 	C:\WINDOWS\SYSTEM32\CRYPTSP.dll
0x00007ff98f430000 - 0x00007ff98f465000 	C:\WINDOWS\system32\rsaenh.dll
0x00007ff98fa30000 - 0x00007ff98fa58000 	C:\WINDOWS\SYSTEM32\USERENV.dll
0x00007ff98fd40000 - 0x00007ff98fd68000 	C:\WINDOWS\SYSTEM32\bcrypt.dll
0x00007ff98fba0000 - 0x00007ff98fbac000 	C:\WINDOWS\SYSTEM32\CRYPTBASE.dll
0x00007ff98ef30000 - 0x00007ff98ef5d000 	C:\WINDOWS\SYSTEM32\IPHLPAPI.DLL
0x00007ff991210000 - 0x00007ff991219000 	C:\WINDOWS\System32\NSI.dll
0x00007ff9896e0000 - 0x00007ff9896f9000 	C:\WINDOWS\SYSTEM32\dhcpcsvc6.DLL
0x00007ff9896c0000 - 0x00007ff9896df000 	C:\WINDOWS\SYSTEM32\dhcpcsvc.DLL
0x00007ff98efa0000 - 0x00007ff98f092000 	C:\WINDOWS\SYSTEM32\DNSAPI.dll

dbghelp: loaded successfully - version: 4.0.5 - missing functions: none
symbol engine: initialized successfully - sym options: 0x614 - pdb path: .;C:\Program Files\Android\Android Studio\jre\bin;C:\WINDOWS\SYSTEM32;C:\WINDOWS\WinSxS\amd64_microsoft.windows.common-controls_6595b64144ccf1df_6.0.22621.317_none_a9434687c10c9fa2;C:\Program Files\Android\Android Studio\jre\bin\server;C:\Users\Ray Ann Martinez\.gradle\native\e1d6ef7f7dcc3fd88c89a11ec53ec762bb8ba0a96d01ffa2cd45eb1d1d8dd5c5\windows-amd64;C:\Users\Ray Ann Martinez\.gradle\native\5664cfc778a61ccfe75a443a1ab52a65af34e5dc3c78e0209fed803814484fcb\windows-amd64

VM Arguments:
jvm_args: --add-opens=java.base/java.util=ALL-UNNAMED --add-opens=java.base/java.lang=ALL-UNNAMED --add-opens=java.base/java.lang.invoke=ALL-UNNAMED --add-opens=java.base/java.util=ALL-UNNAMED --add-opens=java.prefs/java.util.prefs=ALL-UNNAMED --add-opens=java.prefs/java.util.prefs=ALL-UNNAMED --add-opens=java.base/java.nio.charset=ALL-UNNAMED --add-opens=java.base/java.net=ALL-UNNAMED --add-opens=java.base/java.util.concurrent.atomic=ALL-UNNAMED -Xmx2048m -Dfile.encoding=UTF-8 -Duser.country=PH -Duser.language=en -Duser.variant 
java_command: org.gradle.launcher.daemon.bootstrap.GradleDaemon 7.3.3
java_class_path (initial): C:\Users\Ray Ann Martinez\.gradle\wrapper\dists\gradle-7.3.3-bin\6a41zxkdtcxs8rphpq6y0069z\gradle-7.3.3\lib\gradle-launcher-7.3.3.jar
Launcher Type: SUN_STANDARD

[Global flags]
     intx CICompilerCount                          = 4                                         {product} {ergonomic}
     uint ConcGCThreads                            = 2                                         {product} {ergonomic}
     uint G1ConcRefinementThreads                  = 8                                         {product} {ergonomic}
   size_t G1HeapRegionSize                         = 1048576                                   {product} {ergonomic}
    uintx GCDrainStackTargetSize                   = 64                                        {product} {ergonomic}
   size_t InitialHeapSize                          = 132120576                                 {product} {ergonomic}
   size_t MarkStackSize                            = 4194304                                   {product} {ergonomic}
   size_t MaxHeapSize                              = 2147483648                                {product} {command line}
   size_t MaxNewSize                               = 1287651328                                {product} {ergonomic}
   size_t MinHeapDeltaBytes                        = 1048576                                   {product} {ergonomic}
    uintx NonNMethodCodeHeapSize                   = 5836300                                {pd product} {ergonomic}
    uintx NonProfiledCodeHeapSize                  = 122910970                              {pd product} {ergonomic}
    uintx ProfiledCodeHeapSize                     = 122910970                              {pd product} {ergonomic}
    uintx ReservedCodeCacheSize                    = 251658240                              {pd product} {ergonomic}
     bool SegmentedCodeCache                       = true                                      {product} {ergonomic}
     bool UseCompressedClassPointers               = true                                 {lp64_product} {ergonomic}
     bool UseCompressedOops                        = true                                 {lp64_product} {ergonomic}
     bool UseG1GC                                  = true                                      {product} {ergonomic}
     bool UseLargePagesIndividualAllocation        = false                                  {pd product} {ergonomic}

Logging:
Log output configuration:
 #0: stdout all=warning uptime,level,tags
 #1: stderr all=off uptime,level,tags

Environment Variables:
PATH=C:\Program Files\Common Files\Oracle\Java\javapath;C:\Program Files (x86)\Common Files\Oracle\Java\javapath;C:\Program Files (x86)\Razer\ChromaBroadcast\bin;C:\Program Files\Razer\ChromaBroadcast\bin;C:\Windows\system32;C:\Windows;C:\Windows\System32\Wbem;C:\Windows\System32\WindowsPowerShell\v1.0\;C:\Windows\System32\OpenSSH\;C:\Program Files (x86)\NVIDIA Corporation\PhysX\Common;C:\Program Files\NVIDIA Corporation\NVIDIA NvDLISR;C:\WINDOWS\system32;C:\WINDOWS;C:\WINDOWS\System32\Wbem;C:\WINDOWS\System32\WindowsPowerShell\v1.0\;C:\WINDOWS\System32\OpenSSH\;C:\WINDOWS\system32\config\systemprofile\AppData\Local\Microsoft\WindowsApps;C:\WINDOWS\system32;C:\WINDOWS;C:\WINDOWS\System32\Wbem;C:\WINDOWS\System32\WindowsPowerShell\v1.0\;C:\WINDOWS\System32\OpenSSH\;C:\ProgramData\chocolatey\bin;C:\ProgramData\chocolatey\lib\mpv.install\tools;C:\Program Files\dotnet\;C:\Users\Ray Ann Martinez\AppData\Local\Android Open Source Project\Emulator;C:\Program Files\Git\cmd;C:\Program Files\Docker\Docker\resources\bin;C:\ProgramData\DockerDesktop\version-bin;C:\Program Files\nodejs\;C:\Users\Ray Ann Martinez\AppData\Local\Packages\PythonSoftwareFoundation.Python.3.10_qbz5n2kfra8p0\LocalCache\local-packages\Python310\Scripts;C:\Users\Ray Ann Martinez\AppData\Local\Microsoft\WindowsApps;C:\Users\Ray Ann Martinez\AppData\Local\Android Open Source Project\Emulator;C:\Program Files\Java\jdk-18.0.2.1\bin;C:\Users\Ray Ann Martinez\AppData\Local\Programs\Microsoft VS Code\bin;C:\Users\Ray Ann Martinez\AppData\Roaming\npm;C:\Users\Ray Ann Martinez\AppData\Local\GitHubDesktop\bin;C:\Users\Ray Ann Martinez\AppData\Local\Programs\Python\Python310\Scripts;C:\Users\Ray Ann Martinez\AppData\Local\Packages\PythonSoftwareFoundation.Python.3.10_qbz5n2kfra8p0\LocalCache\local-packages\Python310\Scripts;
USERNAME=Ray Ann Martinez
OS=Windows_NT
PROCESSOR_IDENTIFIER=Intel64 Family 6 Model 165 Stepping 2, GenuineIntel



---------------  S Y S T E M  ---------------

OS: Windows 10 , 64 bit Build 22621 (10.0.22621.457)
OS uptime: 1 days 7:03 hours
Hyper-V role detected

CPU:total 8 (initial active 8) (4 cores per cpu, 2 threads per core) family 6 model 165 stepping 2 microcode 0xe2, cmov, cx8, fxsr, mmx, sse, sse2, sse3, ssse3, sse4.1, sse4.2, popcnt, avx, avx2, aes, clmul, erms, 3dnowpref, lzcnt, ht, tsc, tscinvbit, bmi1, bmi2, adx, fma

Memory: 4k page, system-wide physical 8059M (311M free)
TotalPageFile size 32635M (AvailPageFile size 44M)
current process WorkingSet (physical memory assigned to process): 495M, peak: 534M
current process commit charge ("private bytes"): 582M, peak: 626M

vm_info: OpenJDK 64-Bit Server VM (11.0.12+7-b1504.28-7817840) for windows-amd64 JRE (11.0.12+7-b1504.28-7817840), built on Oct 13 2021 22:12:33 by "builder" with MS VC++ 14.0 (VS2015)

END.
