#
# There is insufficient memory for the Java Runtime Environment to continue.
# Native memory allocation (mmap) failed to map 27262976 bytes for Failed to commit area from 0x0000000087e00000 to 0x0000000089800000 of length 27262976.
# Possible reasons:
#   The system is out of physical RAM or swap space
#   The process is running with CompressedOops enabled, and the Java Heap may be blocking the growth of the native heap
# Possible solutions:
#   Reduce memory load on the system
#   Increase physical memory or swap space
#   Check if swap backing store is full
#   Decrease Java heap size (-Xmx/-Xms)
#   Decrease number of Java threads
#   Decrease Java thread stack sizes (-Xss)
#   Set larger code cache with -XX:ReservedCodeCacheSize=
#   JVM is running with Unscaled Compressed Oops mode in which the Java heap is
#     placed in the first 4GB address space. The Java Heap base address is the
#     maximum limit for the native heap growth. Please use -XX:HeapBaseMinAddress
#     to set the Java Heap base and to place the Java Heap above 4GB virtual address.
# This output file may be truncated or incomplete.
#
#  Out of Memory Error (./src/hotspot/os/windows/os_windows.cpp:3521), pid=20956, tid=9540
#
# JRE version: OpenJDK Runtime Environment (11.0.12+7) (build 11.0.12+7-b1504.28-7817840)
# Java VM: OpenJDK 64-Bit Server VM (11.0.12+7-b1504.28-7817840, mixed mode, tiered, compressed oops, g1 gc, windows-amd64)
# No core dump will be written. Minidumps are not enabled by default on client versions of Windows
#

---------------  S U M M A R Y ------------

Command Line: --add-opens=java.base/java.util=ALL-UNNAMED --add-opens=java.base/java.lang=ALL-UNNAMED --add-opens=java.base/java.lang.invoke=ALL-UNNAMED --add-opens=java.base/java.util=ALL-UNNAMED --add-opens=java.prefs/java.util.prefs=ALL-UNNAMED --add-opens=java.prefs/java.util.prefs=ALL-UNNAMED --add-opens=java.base/java.nio.charset=ALL-UNNAMED --add-opens=java.base/java.net=ALL-UNNAMED --add-opens=java.base/java.util.concurrent.atomic=ALL-UNNAMED -Xmx2048m -Dfile.encoding=UTF-8 -Duser.country=PH -Duser.language=en -Duser.variant org.gradle.launcher.daemon.bootstrap.GradleDaemon 7.3.3

Host: Intel(R) Core(TM) i5-10300H CPU @ 2.50GHz, 8 cores, 7G,  Windows 10 , 64 bit Build 22621 (10.0.22621.457)
Time: Mon Oct  3 20:51:51 2022 Malay Peninsula Standard Time elapsed time: 4.173204 seconds (0d 0h 0m 4s)

---------------  T H R E A D  ---------------

Current thread (0x000001842a090000):  VMThread "VM Thread" [stack: 0x00000065d1500000,0x00000065d1600000] [id=9540]

Stack: [0x00000065d1500000,0x00000065d1600000]
[error occurred during error reporting (printing stack bounds), id 0xc0000005, EXCEPTION_ACCESS_VIOLATION (0xc0000005) at pc=0x000001841370112d]

Native frames: (J=compiled Java code, j=interpreted, Vv=VM code, C=native code)
V  [jvm.dll+0x5fbcea]
V  [jvm.dll+0x731905]
V  [jvm.dll+0x732f1d]
V  [jvm.dll+0x733535]
V  [jvm.dll+0x7334eb]
V  [jvm.dll+0x5fb080]
V  [jvm.dll+0x5fb818]
C  [ntdll.dll+0xa3e1f]
C  [ntdll.dll+0x1eae6]
C  [ntdll.dll+0xa2e0e]
C  0x000001841370112d

VM_Operation (0x00000065d28f65a0): G1CollectForAllocation, mode: safepoint, requested by thread 0x000001842ca98000


---------------  P R O C E S S  ---------------

Threads class SMR info:
_java_thread_list=0x000001842edfe4c0, length=39, elements={
0x000001840fbfa800, 0x000001842a094000, 0x000001842a0a0800, 0x000001842a0ae000,
0x000001842a0b1000, 0x000001842a0b2000, 0x000001842a0b6000, 0x000001842a0b8800,
0x000001842a0b9800, 0x000001842ab67800, 0x000001842cbc6000, 0x000001842cb8d800,
0x000001842cc16000, 0x000001842b78d000, 0x000001842b78d800, 0x000001842bfdc800,
0x000001842ca98000, 0x000001842cbde000, 0x000001842c4d5800, 0x000001842ca88800,
0x000001842ca8c800, 0x000001842ca8b000, 0x000001842ca89000, 0x000001842ca8a000,
0x000001842ca8b800, 0x000001842ca86800, 0x000001842ca8d800, 0x000001842ca87800,
0x000001842cd96800, 0x000001842cd9a000, 0x000001842cd99000, 0x000001842cd97800,
0x000001842cd94000, 0x000001842cd98000, 0x000001842cd95800, 0x000001842cd9a800,
0x000001842cd95000, 0x000001842cd9d000, 0x000001842cd9c000
}

Java Threads: ( => current thread )
  0x000001840fbfa800 JavaThread "main" [_thread_blocked, id=17616, stack(0x00000065d0f00000,0x00000065d1000000)]
  0x000001842a094000 JavaThread "Reference Handler" daemon [_thread_blocked, id=10076, stack(0x00000065d1600000,0x00000065d1700000)]
  0x000001842a0a0800 JavaThread "Finalizer" daemon [_thread_blocked, id=4852, stack(0x00000065d1700000,0x00000065d1800000)]
  0x000001842a0ae000 JavaThread "Signal Dispatcher" daemon [_thread_blocked, id=10888, stack(0x00000065d1800000,0x00000065d1900000)]
  0x000001842a0b1000 JavaThread "Attach Listener" daemon [_thread_blocked, id=1548, stack(0x00000065d1900000,0x00000065d1a00000)]
  0x000001842a0b2000 JavaThread "Service Thread" daemon [_thread_blocked, id=6056, stack(0x00000065d1a00000,0x00000065d1b00000)]
  0x000001842a0b6000 JavaThread "C2 CompilerThread0" daemon [_thread_in_native, id=3920, stack(0x00000065d1b00000,0x00000065d1c00000)]
  0x000001842a0b8800 JavaThread "C1 CompilerThread0" daemon [_thread_blocked, id=13388, stack(0x00000065d1c00000,0x00000065d1d00000)]
  0x000001842a0b9800 JavaThread "Sweeper thread" daemon [_thread_blocked, id=20968, stack(0x00000065d1d00000,0x00000065d1e00000)]
  0x000001842ab67800 JavaThread "Common-Cleaner" daemon [_thread_blocked, id=23160, stack(0x00000065d1e00000,0x00000065d1f00000)]
  0x000001842cbc6000 JavaThread "Daemon health stats" [_thread_blocked, id=10672, stack(0x00000065d2200000,0x00000065d2300000)]
  0x000001842cb8d800 JavaThread "Incoming local TCP Connector on port 56973" [_thread_in_native, id=9380, stack(0x00000065d2300000,0x00000065d2400000)]
  0x000001842cc16000 JavaThread "Daemon periodic checks" [_thread_blocked, id=17640, stack(0x00000065d2400000,0x00000065d2500000)]
  0x000001842b78d000 JavaThread "Daemon" [_thread_blocked, id=4448, stack(0x00000065d2500000,0x00000065d2600000)]
  0x000001842b78d800 JavaThread "Handler for socket connection from /127.0.0.1:56973 to /127.0.0.1:56974" [_thread_in_native, id=8396, stack(0x00000065d2600000,0x00000065d2700000)]
  0x000001842bfdc800 JavaThread "Cancel handler" [_thread_blocked, id=17416, stack(0x00000065d2700000,0x00000065d2800000)]
  0x000001842ca98000 JavaThread "Daemon worker" [_thread_blocked, id=16696, stack(0x00000065d2800000,0x00000065d2900000)]
  0x000001842cbde000 JavaThread "Asynchronous log dispatcher for DefaultDaemonConnection: socket connection from /127.0.0.1:56973 to /127.0.0.1:56974" [_thread_blocked, id=22196, stack(0x00000065d2900000,0x00000065d2a00000)]
  0x000001842c4d5800 JavaThread "Stdin handler" [_thread_blocked, id=11740, stack(0x00000065d2a00000,0x00000065d2b00000)]
  0x000001842ca88800 JavaThread "Daemon client event forwarder" [_thread_blocked, id=9948, stack(0x00000065d2b00000,0x00000065d2c00000)]
  0x000001842ca8c800 JavaThread "Cache worker for journal cache (C:\Users\Ray Ann Martinez\.gradle\caches\journal-1)" [_thread_blocked, id=5348, stack(0x00000065d3100000,0x00000065d3200000)]
  0x000001842ca8b000 JavaThread "File lock request listener" [_thread_in_native, id=13972, stack(0x00000065d3200000,0x00000065d3300000)]
  0x000001842ca89000 JavaThread "Cache worker for file hash cache (C:\Users\Ray Ann Martinez\.gradle\caches\7.3.3\fileHashes)" [_thread_blocked, id=7796, stack(0x00000065d3400000,0x00000065d3500000)]
  0x000001842ca8a000 JavaThread "Cache worker for file hash cache (C:\Users\Ray Ann Martinez\AndroidStudioProjects\Synapse\.gradle\7.3.3\fileHashes)" [_thread_blocked, id=16588, stack(0x00000065d3500000,0x00000065d3600000)]
  0x000001842ca8b800 JavaThread "File watcher server" daemon [_thread_in_native, id=8380, stack(0x00000065d3600000,0x00000065d3700000)]
  0x000001842ca86800 JavaThread "File watcher consumer" daemon [_thread_blocked, id=9144, stack(0x00000065d3700000,0x00000065d3800000)]
  0x000001842ca8d800 JavaThread "jar transforms" [_thread_blocked, id=23220, stack(0x00000065d3800000,0x00000065d3900000)]
  0x000001842ca87800 JavaThread "jar transforms Thread 2" [_thread_blocked, id=14836, stack(0x00000065d3900000,0x00000065d3a00000)]
  0x000001842cd96800 JavaThread "jar transforms Thread 3" [_thread_blocked, id=14992, stack(0x00000065d3a00000,0x00000065d3b00000)]
  0x000001842cd9a000 JavaThread "jar transforms Thread 4" [_thread_blocked, id=14500, stack(0x00000065d3b00000,0x00000065d3c00000)]
  0x000001842cd99000 JavaThread "jar transforms Thread 5" [_thread_blocked, id=18940, stack(0x00000065d3c00000,0x00000065d3d00000)]
  0x000001842cd97800 JavaThread "jar transforms Thread 6" [_thread_blocked, id=5676, stack(0x00000065d3d00000,0x00000065d3e00000)]
  0x000001842cd94000 JavaThread "jar transforms Thread 7" [_thread_blocked, id=12748, stack(0x00000065d3e00000,0x00000065d3f00000)]
  0x000001842cd98000 JavaThread "jar transforms Thread 8" [_thread_blocked, id=15236, stack(0x00000065d3f00000,0x00000065d4000000)]
  0x000001842cd95800 JavaThread "Cache worker for checksums cache (C:\Users\Ray Ann Martinez\AndroidStudioProjects\Synapse\.gradle\7.3.3\checksums)" [_thread_blocked, id=16884, stack(0x00000065d4000000,0x00000065d4100000)]
  0x000001842cd9a800 JavaThread "Cache worker for cache directory md-supplier (C:\Users\Ray Ann Martinez\.gradle\caches\7.3.3\md-supplier)" [_thread_blocked, id=8924, stack(0x00000065d4100000,0x00000065d4200000)]
  0x000001842cd95000 JavaThread "Cache worker for cache directory md-rule (C:\Users\Ray Ann Martinez\.gradle\caches\7.3.3\md-rule)" [_thread_blocked, id=10500, stack(0x00000065d4200000,0x00000065d4300000)]
  0x000001842cd9d000 JavaThread "Cache worker for execution history cache (C:\Users\Ray Ann Martinez\.gradle\caches\7.3.3\executionHistory)" [_thread_blocked, id=18212, stack(0x00000065d4300000,0x00000065d4400000)]
  0x000001842cd9c000 JavaThread "Cache worker for file content cache (C:\Users\Ray Ann Martinez\.gradle\caches\7.3.3\fileContent)" [_thread_blocked, id=3564, stack(0x00000065d4400000,0x00000065d4500000)]

Other Threads:
=>0x000001842a090000 VMThread "VM Thread" [stack: 0x00000065d1500000,0x00000065d1600000] [id=9540]
  0x000001842ab7a800 WatcherThread [stack: 0x00000065d1f00000,0x00000065d2000000] [id=10764]
  0x000001840fc14000 GCTaskThread "GC Thread#0" [stack: 0x00000065d1000000,0x00000065d1100000] [id=10132]
  0x000001842b706000 GCTaskThread "GC Thread#1" [stack: 0x00000065d2000000,0x00000065d2100000] [id=12960]
  0x000001842b3d3000 GCTaskThread "GC Thread#2" [stack: 0x00000065d2100000,0x00000065d2200000] [id=12728]
  0x000001842cb13800 GCTaskThread "GC Thread#3" [stack: 0x00000065d2c00000,0x00000065d2d00000] [id=12876]
  0x000001842cb0c800 GCTaskThread "GC Thread#4" [stack: 0x00000065d2d00000,0x00000065d2e00000] [id=16776]
  0x000001842ca4a000 GCTaskThread "GC Thread#5" [stack: 0x00000065d2e00000,0x00000065d2f00000] [id=17020]
  0x000001842bd0b000 GCTaskThread "GC Thread#6" [stack: 0x00000065d2f00000,0x00000065d3000000] [id=996]
  0x000001842cb3f800 GCTaskThread "GC Thread#7" [stack: 0x00000065d3000000,0x00000065d3100000] [id=16784]
  0x000001840fc45800 ConcurrentGCThread "G1 Main Marker" [stack: 0x00000065d1100000,0x00000065d1200000] [id=17136]
  0x000001840fc47800 ConcurrentGCThread "G1 Conc#0" [stack: 0x00000065d1200000,0x00000065d1300000] [id=8600]
  0x000001842cd33800 ConcurrentGCThread "G1 Conc#1" [stack: 0x00000065d3300000,0x00000065d3400000] [id=9924]
  0x0000018429ee0800 ConcurrentGCThread "G1 Refine#0" [stack: 0x00000065d1300000,0x00000065d1400000] [id=11408]
  0x0000018429ee1800 ConcurrentGCThread "G1 Young RemSet Sampling" [stack: 0x00000065d1400000,0x00000065d1500000] [id=2876]

Threads with active compile tasks:
C2 CompilerThread0   4181 3711   !   4       java.lang.reflect.Executable::declaredAnnotations (85 bytes)

VM state:at safepoint (normal execution)

VM Mutex/Monitor currently owned by a thread:  ([mutex/lock_event])
[0x000001840fbf8020] Threads_lock - owner thread: 0x000001842a090000
[0x000001840fbf7b10] Heap_lock - owner thread: 0x000001842ca98000

Heap address: 0x0000000080000000, size: 2048 MB, Compressed Oops mode: 32-bit
Narrow klass base: 0x0000000000000000, Narrow klass shift: 3
Compressed class space size: 1073741824 Address: 0x0000000100000000

Heap:
 garbage-first heap   total 155648K, used 49905K [0x0000000080000000, 0x0000000100000000)
  region size 1024K, 5 young (5120K), 5 survivors (5120K)
 Metaspace       used 45600K, capacity 46845K, committed 46976K, reserved 1089536K
  class space    used 5789K, capacity 6233K, committed 6272K, reserved 1048576K
Heap Regions: E=young(eden), S=young(survivor), O=old, HS=humongous(starts), HC=humongous(continues), CS=collection set, F=free, A=archive, TAMS=top-at-mark-start (previous, next)
|   0|0x0000000080000000, 0x0000000080100000, 0x0000000080100000|100%| O|  |TAMS 0x0000000080100000, 0x0000000080000000| Untracked 
|   1|0x0000000080100000, 0x0000000080200000, 0x0000000080200000|100%| O|  |TAMS 0x0000000080200000, 0x0000000080100000| Untracked 
|   2|0x0000000080200000, 0x0000000080300000, 0x0000000080300000|100%| O|  |TAMS 0x0000000080300000, 0x0000000080200000| Untracked 
|   3|0x0000000080300000, 0x0000000080400000, 0x0000000080400000|100%|HS|  |TAMS 0x0000000080400000, 0x0000000080300000| Complete 
|   4|0x0000000080400000, 0x0000000080500000, 0x0000000080500000|100%|HC|  |TAMS 0x0000000080500000, 0x0000000080400000| Complete 
|   5|0x0000000080500000, 0x0000000080600000, 0x0000000080600000|100%|HC|  |TAMS 0x0000000080600000, 0x0000000080500000| Complete 
|   6|0x0000000080600000, 0x0000000080700000, 0x0000000080700000|100%| O|  |TAMS 0x0000000080700000, 0x0000000080600000| Untracked 
|   7|0x0000000080700000, 0x0000000080800000, 0x0000000080800000|100%| O|  |TAMS 0x0000000080800000, 0x0000000080700000| Untracked 
|   8|0x0000000080800000, 0x0000000080900000, 0x0000000080900000|100%| O|  |TAMS 0x0000000080900000, 0x0000000080800000| Untracked 
|   9|0x0000000080900000, 0x0000000080a00000, 0x0000000080a00000|100%| O|  |TAMS 0x0000000080a00000, 0x0000000080900000| Untracked 
|  10|0x0000000080a00000, 0x0000000080b00000, 0x0000000080b00000|100%| O|  |TAMS 0x0000000080b00000, 0x0000000080a00000| Untracked 
|  11|0x0000000080b00000, 0x0000000080c00000, 0x0000000080c00000|100%| O|  |TAMS 0x0000000080c00000, 0x0000000080b00000| Untracked 
|  12|0x0000000080c00000, 0x0000000080d00000, 0x0000000080d00000|100%| O|  |TAMS 0x0000000080d00000, 0x0000000080c00000| Untracked 
|  13|0x0000000080d00000, 0x0000000080e00000, 0x0000000080e00000|100%| O|  |TAMS 0x0000000080e00000, 0x0000000080d00000| Untracked 
|  14|0x0000000080e00000, 0x0000000080f00000, 0x0000000080f00000|100%| O|  |TAMS 0x0000000080f00000, 0x0000000080e00000| Untracked 
|  15|0x0000000080f00000, 0x0000000081000000, 0x0000000081000000|100%| O|  |TAMS 0x0000000081000000, 0x0000000080f00000| Untracked 
|  16|0x0000000081000000, 0x0000000081100000, 0x0000000081100000|100%|HS|  |TAMS 0x0000000081100000, 0x0000000081000000| Complete 
|  17|0x0000000081100000, 0x0000000081200000, 0x0000000081200000|100%|HC|  |TAMS 0x0000000081200000, 0x0000000081100000| Complete 
|  18|0x0000000081200000, 0x0000000081300000, 0x0000000081300000|100%|HS|  |TAMS 0x0000000081300000, 0x0000000081200000| Complete 
|  19|0x0000000081300000, 0x0000000081400000, 0x0000000081400000|100%|HC|  |TAMS 0x0000000081400000, 0x0000000081300000| Complete 
|  20|0x0000000081400000, 0x0000000081500000, 0x0000000081500000|100%|HC|  |TAMS 0x0000000081500000, 0x0000000081400000| Complete 
|  21|0x0000000081500000, 0x0000000081600000, 0x0000000081600000|100%|HS|  |TAMS 0x0000000081600000, 0x0000000081500000| Complete 
|  22|0x0000000081600000, 0x0000000081700000, 0x0000000081700000|100%|HS|  |TAMS 0x0000000081700000, 0x0000000081600000| Complete 
|  23|0x0000000081700000, 0x0000000081800000, 0x0000000081800000|100%|HC|  |TAMS 0x0000000081800000, 0x0000000081700000| Complete 
|  24|0x0000000081800000, 0x0000000081900000, 0x0000000081900000|100%|HC|  |TAMS 0x0000000081900000, 0x0000000081800000| Complete 
|  25|0x0000000081900000, 0x0000000081a00000, 0x0000000081a00000|100%|HC|  |TAMS 0x0000000081a00000, 0x0000000081900000| Complete 
|  26|0x0000000081a00000, 0x0000000081b00000, 0x0000000081b00000|100%| O|  |TAMS 0x0000000081b00000, 0x0000000081a00000| Untracked 
|  27|0x0000000081b00000, 0x0000000081c00000, 0x0000000081c00000|100%| O|  |TAMS 0x0000000081c00000, 0x0000000081b00000| Untracked 
|  28|0x0000000081c00000, 0x0000000081d00000, 0x0000000081d00000|100%| O|  |TAMS 0x0000000081d00000, 0x0000000081c00000| Untracked 
|  29|0x0000000081d00000, 0x0000000081e00000, 0x0000000081e00000|100%| O|  |TAMS 0x0000000081e00000, 0x0000000081d00000| Untracked 
|  30|0x0000000081e00000, 0x0000000081f00000, 0x0000000081f00000|100%| O|  |TAMS 0x0000000081f00000, 0x0000000081e00000| Untracked 
|  31|0x0000000081f00000, 0x0000000082000000, 0x0000000082000000|100%| O|  |TAMS 0x0000000082000000, 0x0000000081f00000| Untracked 
|  32|0x0000000082000000, 0x0000000082100000, 0x0000000082100000|100%| O|  |TAMS 0x0000000082100000, 0x0000000082000000| Untracked 
|  33|0x0000000082100000, 0x0000000082200000, 0x0000000082200000|100%| O|  |TAMS 0x0000000082163200, 0x0000000082100000| Untracked 
|  34|0x0000000082200000, 0x0000000082300000, 0x0000000082300000|100%|HS|  |TAMS 0x0000000082200000, 0x0000000082200000| Complete 
|  35|0x0000000082300000, 0x0000000082400000, 0x0000000082400000|100%|HS|  |TAMS 0x0000000082300000, 0x0000000082300000| Complete 
|  36|0x0000000082400000, 0x0000000082500000, 0x0000000082500000|100%|HC|  |TAMS 0x0000000082400000, 0x0000000082400000| Complete 
|  37|0x0000000082500000, 0x0000000082600000, 0x0000000082600000|100%|HC|  |TAMS 0x0000000082500000, 0x0000000082500000| Complete 
|  38|0x0000000082600000, 0x0000000082600000, 0x0000000082700000|  0%| F|  |TAMS 0x0000000082600000, 0x0000000082600000| Untracked 
|  39|0x0000000082700000, 0x0000000082800000, 0x0000000082800000|100%| O|  |TAMS 0x0000000082700000, 0x0000000082700000| Untracked 
|  40|0x0000000082800000, 0x0000000082900000, 0x0000000082900000|100%| O|  |TAMS 0x0000000082800000, 0x0000000082800000| Untracked 
|  41|0x0000000082900000, 0x0000000082a00000, 0x0000000082a00000|100%| O|  |TAMS 0x0000000082900000, 0x0000000082900000| Untracked 
|  42|0x0000000082a00000, 0x0000000082b00000, 0x0000000082b00000|100%| O|  |TAMS 0x0000000082a00000, 0x0000000082a00000| Untracked 
|  43|0x0000000082b00000, 0x0000000082c00000, 0x0000000082c00000|100%| O|  |TAMS 0x0000000082b00000, 0x0000000082b00000| Untracked 
|  44|0x0000000082c00000, 0x0000000082d00000, 0x0000000082d00000|100%| O|  |TAMS 0x0000000082c00000, 0x0000000082c00000| Untracked 
|  45|0x0000000082d00000, 0x0000000082d7ac00, 0x0000000082e00000| 47%| O|  |TAMS 0x0000000082d00000, 0x0000000082d00000| Untracked 
|  46|0x0000000082e00000, 0x0000000082e00000, 0x0000000082f00000|  0%| F|  |TAMS 0x0000000082e00000, 0x0000000082e00000| Untracked 
|  47|0x0000000082f00000, 0x0000000082f00000, 0x0000000083000000|  0%| F|  |TAMS 0x0000000082f00000, 0x0000000082f00000| Untracked 
|  48|0x0000000083000000, 0x0000000083000000, 0x0000000083100000|  0%| F|  |TAMS 0x0000000083000000, 0x0000000083000000| Untracked 
|  49|0x0000000083100000, 0x0000000083100000, 0x0000000083200000|  0%| F|  |TAMS 0x0000000083100000, 0x0000000083100000| Untracked 
|  50|0x0000000083200000, 0x0000000083200000, 0x0000000083300000|  0%| F|  |TAMS 0x0000000083200000, 0x0000000083200000| Untracked 
|  51|0x0000000083300000, 0x0000000083300000, 0x0000000083400000|  0%| F|  |TAMS 0x0000000083300000, 0x0000000083300000| Untracked 
|  52|0x0000000083400000, 0x0000000083400000, 0x0000000083500000|  0%| F|  |TAMS 0x0000000083400000, 0x0000000083400000| Untracked 
|  53|0x0000000083500000, 0x0000000083500000, 0x0000000083600000|  0%| F|  |TAMS 0x0000000083500000, 0x0000000083500000| Untracked 
|  54|0x0000000083600000, 0x0000000083600000, 0x0000000083700000|  0%| F|  |TAMS 0x0000000083600000, 0x0000000083600000| Untracked 
|  55|0x0000000083700000, 0x0000000083700000, 0x0000000083800000|  0%| F|  |TAMS 0x0000000083700000, 0x0000000083700000| Untracked 
|  56|0x0000000083800000, 0x0000000083800000, 0x0000000083900000|  0%| F|  |TAMS 0x0000000083800000, 0x0000000083800000| Untracked 
|  57|0x0000000083900000, 0x0000000083900000, 0x0000000083a00000|  0%| F|  |TAMS 0x0000000083900000, 0x0000000083900000| Untracked 
|  58|0x0000000083a00000, 0x0000000083a00000, 0x0000000083b00000|  0%| F|  |TAMS 0x0000000083a00000, 0x0000000083a00000| Untracked 
|  59|0x0000000083b00000, 0x0000000083b00000, 0x0000000083c00000|  0%| F|  |TAMS 0x0000000083b00000, 0x0000000083b00000| Untracked 
|  60|0x0000000083c00000, 0x0000000083c00000, 0x0000000083d00000|  0%| F|  |TAMS 0x0000000083c00000, 0x0000000083c00000| Untracked 
|  61|0x0000000083d00000, 0x0000000083d00000, 0x0000000083e00000|  0%| F|  |TAMS 0x0000000083d00000, 0x0000000083d00000| Untracked 
|  62|0x0000000083e00000, 0x0000000083e00000, 0x0000000083f00000|  0%| F|  |TAMS 0x0000000083e00000, 0x0000000083e00000| Untracked 
|  63|0x0000000083f00000, 0x0000000083f41b20, 0x0000000084000000| 25%| S|CS|TAMS 0x0000000083f00000, 0x0000000083f00000| Complete 
|  64|0x0000000084000000, 0x0000000084000000, 0x0000000084100000|  0%| F|  |TAMS 0x0000000084000000, 0x0000000084000000| Untracked 
|  65|0x0000000084100000, 0x0000000084100000, 0x0000000084200000|  0%| F|  |TAMS 0x0000000084100000, 0x0000000084100000| Untracked 
|  66|0x0000000084200000, 0x0000000084200000, 0x0000000084300000|  0%| F|  |TAMS 0x0000000084200000, 0x0000000084200000| Untracked 
|  67|0x0000000084300000, 0x0000000084300000, 0x0000000084400000|  0%| F|  |TAMS 0x0000000084300000, 0x0000000084300000| Untracked 
|  68|0x0000000084400000, 0x0000000084400000, 0x0000000084500000|  0%| F|  |TAMS 0x0000000084400000, 0x0000000084400000| Untracked 
|  69|0x0000000084500000, 0x0000000084500000, 0x0000000084600000|  0%| F|  |TAMS 0x0000000084500000, 0x0000000084500000| Untracked 
|  70|0x0000000084600000, 0x0000000084600000, 0x0000000084700000|  0%| F|  |TAMS 0x0000000084600000, 0x0000000084600000| Untracked 
|  71|0x0000000084700000, 0x0000000084800000, 0x0000000084800000|100%| S|CS|TAMS 0x0000000084700000, 0x0000000084700000| Complete 
|  72|0x0000000084800000, 0x0000000084900000, 0x0000000084900000|100%| S|CS|TAMS 0x0000000084800000, 0x0000000084800000| Complete 
|  73|0x0000000084900000, 0x0000000084a00000, 0x0000000084a00000|100%| S|CS|TAMS 0x0000000084900000, 0x0000000084900000| Complete 
|  74|0x0000000084a00000, 0x0000000084b00000, 0x0000000084b00000|100%| S|CS|TAMS 0x0000000084a00000, 0x0000000084a00000| Complete 
|  75|0x0000000084b00000, 0x0000000084b00000, 0x0000000084c00000|  0%| F|  |TAMS 0x0000000084b00000, 0x0000000084b00000| Untracked 
|  76|0x0000000084c00000, 0x0000000084c00000, 0x0000000084d00000|  0%| F|  |TAMS 0x0000000084c00000, 0x0000000084c00000| Untracked 
|  77|0x0000000084d00000, 0x0000000084d00000, 0x0000000084e00000|  0%| F|  |TAMS 0x0000000084d00000, 0x0000000084d00000| Untracked 
|  78|0x0000000084e00000, 0x0000000084e00000, 0x0000000084f00000|  0%| F|  |TAMS 0x0000000084e00000, 0x0000000084e00000| Untracked 
|  79|0x0000000084f00000, 0x0000000084f00000, 0x0000000085000000|  0%| F|  |TAMS 0x0000000084f00000, 0x0000000084f00000| Untracked 
|  80|0x0000000085000000, 0x0000000085000000, 0x0000000085100000|  0%| F|  |TAMS 0x0000000085000000, 0x0000000085000000| Untracked 
|  81|0x0000000085100000, 0x0000000085100000, 0x0000000085200000|  0%| F|  |TAMS 0x0000000085100000, 0x0000000085100000| Untracked 
|  82|0x0000000085200000, 0x0000000085200000, 0x0000000085300000|  0%| F|  |TAMS 0x0000000085200000, 0x0000000085200000| Untracked 
|  83|0x0000000085300000, 0x0000000085300000, 0x0000000085400000|  0%| F|  |TAMS 0x0000000085300000, 0x0000000085300000| Untracked 
|  84|0x0000000085400000, 0x0000000085400000, 0x0000000085500000|  0%| F|  |TAMS 0x0000000085400000, 0x0000000085400000| Untracked 
|  85|0x0000000085500000, 0x0000000085500000, 0x0000000085600000|  0%| F|  |TAMS 0x0000000085500000, 0x0000000085500000| Untracked 
|  86|0x0000000085600000, 0x0000000085600000, 0x0000000085700000|  0%| F|  |TAMS 0x0000000085600000, 0x0000000085600000| Untracked 
|  87|0x0000000085700000, 0x0000000085700000, 0x0000000085800000|  0%| F|  |TAMS 0x0000000085700000, 0x0000000085700000| Untracked 
|  88|0x0000000085800000, 0x0000000085800000, 0x0000000085900000|  0%| F|  |TAMS 0x0000000085800000, 0x0000000085800000| Untracked 
|  89|0x0000000085900000, 0x0000000085900000, 0x0000000085a00000|  0%| F|  |TAMS 0x0000000085900000, 0x0000000085900000| Untracked 
|  90|0x0000000085a00000, 0x0000000085a00000, 0x0000000085b00000|  0%| F|  |TAMS 0x0000000085a00000, 0x0000000085a00000| Untracked 
|  91|0x0000000085b00000, 0x0000000085b00000, 0x0000000085c00000|  0%| F|  |TAMS 0x0000000085b00000, 0x0000000085b00000| Untracked 
|  92|0x0000000085c00000, 0x0000000085c00000, 0x0000000085d00000|  0%| F|  |TAMS 0x0000000085c00000, 0x0000000085c00000| Untracked 
|  93|0x0000000085d00000, 0x0000000085d00000, 0x0000000085e00000|  0%| F|  |TAMS 0x0000000085d00000, 0x0000000085d00000| Untracked 
|  94|0x0000000085e00000, 0x0000000085e00000, 0x0000000085f00000|  0%| F|  |TAMS 0x0000000085e00000, 0x0000000085e00000| Untracked 
|  95|0x0000000085f00000, 0x0000000085f00000, 0x0000000086000000|  0%| F|  |TAMS 0x0000000085f00000, 0x0000000085f00000| Untracked 
|  96|0x0000000086000000, 0x0000000086000000, 0x0000000086100000|  0%| F|  |TAMS 0x0000000086000000, 0x0000000086000000| Untracked 
|  97|0x0000000086100000, 0x0000000086100000, 0x0000000086200000|  0%| F|  |TAMS 0x0000000086100000, 0x0000000086100000| Untracked 
|  98|0x0000000086200000, 0x0000000086200000, 0x0000000086300000|  0%| F|  |TAMS 0x0000000086200000, 0x0000000086200000| Untracked 
|  99|0x0000000086300000, 0x0000000086300000, 0x0000000086400000|  0%| F|  |TAMS 0x0000000086300000, 0x0000000086300000| Untracked 
| 100|0x0000000086400000, 0x0000000086400000, 0x0000000086500000|  0%| F|  |TAMS 0x0000000086400000, 0x0000000086400000| Untracked 
| 101|0x0000000086500000, 0x0000000086500000, 0x0000000086600000|  0%| F|  |TAMS 0x0000000086500000, 0x0000000086500000| Untracked 
| 102|0x0000000086600000, 0x0000000086600000, 0x0000000086700000|  0%| F|  |TAMS 0x0000000086600000, 0x0000000086600000| Untracked 
| 103|0x0000000086700000, 0x0000000086700000, 0x0000000086800000|  0%| F|  |TAMS 0x0000000086700000, 0x0000000086700000| Untracked 
| 104|0x0000000086800000, 0x0000000086800000, 0x0000000086900000|  0%| F|  |TAMS 0x0000000086800000, 0x0000000086800000| Untracked 
| 105|0x0000000086900000, 0x0000000086900000, 0x0000000086a00000|  0%| F|  |TAMS 0x0000000086900000, 0x0000000086900000| Untracked 
| 106|0x0000000086a00000, 0x0000000086a00000, 0x0000000086b00000|  0%| F|  |TAMS 0x0000000086a00000, 0x0000000086a00000| Untracked 
| 107|0x0000000086b00000, 0x0000000086b00000, 0x0000000086c00000|  0%| F|  |TAMS 0x0000000086b00000, 0x0000000086b00000| Untracked 
| 108|0x0000000086c00000, 0x0000000086c00000, 0x0000000086d00000|  0%| F|  |TAMS 0x0000000086c00000, 0x0000000086c00000| Untracked 
| 109|0x0000000086d00000, 0x0000000086d00000, 0x0000000086e00000|  0%| F|  |TAMS 0x0000000086d00000, 0x0000000086d00000| Untracked 
| 110|0x0000000086e00000, 0x0000000086e00000, 0x0000000086f00000|  0%| F|  |TAMS 0x0000000086e00000, 0x0000000086e00000| Untracked 
| 111|0x0000000086f00000, 0x0000000086f00000, 0x0000000087000000|  0%| F|  |TAMS 0x0000000086f00000, 0x0000000086f00000| Untracked 
| 112|0x0000000087000000, 0x0000000087000000, 0x0000000087100000|  0%| F|  |TAMS 0x0000000087000000, 0x0000000087000000| Untracked 
| 113|0x0000000087100000, 0x0000000087100000, 0x0000000087200000|  0%| F|  |TAMS 0x0000000087100000, 0x0000000087100000| Untracked 
| 114|0x0000000087200000, 0x0000000087200000, 0x0000000087300000|  0%| F|  |TAMS 0x0000000087200000, 0x0000000087200000| Untracked 
| 115|0x0000000087300000, 0x0000000087300000, 0x0000000087400000|  0%| F|  |TAMS 0x0000000087300000, 0x0000000087300000| Untracked 
| 116|0x0000000087400000, 0x0000000087400000, 0x0000000087500000|  0%| F|  |TAMS 0x0000000087400000, 0x0000000087400000| Untracked 
| 117|0x0000000087500000, 0x0000000087500000, 0x0000000087600000|  0%| F|  |TAMS 0x0000000087500000, 0x0000000087500000| Untracked 
| 118|0x0000000087600000, 0x0000000087600000, 0x0000000087700000|  0%| F|  |TAMS 0x0000000087600000, 0x0000000087600000| Untracked 
| 119|0x0000000087700000, 0x0000000087700000, 0x0000000087800000|  0%| F|  |TAMS 0x0000000087700000, 0x0000000087700000| Untracked 
| 120|0x0000000087800000, 0x0000000087800000, 0x0000000087900000|  0%| F|  |TAMS 0x0000000087800000, 0x0000000087800000| Untracked 
| 121|0x0000000087900000, 0x0000000087900000, 0x0000000087a00000|  0%| F|  |TAMS 0x0000000087900000, 0x0000000087900000| Untracked 
| 122|0x0000000087a00000, 0x0000000087a00000, 0x0000000087b00000|  0%| F|  |TAMS 0x0000000087a00000, 0x0000000087a00000| Untracked 
| 123|0x0000000087b00000, 0x0000000087b00000, 0x0000000087c00000|  0%| F|  |TAMS 0x0000000087b00000, 0x0000000087b00000| Untracked 
| 124|0x0000000087c00000, 0x0000000087c00000, 0x0000000087d00000|  0%| F|  |TAMS 0x0000000087c00000, 0x0000000087c00000| Untracked 
| 125|0x0000000087d00000, 0x0000000087d00000, 0x0000000087e00000|  0%| F|  |TAMS 0x0000000087d00000, 0x0000000087d00000| Untracked 

Card table byte_map: [0x0000018422e30000,0x0000018423230000] _byte_map_base: 0x0000018422a30000

Marking Bits (Prev, Next): (CMBitMap*) 0x000001840fc3c958, (CMBitMap*) 0x000001840fc3c990
 Prev Bits: [0x0000018423630000, 0x0000018425630000)
 Next Bits: [0x0000018425630000, 0x0000018427630000)

Polling page: 0x000001840dba0000

Metaspace:

Usage:
  Non-class:     39.66 MB capacity,    38.88 MB ( 98%) used,   685.24 KB (  2%) free+waste,   115.75 KB ( <1%) overhead. 
      Class:      6.09 MB capacity,     5.65 MB ( 93%) used,   386.96 KB (  6%) free+waste,    56.06 KB ( <1%) overhead. 
       Both:     45.75 MB capacity,    44.53 MB ( 97%) used,     1.05 MB (  2%) free+waste,   171.81 KB ( <1%) overhead. 

Virtual space:
  Non-class space:       40.00 MB reserved,      39.75 MB (>99%) committed 
      Class space:        1.00 GB reserved,       6.13 MB ( <1%) committed 
             Both:        1.04 GB reserved,      45.88 MB (  4%) committed 

Chunk freelists:
   Non-Class:  28.00 KB
       Class:  7.00 KB
        Both:  35.00 KB

MaxMetaspaceSize: 17179869184.00 GB
CompressedClassSpaceSize: 1.00 GB
Initial GC threshold: 20.80 MB
Current GC threshold: 58.75 MB
CDS: off

CodeHeap 'non-profiled nmethods': size=120000Kb used=1664Kb max_used=1664Kb free=118335Kb
 bounds [0x000001841b1d0000, 0x000001841b440000, 0x0000018422700000]
CodeHeap 'profiled nmethods': size=120000Kb used=8087Kb max_used=8087Kb free=111912Kb
 bounds [0x0000018413ca0000, 0x0000018414490000, 0x000001841b1d0000]
CodeHeap 'non-nmethods': size=5760Kb used=2291Kb max_used=2328Kb free=3468Kb
 bounds [0x0000018413700000, 0x0000018413970000, 0x0000018413ca0000]
 total_blobs=4726 nmethods=3941 adapters=697
 compilation: enabled
              stopped_count=0, restarted_count=0
 full_count=0

Compilation events (20 events):
Event: 4.119 Thread 0x000001842a0b8800 3981       1       com.google.common.collect.MapMakerInternalMap$AbstractStrongKeyEntry::getKey (5 bytes)
Event: 4.119 Thread 0x000001842a0b8800 nmethod 3981 0x000001841b36fa90 code [0x000001841b36fc40, 0x000001841b36fcf8]
Event: 4.123 Thread 0x000001842a0b8800 3982       2       java.lang.Character::isJavaIdentifierPart (9 bytes)
Event: 4.123 Thread 0x000001842a0b8800 nmethod 3982 0x0000018414483410 code [0x00000184144835e0, 0x0000018414483718]
Event: 4.123 Thread 0x000001842a0b8800 3983       2       java.lang.CharacterDataLatin1::isJavaIdentifierPart (20 bytes)
Event: 4.123 Thread 0x000001842a0b8800 nmethod 3983 0x0000018414483810 code [0x00000184144839c0, 0x0000018414483b18]
Event: 4.157 Thread 0x000001842a0b8800 3986       1       org.codehaus.groovy.runtime.callsite.AbstractCallSite::getName (5 bytes)
Event: 4.157 Thread 0x000001842a0b8800 nmethod 3986 0x000001841b36fd90 code [0x000001841b36ff40, 0x000001841b36fff8]
Event: 4.157 Thread 0x000001842a0b8800 3987       2       java.util.regex.Pattern$GroupTail::match (111 bytes)
Event: 4.157 Thread 0x000001842a0b8800 nmethod 3987 0x0000018414483c10 code [0x0000018414483de0, 0x0000018414484068]
Event: 4.159 Thread 0x000001842a0b8800 3988   !   2       org.gradle.internal.classloader.CachingClassLoader::loadClass (85 bytes)
Event: 4.159 Thread 0x000001842a0b8800 nmethod 3988 0x0000018414484290 code [0x0000018414484480, 0x00000184144847a8]
Event: 4.159 Thread 0x000001842a0b8800 3990       2       org.codehaus.groovy.reflection.CachedClass$CachedMethodComparatorWithString::compare (37 bytes)
Event: 4.159 Thread 0x000001842a0b8800 nmethod 3990 0x0000018414484990 code [0x0000018414484b80, 0x0000018414484e18]
Event: 4.159 Thread 0x000001842a0b8800 3989       2       com.google.common.collect.MapMakerInternalMap::get (23 bytes)
Event: 4.159 Thread 0x000001842a0b8800 nmethod 3989 0x0000018414485010 code [0x00000184144851e0, 0x00000184144853e8]
Event: 4.161 Thread 0x000001842a0b8800 3991       2       java.util.TreeMap::getFirstEntry (26 bytes)
Event: 4.161 Thread 0x000001842a0b8800 nmethod 3991 0x0000018414485590 code [0x0000018414485740, 0x0000018414485898]
Event: 4.161 Thread 0x000001842a0b8800 3992       2       java.util.TreeMap$PrivateEntryIterator::<init> (28 bytes)
Event: 4.161 Thread 0x000001842a0b8800 nmethod 3992 0x0000018414485990 code [0x0000018414485b40, 0x0000018414485d38]

GC Heap History (15 events):
Event: 0.532 GC heap before
{Heap before GC invocations=0 (full 0):
 garbage-first heap   total 129024K, used 29696K [0x0000000080000000, 0x0000000100000000)
  region size 1024K, 24 young (24576K), 0 survivors (0K)
 Metaspace       used 10199K, capacity 10391K, committed 10624K, reserved 1058816K
  class space    used 1062K, capacity 1106K, committed 1152K, reserved 1048576K
}
Event: 0.536 GC heap after
{Heap after GC invocations=1 (full 0):
 garbage-first heap   total 129024K, used 9123K [0x0000000080000000, 0x0000000100000000)
  region size 1024K, 3 young (3072K), 3 survivors (3072K)
 Metaspace       used 10199K, capacity 10391K, committed 10624K, reserved 1058816K
  class space    used 1062K, capacity 1106K, committed 1152K, reserved 1048576K
}
Event: 1.856 GC heap before
{Heap before GC invocations=1 (full 0):
 garbage-first heap   total 129024K, used 82851K [0x0000000080000000, 0x0000000100000000)
  region size 1024K, 75 young (76800K), 3 survivors (3072K)
 Metaspace       used 17709K, capacity 18122K, committed 18432K, reserved 1064960K
  class space    used 2078K, capacity 2228K, committed 2304K, reserved 1048576K
}
Event: 1.862 GC heap after
{Heap after GC invocations=2 (full 0):
 garbage-first heap   total 129024K, used 15956K [0x0000000080000000, 0x0000000100000000)
  region size 1024K, 10 young (10240K), 10 survivors (10240K)
 Metaspace       used 17709K, capacity 18122K, committed 18432K, reserved 1064960K
  class space    used 2078K, capacity 2228K, committed 2304K, reserved 1048576K
}
Event: 2.068 GC heap before
{Heap before GC invocations=2 (full 0):
 garbage-first heap   total 129024K, used 46676K [0x0000000080000000, 0x0000000100000000)
  region size 1024K, 41 young (41984K), 10 survivors (10240K)
 Metaspace       used 20739K, capacity 21158K, committed 21248K, reserved 1067008K
  class space    used 2553K, capacity 2729K, committed 2816K, reserved 1048576K
}
Event: 2.074 GC heap after
{Heap after GC invocations=3 (full 0):
 garbage-first heap   total 129024K, used 16865K [0x0000000080000000, 0x0000000100000000)
  region size 1024K, 2 young (2048K), 2 survivors (2048K)
 Metaspace       used 20739K, capacity 21158K, committed 21248K, reserved 1067008K
  class space    used 2553K, capacity 2729K, committed 2816K, reserved 1048576K
}
Event: 2.503 GC heap before
{Heap before GC invocations=4 (full 0):
 garbage-first heap   total 129024K, used 74209K [0x0000000080000000, 0x0000000100000000)
  region size 1024K, 58 young (59392K), 2 survivors (2048K)
 Metaspace       used 27085K, capacity 27725K, committed 27904K, reserved 1073152K
  class space    used 3537K, capacity 3758K, committed 3840K, reserved 1048576K
}
Event: 2.505 GC heap after
{Heap after GC invocations=5 (full 0):
 garbage-first heap   total 129024K, used 18936K [0x0000000080000000, 0x0000000100000000)
  region size 1024K, 4 young (4096K), 4 survivors (4096K)
 Metaspace       used 27085K, capacity 27725K, committed 27904K, reserved 1073152K
  class space    used 3537K, capacity 3758K, committed 3840K, reserved 1048576K
}
Event: 3.052 GC heap before
{Heap before GC invocations=5 (full 0):
 garbage-first heap   total 129024K, used 91640K [0x0000000080000000, 0x0000000100000000)
  region size 1024K, 66 young (67584K), 4 survivors (4096K)
 Metaspace       used 32224K, capacity 33131K, committed 33408K, reserved 1077248K
  class space    used 4356K, capacity 4681K, committed 4736K, reserved 1048576K
}
Event: 3.056 GC heap after
{Heap after GC invocations=6 (full 0):
 garbage-first heap   total 129024K, used 34543K [0x0000000080000000, 0x0000000100000000)
  region size 1024K, 9 young (9216K), 9 survivors (9216K)
 Metaspace       used 32224K, capacity 33131K, committed 33408K, reserved 1077248K
  class space    used 4356K, capacity 4681K, committed 4736K, reserved 1048576K
}
Event: 3.243 GC heap before
{Heap before GC invocations=6 (full 0):
 garbage-first heap   total 129024K, used 46831K [0x0000000080000000, 0x0000000100000000)
  region size 1024K, 22 young (22528K), 9 survivors (9216K)
 Metaspace       used 34747K, capacity 35678K, committed 35840K, reserved 1079296K
  class space    used 4653K, capacity 4997K, committed 5120K, reserved 1048576K
}
Event: 3.251 GC heap after
{Heap after GC invocations=7 (full 0):
 garbage-first heap   total 129024K, used 36028K [0x0000000080000000, 0x0000000100000000)
  region size 1024K, 2 young (2048K), 2 survivors (2048K)
 Metaspace       used 34747K, capacity 35678K, committed 35840K, reserved 1079296K
  class space    used 4653K, capacity 4997K, committed 5120K, reserved 1048576K
}
Event: 3.712 GC heap before
{Heap before GC invocations=8 (full 0):
 garbage-first heap   total 129024K, used 93372K [0x0000000080000000, 0x0000000100000000)
  region size 1024K, 55 young (56320K), 2 survivors (2048K)
 Metaspace       used 41650K, capacity 42639K, committed 42880K, reserved 1087488K
  class space    used 5307K, capacity 5671K, committed 5760K, reserved 1048576K
}
Event: 3.718 GC heap after
{Heap after GC invocations=9 (full 0):
 garbage-first heap   total 129024K, used 41921K [0x0000000080000000, 0x0000000100000000)
  region size 1024K, 7 young (7168K), 7 survivors (7168K)
 Metaspace       used 41650K, capacity 42639K, committed 42880K, reserved 1087488K
  class space    used 5307K, capacity 5671K, committed 5760K, reserved 1048576K
}
Event: 4.164 GC heap before
{Heap before GC invocations=9 (full 0):
 garbage-first heap   total 129024K, used 99265K [0x0000000080000000, 0x0000000100000000)
  region size 1024K, 58 young (59392K), 7 survivors (7168K)
 Metaspace       used 45600K, capacity 46845K, committed 46976K, reserved 1089536K
  class space    used 5789K, capacity 6233K, committed 6272K, reserved 1048576K
}

Deoptimization events (20 events):
Event: 4.059 Thread 0x000001842ca98000 DEOPT PACKING pc=0x000001841b225f7c sp=0x00000065d28f63a0
Event: 4.059 Thread 0x000001842ca98000 DEOPT UNPACKING pc=0x000001841374a1af sp=0x00000065d28f6330 mode 2
Event: 4.084 Thread 0x000001842ca98000 DEOPT PACKING pc=0x0000018413d830fa sp=0x00000065d28f31e0
Event: 4.084 Thread 0x000001842ca98000 DEOPT UNPACKING pc=0x000001841374a95e sp=0x00000065d28f27d0 mode 0
Event: 4.121 Thread 0x000001842ca98000 Uncommon trap: trap_request=0xffffffbe fr.pc=0x000001841b33a6c8 relative=0x0000000000000968
Event: 4.121 Thread 0x000001842ca98000 Uncommon trap: reason=profile_predicate action=maybe_recompile pc=0x000001841b33a6c8 method=jdk.internal.jimage.ImageStringsReader.charsFromByteBuffer([CLjava/nio/ByteBuffer;)V @ 6 c2
Event: 4.121 Thread 0x000001842ca98000 DEOPT PACKING pc=0x000001841b33a6c8 sp=0x00000065d28f6030
Event: 4.121 Thread 0x000001842ca98000 DEOPT UNPACKING pc=0x000001841374a1af sp=0x00000065d28f5f08 mode 2
Event: 4.121 Thread 0x000001842ca98000 Uncommon trap: trap_request=0xffffffbe fr.pc=0x000001841b33a6c8 relative=0x0000000000000968
Event: 4.121 Thread 0x000001842ca98000 Uncommon trap: reason=profile_predicate action=maybe_recompile pc=0x000001841b33a6c8 method=jdk.internal.jimage.ImageStringsReader.charsFromByteBuffer([CLjava/nio/ByteBuffer;)V @ 6 c2
Event: 4.121 Thread 0x000001842ca98000 DEOPT PACKING pc=0x000001841b33a6c8 sp=0x00000065d28f6030
Event: 4.121 Thread 0x000001842ca98000 DEOPT UNPACKING pc=0x000001841374a1af sp=0x00000065d28f5f08 mode 2
Event: 4.121 Thread 0x000001842ca98000 Uncommon trap: trap_request=0xffffffbe fr.pc=0x000001841b33a6c8 relative=0x0000000000000968
Event: 4.121 Thread 0x000001842ca98000 Uncommon trap: reason=profile_predicate action=maybe_recompile pc=0x000001841b33a6c8 method=jdk.internal.jimage.ImageStringsReader.charsFromByteBuffer([CLjava/nio/ByteBuffer;)V @ 6 c2
Event: 4.121 Thread 0x000001842ca98000 DEOPT PACKING pc=0x000001841b33a6c8 sp=0x00000065d28f6030
Event: 4.121 Thread 0x000001842ca98000 DEOPT UNPACKING pc=0x000001841374a1af sp=0x00000065d28f5f08 mode 2
Event: 4.121 Thread 0x000001842ca98000 Uncommon trap: trap_request=0xffffffbe fr.pc=0x000001841b33a6c8 relative=0x0000000000000968
Event: 4.121 Thread 0x000001842ca98000 Uncommon trap: reason=profile_predicate action=maybe_recompile pc=0x000001841b33a6c8 method=jdk.internal.jimage.ImageStringsReader.charsFromByteBuffer([CLjava/nio/ByteBuffer;)V @ 6 c2
Event: 4.121 Thread 0x000001842ca98000 DEOPT PACKING pc=0x000001841b33a6c8 sp=0x00000065d28f6030
Event: 4.121 Thread 0x000001842ca98000 DEOPT UNPACKING pc=0x000001841374a1af sp=0x00000065d28f5f08 mode 2

Classes redefined (0 events):
No events

Internal exceptions (20 events):
Event: 4.081 Thread 0x000001842ca98000 Exception <a 'java/lang/ClassNotFoundException'{0x00000000855a8310}: org/gradle/util/internal/DefaultGradleVersionBeanInfo> (0x00000000855a8310) thrown at [./src/hotspot/share/classfile/systemDictionary.cpp, line 231]
Event: 4.081 Thread 0x000001842ca98000 Exception <a 'java/lang/ClassNotFoundException'{0x00000000855d3100}: org/gradle/util/internal/DefaultGradleVersionCustomizer> (0x00000000855d3100) thrown at [./src/hotspot/share/classfile/systemDictionary.cpp, line 231]
Event: 4.086 Thread 0x000001842ca98000 Exception <a 'java/lang/ClassNotFoundException'{0x0000000085449d30}: org/jetbrains/plugins/gradle/tooling/internal/ExtraModelBuilderBeanInfo> (0x0000000085449d30) thrown at [./src/hotspot/share/classfile/systemDictionary.cpp, line 231]
Event: 4.086 Thread 0x000001842ca98000 Exception <a 'java/lang/ClassNotFoundException'{0x0000000085455dd0}: org/jetbrains/plugins/gradle/tooling/internal/ExtraModelBuilderCustomizer> (0x0000000085455dd0) thrown at [./src/hotspot/share/classfile/systemDictionary.cpp, line 231]
Event: 4.091 Thread 0x000001842ca98000 Exception <a 'java/lang/ClassNotFoundException'{0x000000008536fc98}: java/lang/StringBeanInfo> (0x000000008536fc98) thrown at [./src/hotspot/share/classfile/systemDictionary.cpp, line 231]
Event: 4.091 Thread 0x000001842ca98000 Exception <a 'java/lang/ClassNotFoundException'{0x0000000085378770}: java/lang/StringCustomizer> (0x0000000085378770) thrown at [./src/hotspot/share/classfile/systemDictionary.cpp, line 231]
Event: 4.097 Thread 0x000001842ca98000 Exception <a 'java/lang/ClassNotFoundException'{0x000000008520b5a8}: org/gradle/internal/classloader/VisitableURLClassLoaderBeanInfo> (0x000000008520b5a8) thrown at [./src/hotspot/share/classfile/systemDictionary.cpp, line 231]
Event: 4.097 Thread 0x000001842ca98000 Exception <a 'java/lang/ClassNotFoundException'{0x0000000085214420}: java/net/URLClassLoaderBeanInfo> (0x0000000085214420) thrown at [./src/hotspot/share/classfile/systemDictionary.cpp, line 231]
Event: 4.097 Thread 0x000001842ca98000 Exception <a 'java/lang/ClassNotFoundException'{0x000000008521dd40}: java/security/SecureClassLoaderBeanInfo> (0x000000008521dd40) thrown at [./src/hotspot/share/classfile/systemDictionary.cpp, line 231]
Event: 4.097 Thread 0x000001842ca98000 Exception <a 'java/lang/ClassNotFoundException'{0x0000000085226e30}: java/lang/ClassLoaderBeanInfo> (0x0000000085226e30) thrown at [./src/hotspot/share/classfile/systemDictionary.cpp, line 231]
Event: 4.097 Thread 0x000001842ca98000 Exception <a 'java/lang/ClassNotFoundException'{0x000000008522ff28}: java/lang/ClassLoaderCustomizer> (0x000000008522ff28) thrown at [./src/hotspot/share/classfile/systemDictionary.cpp, line 231]
Event: 4.098 Thread 0x000001842ca98000 Exception <a 'java/lang/ClassNotFoundException'{0x0000000085245f28}: java/security/SecureClassLoaderCustomizer> (0x0000000085245f28) thrown at [./src/hotspot/share/classfile/systemDictionary.cpp, line 231]
Event: 4.098 Thread 0x000001842ca98000 Exception <a 'java/lang/ClassNotFoundException'{0x0000000085251128}: java/net/URLClassLoaderCustomizer> (0x0000000085251128) thrown at [./src/hotspot/share/classfile/systemDictionary.cpp, line 231]
Event: 4.099 Thread 0x000001842ca98000 Exception <a 'java/lang/ClassNotFoundException'{0x0000000085283fd8}: org/gradle/internal/classloader/VisitableURLClassLoaderCustomizer> (0x0000000085283fd8) thrown at [./src/hotspot/share/classfile/systemDictionary.cpp, line 231]
Event: 4.102 Thread 0x000001842ca98000 Exception <a 'java/lang/ClassNotFoundException'{0x00000000852c9d18}: org/jetbrains/plugins/gradle/tooling/internal/ExtraModelBuilder$ForGradle44BeanInfo> (0x00000000852c9d18) thrown at [./src/hotspot/share/classfile/systemDictionary.cpp, line 231]
Event: 4.102 Thread 0x000001842ca98000 Exception <a 'java/lang/ClassNotFoundException'{0x00000000852d6500}: org/jetbrains/plugins/gradle/tooling/internal/ExtraModelBuilder$ForGradle44Customizer> (0x00000000852d6500) thrown at [./src/hotspot/share/classfile/systemDictionary.cpp, line 231]
Event: 4.159 Thread 0x000001842ca98000 Exception <a 'java/lang/ClassNotFoundException'{0x0000000084ba67c8}: org/jetbrains/plugins/gradle/tooling/builder/WarModelBuilderImplBeanInfo> (0x0000000084ba67c8) thrown at [./src/hotspot/share/classfile/systemDictionary.cpp, line 231]
Event: 4.159 Thread 0x000001842ca98000 Exception <a 'java/lang/ClassNotFoundException'{0x0000000084bb3d48}: org/jetbrains/plugins/gradle/tooling/AbstractModelBuilderServiceBeanInfo> (0x0000000084bb3d48) thrown at [./src/hotspot/share/classfile/systemDictionary.cpp, line 231]
Event: 4.160 Thread 0x000001842ca98000 Exception <a 'java/lang/ClassNotFoundException'{0x0000000084bc13e0}: org/jetbrains/plugins/gradle/tooling/AbstractModelBuilderServiceCustomizer> (0x0000000084bc13e0) thrown at [./src/hotspot/share/classfile/systemDictionary.cpp, line 231]
Event: 4.160 Thread 0x000001842ca98000 Exception <a 'java/lang/ClassNotFoundException'{0x0000000084bd1920}: org/jetbrains/plugins/gradle/tooling/builder/WarModelBuilderImplCustomizer> (0x0000000084bd1920) thrown at [./src/hotspot/share/classfile/systemDictionary.cpp, line 231]

Events (20 events):
Event: 4.160 loading class org/jetbrains/plugins/gradle/tooling/AbstractModelBuilderServiceCustomizer done
Event: 4.160 loading class org/jetbrains/plugins/gradle/tooling/builder/WarModelBuilderImplCustomizer
Event: 4.160 loading class org/jetbrains/plugins/gradle/tooling/builder/WarModelBuilderImplCustomizer done
Event: 4.160 loading class org/jetbrains/plugins/gradle/tooling/builder/WarModelBuilderImplCustomizer
Event: 4.160 loading class org/jetbrains/plugins/gradle/tooling/builder/WarModelBuilderImplCustomizer done
Event: 4.161 loading class org/jetbrains/plugins/gradle/tooling/builder/EarModelBuilderImpl
Event: 4.161 loading class org/jetbrains/plugins/gradle/tooling/builder/EarModelBuilderImpl done
Event: 4.162 loading class org/gradle/api/file/FileCollection
Event: 4.162 loading class org/gradle/api/file/FileCollection done
Event: 4.162 loading class org/gradle/api/plugins/PluginAware
Event: 4.162 loading class org/gradle/api/plugins/PluginAware done
Event: 4.162 loading class org/gradle/api/NamedDomainObjectCollection
Event: 4.162 loading class org/gradle/api/NamedDomainObjectCollection done
Event: 4.163 loading class org/gradle/api/file/CopySpec
Event: 4.163 loading class org/gradle/api/file/CopySpec done
Event: 4.163 loading class org/jetbrains/plugins/gradle/tooling/builder/CopySpecWalker$Visitor
Event: 4.163 loading class org/jetbrains/plugins/gradle/tooling/builder/CopySpecWalker$Visitor done
Event: 4.163 loading class org/jetbrains/plugins/gradle/tooling/util/SourceSetCachedFinder
Event: 4.163 loading class org/jetbrains/plugins/gradle/tooling/util/SourceSetCachedFinder done
Event: 4.164 Executing VM operation: G1CollectForAllocation


Dynamic libraries:
0x00007ff627060000 - 0x00007ff62706a000 	C:\Program Files\Android\Android Studio\jre\bin\java.exe
0x00007ff992f50000 - 0x00007ff993164000 	C:\WINDOWS\SYSTEM32\ntdll.dll
0x00007ff992a10000 - 0x00007ff992ad2000 	C:\WINDOWS\System32\KERNEL32.DLL
0x00007ff990400000 - 0x00007ff99079c000 	C:\WINDOWS\System32\KERNELBASE.dll
0x00007ff9907a0000 - 0x00007ff9908b1000 	C:\WINDOWS\System32\ucrtbase.dll
0x00007ff9871d0000 - 0x00007ff9871e7000 	C:\Program Files\Android\Android Studio\jre\bin\VCRUNTIME140.dll
0x00007ff987160000 - 0x00007ff987179000 	C:\Program Files\Android\Android Studio\jre\bin\jli.dll
0x00007ff992cc0000 - 0x00007ff992e6b000 	C:\WINDOWS\System32\USER32.dll
0x00007ff96ffb0000 - 0x00007ff97023e000 	C:\WINDOWS\WinSxS\amd64_microsoft.windows.common-controls_6595b64144ccf1df_6.0.22621.317_none_a9434687c10c9fa2\COMCTL32.dll
0x00007ff990c10000 - 0x00007ff990c36000 	C:\WINDOWS\System32\win32u.dll
0x00007ff992830000 - 0x00007ff9928d7000 	C:\WINDOWS\System32\msvcrt.dll
0x00007ff9929e0000 - 0x00007ff992a09000 	C:\WINDOWS\System32\GDI32.dll
0x00007ff990c40000 - 0x00007ff990d52000 	C:\WINDOWS\System32\gdi32full.dll
0x00007ff990b70000 - 0x00007ff990c0a000 	C:\WINDOWS\System32\msvcp_win.dll
0x00007ff990f20000 - 0x00007ff990f51000 	C:\WINDOWS\System32\IMM32.DLL
0x00007ff977700000 - 0x00007ff97779d000 	C:\Program Files\Android\Android Studio\jre\bin\msvcp140.dll
0x00007ff902330000 - 0x00007ff902e15000 	C:\Program Files\Android\Android Studio\jre\bin\server\jvm.dll
0x00007ff990fd0000 - 0x00007ff99107e000 	C:\WINDOWS\System32\ADVAPI32.dll
0x00007ff992ae0000 - 0x00007ff992b84000 	C:\WINDOWS\System32\sechost.dll
0x00007ff992290000 - 0x00007ff9923a5000 	C:\WINDOWS\System32\RPCRT4.dll
0x00007ff992280000 - 0x00007ff992288000 	C:\WINDOWS\System32\PSAPI.DLL
0x00007ff972520000 - 0x00007ff972529000 	C:\WINDOWS\SYSTEM32\WSOCK32.dll
0x00007ff992e70000 - 0x00007ff992ee1000 	C:\WINDOWS\System32\WS2_32.dll
0x00007ff988440000 - 0x00007ff98844a000 	C:\WINDOWS\SYSTEM32\VERSION.dll
0x00007ff989880000 - 0x00007ff9898b4000 	C:\WINDOWS\SYSTEM32\WINMM.dll
0x00007ff98f4c0000 - 0x00007ff98f4d8000 	C:\WINDOWS\SYSTEM32\kernel.appcore.dll
0x00007ff980790000 - 0x00007ff9807a1000 	C:\Program Files\Android\Android Studio\jre\bin\verify.dll
0x00007ff98d950000 - 0x00007ff98db7e000 	C:\WINDOWS\SYSTEM32\DBGHELP.DLL
0x00007ff991410000 - 0x00007ff991799000 	C:\WINDOWS\System32\combase.dll
0x00007ff991130000 - 0x00007ff991207000 	C:\WINDOWS\System32\OLEAUT32.dll
0x00007ff980ca0000 - 0x00007ff980cd2000 	C:\WINDOWS\SYSTEM32\dbgcore.DLL
0x00007ff9908c0000 - 0x00007ff99093b000 	C:\WINDOWS\System32\bcryptPrimitives.dll
0x00007ff961be0000 - 0x00007ff961c09000 	C:\Program Files\Android\Android Studio\jre\bin\java.dll
0x00007ff980610000 - 0x00007ff98061b000 	C:\Program Files\Android\Android Studio\jre\bin\jimage.dll
0x00007ff961bc0000 - 0x00007ff961bd8000 	C:\Program Files\Android\Android Studio\jre\bin\zip.dll
0x00007ff991900000 - 0x00007ff9920db000 	C:\WINDOWS\System32\SHELL32.dll
0x00007ff98e3b0000 - 0x00007ff98ec65000 	C:\WINDOWS\SYSTEM32\windows.storage.dll
0x00007ff98e270000 - 0x00007ff98e3ad000 	C:\WINDOWS\SYSTEM32\wintypes.dll
0x00007ff9928e0000 - 0x00007ff9929d1000 	C:\WINDOWS\System32\SHCORE.dll
0x00007ff9918a0000 - 0x00007ff9918fe000 	C:\WINDOWS\System32\shlwapi.dll
0x00007ff9902c0000 - 0x00007ff9902e1000 	C:\WINDOWS\SYSTEM32\profapi.dll
0x00007ff961ba0000 - 0x00007ff961bba000 	C:\Program Files\Android\Android Studio\jre\bin\net.dll
0x00007ff989700000 - 0x00007ff98982f000 	C:\WINDOWS\SYSTEM32\WINHTTP.dll
0x00007ff98f920000 - 0x00007ff98f989000 	C:\WINDOWS\system32\mswsock.dll
0x00007ff961b80000 - 0x00007ff961b94000 	C:\Program Files\Android\Android Studio\jre\bin\nio.dll
0x00007ff9871f0000 - 0x00007ff987217000 	C:\Users\Ray Ann Martinez\.gradle\native\e1d6ef7f7dcc3fd88c89a11ec53ec762bb8ba0a96d01ffa2cd45eb1d1d8dd5c5\windows-amd64\native-platform.dll
0x00007ff951a20000 - 0x00007ff951b64000 	C:\Users\Ray Ann Martinez\.gradle\native\5664cfc778a61ccfe75a443a1ab52a65af34e5dc3c78e0209fed803814484fcb\windows-amd64\native-platform-file-events.dll
0x00007ff980600000 - 0x00007ff98060a000 	C:\Program Files\Android\Android Studio\jre\bin\management.dll
0x00007ff97f230000 - 0x00007ff97f23d000 	C:\Program Files\Android\Android Studio\jre\bin\management_ext.dll
0x00007ff98fb80000 - 0x00007ff98fb9b000 	C:\WINDOWS\SYSTEM32\CRYPTSP.dll
0x00007ff98f430000 - 0x00007ff98f465000 	C:\WINDOWS\system32\rsaenh.dll
0x00007ff98fa30000 - 0x00007ff98fa58000 	C:\WINDOWS\SYSTEM32\USERENV.dll
0x00007ff98fd40000 - 0x00007ff98fd68000 	C:\WINDOWS\SYSTEM32\bcrypt.dll
0x00007ff98fba0000 - 0x00007ff98fbac000 	C:\WINDOWS\SYSTEM32\CRYPTBASE.dll
0x00007ff98ef30000 - 0x00007ff98ef5d000 	C:\WINDOWS\SYSTEM32\IPHLPAPI.DLL
0x00007ff991210000 - 0x00007ff991219000 	C:\WINDOWS\System32\NSI.dll
0x00007ff9896e0000 - 0x00007ff9896f9000 	C:\WINDOWS\SYSTEM32\dhcpcsvc6.DLL
0x00007ff9896c0000 - 0x00007ff9896df000 	C:\WINDOWS\SYSTEM32\dhcpcsvc.DLL
0x00007ff98efa0000 - 0x00007ff98f092000 	C:\WINDOWS\SYSTEM32\DNSAPI.dll

dbghelp: loaded successfully - version: 4.0.5 - missing functions: none
symbol engine: initialized successfully - sym options: 0x614 - pdb path: .;C:\Program Files\Android\Android Studio\jre\bin;C:\WINDOWS\SYSTEM32;C:\WINDOWS\WinSxS\amd64_microsoft.windows.common-controls_6595b64144ccf1df_6.0.22621.317_none_a9434687c10c9fa2;C:\Program Files\Android\Android Studio\jre\bin\server;C:\Users\Ray Ann Martinez\.gradle\native\e1d6ef7f7dcc3fd88c89a11ec53ec762bb8ba0a96d01ffa2cd45eb1d1d8dd5c5\windows-amd64;C:\Users\Ray Ann Martinez\.gradle\native\5664cfc778a61ccfe75a443a1ab52a65af34e5dc3c78e0209fed803814484fcb\windows-amd64

VM Arguments:
jvm_args: --add-opens=java.base/java.util=ALL-UNNAMED --add-opens=java.base/java.lang=ALL-UNNAMED --add-opens=java.base/java.lang.invoke=ALL-UNNAMED --add-opens=java.base/java.util=ALL-UNNAMED --add-opens=java.prefs/java.util.prefs=ALL-UNNAMED --add-opens=java.prefs/java.util.prefs=ALL-UNNAMED --add-opens=java.base/java.nio.charset=ALL-UNNAMED --add-opens=java.base/java.net=ALL-UNNAMED --add-opens=java.base/java.util.concurrent.atomic=ALL-UNNAMED -Xmx2048m -Dfile.encoding=UTF-8 -Duser.country=PH -Duser.language=en -Duser.variant 
java_command: org.gradle.launcher.daemon.bootstrap.GradleDaemon 7.3.3
java_class_path (initial): C:\Users\Ray Ann Martinez\.gradle\wrapper\dists\gradle-7.3.3-bin\6a41zxkdtcxs8rphpq6y0069z\gradle-7.3.3\lib\gradle-launcher-7.3.3.jar
Launcher Type: SUN_STANDARD

[Global flags]
     intx CICompilerCount                          = 4                                         {product} {ergonomic}
     uint ConcGCThreads                            = 2                                         {product} {ergonomic}
     uint G1ConcRefinementThreads                  = 8                                         {product} {ergonomic}
   size_t G1HeapRegionSize                         = 1048576                                   {product} {ergonomic}
    uintx GCDrainStackTargetSize                   = 64                                        {product} {ergonomic}
   size_t InitialHeapSize                          = 132120576                                 {product} {ergonomic}
   size_t MarkStackSize                            = 4194304                                   {product} {ergonomic}
   size_t MaxHeapSize                              = 2147483648                                {product} {command line}
   size_t MaxNewSize                               = 1287651328                                {product} {ergonomic}
   size_t MinHeapDeltaBytes                        = 1048576                                   {product} {ergonomic}
    uintx NonNMethodCodeHeapSize                   = 5836300                                {pd product} {ergonomic}
    uintx NonProfiledCodeHeapSize                  = 122910970                              {pd product} {ergonomic}
    uintx ProfiledCodeHeapSize                     = 122910970                              {pd product} {ergonomic}
    uintx ReservedCodeCacheSize                    = 251658240                              {pd product} {ergonomic}
     bool SegmentedCodeCache                       = true                                      {product} {ergonomic}
     bool UseCompressedClassPointers               = true                                 {lp64_product} {ergonomic}
     bool UseCompressedOops                        = true                                 {lp64_product} {ergonomic}
     bool UseG1GC                                  = true                                      {product} {ergonomic}
     bool UseLargePagesIndividualAllocation        = false                                  {pd product} {ergonomic}

Logging:
Log output configuration:
 #0: stdout all=warning uptime,level,tags
 #1: stderr all=off uptime,level,tags

Environment Variables:
PATH=C:\Program Files\Common Files\Oracle\Java\javapath;C:\Program Files (x86)\Common Files\Oracle\Java\javapath;C:\Program Files (x86)\Razer\ChromaBroadcast\bin;C:\Program Files\Razer\ChromaBroadcast\bin;C:\Windows\system32;C:\Windows;C:\Windows\System32\Wbem;C:\Windows\System32\WindowsPowerShell\v1.0\;C:\Windows\System32\OpenSSH\;C:\Program Files (x86)\NVIDIA Corporation\PhysX\Common;C:\Program Files\NVIDIA Corporation\NVIDIA NvDLISR;C:\WINDOWS\system32;C:\WINDOWS;C:\WINDOWS\System32\Wbem;C:\WINDOWS\System32\WindowsPowerShell\v1.0\;C:\WINDOWS\System32\OpenSSH\;C:\WINDOWS\system32\config\systemprofile\AppData\Local\Microsoft\WindowsApps;C:\WINDOWS\system32;C:\WINDOWS;C:\WINDOWS\System32\Wbem;C:\WINDOWS\System32\WindowsPowerShell\v1.0\;C:\WINDOWS\System32\OpenSSH\;C:\ProgramData\chocolatey\bin;C:\ProgramData\chocolatey\lib\mpv.install\tools;C:\Program Files\dotnet\;C:\Users\Ray Ann Martinez\AppData\Local\Android Open Source Project\Emulator;C:\Program Files\Git\cmd;C:\Program Files\Docker\Docker\resources\bin;C:\ProgramData\DockerDesktop\version-bin;C:\Program Files\nodejs\;C:\Users\Ray Ann Martinez\AppData\Local\Packages\PythonSoftwareFoundation.Python.3.10_qbz5n2kfra8p0\LocalCache\local-packages\Python310\Scripts;C:\Users\Ray Ann Martinez\AppData\Local\Microsoft\WindowsApps;C:\Users\Ray Ann Martinez\AppData\Local\Android Open Source Project\Emulator;C:\Program Files\Java\jdk-18.0.2.1\bin;C:\Users\Ray Ann Martinez\AppData\Local\Programs\Microsoft VS Code\bin;C:\Users\Ray Ann Martinez\AppData\Roaming\npm;C:\Users\Ray Ann Martinez\AppData\Local\GitHubDesktop\bin;C:\Users\Ray Ann Martinez\AppData\Local\Programs\Python\Python310\Scripts;C:\Users\Ray Ann Martinez\AppData\Local\Packages\PythonSoftwareFoundation.Python.3.10_qbz5n2kfra8p0\LocalCache\local-packages\Python310\Scripts;
USERNAME=Ray Ann Martinez
OS=Windows_NT
PROCESSOR_IDENTIFIER=Intel64 Family 6 Model 165 Stepping 2, GenuineIntel



---------------  S Y S T E M  ---------------

OS: Windows 10 , 64 bit Build 22621 (10.0.22621.457)
OS uptime: 1 days 7:09 hours
Hyper-V role detected

CPU:total 8 (initial active 8) (4 cores per cpu, 2 threads per core) family 6 model 165 stepping 2 microcode 0xe2, cmov, cx8, fxsr, mmx, sse, sse2, sse3, ssse3, sse4.1, sse4.2, popcnt, avx, avx2, aes, clmul, erms, 3dnowpref, lzcnt, ht, tsc, tscinvbit, bmi1, bmi2, adx, fma

Memory: 4k page, system-wide physical 8059M (255M free)
TotalPageFile size 32635M (AvailPageFile size 27M)
current process WorkingSet (physical memory assigned to process): 274M, peak: 274M
current process commit charge ("private bytes"): 310M, peak: 335M

vm_info: OpenJDK 64-Bit Server VM (11.0.12+7-b1504.28-7817840) for windows-amd64 JRE (11.0.12+7-b1504.28-7817840), built on Oct 13 2021 22:12:33 by "builder" with MS VC++ 14.0 (VS2015)

END.
